27-Feb-2025 15:19:29.294 INFO [main] org.apache.catalina.startup.VersionLoggerListener.log Server version name:   Apache Tomcat/8.5.92
27-Feb-2025 15:19:29.299 INFO [main] org.apache.catalina.startup.VersionLoggerListener.log Server built:          Aug 9 2023 11:22:56 UTC
27-Feb-2025 15:19:29.301 INFO [main] org.apache.catalina.startup.VersionLoggerListener.log Server version number: 8.5.92.0
27-Feb-2025 15:19:29.303 INFO [main] org.apache.catalina.startup.VersionLoggerListener.log OS Name:               Windows 10
27-Feb-2025 15:19:29.304 INFO [main] org.apache.catalina.startup.VersionLoggerListener.log OS Version:            10.0
27-Feb-2025 15:19:29.304 INFO [main] org.apache.catalina.startup.VersionLoggerListener.log Architecture:          amd64
27-Feb-2025 15:19:29.304 INFO [main] org.apache.catalina.startup.VersionLoggerListener.log Java Home:             E:\SETUP_PROJECT\JAVA\JDK\jdk-21.0.5+11
27-Feb-2025 15:19:29.305 INFO [main] org.apache.catalina.startup.VersionLoggerListener.log JVM Version:           21.0.5+11-LTS
27-Feb-2025 15:19:29.305 INFO [main] org.apache.catalina.startup.VersionLoggerListener.log JVM Vendor:            Eclipse Adoptium
27-Feb-2025 15:19:29.306 INFO [main] org.apache.catalina.startup.VersionLoggerListener.log CATALINA_BASE:         I:\JAVA SPRING\Learn Spring\ChronoLuxWebsite\src\main\webapp
27-Feb-2025 15:19:29.306 INFO [main] org.apache.catalina.startup.VersionLoggerListener.log CATALINA_HOME:         G:\apache-tomcat-8.5.92
27-Feb-2025 15:19:29.307 INFO [main] org.apache.catalina.startup.VersionLoggerListener.log Command line argument: --add-opens=java.base/java.lang=ALL-UNNAMED
27-Feb-2025 15:19:29.307 INFO [main] org.apache.catalina.startup.VersionLoggerListener.log Command line argument: --add-opens=java.base/java.io=ALL-UNNAMED
27-Feb-2025 15:19:29.307 INFO [main] org.apache.catalina.startup.VersionLoggerListener.log Command line argument: --add-opens=java.base/java.util=ALL-UNNAMED
27-Feb-2025 15:19:29.307 INFO [main] org.apache.catalina.startup.VersionLoggerListener.log Command line argument: --add-opens=java.base/java.util.concurrent=ALL-UNNAMED
27-Feb-2025 15:19:29.307 INFO [main] org.apache.catalina.startup.VersionLoggerListener.log Command line argument: --add-opens=java.rmi/sun.rmi.transport=ALL-UNNAMED
27-Feb-2025 15:19:29.308 INFO [main] org.apache.catalina.startup.VersionLoggerListener.log Command line argument: -Dcatalina.home=G:\apache-tomcat-8.5.92
27-Feb-2025 15:19:29.308 INFO [main] org.apache.catalina.startup.VersionLoggerListener.log Command line argument: -Dcatalina.base=I:\JAVA SPRING\Learn Spring\ChronoLuxWebsite\src\main\webapp
27-Feb-2025 15:19:29.308 INFO [main] org.apache.catalina.startup.VersionLoggerListener.log Command line argument: -Djava.io.tmpdir=I:\JAVA SPRING\Learn Spring\ChronoLuxWebsite\src\main\webapp\temp
27-Feb-2025 15:19:29.308 INFO [main] org.apache.catalina.startup.VersionLoggerListener.log Command line argument: -Djava.util.logging.config.file=I:\JAVA SPRING\Learn Spring\ChronoLuxWebsite\src\main\webapp\conf\logging.properties
27-Feb-2025 15:19:29.308 INFO [main] org.apache.catalina.startup.VersionLoggerListener.log Command line argument: -Djava.util.logging.manager=org.apache.juli.ClassLoaderLogManager
27-Feb-2025 15:19:29.309 INFO [main] org.apache.catalina.startup.VersionLoggerListener.log Command line argument: -javaagent:C:\Program Files\JetBrains\IntelliJ IDEA 2024.3\lib\idea_rt.jar=64543:C:\Program Files\JetBrains\IntelliJ IDEA 2024.3\bin
27-Feb-2025 15:19:29.309 INFO [main] org.apache.catalina.startup.VersionLoggerListener.log Command line argument: -Dfile.encoding=UTF-8
27-Feb-2025 15:19:29.309 INFO [main] org.apache.catalina.startup.VersionLoggerListener.log Command line argument: -Dsun.stdout.encoding=UTF-8
27-Feb-2025 15:19:29.309 INFO [main] org.apache.catalina.startup.VersionLoggerListener.log Command line argument: -Dsun.stderr.encoding=UTF-8
27-Feb-2025 15:19:29.310 INFO [main] org.apache.catalina.core.AprLifecycleListener.lifecycleEvent The Apache Tomcat Native library which allows using OpenSSL was not found on the java.library.path: [E:\SETUP_PROJECT\JAVA\JDK\jdk-21.0.5+11\bin;C:\Windows\Sun\Java\bin;C:\Windows\system32;C:\Windows;C:\Program Files (x86)\Common Files\Oracle\Java\javapath;E:\SETUP_PROJECT\PYTHON\Python_3.10.11\Scripts\;E:\SETUP_PROJECT\PYTHON\Python_3.10.11\;C:\Program Files\Microsoft MPI\Bin\;E:\SETUP_PROJECT\PYTHON\Python_3.13.0\Scripts\;E:\SETUP_PROJECT\PYTHON\Python_3.13.0\;C:\Windows\system32;C:\Windows;C:\Windows\System32\Wbem;C:\Windows\System32\WindowsPowerShell\v1.0\;C:\Windows\System32\OpenSSH\;C:\Program Files\Git\cmd;C:\Program Files\dotnet\;C:\Program Files (x86)\Windows Kits\10\Windows Performance Toolkit\;E:\SETUP_PROJECT\JAVA\JDK\jdk-21.0.5+11\bin;C:\Program Files (x86)\Microsoft SQL Server\160\Tools\Binn\;C:\Program Files\Microsoft SQL Server\160\Tools\Binn\;C:\Program Files\Microsoft SQL Server\Client SDK\ODBC\170\Tools\Binn\;C:\Program Files\Microsoft SQL Server\160\DTS\Binn\;C:\Program Files (x86)\Microsoft SQL Server\160\DTS\Binn\;C:\Program Files\Docker\Docker\resources\bin;C:\Program Files\nodejs\;C:\Users\Admin\AppData\Local\Microsoft\WindowsApps;C:\Users\Admin\AppData\Local\Programs\Microsoft VS Code\bin;C:\Users\Admin\.dotnet\tools;C:\Users\Admin\AppData\Roaming\npm;.]
27-Feb-2025 15:19:29.388 INFO [main] org.apache.coyote.AbstractProtocol.init Initializing ProtocolHandler ["http-nio-8080"]
27-Feb-2025 15:19:29.428 INFO [main] org.apache.catalina.startup.Catalina.load Initialization processed in 1029 ms
27-Feb-2025 15:19:29.520 INFO [main] org.apache.catalina.core.StandardService.startInternal Starting service [Catalina]
27-Feb-2025 15:19:29.521 INFO [main] org.apache.catalina.core.StandardEngine.startInternal Starting Servlet engine: [Apache Tomcat/8.5.92]
27-Feb-2025 15:19:29.541 INFO [localhost-startStop-1] org.apache.catalina.startup.HostConfig.deployDescriptor Deploying deployment descriptor [I:\JAVA SPRING\Learn Spring\ChronoLuxWebsite\src\main\webapp\conf\Catalina\localhost\ChronoLuxWeb.xml]
27-Feb-2025 15:19:36.373 INFO [localhost-startStop-1] org.apache.jasper.servlet.TldScanner.scanJars At least one JAR was scanned for TLDs yet contained no TLDs. Enable debug logging for this logger for a complete list of JARs that were scanned but no TLDs were found in them. Skipping unneeded JARs during scanning can improve startup time and JSP compilation time.
27-Feb-2025 15:19:38.665 INFO [localhost-startStop-1] org.hibernate.jpa.internal.util.LogHelper.logPersistenceUnitInformation HHH000204: Processing PersistenceUnitInfo [
	name: persistence-data
	...]
27-Feb-2025 15:19:38.828 INFO [localhost-startStop-1] org.hibernate.Version.logVersion HHH000412: Hibernate Core {4.3.6.Final}
27-Feb-2025 15:19:38.831 INFO [localhost-startStop-1] org.hibernate.cfg.Environment.<clinit> HHH000206: hibernate.properties not found
27-Feb-2025 15:19:38.834 INFO [localhost-startStop-1] org.hibernate.cfg.Environment.buildBytecodeProvider HHH000021: Bytecode provider name : javassist
27-Feb-2025 15:19:39.278 INFO [localhost-startStop-1] org.hibernate.annotations.common.reflection.java.JavaReflectionManager.<clinit> HCANN000001: Hibernate Commons Annotations {4.0.5.Final}
27-Feb-2025 15:19:40.090 INFO [localhost-startStop-1] org.hibernate.dialect.Dialect.<init> HHH000400: Using dialect: org.hibernate.dialect.MySQL5Dialect
27-Feb-2025 15:19:40.497 INFO [localhost-startStop-1] org.hibernate.hql.internal.ast.ASTQueryTranslatorFactory.<init> HHH000397: Using ASTQueryTranslatorFactory
27-Feb-2025 15:19:41.226 INFO [localhost-startStop-1] org.hibernate.tool.hbm2ddl.SchemaUpdate.execute HHH000228: Running hbm2ddl schema update
27-Feb-2025 15:19:41.227 INFO [localhost-startStop-1] org.hibernate.tool.hbm2ddl.SchemaUpdate.execute HHH000102: Fetching database metadata
27-Feb-2025 15:19:41.265 INFO [localhost-startStop-1] org.hibernate.tool.hbm2ddl.SchemaUpdate.execute HHH000396: Updating schema
27-Feb-2025 15:19:41.315 INFO [localhost-startStop-1] org.hibernate.tool.hbm2ddl.TableMetadata.<init> HHH000261: Table found: chronoluxweb.banner
27-Feb-2025 15:19:41.316 INFO [localhost-startStop-1] org.hibernate.tool.hbm2ddl.TableMetadata.<init> HHH000037: Columns: [img, modified_by, caption, id, created_date, modified_date, created_by, content]
27-Feb-2025 15:19:41.316 INFO [localhost-startStop-1] org.hibernate.tool.hbm2ddl.TableMetadata.<init> HHH000108: Foreign keys: []
27-Feb-2025 15:19:41.316 INFO [localhost-startStop-1] org.hibernate.tool.hbm2ddl.TableMetadata.<init> HHH000126: Indexes: [primary]
27-Feb-2025 15:19:41.342 INFO [localhost-startStop-1] org.hibernate.tool.hbm2ddl.TableMetadata.<init> HHH000261: Table found: chronoluxweb.bill
27-Feb-2025 15:19:41.342 INFO [localhost-startStop-1] org.hibernate.tool.hbm2ddl.TableMetadata.<init> HHH000037: Columns: [note, address, quantity, gender, date_invoice, receiver_gender, modified_date, display_name, created_by, total, phone, user_id, deliverystatus, subtotal, modified_by, voucher_id, receiver_name, id, created_date, receiver_phone, email, payment_method, status]
27-Feb-2025 15:19:41.342 INFO [localhost-startStop-1] org.hibernate.tool.hbm2ddl.TableMetadata.<init> HHH000108: Foreign keys: [fk_3ac38309d899hoderihd5mh9j, fk_5my60d5u3n18y09mgqp2t6t0b]
27-Feb-2025 15:19:41.343 INFO [localhost-startStop-1] org.hibernate.tool.hbm2ddl.TableMetadata.<init> HHH000126: Indexes: [fk_3ac38309d899hoderihd5mh9j, fk_5my60d5u3n18y09mgqp2t6t0b, primary]
27-Feb-2025 15:19:41.364 INFO [localhost-startStop-1] org.hibernate.tool.hbm2ddl.TableMetadata.<init> HHH000261: Table found: chronoluxweb.bill_detail
27-Feb-2025 15:19:41.365 INFO [localhost-startStop-1] org.hibernate.tool.hbm2ddl.TableMetadata.<init> HHH000037: Columns: [bill_id, product_id]
27-Feb-2025 15:19:41.365 INFO [localhost-startStop-1] org.hibernate.tool.hbm2ddl.TableMetadata.<init> HHH000108: Foreign keys: [fk_18yn4vr4gusinr921wec1ui0w, fk_293sewgbft9miq390yfh693jm]
27-Feb-2025 15:19:41.365 INFO [localhost-startStop-1] org.hibernate.tool.hbm2ddl.TableMetadata.<init> HHH000126: Indexes: [fk_18yn4vr4gusinr921wec1ui0w, fk_293sewgbft9miq390yfh693jm]
27-Feb-2025 15:19:41.386 INFO [localhost-startStop-1] org.hibernate.tool.hbm2ddl.TableMetadata.<init> HHH000261: Table found: chronoluxweb.brand
27-Feb-2025 15:19:41.386 INFO [localhost-startStop-1] org.hibernate.tool.hbm2ddl.TableMetadata.<init> HHH000037: Columns: [icon_url, country, modified_by, name, active, banner_url, id, created_date, modified_date, created_by]
27-Feb-2025 15:19:41.387 INFO [localhost-startStop-1] org.hibernate.tool.hbm2ddl.TableMetadata.<init> HHH000108: Foreign keys: []
27-Feb-2025 15:19:41.387 INFO [localhost-startStop-1] org.hibernate.tool.hbm2ddl.TableMetadata.<init> HHH000126: Indexes: [primary]
27-Feb-2025 15:19:41.404 INFO [localhost-startStop-1] org.hibernate.tool.hbm2ddl.TableMetadata.<init> HHH000261: Table found: chronoluxweb.cart_items
27-Feb-2025 15:19:41.404 INFO [localhost-startStop-1] org.hibernate.tool.hbm2ddl.TableMetadata.<init> HHH000037: Columns: [bill_id, quantity, user_id, product_id, modified_by, id, created_date, modified_date, created_by]
27-Feb-2025 15:19:41.404 INFO [localhost-startStop-1] org.hibernate.tool.hbm2ddl.TableMetadata.<init> HHH000108: Foreign keys: [fk_b5lfwcb4iitfnl3om0kg2fvsm, fk_rjiexeah9pxvqqsl3ottu7l3i, fk_stjbkkh1eftd036p0v219glxw]
27-Feb-2025 15:19:41.404 INFO [localhost-startStop-1] org.hibernate.tool.hbm2ddl.TableMetadata.<init> HHH000126: Indexes: [fk_b5lfwcb4iitfnl3om0kg2fvsm, fk_rjiexeah9pxvqqsl3ottu7l3i, fk_stjbkkh1eftd036p0v219glxw, primary]
27-Feb-2025 15:19:41.430 INFO [localhost-startStop-1] org.hibernate.tool.hbm2ddl.TableMetadata.<init> HHH000261: Table found: chronoluxweb.comment
27-Feb-2025 15:19:41.431 INFO [localhost-startStop-1] org.hibernate.tool.hbm2ddl.TableMetadata.<init> HHH000037: Columns: [user_id, review, product_id, modified_by, name, rating, id, created_date, modified_date, created_by, img_review_url, likecount]
27-Feb-2025 15:19:41.432 INFO [localhost-startStop-1] org.hibernate.tool.hbm2ddl.TableMetadata.<init> HHH000108: Foreign keys: [fk_mxoojfj9tmy8088avf57mpm02, fk_qadidjn2h0dqbc1nseh5bo4ff]
27-Feb-2025 15:19:41.432 INFO [localhost-startStop-1] org.hibernate.tool.hbm2ddl.TableMetadata.<init> HHH000126: Indexes: [fk_mxoojfj9tmy8088avf57mpm02, fk_qadidjn2h0dqbc1nseh5bo4ff, primary]
27-Feb-2025 15:19:41.438 INFO [localhost-startStop-1] org.hibernate.tool.hbm2ddl.DatabaseMetadata.getTableMetadata HHH000262: Table not found: comment_likes 
27-Feb-2025 15:19:41.463 INFO [localhost-startStop-1] org.hibernate.tool.hbm2ddl.TableMetadata.<init> HHH000261: Table found: chronoluxweb.corporation
27-Feb-2025 15:19:41.463 INFO [localhost-startStop-1] org.hibernate.tool.hbm2ddl.TableMetadata.<init> HHH000037: Columns: [address, img_url, phone, modified_by, about, id, created_date, modified_date, created_by, email, policy]
27-Feb-2025 15:19:41.464 INFO [localhost-startStop-1] org.hibernate.tool.hbm2ddl.TableMetadata.<init> HHH000108: Foreign keys: []
27-Feb-2025 15:19:41.464 INFO [localhost-startStop-1] org.hibernate.tool.hbm2ddl.TableMetadata.<init> HHH000126: Indexes: [primary]
27-Feb-2025 15:19:41.487 INFO [localhost-startStop-1] org.hibernate.tool.hbm2ddl.TableMetadata.<init> HHH000261: Table found: chronoluxweb.notification
27-Feb-2025 15:19:41.487 INFO [localhost-startStop-1] org.hibernate.tool.hbm2ddl.TableMetadata.<init> HHH000037: Columns: [modified_by, id, created_date, modified_date, title, comment_id, created_by, status]
27-Feb-2025 15:19:41.488 INFO [localhost-startStop-1] org.hibernate.tool.hbm2ddl.TableMetadata.<init> HHH000108: Foreign keys: [fk_inxhsk5bf6gpm7b41orsar7fc]
27-Feb-2025 15:19:41.488 INFO [localhost-startStop-1] org.hibernate.tool.hbm2ddl.TableMetadata.<init> HHH000126: Indexes: [fk_inxhsk5bf6gpm7b41orsar7fc, primary]
27-Feb-2025 15:19:41.510 INFO [localhost-startStop-1] org.hibernate.tool.hbm2ddl.TableMetadata.<init> HHH000261: Table found: chronoluxweb.notification_user
27-Feb-2025 15:19:41.510 INFO [localhost-startStop-1] org.hibernate.tool.hbm2ddl.TableMetadata.<init> HHH000037: Columns: [user_id, notification_id]
27-Feb-2025 15:19:41.511 INFO [localhost-startStop-1] org.hibernate.tool.hbm2ddl.TableMetadata.<init> HHH000108: Foreign keys: [fk_7iq8wfwh6nrr9x0x8555uk4ux, fk_s31layrkoj2djejiewv2upr8v]
27-Feb-2025 15:19:41.511 INFO [localhost-startStop-1] org.hibernate.tool.hbm2ddl.TableMetadata.<init> HHH000126: Indexes: [fk_7iq8wfwh6nrr9x0x8555uk4ux, primary]
27-Feb-2025 15:19:41.531 INFO [localhost-startStop-1] org.hibernate.tool.hbm2ddl.TableMetadata.<init> HHH000261: Table found: chronoluxweb.product
27-Feb-2025 15:19:41.531 INFO [localhost-startStop-1] org.hibernate.tool.hbm2ddl.TableMetadata.<init> HHH000037: Columns: [gender, thickness, watch_type, active, description, face_size, modified_date, created_by, glass_material, img_url, price, product_line_id, modified_by, name, id, created_date, strap_material, water_resistant, instock]
27-Feb-2025 15:19:41.532 INFO [localhost-startStop-1] org.hibernate.tool.hbm2ddl.TableMetadata.<init> HHH000108: Foreign keys: [fk_r2322tdtoib5u3jdxpcvrmb59]
27-Feb-2025 15:19:41.532 INFO [localhost-startStop-1] org.hibernate.tool.hbm2ddl.TableMetadata.<init> HHH000126: Indexes: [fk_r2322tdtoib5u3jdxpcvrmb59, primary]
27-Feb-2025 15:19:41.554 INFO [localhost-startStop-1] org.hibernate.tool.hbm2ddl.TableMetadata.<init> HHH000261: Table found: chronoluxweb.product_bill_snapshot
27-Feb-2025 15:19:41.555 INFO [localhost-startStop-1] org.hibernate.tool.hbm2ddl.TableMetadata.<init> HHH000037: Columns: [bill_id, imgurl, quantity, totalprice, modified_by, productname, id, created_date, modified_date, created_by]
27-Feb-2025 15:19:41.556 INFO [localhost-startStop-1] org.hibernate.tool.hbm2ddl.TableMetadata.<init> HHH000108: Foreign keys: [fk_k3odv227tmhs8b4pa028vrwg2]
27-Feb-2025 15:19:41.558 INFO [localhost-startStop-1] org.hibernate.tool.hbm2ddl.TableMetadata.<init> HHH000126: Indexes: [fk_k3odv227tmhs8b4pa028vrwg2, primary]
27-Feb-2025 15:19:41.576 INFO [localhost-startStop-1] org.hibernate.tool.hbm2ddl.TableMetadata.<init> HHH000261: Table found: chronoluxweb.product_line
27-Feb-2025 15:19:41.576 INFO [localhost-startStop-1] org.hibernate.tool.hbm2ddl.TableMetadata.<init> HHH000037: Columns: [warranty_id, icon_url, modified_by, name, active, banner_url, id, created_date, modified_date, created_by, brand_id]
27-Feb-2025 15:19:41.576 INFO [localhost-startStop-1] org.hibernate.tool.hbm2ddl.TableMetadata.<init> HHH000108: Foreign keys: [fk_9pruqelwj7dp7lts8ulqyyc6a, fk_7y3l8d1q27c4ji42wmi538fuy]
27-Feb-2025 15:19:41.577 INFO [localhost-startStop-1] org.hibernate.tool.hbm2ddl.TableMetadata.<init> HHH000126: Indexes: [fk_9pruqelwj7dp7lts8ulqyyc6a, fk_7y3l8d1q27c4ji42wmi538fuy, primary]
27-Feb-2025 15:19:41.592 INFO [localhost-startStop-1] org.hibernate.tool.hbm2ddl.TableMetadata.<init> HHH000261: Table found: chronoluxweb.role
27-Feb-2025 15:19:41.592 INFO [localhost-startStop-1] org.hibernate.tool.hbm2ddl.TableMetadata.<init> HHH000037: Columns: [code, modified_by, name, id, created_date, modified_date, created_by]
27-Feb-2025 15:19:41.592 INFO [localhost-startStop-1] org.hibernate.tool.hbm2ddl.TableMetadata.<init> HHH000108: Foreign keys: []
27-Feb-2025 15:19:41.593 INFO [localhost-startStop-1] org.hibernate.tool.hbm2ddl.TableMetadata.<init> HHH000126: Indexes: [primary]
27-Feb-2025 15:19:41.608 INFO [localhost-startStop-1] org.hibernate.tool.hbm2ddl.TableMetadata.<init> HHH000261: Table found: chronoluxweb.role_detail
27-Feb-2025 15:19:41.608 INFO [localhost-startStop-1] org.hibernate.tool.hbm2ddl.TableMetadata.<init> HHH000037: Columns: [user_id, role_id]
27-Feb-2025 15:19:41.608 INFO [localhost-startStop-1] org.hibernate.tool.hbm2ddl.TableMetadata.<init> HHH000108: Foreign keys: [fk_ow0q9sejbk6oqkop7d9crqbu1, fk_c947jy7nux8c23q2mg1op1ucf]
27-Feb-2025 15:19:41.609 INFO [localhost-startStop-1] org.hibernate.tool.hbm2ddl.TableMetadata.<init> HHH000126: Indexes: [fk_ow0q9sejbk6oqkop7d9crqbu1, fk_c947jy7nux8c23q2mg1op1ucf, primary]
27-Feb-2025 15:19:41.625 INFO [localhost-startStop-1] org.hibernate.tool.hbm2ddl.TableMetadata.<init> HHH000261: Table found: chronoluxweb.user
27-Feb-2025 15:19:41.625 INFO [localhost-startStop-1] org.hibernate.tool.hbm2ddl.TableMetadata.<init> HHH000037: Columns: [modified_date, created_by, reset_password_token, password, img_url, modified_by, voucher_id, id, created_date, fullname, email, status, username]
27-Feb-2025 15:19:41.625 INFO [localhost-startStop-1] org.hibernate.tool.hbm2ddl.TableMetadata.<init> HHH000108: Foreign keys: [fk_ds7rq2hnw61wsi429c3p6xhy6]
27-Feb-2025 15:19:41.625 INFO [localhost-startStop-1] org.hibernate.tool.hbm2ddl.TableMetadata.<init> HHH000126: Indexes: [fk_ds7rq2hnw61wsi429c3p6xhy6, primary]
27-Feb-2025 15:19:41.640 INFO [localhost-startStop-1] org.hibernate.tool.hbm2ddl.TableMetadata.<init> HHH000261: Table found: chronoluxweb.voucher
27-Feb-2025 15:19:41.640 INFO [localhost-startStop-1] org.hibernate.tool.hbm2ddl.TableMetadata.<init> HHH000037: Columns: [end_day, code, begin_day, modified_by, discount, id, created_date, modified_date, type, created_by]
27-Feb-2025 15:19:41.640 INFO [localhost-startStop-1] org.hibernate.tool.hbm2ddl.TableMetadata.<init> HHH000108: Foreign keys: []
27-Feb-2025 15:19:41.641 INFO [localhost-startStop-1] org.hibernate.tool.hbm2ddl.TableMetadata.<init> HHH000126: Indexes: [primary]
27-Feb-2025 15:19:41.661 INFO [localhost-startStop-1] org.hibernate.tool.hbm2ddl.TableMetadata.<init> HHH000261: Table found: chronoluxweb.warranty
27-Feb-2025 15:19:41.661 INFO [localhost-startStop-1] org.hibernate.tool.hbm2ddl.TableMetadata.<init> HHH000037: Columns: [modified_by, id, created_date, modified_date, created_by, content]
27-Feb-2025 15:19:41.661 INFO [localhost-startStop-1] org.hibernate.tool.hbm2ddl.TableMetadata.<init> HHH000108: Foreign keys: []
27-Feb-2025 15:19:41.661 INFO [localhost-startStop-1] org.hibernate.tool.hbm2ddl.TableMetadata.<init> HHH000126: Indexes: [primary]
27-Feb-2025 15:19:41.665 INFO [localhost-startStop-1] org.hibernate.tool.hbm2ddl.DatabaseMetadata.getTableMetadata HHH000262: Table not found: comment_likes 
27-Feb-2025 15:19:41.669 INFO [localhost-startStop-1] org.hibernate.tool.hbm2ddl.DatabaseMetadata.getTableMetadata HHH000262: Table not found: comment_likes 
27-Feb-2025 15:19:41.751 ERROR [localhost-startStop-1] org.hibernate.tool.hbm2ddl.SchemaUpdate.execute HHH000388: Unsuccessful: alter table banner add column  modified_date datetime
27-Feb-2025 15:19:41.751 ERROR [localhost-startStop-1] org.hibernate.tool.hbm2ddl.SchemaUpdate.execute Duplicate column name 'modified_date'
27-Feb-2025 15:19:41.758 ERROR [localhost-startStop-1] org.hibernate.tool.hbm2ddl.SchemaUpdate.execute HHH000388: Unsuccessful: alter table bill add column  modified_date datetime
27-Feb-2025 15:19:41.759 ERROR [localhost-startStop-1] org.hibernate.tool.hbm2ddl.SchemaUpdate.execute Duplicate column name 'modified_date'
27-Feb-2025 15:19:41.761 ERROR [localhost-startStop-1] org.hibernate.tool.hbm2ddl.SchemaUpdate.execute HHH000388: Unsuccessful: alter table brand add column  modified_date datetime
27-Feb-2025 15:19:41.761 ERROR [localhost-startStop-1] org.hibernate.tool.hbm2ddl.SchemaUpdate.execute Duplicate column name 'modified_date'
27-Feb-2025 15:19:41.764 ERROR [localhost-startStop-1] org.hibernate.tool.hbm2ddl.SchemaUpdate.execute HHH000388: Unsuccessful: alter table cart_items add column  modified_date datetime
27-Feb-2025 15:19:41.764 ERROR [localhost-startStop-1] org.hibernate.tool.hbm2ddl.SchemaUpdate.execute Duplicate column name 'modified_date'
27-Feb-2025 15:19:41.766 ERROR [localhost-startStop-1] org.hibernate.tool.hbm2ddl.SchemaUpdate.execute HHH000388: Unsuccessful: alter table comment add column  modified_date datetime
27-Feb-2025 15:19:41.766 ERROR [localhost-startStop-1] org.hibernate.tool.hbm2ddl.SchemaUpdate.execute Duplicate column name 'modified_date'
27-Feb-2025 15:19:41.767 ERROR [localhost-startStop-1] org.hibernate.tool.hbm2ddl.SchemaUpdate.execute HHH000388: Unsuccessful: create table comment_likes  (user_id bigint not null, comment_id bigint not null)
27-Feb-2025 15:19:41.768 ERROR [localhost-startStop-1] org.hibernate.tool.hbm2ddl.SchemaUpdate.execute Table 'comment_likes' already exists
27-Feb-2025 15:19:41.770 ERROR [localhost-startStop-1] org.hibernate.tool.hbm2ddl.SchemaUpdate.execute HHH000388: Unsuccessful: alter table corporation add column  modified_date datetime
27-Feb-2025 15:19:41.770 ERROR [localhost-startStop-1] org.hibernate.tool.hbm2ddl.SchemaUpdate.execute Duplicate column name 'modified_date'
27-Feb-2025 15:19:41.772 ERROR [localhost-startStop-1] org.hibernate.tool.hbm2ddl.SchemaUpdate.execute HHH000388: Unsuccessful: alter table notification add column  modified_date datetime
27-Feb-2025 15:19:41.772 ERROR [localhost-startStop-1] org.hibernate.tool.hbm2ddl.SchemaUpdate.execute Duplicate column name 'modified_date'
27-Feb-2025 15:19:41.775 ERROR [localhost-startStop-1] org.hibernate.tool.hbm2ddl.SchemaUpdate.execute HHH000388: Unsuccessful: alter table product add column  modified_date datetime
27-Feb-2025 15:19:41.775 ERROR [localhost-startStop-1] org.hibernate.tool.hbm2ddl.SchemaUpdate.execute Duplicate column name 'modified_date'
27-Feb-2025 15:19:41.776 ERROR [localhost-startStop-1] org.hibernate.tool.hbm2ddl.SchemaUpdate.execute HHH000388: Unsuccessful: alter table product_bill_snapshot add column  modified_date datetime
27-Feb-2025 15:19:41.777 ERROR [localhost-startStop-1] org.hibernate.tool.hbm2ddl.SchemaUpdate.execute Duplicate column name 'modified_date'
27-Feb-2025 15:19:41.778 ERROR [localhost-startStop-1] org.hibernate.tool.hbm2ddl.SchemaUpdate.execute HHH000388: Unsuccessful: alter table product_line add column  modified_date datetime
27-Feb-2025 15:19:41.778 ERROR [localhost-startStop-1] org.hibernate.tool.hbm2ddl.SchemaUpdate.execute Duplicate column name 'modified_date'
27-Feb-2025 15:19:41.780 ERROR [localhost-startStop-1] org.hibernate.tool.hbm2ddl.SchemaUpdate.execute HHH000388: Unsuccessful: alter table role add column  modified_date datetime
27-Feb-2025 15:19:41.780 ERROR [localhost-startStop-1] org.hibernate.tool.hbm2ddl.SchemaUpdate.execute Duplicate column name 'modified_date'
27-Feb-2025 15:19:41.782 ERROR [localhost-startStop-1] org.hibernate.tool.hbm2ddl.SchemaUpdate.execute HHH000388: Unsuccessful: alter table user add column  modified_date datetime
27-Feb-2025 15:19:41.782 ERROR [localhost-startStop-1] org.hibernate.tool.hbm2ddl.SchemaUpdate.execute Duplicate column name 'modified_date'
27-Feb-2025 15:19:41.784 ERROR [localhost-startStop-1] org.hibernate.tool.hbm2ddl.SchemaUpdate.execute HHH000388: Unsuccessful: alter table voucher add column  modified_date datetime
27-Feb-2025 15:19:41.784 ERROR [localhost-startStop-1] org.hibernate.tool.hbm2ddl.SchemaUpdate.execute Duplicate column name 'modified_date'
27-Feb-2025 15:19:41.784 ERROR [localhost-startStop-1] org.hibernate.tool.hbm2ddl.SchemaUpdate.execute HHH000388: Unsuccessful: alter table warranty add column  modified_date datetime
27-Feb-2025 15:19:41.785 ERROR [localhost-startStop-1] org.hibernate.tool.hbm2ddl.SchemaUpdate.execute Duplicate column name 'modified_date'
27-Feb-2025 15:19:41.786 ERROR [localhost-startStop-1] org.hibernate.tool.hbm2ddl.SchemaUpdate.execute HHH000388: Unsuccessful: alter table comment_likes  add constraint FK_otdfwsv11rsp31db2vtsleorj foreign key (comment_id) references comment (id)
27-Feb-2025 15:19:41.786 ERROR [localhost-startStop-1] org.hibernate.tool.hbm2ddl.SchemaUpdate.execute Duplicate foreign key constraint name 'FK_otdfwsv11rsp31db2vtsleorj'
27-Feb-2025 15:19:41.788 ERROR [localhost-startStop-1] org.hibernate.tool.hbm2ddl.SchemaUpdate.execute HHH000388: Unsuccessful: alter table comment_likes  add constraint FK_388y4xoc6shuc5ejnr40kdeoc foreign key (user_id) references user (id)
27-Feb-2025 15:19:41.790 ERROR [localhost-startStop-1] org.hibernate.tool.hbm2ddl.SchemaUpdate.execute Duplicate foreign key constraint name 'FK_388y4xoc6shuc5ejnr40kdeoc'
27-Feb-2025 15:19:41.790 INFO [localhost-startStop-1] org.hibernate.tool.hbm2ddl.SchemaUpdate.execute HHH000232: Schema update complete
27-Feb-2025 15:19:47.239 INFO [localhost-startStop-1] org.apache.catalina.startup.HostConfig.deployDescriptor Deployment of deployment descriptor [I:\JAVA SPRING\Learn Spring\ChronoLuxWebsite\src\main\webapp\conf\Catalina\localhost\ChronoLuxWeb.xml] has finished in [17,695] ms
27-Feb-2025 15:19:47.244 INFO [main] org.apache.coyote.AbstractProtocol.start Starting ProtocolHandler ["http-nio-8080"]
27-Feb-2025 15:19:47.270 INFO [main] org.apache.catalina.startup.Catalina.start Server startup in 17839 ms
27-Feb-2025 18:25:25.956 INFO [Thread-1] org.apache.coyote.AbstractProtocol.pause Pausing ProtocolHandler ["http-nio-8080"]
27-Feb-2025 18:25:25.960 INFO [Thread-1] org.apache.catalina.core.StandardService.stopInternal Stopping service [Catalina]
27-Feb-2025 18:25:26.034 WARNING [localhost-startStop-2] org.apache.catalina.loader.WebappClassLoaderBase.clearReferencesJdbc The web application [ChronoLuxWeb] registered the JDBC driver [com.mysql.cj.jdbc.Driver] but failed to unregister it when the web application was stopped. To prevent a memory leak, the JDBC Driver has been forcibly unregistered.
27-Feb-2025 18:25:26.036 WARNING [localhost-startStop-2] org.apache.catalina.loader.WebappClassLoaderBase.clearReferencesThreads The web application [ChronoLuxWeb] appears to have started a thread named [mysql-cj-abandoned-connection-cleanup] but has failed to stop it. This is very likely to create a memory leak. Stack trace of thread:
 java.base/jdk.internal.misc.Unsafe.park(Native Method)
 java.base/java.util.concurrent.locks.LockSupport.parkNanos(LockSupport.java:269)
 java.base/java.util.concurrent.locks.AbstractQueuedSynchronizer$ConditionObject.await(AbstractQueuedSynchronizer.java:1852)
 java.base/java.lang.ref.ReferenceQueue.await(ReferenceQueue.java:71)
 java.base/java.lang.ref.ReferenceQueue.remove0(ReferenceQueue.java:143)
 java.base/java.lang.ref.ReferenceQueue.remove(ReferenceQueue.java:218)
 com.mysql.cj.jdbc.AbandonedConnectionCleanupThread.run(AbandonedConnectionCleanupThread.java:91)
 java.base/java.util.concurrent.ThreadPoolExecutor.runWorker(ThreadPoolExecutor.java:1144)
 java.base/java.util.concurrent.ThreadPoolExecutor$Worker.run(ThreadPoolExecutor.java:642)
 java.base/java.lang.Thread.run(Thread.java:1583)
27-Feb-2025 18:25:26.046 INFO [Thread-1] org.apache.coyote.AbstractProtocol.stop Stopping ProtocolHandler ["http-nio-8080"]
27-Feb-2025 18:25:26.052 INFO [Thread-1] org.apache.coyote.AbstractProtocol.destroy Destroying ProtocolHandler ["http-nio-8080"]
27-Feb-2025 19:02:42.508 INFO [main] org.apache.catalina.startup.VersionLoggerListener.log Server version name:   Apache Tomcat/8.5.92
27-Feb-2025 19:02:42.512 INFO [main] org.apache.catalina.startup.VersionLoggerListener.log Server built:          Aug 9 2023 11:22:56 UTC
27-Feb-2025 19:02:42.513 INFO [main] org.apache.catalina.startup.VersionLoggerListener.log Server version number: 8.5.92.0
27-Feb-2025 19:02:42.513 INFO [main] org.apache.catalina.startup.VersionLoggerListener.log OS Name:               Windows 10
27-Feb-2025 19:02:42.513 INFO [main] org.apache.catalina.startup.VersionLoggerListener.log OS Version:            10.0
27-Feb-2025 19:02:42.514 INFO [main] org.apache.catalina.startup.VersionLoggerListener.log Architecture:          amd64
27-Feb-2025 19:02:42.514 INFO [main] org.apache.catalina.startup.VersionLoggerListener.log Java Home:             E:\SETUP_PROJECT\JAVA\JDK\jdk-21.0.5+11
27-Feb-2025 19:02:42.514 INFO [main] org.apache.catalina.startup.VersionLoggerListener.log JVM Version:           21.0.5+11-LTS
27-Feb-2025 19:02:42.514 INFO [main] org.apache.catalina.startup.VersionLoggerListener.log JVM Vendor:            Eclipse Adoptium
27-Feb-2025 19:02:42.515 INFO [main] org.apache.catalina.startup.VersionLoggerListener.log CATALINA_BASE:         I:\JAVA SPRING\Learn Spring\ChronoLuxWebsite\src\main\webapp
27-Feb-2025 19:02:42.515 INFO [main] org.apache.catalina.startup.VersionLoggerListener.log CATALINA_HOME:         G:\apache-tomcat-8.5.92
27-Feb-2025 19:02:42.516 INFO [main] org.apache.catalina.startup.VersionLoggerListener.log Command line argument: --add-opens=java.base/java.lang=ALL-UNNAMED
27-Feb-2025 19:02:42.517 INFO [main] org.apache.catalina.startup.VersionLoggerListener.log Command line argument: --add-opens=java.base/java.io=ALL-UNNAMED
27-Feb-2025 19:02:42.517 INFO [main] org.apache.catalina.startup.VersionLoggerListener.log Command line argument: --add-opens=java.base/java.util=ALL-UNNAMED
27-Feb-2025 19:02:42.518 INFO [main] org.apache.catalina.startup.VersionLoggerListener.log Command line argument: --add-opens=java.base/java.util.concurrent=ALL-UNNAMED
27-Feb-2025 19:02:42.518 INFO [main] org.apache.catalina.startup.VersionLoggerListener.log Command line argument: --add-opens=java.rmi/sun.rmi.transport=ALL-UNNAMED
27-Feb-2025 19:02:42.518 INFO [main] org.apache.catalina.startup.VersionLoggerListener.log Command line argument: -Dcatalina.home=G:\apache-tomcat-8.5.92
27-Feb-2025 19:02:42.518 INFO [main] org.apache.catalina.startup.VersionLoggerListener.log Command line argument: -Dcatalina.base=I:\JAVA SPRING\Learn Spring\ChronoLuxWebsite\src\main\webapp
27-Feb-2025 19:02:42.519 INFO [main] org.apache.catalina.startup.VersionLoggerListener.log Command line argument: -Djava.io.tmpdir=I:\JAVA SPRING\Learn Spring\ChronoLuxWebsite\src\main\webapp\temp
27-Feb-2025 19:02:42.519 INFO [main] org.apache.catalina.startup.VersionLoggerListener.log Command line argument: -Djava.util.logging.config.file=I:\JAVA SPRING\Learn Spring\ChronoLuxWebsite\src\main\webapp\conf\logging.properties
27-Feb-2025 19:02:42.519 INFO [main] org.apache.catalina.startup.VersionLoggerListener.log Command line argument: -Djava.util.logging.manager=org.apache.juli.ClassLoaderLogManager
27-Feb-2025 19:02:42.519 INFO [main] org.apache.catalina.startup.VersionLoggerListener.log Command line argument: -javaagent:C:\Program Files\JetBrains\IntelliJ IDEA 2024.3\lib\idea_rt.jar=49330:C:\Program Files\JetBrains\IntelliJ IDEA 2024.3\bin
27-Feb-2025 19:02:42.520 INFO [main] org.apache.catalina.startup.VersionLoggerListener.log Command line argument: -Dfile.encoding=UTF-8
27-Feb-2025 19:02:42.520 INFO [main] org.apache.catalina.startup.VersionLoggerListener.log Command line argument: -Dsun.stdout.encoding=UTF-8
27-Feb-2025 19:02:42.520 INFO [main] org.apache.catalina.startup.VersionLoggerListener.log Command line argument: -Dsun.stderr.encoding=UTF-8
27-Feb-2025 19:02:42.520 INFO [main] org.apache.catalina.core.AprLifecycleListener.lifecycleEvent The Apache Tomcat Native library which allows using OpenSSL was not found on the java.library.path: [E:\SETUP_PROJECT\JAVA\JDK\jdk-21.0.5+11\bin;C:\Windows\Sun\Java\bin;C:\Windows\system32;C:\Windows;C:\Program Files (x86)\Common Files\Oracle\Java\javapath;E:\SETUP_PROJECT\PYTHON\Python_3.10.11\Scripts\;E:\SETUP_PROJECT\PYTHON\Python_3.10.11\;C:\Program Files\Microsoft MPI\Bin\;E:\SETUP_PROJECT\PYTHON\Python_3.13.0\Scripts\;E:\SETUP_PROJECT\PYTHON\Python_3.13.0\;C:\Windows\system32;C:\Windows;C:\Windows\System32\Wbem;C:\Windows\System32\WindowsPowerShell\v1.0\;C:\Windows\System32\OpenSSH\;C:\Program Files\Git\cmd;C:\Program Files\dotnet\;C:\Program Files (x86)\Windows Kits\10\Windows Performance Toolkit\;E:\SETUP_PROJECT\JAVA\JDK\jdk-21.0.5+11\bin;C:\Program Files (x86)\Microsoft SQL Server\160\Tools\Binn\;C:\Program Files\Microsoft SQL Server\160\Tools\Binn\;C:\Program Files\Microsoft SQL Server\Client SDK\ODBC\170\Tools\Binn\;C:\Program Files\Microsoft SQL Server\160\DTS\Binn\;C:\Program Files (x86)\Microsoft SQL Server\160\DTS\Binn\;C:\Program Files\Docker\Docker\resources\bin;C:\Program Files\nodejs\;C:\Users\Admin\AppData\Local\Microsoft\WindowsApps;C:\Users\Admin\AppData\Local\Programs\Microsoft VS Code\bin;C:\Users\Admin\.dotnet\tools;C:\Users\Admin\AppData\Roaming\npm;.]
27-Feb-2025 19:02:42.581 INFO [main] org.apache.coyote.AbstractProtocol.init Initializing ProtocolHandler ["http-nio-8080"]
27-Feb-2025 19:02:42.613 INFO [main] org.apache.catalina.startup.Catalina.load Initialization processed in 887 ms
27-Feb-2025 19:02:42.678 INFO [main] org.apache.catalina.core.StandardService.startInternal Starting service [Catalina]
27-Feb-2025 19:02:42.678 INFO [main] org.apache.catalina.core.StandardEngine.startInternal Starting Servlet engine: [Apache Tomcat/8.5.92]
27-Feb-2025 19:02:42.694 INFO [localhost-startStop-1] org.apache.catalina.startup.HostConfig.deployDescriptor Deploying deployment descriptor [I:\JAVA SPRING\Learn Spring\ChronoLuxWebsite\src\main\webapp\conf\Catalina\localhost\ChronoLuxWeb.xml]
27-Feb-2025 19:02:45.983 INFO [localhost-startStop-1] org.apache.jasper.servlet.TldScanner.scanJars At least one JAR was scanned for TLDs yet contained no TLDs. Enable debug logging for this logger for a complete list of JARs that were scanned but no TLDs were found in them. Skipping unneeded JARs during scanning can improve startup time and JSP compilation time.
27-Feb-2025 19:02:48.141 INFO [localhost-startStop-1] org.hibernate.jpa.internal.util.LogHelper.logPersistenceUnitInformation HHH000204: Processing PersistenceUnitInfo [
	name: persistence-data
	...]
27-Feb-2025 19:02:48.307 INFO [localhost-startStop-1] org.hibernate.Version.logVersion HHH000412: Hibernate Core {4.3.6.Final}
27-Feb-2025 19:02:48.310 INFO [localhost-startStop-1] org.hibernate.cfg.Environment.<clinit> HHH000206: hibernate.properties not found
27-Feb-2025 19:02:48.313 INFO [localhost-startStop-1] org.hibernate.cfg.Environment.buildBytecodeProvider HHH000021: Bytecode provider name : javassist
27-Feb-2025 19:02:48.748 INFO [localhost-startStop-1] org.hibernate.annotations.common.reflection.java.JavaReflectionManager.<clinit> HCANN000001: Hibernate Commons Annotations {4.0.5.Final}
27-Feb-2025 19:02:49.480 INFO [localhost-startStop-1] org.hibernate.dialect.Dialect.<init> HHH000400: Using dialect: org.hibernate.dialect.MySQL5Dialect
27-Feb-2025 19:02:49.873 INFO [localhost-startStop-1] org.hibernate.hql.internal.ast.ASTQueryTranslatorFactory.<init> HHH000397: Using ASTQueryTranslatorFactory
27-Feb-2025 19:02:50.597 INFO [localhost-startStop-1] org.hibernate.tool.hbm2ddl.SchemaUpdate.execute HHH000228: Running hbm2ddl schema update
27-Feb-2025 19:02:50.597 INFO [localhost-startStop-1] org.hibernate.tool.hbm2ddl.SchemaUpdate.execute HHH000102: Fetching database metadata
27-Feb-2025 19:02:50.636 INFO [localhost-startStop-1] org.hibernate.tool.hbm2ddl.SchemaUpdate.execute HHH000396: Updating schema
27-Feb-2025 19:02:50.709 INFO [localhost-startStop-1] org.hibernate.tool.hbm2ddl.TableMetadata.<init> HHH000261: Table found: chronoluxweb.banner
27-Feb-2025 19:02:50.710 INFO [localhost-startStop-1] org.hibernate.tool.hbm2ddl.TableMetadata.<init> HHH000037: Columns: [img, modified_by, caption, id, created_date, modified_date, created_by, content]
27-Feb-2025 19:02:50.710 INFO [localhost-startStop-1] org.hibernate.tool.hbm2ddl.TableMetadata.<init> HHH000108: Foreign keys: []
27-Feb-2025 19:02:50.711 INFO [localhost-startStop-1] org.hibernate.tool.hbm2ddl.TableMetadata.<init> HHH000126: Indexes: [primary]
27-Feb-2025 19:02:50.743 INFO [localhost-startStop-1] org.hibernate.tool.hbm2ddl.TableMetadata.<init> HHH000261: Table found: chronoluxweb.bill
27-Feb-2025 19:02:50.743 INFO [localhost-startStop-1] org.hibernate.tool.hbm2ddl.TableMetadata.<init> HHH000037: Columns: [note, address, quantity, gender, date_invoice, receiver_gender, modified_date, display_name, created_by, total, phone, user_id, deliverystatus, subtotal, modified_by, voucher_id, receiver_name, id, created_date, receiver_phone, email, payment_method, status]
27-Feb-2025 19:02:50.744 INFO [localhost-startStop-1] org.hibernate.tool.hbm2ddl.TableMetadata.<init> HHH000108: Foreign keys: [fk_3ac38309d899hoderihd5mh9j, fk_5my60d5u3n18y09mgqp2t6t0b]
27-Feb-2025 19:02:50.744 INFO [localhost-startStop-1] org.hibernate.tool.hbm2ddl.TableMetadata.<init> HHH000126: Indexes: [fk_3ac38309d899hoderihd5mh9j, fk_5my60d5u3n18y09mgqp2t6t0b, primary]
27-Feb-2025 19:02:50.777 INFO [localhost-startStop-1] org.hibernate.tool.hbm2ddl.TableMetadata.<init> HHH000261: Table found: watchweb.bill_detail
27-Feb-2025 19:02:50.777 INFO [localhost-startStop-1] org.hibernate.tool.hbm2ddl.TableMetadata.<init> HHH000037: Columns: [bill_id, product_id]
27-Feb-2025 19:02:50.777 INFO [localhost-startStop-1] org.hibernate.tool.hbm2ddl.TableMetadata.<init> HHH000108: Foreign keys: [fk_18yn4vr4gusinr921wec1ui0w, fk_293sewgbft9miq390yfh693jm]
27-Feb-2025 19:02:50.778 INFO [localhost-startStop-1] org.hibernate.tool.hbm2ddl.TableMetadata.<init> HHH000126: Indexes: [fk_18yn4vr4gusinr921wec1ui0w, fk_293sewgbft9miq390yfh693jm]
27-Feb-2025 19:02:50.803 INFO [localhost-startStop-1] org.hibernate.tool.hbm2ddl.TableMetadata.<init> HHH000261: Table found: chronoluxweb.brand
27-Feb-2025 19:02:50.804 INFO [localhost-startStop-1] org.hibernate.tool.hbm2ddl.TableMetadata.<init> HHH000037: Columns: [icon_url, country, modified_by, name, active, banner_url, id, created_date, modified_date, created_by]
27-Feb-2025 19:02:50.804 INFO [localhost-startStop-1] org.hibernate.tool.hbm2ddl.TableMetadata.<init> HHH000108: Foreign keys: []
27-Feb-2025 19:02:50.804 INFO [localhost-startStop-1] org.hibernate.tool.hbm2ddl.TableMetadata.<init> HHH000126: Indexes: [primary]
27-Feb-2025 19:02:50.829 INFO [localhost-startStop-1] org.hibernate.tool.hbm2ddl.TableMetadata.<init> HHH000261: Table found: chronoluxweb.cart_items
27-Feb-2025 19:02:50.830 INFO [localhost-startStop-1] org.hibernate.tool.hbm2ddl.TableMetadata.<init> HHH000037: Columns: [bill_id, quantity, user_id, product_id, modified_by, id, created_date, modified_date, created_by]
27-Feb-2025 19:02:50.830 INFO [localhost-startStop-1] org.hibernate.tool.hbm2ddl.TableMetadata.<init> HHH000108: Foreign keys: [fk_b5lfwcb4iitfnl3om0kg2fvsm, fk_rjiexeah9pxvqqsl3ottu7l3i, fk_stjbkkh1eftd036p0v219glxw]
27-Feb-2025 19:02:50.830 INFO [localhost-startStop-1] org.hibernate.tool.hbm2ddl.TableMetadata.<init> HHH000126: Indexes: [fk_b5lfwcb4iitfnl3om0kg2fvsm, fk_rjiexeah9pxvqqsl3ottu7l3i, fk_stjbkkh1eftd036p0v219glxw, primary]
27-Feb-2025 19:02:50.860 INFO [localhost-startStop-1] org.hibernate.tool.hbm2ddl.TableMetadata.<init> HHH000261: Table found: chronoluxweb.comment
27-Feb-2025 19:02:50.861 INFO [localhost-startStop-1] org.hibernate.tool.hbm2ddl.TableMetadata.<init> HHH000037: Columns: [user_id, review, product_id, modified_by, name, rating, id, created_date, modified_date, created_by, img_review_url, likecount]
27-Feb-2025 19:02:50.861 INFO [localhost-startStop-1] org.hibernate.tool.hbm2ddl.TableMetadata.<init> HHH000108: Foreign keys: [fk_mxoojfj9tmy8088avf57mpm02, fk_qadidjn2h0dqbc1nseh5bo4ff]
27-Feb-2025 19:02:50.861 INFO [localhost-startStop-1] org.hibernate.tool.hbm2ddl.TableMetadata.<init> HHH000126: Indexes: [fk_mxoojfj9tmy8088avf57mpm02, fk_qadidjn2h0dqbc1nseh5bo4ff, primary]
27-Feb-2025 19:02:50.866 INFO [localhost-startStop-1] org.hibernate.tool.hbm2ddl.DatabaseMetadata.getTableMetadata HHH000262: Table not found: comment_likes 
27-Feb-2025 19:02:50.896 INFO [localhost-startStop-1] org.hibernate.tool.hbm2ddl.TableMetadata.<init> HHH000261: Table found: chronoluxweb.corporation
27-Feb-2025 19:02:50.897 INFO [localhost-startStop-1] org.hibernate.tool.hbm2ddl.TableMetadata.<init> HHH000037: Columns: [address, img_url, phone, modified_by, about, id, created_date, modified_date, created_by, email, policy]
27-Feb-2025 19:02:50.897 INFO [localhost-startStop-1] org.hibernate.tool.hbm2ddl.TableMetadata.<init> HHH000108: Foreign keys: []
27-Feb-2025 19:02:50.898 INFO [localhost-startStop-1] org.hibernate.tool.hbm2ddl.TableMetadata.<init> HHH000126: Indexes: [primary]
27-Feb-2025 19:02:50.932 INFO [localhost-startStop-1] org.hibernate.tool.hbm2ddl.TableMetadata.<init> HHH000261: Table found: chronoluxweb.notification
27-Feb-2025 19:02:50.933 INFO [localhost-startStop-1] org.hibernate.tool.hbm2ddl.TableMetadata.<init> HHH000037: Columns: [modified_by, id, created_date, modified_date, title, comment_id, created_by, status]
27-Feb-2025 19:02:50.933 INFO [localhost-startStop-1] org.hibernate.tool.hbm2ddl.TableMetadata.<init> HHH000108: Foreign keys: [fk_inxhsk5bf6gpm7b41orsar7fc]
27-Feb-2025 19:02:50.933 INFO [localhost-startStop-1] org.hibernate.tool.hbm2ddl.TableMetadata.<init> HHH000126: Indexes: [fk_inxhsk5bf6gpm7b41orsar7fc, primary]
27-Feb-2025 19:02:50.959 INFO [localhost-startStop-1] org.hibernate.tool.hbm2ddl.TableMetadata.<init> HHH000261: Table found: chronoluxweb.notification_user
27-Feb-2025 19:02:50.960 INFO [localhost-startStop-1] org.hibernate.tool.hbm2ddl.TableMetadata.<init> HHH000037: Columns: [user_id, notification_id]
27-Feb-2025 19:02:50.960 INFO [localhost-startStop-1] org.hibernate.tool.hbm2ddl.TableMetadata.<init> HHH000108: Foreign keys: [fk_7iq8wfwh6nrr9x0x8555uk4ux, fk_s31layrkoj2djejiewv2upr8v]
27-Feb-2025 19:02:50.960 INFO [localhost-startStop-1] org.hibernate.tool.hbm2ddl.TableMetadata.<init> HHH000126: Indexes: [fk_7iq8wfwh6nrr9x0x8555uk4ux, primary]
27-Feb-2025 19:02:50.980 INFO [localhost-startStop-1] org.hibernate.tool.hbm2ddl.TableMetadata.<init> HHH000261: Table found: chronoluxweb.product
27-Feb-2025 19:02:50.980 INFO [localhost-startStop-1] org.hibernate.tool.hbm2ddl.TableMetadata.<init> HHH000037: Columns: [gender, thickness, watch_type, active, description, face_size, modified_date, created_by, glass_material, img_url, price, product_line_id, modified_by, name, id, created_date, strap_material, water_resistant, instock]
27-Feb-2025 19:02:50.980 INFO [localhost-startStop-1] org.hibernate.tool.hbm2ddl.TableMetadata.<init> HHH000108: Foreign keys: [fk_r2322tdtoib5u3jdxpcvrmb59]
27-Feb-2025 19:02:50.981 INFO [localhost-startStop-1] org.hibernate.tool.hbm2ddl.TableMetadata.<init> HHH000126: Indexes: [fk_r2322tdtoib5u3jdxpcvrmb59, primary]
27-Feb-2025 19:02:51.001 INFO [localhost-startStop-1] org.hibernate.tool.hbm2ddl.TableMetadata.<init> HHH000261: Table found: chronoluxweb.product_bill_snapshot
27-Feb-2025 19:02:51.002 INFO [localhost-startStop-1] org.hibernate.tool.hbm2ddl.TableMetadata.<init> HHH000037: Columns: [bill_id, imgurl, quantity, totalprice, modified_by, productname, id, created_date, modified_date, created_by]
27-Feb-2025 19:02:51.002 INFO [localhost-startStop-1] org.hibernate.tool.hbm2ddl.TableMetadata.<init> HHH000108: Foreign keys: [fk_k3odv227tmhs8b4pa028vrwg2]
27-Feb-2025 19:02:51.002 INFO [localhost-startStop-1] org.hibernate.tool.hbm2ddl.TableMetadata.<init> HHH000126: Indexes: [fk_k3odv227tmhs8b4pa028vrwg2, primary]
27-Feb-2025 19:02:51.021 INFO [localhost-startStop-1] org.hibernate.tool.hbm2ddl.TableMetadata.<init> HHH000261: Table found: chronoluxweb.product_line
27-Feb-2025 19:02:51.021 INFO [localhost-startStop-1] org.hibernate.tool.hbm2ddl.TableMetadata.<init> HHH000037: Columns: [warranty_id, icon_url, modified_by, name, active, banner_url, id, created_date, modified_date, created_by, brand_id]
27-Feb-2025 19:02:51.021 INFO [localhost-startStop-1] org.hibernate.tool.hbm2ddl.TableMetadata.<init> HHH000108: Foreign keys: [fk_9pruqelwj7dp7lts8ulqyyc6a, fk_7y3l8d1q27c4ji42wmi538fuy]
27-Feb-2025 19:02:51.022 INFO [localhost-startStop-1] org.hibernate.tool.hbm2ddl.TableMetadata.<init> HHH000126: Indexes: [fk_9pruqelwj7dp7lts8ulqyyc6a, fk_7y3l8d1q27c4ji42wmi538fuy, primary]
27-Feb-2025 19:02:51.038 INFO [localhost-startStop-1] org.hibernate.tool.hbm2ddl.TableMetadata.<init> HHH000261: Table found: chronoluxweb.role
27-Feb-2025 19:02:51.038 INFO [localhost-startStop-1] org.hibernate.tool.hbm2ddl.TableMetadata.<init> HHH000037: Columns: [code, modified_by, name, id, created_date, modified_date, created_by]
27-Feb-2025 19:02:51.039 INFO [localhost-startStop-1] org.hibernate.tool.hbm2ddl.TableMetadata.<init> HHH000108: Foreign keys: []
27-Feb-2025 19:02:51.039 INFO [localhost-startStop-1] org.hibernate.tool.hbm2ddl.TableMetadata.<init> HHH000126: Indexes: [primary]
27-Feb-2025 19:02:51.057 INFO [localhost-startStop-1] org.hibernate.tool.hbm2ddl.TableMetadata.<init> HHH000261: Table found: chronoluxweb.role_detail
27-Feb-2025 19:02:51.058 INFO [localhost-startStop-1] org.hibernate.tool.hbm2ddl.TableMetadata.<init> HHH000037: Columns: [user_id, role_id]
27-Feb-2025 19:02:51.058 INFO [localhost-startStop-1] org.hibernate.tool.hbm2ddl.TableMetadata.<init> HHH000108: Foreign keys: [fk_ow0q9sejbk6oqkop7d9crqbu1, fk_c947jy7nux8c23q2mg1op1ucf]
27-Feb-2025 19:02:51.058 INFO [localhost-startStop-1] org.hibernate.tool.hbm2ddl.TableMetadata.<init> HHH000126: Indexes: [fk_ow0q9sejbk6oqkop7d9crqbu1, fk_c947jy7nux8c23q2mg1op1ucf, primary]
27-Feb-2025 19:02:51.079 INFO [localhost-startStop-1] org.hibernate.tool.hbm2ddl.TableMetadata.<init> HHH000261: Table found: chronoluxweb.user
27-Feb-2025 19:02:51.079 INFO [localhost-startStop-1] org.hibernate.tool.hbm2ddl.TableMetadata.<init> HHH000037: Columns: [modified_date, created_by, reset_password_token, password, img_url, modified_by, voucher_id, id, created_date, fullname, email, status, username]
27-Feb-2025 19:02:51.079 INFO [localhost-startStop-1] org.hibernate.tool.hbm2ddl.TableMetadata.<init> HHH000108: Foreign keys: [fk_ds7rq2hnw61wsi429c3p6xhy6]
27-Feb-2025 19:02:51.079 INFO [localhost-startStop-1] org.hibernate.tool.hbm2ddl.TableMetadata.<init> HHH000126: Indexes: [fk_ds7rq2hnw61wsi429c3p6xhy6, primary]
27-Feb-2025 19:02:51.100 INFO [localhost-startStop-1] org.hibernate.tool.hbm2ddl.TableMetadata.<init> HHH000261: Table found: chronoluxweb.voucher
27-Feb-2025 19:02:51.101 INFO [localhost-startStop-1] org.hibernate.tool.hbm2ddl.TableMetadata.<init> HHH000037: Columns: [end_day, code, begin_day, modified_by, discount, id, created_date, modified_date, type, created_by]
27-Feb-2025 19:02:51.101 INFO [localhost-startStop-1] org.hibernate.tool.hbm2ddl.TableMetadata.<init> HHH000108: Foreign keys: []
27-Feb-2025 19:02:51.101 INFO [localhost-startStop-1] org.hibernate.tool.hbm2ddl.TableMetadata.<init> HHH000126: Indexes: [primary]
27-Feb-2025 19:02:51.126 INFO [localhost-startStop-1] org.hibernate.tool.hbm2ddl.TableMetadata.<init> HHH000261: Table found: chronoluxweb.warranty
27-Feb-2025 19:02:51.127 INFO [localhost-startStop-1] org.hibernate.tool.hbm2ddl.TableMetadata.<init> HHH000037: Columns: [modified_by, id, created_date, modified_date, created_by, content]
27-Feb-2025 19:02:51.127 INFO [localhost-startStop-1] org.hibernate.tool.hbm2ddl.TableMetadata.<init> HHH000108: Foreign keys: []
27-Feb-2025 19:02:51.127 INFO [localhost-startStop-1] org.hibernate.tool.hbm2ddl.TableMetadata.<init> HHH000126: Indexes: [primary]
27-Feb-2025 19:02:51.132 INFO [localhost-startStop-1] org.hibernate.tool.hbm2ddl.DatabaseMetadata.getTableMetadata HHH000262: Table not found: comment_likes 
27-Feb-2025 19:02:51.137 INFO [localhost-startStop-1] org.hibernate.tool.hbm2ddl.DatabaseMetadata.getTableMetadata HHH000262: Table not found: comment_likes 
27-Feb-2025 19:02:51.190 ERROR [localhost-startStop-1] org.hibernate.tool.hbm2ddl.SchemaUpdate.execute HHH000388: Unsuccessful: alter table banner add column  modified_date datetime
27-Feb-2025 19:02:51.190 ERROR [localhost-startStop-1] org.hibernate.tool.hbm2ddl.SchemaUpdate.execute Duplicate column name 'modified_date'
27-Feb-2025 19:02:51.194 ERROR [localhost-startStop-1] org.hibernate.tool.hbm2ddl.SchemaUpdate.execute HHH000388: Unsuccessful: alter table bill add column  modified_date datetime
27-Feb-2025 19:02:51.194 ERROR [localhost-startStop-1] org.hibernate.tool.hbm2ddl.SchemaUpdate.execute Duplicate column name 'modified_date'
27-Feb-2025 19:02:51.195 ERROR [localhost-startStop-1] org.hibernate.tool.hbm2ddl.SchemaUpdate.execute HHH000388: Unsuccessful: alter table brand add column  modified_date datetime
27-Feb-2025 19:02:51.196 ERROR [localhost-startStop-1] org.hibernate.tool.hbm2ddl.SchemaUpdate.execute Duplicate column name 'modified_date'
27-Feb-2025 19:02:51.197 ERROR [localhost-startStop-1] org.hibernate.tool.hbm2ddl.SchemaUpdate.execute HHH000388: Unsuccessful: alter table cart_items add column  modified_date datetime
27-Feb-2025 19:02:51.197 ERROR [localhost-startStop-1] org.hibernate.tool.hbm2ddl.SchemaUpdate.execute Duplicate column name 'modified_date'
27-Feb-2025 19:02:51.200 ERROR [localhost-startStop-1] org.hibernate.tool.hbm2ddl.SchemaUpdate.execute HHH000388: Unsuccessful: alter table comment add column  modified_date datetime
27-Feb-2025 19:02:51.201 ERROR [localhost-startStop-1] org.hibernate.tool.hbm2ddl.SchemaUpdate.execute Duplicate column name 'modified_date'
27-Feb-2025 19:02:51.204 ERROR [localhost-startStop-1] org.hibernate.tool.hbm2ddl.SchemaUpdate.execute HHH000388: Unsuccessful: create table comment_likes  (user_id bigint not null, comment_id bigint not null)
27-Feb-2025 19:02:51.204 ERROR [localhost-startStop-1] org.hibernate.tool.hbm2ddl.SchemaUpdate.execute Table 'comment_likes' already exists
27-Feb-2025 19:02:51.206 ERROR [localhost-startStop-1] org.hibernate.tool.hbm2ddl.SchemaUpdate.execute HHH000388: Unsuccessful: alter table corporation add column  modified_date datetime
27-Feb-2025 19:02:51.206 ERROR [localhost-startStop-1] org.hibernate.tool.hbm2ddl.SchemaUpdate.execute Duplicate column name 'modified_date'
27-Feb-2025 19:02:51.207 ERROR [localhost-startStop-1] org.hibernate.tool.hbm2ddl.SchemaUpdate.execute HHH000388: Unsuccessful: alter table notification add column  modified_date datetime
27-Feb-2025 19:02:51.207 ERROR [localhost-startStop-1] org.hibernate.tool.hbm2ddl.SchemaUpdate.execute Duplicate column name 'modified_date'
27-Feb-2025 19:02:51.211 ERROR [localhost-startStop-1] org.hibernate.tool.hbm2ddl.SchemaUpdate.execute HHH000388: Unsuccessful: alter table product add column  modified_date datetime
27-Feb-2025 19:02:51.211 ERROR [localhost-startStop-1] org.hibernate.tool.hbm2ddl.SchemaUpdate.execute Duplicate column name 'modified_date'
27-Feb-2025 19:02:51.213 ERROR [localhost-startStop-1] org.hibernate.tool.hbm2ddl.SchemaUpdate.execute HHH000388: Unsuccessful: alter table product_bill_snapshot add column  modified_date datetime
27-Feb-2025 19:02:51.213 ERROR [localhost-startStop-1] org.hibernate.tool.hbm2ddl.SchemaUpdate.execute Duplicate column name 'modified_date'
27-Feb-2025 19:02:51.228 ERROR [localhost-startStop-1] org.hibernate.tool.hbm2ddl.SchemaUpdate.execute HHH000388: Unsuccessful: alter table product_line add column  modified_date datetime
27-Feb-2025 19:02:51.228 ERROR [localhost-startStop-1] org.hibernate.tool.hbm2ddl.SchemaUpdate.execute Duplicate column name 'modified_date'
27-Feb-2025 19:02:51.229 ERROR [localhost-startStop-1] org.hibernate.tool.hbm2ddl.SchemaUpdate.execute HHH000388: Unsuccessful: alter table role add column  modified_date datetime
27-Feb-2025 19:02:51.229 ERROR [localhost-startStop-1] org.hibernate.tool.hbm2ddl.SchemaUpdate.execute Duplicate column name 'modified_date'
27-Feb-2025 19:02:51.231 ERROR [localhost-startStop-1] org.hibernate.tool.hbm2ddl.SchemaUpdate.execute HHH000388: Unsuccessful: alter table user add column  modified_date datetime
27-Feb-2025 19:02:51.231 ERROR [localhost-startStop-1] org.hibernate.tool.hbm2ddl.SchemaUpdate.execute Duplicate column name 'modified_date'
27-Feb-2025 19:02:51.232 ERROR [localhost-startStop-1] org.hibernate.tool.hbm2ddl.SchemaUpdate.execute HHH000388: Unsuccessful: alter table voucher add column  modified_date datetime
27-Feb-2025 19:02:51.233 ERROR [localhost-startStop-1] org.hibernate.tool.hbm2ddl.SchemaUpdate.execute Duplicate column name 'modified_date'
27-Feb-2025 19:02:51.234 ERROR [localhost-startStop-1] org.hibernate.tool.hbm2ddl.SchemaUpdate.execute HHH000388: Unsuccessful: alter table warranty add column  modified_date datetime
27-Feb-2025 19:02:51.234 ERROR [localhost-startStop-1] org.hibernate.tool.hbm2ddl.SchemaUpdate.execute Duplicate column name 'modified_date'
27-Feb-2025 19:02:51.235 ERROR [localhost-startStop-1] org.hibernate.tool.hbm2ddl.SchemaUpdate.execute HHH000388: Unsuccessful: alter table comment_likes  add constraint FK_otdfwsv11rsp31db2vtsleorj foreign key (comment_id) references comment (id)
27-Feb-2025 19:02:51.235 ERROR [localhost-startStop-1] org.hibernate.tool.hbm2ddl.SchemaUpdate.execute Duplicate foreign key constraint name 'FK_otdfwsv11rsp31db2vtsleorj'
27-Feb-2025 19:02:51.237 ERROR [localhost-startStop-1] org.hibernate.tool.hbm2ddl.SchemaUpdate.execute HHH000388: Unsuccessful: alter table comment_likes  add constraint FK_388y4xoc6shuc5ejnr40kdeoc foreign key (user_id) references user (id)
27-Feb-2025 19:02:51.237 ERROR [localhost-startStop-1] org.hibernate.tool.hbm2ddl.SchemaUpdate.execute Duplicate foreign key constraint name 'FK_388y4xoc6shuc5ejnr40kdeoc'
27-Feb-2025 19:02:51.237 INFO [localhost-startStop-1] org.hibernate.tool.hbm2ddl.SchemaUpdate.execute HHH000232: Schema update complete
27-Feb-2025 19:02:56.550 INFO [localhost-startStop-1] org.apache.catalina.startup.HostConfig.deployDescriptor Deployment of deployment descriptor [I:\JAVA SPRING\Learn Spring\ChronoLuxWebsite\src\main\webapp\conf\Catalina\localhost\ChronoLuxWeb.xml] has finished in [13,854] ms
27-Feb-2025 19:02:56.553 INFO [main] org.apache.coyote.AbstractProtocol.start Starting ProtocolHandler ["http-nio-8080"]
27-Feb-2025 19:02:56.577 INFO [main] org.apache.catalina.startup.Catalina.start Server startup in 13962 ms
27-Feb-2025 19:10:36.375 INFO [Thread-1] org.apache.coyote.AbstractProtocol.pause Pausing ProtocolHandler ["http-nio-8080"]
27-Feb-2025 19:10:36.378 INFO [Thread-1] org.apache.catalina.core.StandardService.stopInternal Stopping service [Catalina]
27-Feb-2025 19:10:36.454 WARNING [localhost-startStop-2] org.apache.catalina.loader.WebappClassLoaderBase.clearReferencesJdbc The web application [ChronoLuxWeb] registered the JDBC driver [com.mysql.cj.jdbc.Driver] but failed to unregister it when the web application was stopped. To prevent a memory leak, the JDBC Driver has been forcibly unregistered.
27-Feb-2025 19:10:36.455 WARNING [localhost-startStop-2] org.apache.catalina.loader.WebappClassLoaderBase.clearReferencesThreads The web application [ChronoLuxWeb] appears to have started a thread named [mysql-cj-abandoned-connection-cleanup] but has failed to stop it. This is very likely to create a memory leak. Stack trace of thread:
 java.base/jdk.internal.misc.Unsafe.park(Native Method)
 java.base/java.util.concurrent.locks.LockSupport.parkNanos(LockSupport.java:269)
 java.base/java.util.concurrent.locks.AbstractQueuedSynchronizer$ConditionObject.await(AbstractQueuedSynchronizer.java:1852)
 java.base/java.lang.ref.ReferenceQueue.await(ReferenceQueue.java:71)
 java.base/java.lang.ref.ReferenceQueue.remove0(ReferenceQueue.java:143)
 java.base/java.lang.ref.ReferenceQueue.remove(ReferenceQueue.java:218)
 com.mysql.cj.jdbc.AbandonedConnectionCleanupThread.run(AbandonedConnectionCleanupThread.java:91)
 java.base/java.util.concurrent.ThreadPoolExecutor.runWorker(ThreadPoolExecutor.java:1144)
 java.base/java.util.concurrent.ThreadPoolExecutor$Worker.run(ThreadPoolExecutor.java:642)
 java.base/java.lang.Thread.run(Thread.java:1583)
27-Feb-2025 19:10:36.464 INFO [Thread-1] org.apache.coyote.AbstractProtocol.stop Stopping ProtocolHandler ["http-nio-8080"]
27-Feb-2025 19:10:36.480 INFO [Thread-1] org.apache.coyote.AbstractProtocol.destroy Destroying ProtocolHandler ["http-nio-8080"]
27-Feb-2025 23:03:01.542 INFO [main] org.apache.catalina.startup.VersionLoggerListener.log Server version name:   Apache Tomcat/8.5.92
27-Feb-2025 23:03:01.547 INFO [main] org.apache.catalina.startup.VersionLoggerListener.log Server built:          Aug 9 2023 11:22:56 UTC
27-Feb-2025 23:03:01.548 INFO [main] org.apache.catalina.startup.VersionLoggerListener.log Server version number: 8.5.92.0
27-Feb-2025 23:03:01.548 INFO [main] org.apache.catalina.startup.VersionLoggerListener.log OS Name:               Windows 10
27-Feb-2025 23:03:01.548 INFO [main] org.apache.catalina.startup.VersionLoggerListener.log OS Version:            10.0
27-Feb-2025 23:03:01.549 INFO [main] org.apache.catalina.startup.VersionLoggerListener.log Architecture:          amd64
27-Feb-2025 23:03:01.549 INFO [main] org.apache.catalina.startup.VersionLoggerListener.log Java Home:             E:\SETUP_PROJECT\JAVA\JDK\jdk-21.0.5+11
27-Feb-2025 23:03:01.549 INFO [main] org.apache.catalina.startup.VersionLoggerListener.log JVM Version:           21.0.5+11-LTS
27-Feb-2025 23:03:01.549 INFO [main] org.apache.catalina.startup.VersionLoggerListener.log JVM Vendor:            Eclipse Adoptium
27-Feb-2025 23:03:01.549 INFO [main] org.apache.catalina.startup.VersionLoggerListener.log CATALINA_BASE:         I:\JAVA SPRING\Learn Spring\ChronoLuxWebsite\src\main\webapp
27-Feb-2025 23:03:01.549 INFO [main] org.apache.catalina.startup.VersionLoggerListener.log CATALINA_HOME:         G:\apache-tomcat-8.5.92
27-Feb-2025 23:03:01.553 INFO [main] org.apache.catalina.startup.VersionLoggerListener.log Command line argument: --add-opens=java.base/java.lang=ALL-UNNAMED
27-Feb-2025 23:03:01.553 INFO [main] org.apache.catalina.startup.VersionLoggerListener.log Command line argument: --add-opens=java.base/java.io=ALL-UNNAMED
27-Feb-2025 23:03:01.553 INFO [main] org.apache.catalina.startup.VersionLoggerListener.log Command line argument: --add-opens=java.base/java.util=ALL-UNNAMED
27-Feb-2025 23:03:01.553 INFO [main] org.apache.catalina.startup.VersionLoggerListener.log Command line argument: --add-opens=java.base/java.util.concurrent=ALL-UNNAMED
27-Feb-2025 23:03:01.554 INFO [main] org.apache.catalina.startup.VersionLoggerListener.log Command line argument: --add-opens=java.rmi/sun.rmi.transport=ALL-UNNAMED
27-Feb-2025 23:03:01.554 INFO [main] org.apache.catalina.startup.VersionLoggerListener.log Command line argument: -Dcatalina.home=G:\apache-tomcat-8.5.92
27-Feb-2025 23:03:01.554 INFO [main] org.apache.catalina.startup.VersionLoggerListener.log Command line argument: -Dcatalina.base=I:\JAVA SPRING\Learn Spring\ChronoLuxWebsite\src\main\webapp
27-Feb-2025 23:03:01.554 INFO [main] org.apache.catalina.startup.VersionLoggerListener.log Command line argument: -Djava.io.tmpdir=I:\JAVA SPRING\Learn Spring\ChronoLuxWebsite\src\main\webapp\temp
27-Feb-2025 23:03:01.554 INFO [main] org.apache.catalina.startup.VersionLoggerListener.log Command line argument: -Djava.util.logging.config.file=I:\JAVA SPRING\Learn Spring\ChronoLuxWebsite\src\main\webapp\conf\logging.properties
27-Feb-2025 23:03:01.554 INFO [main] org.apache.catalina.startup.VersionLoggerListener.log Command line argument: -Djava.util.logging.manager=org.apache.juli.ClassLoaderLogManager
27-Feb-2025 23:03:01.555 INFO [main] org.apache.catalina.startup.VersionLoggerListener.log Command line argument: -javaagent:C:\Program Files\JetBrains\IntelliJ IDEA 2024.3\lib\idea_rt.jar=49874:C:\Program Files\JetBrains\IntelliJ IDEA 2024.3\bin
27-Feb-2025 23:03:01.555 INFO [main] org.apache.catalina.startup.VersionLoggerListener.log Command line argument: -Dfile.encoding=UTF-8
27-Feb-2025 23:03:01.555 INFO [main] org.apache.catalina.startup.VersionLoggerListener.log Command line argument: -Dsun.stdout.encoding=UTF-8
27-Feb-2025 23:03:01.555 INFO [main] org.apache.catalina.startup.VersionLoggerListener.log Command line argument: -Dsun.stderr.encoding=UTF-8
27-Feb-2025 23:03:01.555 INFO [main] org.apache.catalina.core.AprLifecycleListener.lifecycleEvent The Apache Tomcat Native library which allows using OpenSSL was not found on the java.library.path: [E:\SETUP_PROJECT\JAVA\JDK\jdk-21.0.5+11\bin;C:\Windows\Sun\Java\bin;C:\Windows\system32;C:\Windows;C:\Program Files (x86)\Common Files\Oracle\Java\javapath;E:\SETUP_PROJECT\PYTHON\Python_3.10.11\Scripts\;E:\SETUP_PROJECT\PYTHON\Python_3.10.11\;C:\Program Files\Microsoft MPI\Bin\;E:\SETUP_PROJECT\PYTHON\Python_3.13.0\Scripts\;E:\SETUP_PROJECT\PYTHON\Python_3.13.0\;C:\Windows\system32;C:\Windows;C:\Windows\System32\Wbem;C:\Windows\System32\WindowsPowerShell\v1.0\;C:\Windows\System32\OpenSSH\;C:\Program Files\Git\cmd;C:\Program Files\dotnet\;C:\Program Files (x86)\Windows Kits\10\Windows Performance Toolkit\;E:\SETUP_PROJECT\JAVA\JDK\jdk-21.0.5+11\bin;C:\Program Files (x86)\Microsoft SQL Server\160\Tools\Binn\;C:\Program Files\Microsoft SQL Server\160\Tools\Binn\;C:\Program Files\Microsoft SQL Server\Client SDK\ODBC\170\Tools\Binn\;C:\Program Files\Microsoft SQL Server\160\DTS\Binn\;C:\Program Files (x86)\Microsoft SQL Server\160\DTS\Binn\;C:\Program Files\Docker\Docker\resources\bin;C:\Program Files\nodejs\;C:\Users\Admin\AppData\Local\Microsoft\WindowsApps;C:\Users\Admin\AppData\Local\Programs\Microsoft VS Code\bin;C:\Users\Admin\.dotnet\tools;C:\Users\Admin\AppData\Roaming\npm;.]
27-Feb-2025 23:03:01.700 INFO [main] org.apache.coyote.AbstractProtocol.init Initializing ProtocolHandler ["http-nio-8080"]
27-Feb-2025 23:03:01.800 INFO [main] org.apache.catalina.startup.Catalina.load Initialization processed in 1518 ms
27-Feb-2025 23:03:01.964 INFO [main] org.apache.catalina.core.StandardService.startInternal Starting service [Catalina]
27-Feb-2025 23:03:01.964 INFO [main] org.apache.catalina.core.StandardEngine.startInternal Starting Servlet engine: [Apache Tomcat/8.5.92]
27-Feb-2025 23:03:02.086 INFO [localhost-startStop-1] org.apache.catalina.startup.HostConfig.deployDescriptor Deploying deployment descriptor [I:\JAVA SPRING\Learn Spring\ChronoLuxWebsite\src\main\webapp\conf\Catalina\localhost\ChronoLuxWeb.xml]
27-Feb-2025 23:03:16.398 INFO [localhost-startStop-1] org.apache.jasper.servlet.TldScanner.scanJars At least one JAR was scanned for TLDs yet contained no TLDs. Enable debug logging for this logger for a complete list of JARs that were scanned but no TLDs were found in them. Skipping unneeded JARs during scanning can improve startup time and JSP compilation time.
27-Feb-2025 23:03:19.577 INFO [localhost-startStop-1] org.hibernate.jpa.internal.util.LogHelper.logPersistenceUnitInformation HHH000204: Processing PersistenceUnitInfo [
	name: persistence-data
	...]
27-Feb-2025 23:03:19.778 INFO [localhost-startStop-1] org.hibernate.Version.logVersion HHH000412: Hibernate Core {4.3.6.Final}
27-Feb-2025 23:03:19.782 INFO [localhost-startStop-1] org.hibernate.cfg.Environment.<clinit> HHH000206: hibernate.properties not found
27-Feb-2025 23:03:19.787 INFO [localhost-startStop-1] org.hibernate.cfg.Environment.buildBytecodeProvider HHH000021: Bytecode provider name : javassist
27-Feb-2025 23:03:20.307 INFO [localhost-startStop-1] org.hibernate.annotations.common.reflection.java.JavaReflectionManager.<clinit> HCANN000001: Hibernate Commons Annotations {4.0.5.Final}
27-Feb-2025 23:03:21.438 INFO [localhost-startStop-1] org.hibernate.dialect.Dialect.<init> HHH000400: Using dialect: org.hibernate.dialect.MySQL5Dialect
27-Feb-2025 23:03:21.930 INFO [localhost-startStop-1] org.hibernate.hql.internal.ast.ASTQueryTranslatorFactory.<init> HHH000397: Using ASTQueryTranslatorFactory
27-Feb-2025 23:03:22.806 INFO [localhost-startStop-1] org.hibernate.tool.hbm2ddl.SchemaUpdate.execute HHH000228: Running hbm2ddl schema update
27-Feb-2025 23:03:22.806 INFO [localhost-startStop-1] org.hibernate.tool.hbm2ddl.SchemaUpdate.execute HHH000102: Fetching database metadata
27-Feb-2025 23:03:22.849 INFO [localhost-startStop-1] org.hibernate.tool.hbm2ddl.SchemaUpdate.execute HHH000396: Updating schema
27-Feb-2025 23:03:22.922 INFO [localhost-startStop-1] org.hibernate.tool.hbm2ddl.TableMetadata.<init> HHH000261: Table found: chronoluxweb.banner
27-Feb-2025 23:03:22.923 INFO [localhost-startStop-1] org.hibernate.tool.hbm2ddl.TableMetadata.<init> HHH000037: Columns: [img, modified_by, caption, id, created_date, modified_date, created_by, content]
27-Feb-2025 23:03:22.923 INFO [localhost-startStop-1] org.hibernate.tool.hbm2ddl.TableMetadata.<init> HHH000108: Foreign keys: []
27-Feb-2025 23:03:22.924 INFO [localhost-startStop-1] org.hibernate.tool.hbm2ddl.TableMetadata.<init> HHH000126: Indexes: [primary]
27-Feb-2025 23:03:22.964 INFO [localhost-startStop-1] org.hibernate.tool.hbm2ddl.TableMetadata.<init> HHH000261: Table found: chronoluxweb.bill
27-Feb-2025 23:03:22.965 INFO [localhost-startStop-1] org.hibernate.tool.hbm2ddl.TableMetadata.<init> HHH000037: Columns: [note, address, quantity, gender, date_invoice, receiver_gender, modified_date, display_name, created_by, total, phone, user_id, deliverystatus, subtotal, modified_by, voucher_id, receiver_name, id, created_date, receiver_phone, email, payment_method, status]
27-Feb-2025 23:03:22.965 INFO [localhost-startStop-1] org.hibernate.tool.hbm2ddl.TableMetadata.<init> HHH000108: Foreign keys: [fk_3ac38309d899hoderihd5mh9j, fk_5my60d5u3n18y09mgqp2t6t0b]
27-Feb-2025 23:03:22.965 INFO [localhost-startStop-1] org.hibernate.tool.hbm2ddl.TableMetadata.<init> HHH000126: Indexes: [fk_3ac38309d899hoderihd5mh9j, fk_5my60d5u3n18y09mgqp2t6t0b, primary]
27-Feb-2025 23:03:23.001 INFO [localhost-startStop-1] org.hibernate.tool.hbm2ddl.TableMetadata.<init> HHH000261: Table found: watchweb.bill_detail
27-Feb-2025 23:03:23.001 INFO [localhost-startStop-1] org.hibernate.tool.hbm2ddl.TableMetadata.<init> HHH000037: Columns: [bill_id, product_id]
27-Feb-2025 23:03:23.002 INFO [localhost-startStop-1] org.hibernate.tool.hbm2ddl.TableMetadata.<init> HHH000108: Foreign keys: [fk_18yn4vr4gusinr921wec1ui0w, fk_293sewgbft9miq390yfh693jm]
27-Feb-2025 23:03:23.002 INFO [localhost-startStop-1] org.hibernate.tool.hbm2ddl.TableMetadata.<init> HHH000126: Indexes: [fk_18yn4vr4gusinr921wec1ui0w, fk_293sewgbft9miq390yfh693jm]
27-Feb-2025 23:03:23.031 INFO [localhost-startStop-1] org.hibernate.tool.hbm2ddl.TableMetadata.<init> HHH000261: Table found: chronoluxweb.brand
27-Feb-2025 23:03:23.032 INFO [localhost-startStop-1] org.hibernate.tool.hbm2ddl.TableMetadata.<init> HHH000037: Columns: [icon_url, country, modified_by, name, active, banner_url, id, created_date, modified_date, created_by]
27-Feb-2025 23:03:23.032 INFO [localhost-startStop-1] org.hibernate.tool.hbm2ddl.TableMetadata.<init> HHH000108: Foreign keys: []
27-Feb-2025 23:03:23.032 INFO [localhost-startStop-1] org.hibernate.tool.hbm2ddl.TableMetadata.<init> HHH000126: Indexes: [primary]
27-Feb-2025 23:03:23.060 INFO [localhost-startStop-1] org.hibernate.tool.hbm2ddl.TableMetadata.<init> HHH000261: Table found: chronoluxweb.cart_items
27-Feb-2025 23:03:23.060 INFO [localhost-startStop-1] org.hibernate.tool.hbm2ddl.TableMetadata.<init> HHH000037: Columns: [bill_id, quantity, user_id, product_id, modified_by, id, created_date, modified_date, created_by]
27-Feb-2025 23:03:23.061 INFO [localhost-startStop-1] org.hibernate.tool.hbm2ddl.TableMetadata.<init> HHH000108: Foreign keys: [fk_b5lfwcb4iitfnl3om0kg2fvsm, fk_rjiexeah9pxvqqsl3ottu7l3i, fk_stjbkkh1eftd036p0v219glxw]
27-Feb-2025 23:03:23.061 INFO [localhost-startStop-1] org.hibernate.tool.hbm2ddl.TableMetadata.<init> HHH000126: Indexes: [fk_b5lfwcb4iitfnl3om0kg2fvsm, fk_rjiexeah9pxvqqsl3ottu7l3i, fk_stjbkkh1eftd036p0v219glxw, primary]
27-Feb-2025 23:03:23.087 INFO [localhost-startStop-1] org.hibernate.tool.hbm2ddl.TableMetadata.<init> HHH000261: Table found: chronoluxweb.comment
27-Feb-2025 23:03:23.087 INFO [localhost-startStop-1] org.hibernate.tool.hbm2ddl.TableMetadata.<init> HHH000037: Columns: [user_id, review, product_id, modified_by, name, rating, id, created_date, modified_date, created_by, img_review_url, likecount]
27-Feb-2025 23:03:23.088 INFO [localhost-startStop-1] org.hibernate.tool.hbm2ddl.TableMetadata.<init> HHH000108: Foreign keys: [fk_mxoojfj9tmy8088avf57mpm02, fk_qadidjn2h0dqbc1nseh5bo4ff]
27-Feb-2025 23:03:23.088 INFO [localhost-startStop-1] org.hibernate.tool.hbm2ddl.TableMetadata.<init> HHH000126: Indexes: [fk_mxoojfj9tmy8088avf57mpm02, fk_qadidjn2h0dqbc1nseh5bo4ff, primary]
27-Feb-2025 23:03:23.093 INFO [localhost-startStop-1] org.hibernate.tool.hbm2ddl.DatabaseMetadata.getTableMetadata HHH000262: Table not found: comment_likes 
27-Feb-2025 23:03:23.116 INFO [localhost-startStop-1] org.hibernate.tool.hbm2ddl.TableMetadata.<init> HHH000261: Table found: chronoluxweb.corporation
27-Feb-2025 23:03:23.116 INFO [localhost-startStop-1] org.hibernate.tool.hbm2ddl.TableMetadata.<init> HHH000037: Columns: [address, img_url, phone, modified_by, about, id, created_date, modified_date, created_by, email, policy]
27-Feb-2025 23:03:23.117 INFO [localhost-startStop-1] org.hibernate.tool.hbm2ddl.TableMetadata.<init> HHH000108: Foreign keys: []
27-Feb-2025 23:03:23.117 INFO [localhost-startStop-1] org.hibernate.tool.hbm2ddl.TableMetadata.<init> HHH000126: Indexes: [primary]
27-Feb-2025 23:03:23.141 INFO [localhost-startStop-1] org.hibernate.tool.hbm2ddl.TableMetadata.<init> HHH000261: Table found: chronoluxweb.notification
27-Feb-2025 23:03:23.142 INFO [localhost-startStop-1] org.hibernate.tool.hbm2ddl.TableMetadata.<init> HHH000037: Columns: [modified_by, id, created_date, modified_date, title, comment_id, created_by, status]
27-Feb-2025 23:03:23.142 INFO [localhost-startStop-1] org.hibernate.tool.hbm2ddl.TableMetadata.<init> HHH000108: Foreign keys: [fk_inxhsk5bf6gpm7b41orsar7fc]
27-Feb-2025 23:03:23.142 INFO [localhost-startStop-1] org.hibernate.tool.hbm2ddl.TableMetadata.<init> HHH000126: Indexes: [fk_inxhsk5bf6gpm7b41orsar7fc, primary]
27-Feb-2025 23:03:23.162 INFO [localhost-startStop-1] org.hibernate.tool.hbm2ddl.TableMetadata.<init> HHH000261: Table found: chronoluxweb.notification_user
27-Feb-2025 23:03:23.162 INFO [localhost-startStop-1] org.hibernate.tool.hbm2ddl.TableMetadata.<init> HHH000037: Columns: [user_id, notification_id]
27-Feb-2025 23:03:23.162 INFO [localhost-startStop-1] org.hibernate.tool.hbm2ddl.TableMetadata.<init> HHH000108: Foreign keys: [fk_7iq8wfwh6nrr9x0x8555uk4ux, fk_s31layrkoj2djejiewv2upr8v]
27-Feb-2025 23:03:23.162 INFO [localhost-startStop-1] org.hibernate.tool.hbm2ddl.TableMetadata.<init> HHH000126: Indexes: [fk_7iq8wfwh6nrr9x0x8555uk4ux, primary]
27-Feb-2025 23:03:23.178 INFO [localhost-startStop-1] org.hibernate.tool.hbm2ddl.TableMetadata.<init> HHH000261: Table found: chronoluxweb.product
27-Feb-2025 23:03:23.178 INFO [localhost-startStop-1] org.hibernate.tool.hbm2ddl.TableMetadata.<init> HHH000037: Columns: [gender, thickness, watch_type, active, description, face_size, modified_date, created_by, glass_material, img_url, price, product_line_id, modified_by, name, id, created_date, strap_material, water_resistant, instock]
27-Feb-2025 23:03:23.178 INFO [localhost-startStop-1] org.hibernate.tool.hbm2ddl.TableMetadata.<init> HHH000108: Foreign keys: [fk_r2322tdtoib5u3jdxpcvrmb59]
27-Feb-2025 23:03:23.178 INFO [localhost-startStop-1] org.hibernate.tool.hbm2ddl.TableMetadata.<init> HHH000126: Indexes: [fk_r2322tdtoib5u3jdxpcvrmb59, primary]
27-Feb-2025 23:03:23.203 INFO [localhost-startStop-1] org.hibernate.tool.hbm2ddl.TableMetadata.<init> HHH000261: Table found: chronoluxweb.product_bill_snapshot
27-Feb-2025 23:03:23.203 INFO [localhost-startStop-1] org.hibernate.tool.hbm2ddl.TableMetadata.<init> HHH000037: Columns: [bill_id, imgurl, quantity, price, modified_by, productname, id, created_date, modified_date, created_by]
27-Feb-2025 23:03:23.204 INFO [localhost-startStop-1] org.hibernate.tool.hbm2ddl.TableMetadata.<init> HHH000108: Foreign keys: [fk_k3odv227tmhs8b4pa028vrwg2]
27-Feb-2025 23:03:23.204 INFO [localhost-startStop-1] org.hibernate.tool.hbm2ddl.TableMetadata.<init> HHH000126: Indexes: [fk_k3odv227tmhs8b4pa028vrwg2, primary]
27-Feb-2025 23:03:23.227 INFO [localhost-startStop-1] org.hibernate.tool.hbm2ddl.TableMetadata.<init> HHH000261: Table found: chronoluxweb.product_line
27-Feb-2025 23:03:23.227 INFO [localhost-startStop-1] org.hibernate.tool.hbm2ddl.TableMetadata.<init> HHH000037: Columns: [warranty_id, icon_url, modified_by, name, active, banner_url, id, created_date, modified_date, created_by, brand_id]
27-Feb-2025 23:03:23.227 INFO [localhost-startStop-1] org.hibernate.tool.hbm2ddl.TableMetadata.<init> HHH000108: Foreign keys: [fk_9pruqelwj7dp7lts8ulqyyc6a, fk_7y3l8d1q27c4ji42wmi538fuy]
27-Feb-2025 23:03:23.227 INFO [localhost-startStop-1] org.hibernate.tool.hbm2ddl.TableMetadata.<init> HHH000126: Indexes: [fk_9pruqelwj7dp7lts8ulqyyc6a, fk_7y3l8d1q27c4ji42wmi538fuy, primary]
27-Feb-2025 23:03:23.251 INFO [localhost-startStop-1] org.hibernate.tool.hbm2ddl.TableMetadata.<init> HHH000261: Table found: chronoluxweb.role
27-Feb-2025 23:03:23.251 INFO [localhost-startStop-1] org.hibernate.tool.hbm2ddl.TableMetadata.<init> HHH000037: Columns: [code, modified_by, name, id, created_date, modified_date, created_by]
27-Feb-2025 23:03:23.252 INFO [localhost-startStop-1] org.hibernate.tool.hbm2ddl.TableMetadata.<init> HHH000108: Foreign keys: []
27-Feb-2025 23:03:23.252 INFO [localhost-startStop-1] org.hibernate.tool.hbm2ddl.TableMetadata.<init> HHH000126: Indexes: [primary]
27-Feb-2025 23:03:23.275 INFO [localhost-startStop-1] org.hibernate.tool.hbm2ddl.TableMetadata.<init> HHH000261: Table found: chronoluxweb.role_detail
27-Feb-2025 23:03:23.275 INFO [localhost-startStop-1] org.hibernate.tool.hbm2ddl.TableMetadata.<init> HHH000037: Columns: [user_id, role_id]
27-Feb-2025 23:03:23.275 INFO [localhost-startStop-1] org.hibernate.tool.hbm2ddl.TableMetadata.<init> HHH000108: Foreign keys: [fk_ow0q9sejbk6oqkop7d9crqbu1, fk_c947jy7nux8c23q2mg1op1ucf]
27-Feb-2025 23:03:23.275 INFO [localhost-startStop-1] org.hibernate.tool.hbm2ddl.TableMetadata.<init> HHH000126: Indexes: [fk_ow0q9sejbk6oqkop7d9crqbu1, fk_c947jy7nux8c23q2mg1op1ucf, primary]
27-Feb-2025 23:03:23.294 INFO [localhost-startStop-1] org.hibernate.tool.hbm2ddl.TableMetadata.<init> HHH000261: Table found: chronoluxweb.user
27-Feb-2025 23:03:23.294 INFO [localhost-startStop-1] org.hibernate.tool.hbm2ddl.TableMetadata.<init> HHH000037: Columns: [modified_date, created_by, reset_password_token, password, img_url, modified_by, voucher_id, id, created_date, fullname, email, status, username]
27-Feb-2025 23:03:23.294 INFO [localhost-startStop-1] org.hibernate.tool.hbm2ddl.TableMetadata.<init> HHH000108: Foreign keys: [fk_ds7rq2hnw61wsi429c3p6xhy6]
27-Feb-2025 23:03:23.295 INFO [localhost-startStop-1] org.hibernate.tool.hbm2ddl.TableMetadata.<init> HHH000126: Indexes: [fk_ds7rq2hnw61wsi429c3p6xhy6, primary]
27-Feb-2025 23:03:23.315 INFO [localhost-startStop-1] org.hibernate.tool.hbm2ddl.TableMetadata.<init> HHH000261: Table found: chronoluxweb.voucher
27-Feb-2025 23:03:23.316 INFO [localhost-startStop-1] org.hibernate.tool.hbm2ddl.TableMetadata.<init> HHH000037: Columns: [end_day, code, begin_day, modified_by, discount, id, created_date, modified_date, type, created_by]
27-Feb-2025 23:03:23.316 INFO [localhost-startStop-1] org.hibernate.tool.hbm2ddl.TableMetadata.<init> HHH000108: Foreign keys: []
27-Feb-2025 23:03:23.316 INFO [localhost-startStop-1] org.hibernate.tool.hbm2ddl.TableMetadata.<init> HHH000126: Indexes: [primary]
27-Feb-2025 23:03:23.337 INFO [localhost-startStop-1] org.hibernate.tool.hbm2ddl.TableMetadata.<init> HHH000261: Table found: chronoluxweb.warranty
27-Feb-2025 23:03:23.338 INFO [localhost-startStop-1] org.hibernate.tool.hbm2ddl.TableMetadata.<init> HHH000037: Columns: [modified_by, id, created_date, modified_date, created_by, content]
27-Feb-2025 23:03:23.338 INFO [localhost-startStop-1] org.hibernate.tool.hbm2ddl.TableMetadata.<init> HHH000108: Foreign keys: []
27-Feb-2025 23:03:23.338 INFO [localhost-startStop-1] org.hibernate.tool.hbm2ddl.TableMetadata.<init> HHH000126: Indexes: [primary]
27-Feb-2025 23:03:23.343 INFO [localhost-startStop-1] org.hibernate.tool.hbm2ddl.DatabaseMetadata.getTableMetadata HHH000262: Table not found: comment_likes 
27-Feb-2025 23:03:23.349 INFO [localhost-startStop-1] org.hibernate.tool.hbm2ddl.DatabaseMetadata.getTableMetadata HHH000262: Table not found: comment_likes 
27-Feb-2025 23:03:23.418 ERROR [localhost-startStop-1] org.hibernate.tool.hbm2ddl.SchemaUpdate.execute HHH000388: Unsuccessful: alter table banner add column  modified_date datetime
27-Feb-2025 23:03:23.418 ERROR [localhost-startStop-1] org.hibernate.tool.hbm2ddl.SchemaUpdate.execute Duplicate column name 'modified_date'
27-Feb-2025 23:03:23.427 ERROR [localhost-startStop-1] org.hibernate.tool.hbm2ddl.SchemaUpdate.execute HHH000388: Unsuccessful: alter table bill add column  modified_date datetime
27-Feb-2025 23:03:23.427 ERROR [localhost-startStop-1] org.hibernate.tool.hbm2ddl.SchemaUpdate.execute Duplicate column name 'modified_date'
27-Feb-2025 23:03:23.438 ERROR [localhost-startStop-1] org.hibernate.tool.hbm2ddl.SchemaUpdate.execute HHH000388: Unsuccessful: alter table brand add column  modified_date datetime
27-Feb-2025 23:03:23.438 ERROR [localhost-startStop-1] org.hibernate.tool.hbm2ddl.SchemaUpdate.execute Duplicate column name 'modified_date'
27-Feb-2025 23:03:23.441 ERROR [localhost-startStop-1] org.hibernate.tool.hbm2ddl.SchemaUpdate.execute HHH000388: Unsuccessful: alter table cart_items add column  modified_date datetime
27-Feb-2025 23:03:23.441 ERROR [localhost-startStop-1] org.hibernate.tool.hbm2ddl.SchemaUpdate.execute Duplicate column name 'modified_date'
27-Feb-2025 23:03:23.444 ERROR [localhost-startStop-1] org.hibernate.tool.hbm2ddl.SchemaUpdate.execute HHH000388: Unsuccessful: alter table comment add column  modified_date datetime
27-Feb-2025 23:03:23.444 ERROR [localhost-startStop-1] org.hibernate.tool.hbm2ddl.SchemaUpdate.execute Duplicate column name 'modified_date'
27-Feb-2025 23:03:23.445 ERROR [localhost-startStop-1] org.hibernate.tool.hbm2ddl.SchemaUpdate.execute HHH000388: Unsuccessful: create table comment_likes  (user_id bigint not null, comment_id bigint not null)
27-Feb-2025 23:03:23.445 ERROR [localhost-startStop-1] org.hibernate.tool.hbm2ddl.SchemaUpdate.execute Table 'comment_likes' already exists
27-Feb-2025 23:03:23.449 ERROR [localhost-startStop-1] org.hibernate.tool.hbm2ddl.SchemaUpdate.execute HHH000388: Unsuccessful: alter table corporation add column  modified_date datetime
27-Feb-2025 23:03:23.449 ERROR [localhost-startStop-1] org.hibernate.tool.hbm2ddl.SchemaUpdate.execute Duplicate column name 'modified_date'
27-Feb-2025 23:03:23.452 ERROR [localhost-startStop-1] org.hibernate.tool.hbm2ddl.SchemaUpdate.execute HHH000388: Unsuccessful: alter table notification add column  modified_date datetime
27-Feb-2025 23:03:23.453 ERROR [localhost-startStop-1] org.hibernate.tool.hbm2ddl.SchemaUpdate.execute Duplicate column name 'modified_date'
27-Feb-2025 23:03:23.456 ERROR [localhost-startStop-1] org.hibernate.tool.hbm2ddl.SchemaUpdate.execute HHH000388: Unsuccessful: alter table product add column  modified_date datetime
27-Feb-2025 23:03:23.456 ERROR [localhost-startStop-1] org.hibernate.tool.hbm2ddl.SchemaUpdate.execute Duplicate column name 'modified_date'
27-Feb-2025 23:03:23.459 ERROR [localhost-startStop-1] org.hibernate.tool.hbm2ddl.SchemaUpdate.execute HHH000388: Unsuccessful: alter table product_bill_snapshot add column  modified_date datetime
27-Feb-2025 23:03:23.460 ERROR [localhost-startStop-1] org.hibernate.tool.hbm2ddl.SchemaUpdate.execute Duplicate column name 'modified_date'
27-Feb-2025 23:03:23.463 ERROR [localhost-startStop-1] org.hibernate.tool.hbm2ddl.SchemaUpdate.execute HHH000388: Unsuccessful: alter table product_line add column  modified_date datetime
27-Feb-2025 23:03:23.463 ERROR [localhost-startStop-1] org.hibernate.tool.hbm2ddl.SchemaUpdate.execute Duplicate column name 'modified_date'
27-Feb-2025 23:03:23.467 ERROR [localhost-startStop-1] org.hibernate.tool.hbm2ddl.SchemaUpdate.execute HHH000388: Unsuccessful: alter table role add column  modified_date datetime
27-Feb-2025 23:03:23.468 ERROR [localhost-startStop-1] org.hibernate.tool.hbm2ddl.SchemaUpdate.execute Duplicate column name 'modified_date'
27-Feb-2025 23:03:23.476 ERROR [localhost-startStop-1] org.hibernate.tool.hbm2ddl.SchemaUpdate.execute HHH000388: Unsuccessful: alter table user add column  modified_date datetime
27-Feb-2025 23:03:23.477 ERROR [localhost-startStop-1] org.hibernate.tool.hbm2ddl.SchemaUpdate.execute Duplicate column name 'modified_date'
27-Feb-2025 23:03:23.481 ERROR [localhost-startStop-1] org.hibernate.tool.hbm2ddl.SchemaUpdate.execute HHH000388: Unsuccessful: alter table voucher add column  modified_date datetime
27-Feb-2025 23:03:23.481 ERROR [localhost-startStop-1] org.hibernate.tool.hbm2ddl.SchemaUpdate.execute Duplicate column name 'modified_date'
27-Feb-2025 23:03:23.485 ERROR [localhost-startStop-1] org.hibernate.tool.hbm2ddl.SchemaUpdate.execute HHH000388: Unsuccessful: alter table warranty add column  modified_date datetime
27-Feb-2025 23:03:23.485 ERROR [localhost-startStop-1] org.hibernate.tool.hbm2ddl.SchemaUpdate.execute Duplicate column name 'modified_date'
27-Feb-2025 23:03:23.487 ERROR [localhost-startStop-1] org.hibernate.tool.hbm2ddl.SchemaUpdate.execute HHH000388: Unsuccessful: alter table comment_likes  add constraint FK_otdfwsv11rsp31db2vtsleorj foreign key (comment_id) references comment (id)
27-Feb-2025 23:03:23.487 ERROR [localhost-startStop-1] org.hibernate.tool.hbm2ddl.SchemaUpdate.execute Duplicate foreign key constraint name 'FK_otdfwsv11rsp31db2vtsleorj'
27-Feb-2025 23:03:23.489 ERROR [localhost-startStop-1] org.hibernate.tool.hbm2ddl.SchemaUpdate.execute HHH000388: Unsuccessful: alter table comment_likes  add constraint FK_388y4xoc6shuc5ejnr40kdeoc foreign key (user_id) references user (id)
27-Feb-2025 23:03:23.489 ERROR [localhost-startStop-1] org.hibernate.tool.hbm2ddl.SchemaUpdate.execute Duplicate foreign key constraint name 'FK_388y4xoc6shuc5ejnr40kdeoc'
27-Feb-2025 23:03:23.489 INFO [localhost-startStop-1] org.hibernate.tool.hbm2ddl.SchemaUpdate.execute HHH000232: Schema update complete
27-Feb-2025 23:03:29.954 INFO [localhost-startStop-1] org.apache.catalina.startup.HostConfig.deployDescriptor Deployment of deployment descriptor [I:\JAVA SPRING\Learn Spring\ChronoLuxWebsite\src\main\webapp\conf\Catalina\localhost\ChronoLuxWeb.xml] has finished in [27,868] ms
27-Feb-2025 23:03:29.957 INFO [main] org.apache.coyote.AbstractProtocol.start Starting ProtocolHandler ["http-nio-8080"]
27-Feb-2025 23:03:29.979 INFO [main] org.apache.catalina.startup.Catalina.start Server startup in 28175 ms
