26-Feb-2025 00:16:13.376 INFO [Thread-1] org.apache.coyote.AbstractProtocol.pause Pausing ProtocolHandler ["http-nio-8080"]
26-Feb-2025 00:16:13.380 INFO [Thread-1] org.apache.catalina.core.StandardService.stopInternal Stopping service [Catalina]
26-Feb-2025 00:16:13.415 WARNING [localhost-startStop-2] org.apache.catalina.loader.WebappClassLoaderBase.clearReferencesJdbc The web application [ChronoLuxWeb] registered the JDBC driver [com.mysql.cj.jdbc.Driver] but failed to unregister it when the web application was stopped. To prevent a memory leak, the JDBC Driver has been forcibly unregistered.
26-Feb-2025 00:16:13.417 WARNING [localhost-startStop-2] org.apache.catalina.loader.WebappClassLoaderBase.clearReferencesThreads The web application [ChronoLuxWeb] appears to have started a thread named [mysql-cj-abandoned-connection-cleanup] but has failed to stop it. This is very likely to create a memory leak. Stack trace of thread:
 java.base/jdk.internal.misc.Unsafe.park(Native Method)
 java.base/java.util.concurrent.locks.LockSupport.parkNanos(LockSupport.java:269)
 java.base/java.util.concurrent.locks.AbstractQueuedSynchronizer$ConditionObject.await(AbstractQueuedSynchronizer.java:1852)
 java.base/java.lang.ref.ReferenceQueue.await(ReferenceQueue.java:71)
 java.base/java.lang.ref.ReferenceQueue.remove0(ReferenceQueue.java:143)
 java.base/java.lang.ref.ReferenceQueue.remove(ReferenceQueue.java:218)
 com.mysql.cj.jdbc.AbandonedConnectionCleanupThread.run(AbandonedConnectionCleanupThread.java:91)
 java.base/java.util.concurrent.ThreadPoolExecutor.runWorker(ThreadPoolExecutor.java:1144)
 java.base/java.util.concurrent.ThreadPoolExecutor$Worker.run(ThreadPoolExecutor.java:642)
 java.base/java.lang.Thread.run(Thread.java:1583)
26-Feb-2025 00:16:13.434 INFO [Thread-1] org.apache.coyote.AbstractProtocol.stop Stopping ProtocolHandler ["http-nio-8080"]
26-Feb-2025 00:16:13.451 INFO [Thread-1] org.apache.coyote.AbstractProtocol.destroy Destroying ProtocolHandler ["http-nio-8080"]
26-Feb-2025 11:07:27.763 INFO [main] org.apache.catalina.startup.VersionLoggerListener.log Server version name:   Apache Tomcat/8.5.92
26-Feb-2025 11:07:27.768 INFO [main] org.apache.catalina.startup.VersionLoggerListener.log Server built:          Aug 9 2023 11:22:56 UTC
26-Feb-2025 11:07:27.769 INFO [main] org.apache.catalina.startup.VersionLoggerListener.log Server version number: 8.5.92.0
26-Feb-2025 11:07:27.769 INFO [main] org.apache.catalina.startup.VersionLoggerListener.log OS Name:               Windows 10
26-Feb-2025 11:07:27.769 INFO [main] org.apache.catalina.startup.VersionLoggerListener.log OS Version:            10.0
26-Feb-2025 11:07:27.769 INFO [main] org.apache.catalina.startup.VersionLoggerListener.log Architecture:          amd64
26-Feb-2025 11:07:27.769 INFO [main] org.apache.catalina.startup.VersionLoggerListener.log Java Home:             E:\SETUP_PROJECT\JAVA\JDK\jdk-21.0.5+11
26-Feb-2025 11:07:27.770 INFO [main] org.apache.catalina.startup.VersionLoggerListener.log JVM Version:           21.0.5+11-LTS
26-Feb-2025 11:07:27.770 INFO [main] org.apache.catalina.startup.VersionLoggerListener.log JVM Vendor:            Eclipse Adoptium
26-Feb-2025 11:07:27.770 INFO [main] org.apache.catalina.startup.VersionLoggerListener.log CATALINA_BASE:         I:\JAVA SPRING\Learn Spring\ChronoLuxWebsite\src\main\webapp
26-Feb-2025 11:07:27.771 INFO [main] org.apache.catalina.startup.VersionLoggerListener.log CATALINA_HOME:         G:\apache-tomcat-8.5.92
26-Feb-2025 11:07:27.775 INFO [main] org.apache.catalina.startup.VersionLoggerListener.log Command line argument: --add-opens=java.base/java.lang=ALL-UNNAMED
26-Feb-2025 11:07:27.777 INFO [main] org.apache.catalina.startup.VersionLoggerListener.log Command line argument: --add-opens=java.base/java.io=ALL-UNNAMED
26-Feb-2025 11:07:27.777 INFO [main] org.apache.catalina.startup.VersionLoggerListener.log Command line argument: --add-opens=java.base/java.util=ALL-UNNAMED
26-Feb-2025 11:07:27.778 INFO [main] org.apache.catalina.startup.VersionLoggerListener.log Command line argument: --add-opens=java.base/java.util.concurrent=ALL-UNNAMED
26-Feb-2025 11:07:27.778 INFO [main] org.apache.catalina.startup.VersionLoggerListener.log Command line argument: --add-opens=java.rmi/sun.rmi.transport=ALL-UNNAMED
26-Feb-2025 11:07:27.778 INFO [main] org.apache.catalina.startup.VersionLoggerListener.log Command line argument: -Dcatalina.home=G:\apache-tomcat-8.5.92
26-Feb-2025 11:07:27.778 INFO [main] org.apache.catalina.startup.VersionLoggerListener.log Command line argument: -Dcatalina.base=I:\JAVA SPRING\Learn Spring\ChronoLuxWebsite\src\main\webapp
26-Feb-2025 11:07:27.778 INFO [main] org.apache.catalina.startup.VersionLoggerListener.log Command line argument: -Djava.io.tmpdir=I:\JAVA SPRING\Learn Spring\ChronoLuxWebsite\src\main\webapp\temp
26-Feb-2025 11:07:27.779 INFO [main] org.apache.catalina.startup.VersionLoggerListener.log Command line argument: -Djava.util.logging.config.file=I:\JAVA SPRING\Learn Spring\ChronoLuxWebsite\src\main\webapp\conf\logging.properties
26-Feb-2025 11:07:27.779 INFO [main] org.apache.catalina.startup.VersionLoggerListener.log Command line argument: -Djava.util.logging.manager=org.apache.juli.ClassLoaderLogManager
26-Feb-2025 11:07:27.779 INFO [main] org.apache.catalina.startup.VersionLoggerListener.log Command line argument: -javaagent:C:\Program Files\JetBrains\IntelliJ IDEA 2024.3\lib\idea_rt.jar=54749:C:\Program Files\JetBrains\IntelliJ IDEA 2024.3\bin
26-Feb-2025 11:07:27.779 INFO [main] org.apache.catalina.startup.VersionLoggerListener.log Command line argument: -Dfile.encoding=UTF-8
26-Feb-2025 11:07:27.779 INFO [main] org.apache.catalina.startup.VersionLoggerListener.log Command line argument: -Dsun.stdout.encoding=UTF-8
26-Feb-2025 11:07:27.779 INFO [main] org.apache.catalina.startup.VersionLoggerListener.log Command line argument: -Dsun.stderr.encoding=UTF-8
26-Feb-2025 11:07:27.780 INFO [main] org.apache.catalina.core.AprLifecycleListener.lifecycleEvent The Apache Tomcat Native library which allows using OpenSSL was not found on the java.library.path: [E:\SETUP_PROJECT\JAVA\JDK\jdk-21.0.5+11\bin;C:\Windows\Sun\Java\bin;C:\Windows\system32;C:\Windows;C:\Program Files (x86)\Common Files\Oracle\Java\javapath;E:\SETUP_PROJECT\PYTHON\Python_3.10.11\Scripts\;E:\SETUP_PROJECT\PYTHON\Python_3.10.11\;C:\Program Files\Microsoft MPI\Bin\;E:\SETUP_PROJECT\PYTHON\Python_3.13.0\Scripts\;E:\SETUP_PROJECT\PYTHON\Python_3.13.0\;C:\Windows\system32;C:\Windows;C:\Windows\System32\Wbem;C:\Windows\System32\WindowsPowerShell\v1.0\;C:\Windows\System32\OpenSSH\;C:\Program Files\Git\cmd;C:\Program Files\dotnet\;C:\Program Files (x86)\Windows Kits\10\Windows Performance Toolkit\;E:\SETUP_PROJECT\JAVA\JDK\jdk-21.0.5+11\bin;C:\Program Files (x86)\Microsoft SQL Server\160\Tools\Binn\;C:\Program Files\Microsoft SQL Server\160\Tools\Binn\;C:\Program Files\Microsoft SQL Server\Client SDK\ODBC\170\Tools\Binn\;C:\Program Files\Microsoft SQL Server\160\DTS\Binn\;C:\Program Files (x86)\Microsoft SQL Server\160\DTS\Binn\;C:\Program Files\Docker\Docker\resources\bin;C:\Program Files\nodejs\;C:\Users\Admin\AppData\Local\Microsoft\WindowsApps;C:\Users\Admin\AppData\Local\Programs\Microsoft VS Code\bin;C:\Users\Admin\.dotnet\tools;C:\Users\Admin\AppData\Roaming\npm;.]
26-Feb-2025 11:07:27.901 INFO [main] org.apache.coyote.AbstractProtocol.init Initializing ProtocolHandler ["http-nio-8080"]
26-Feb-2025 11:07:27.945 INFO [main] org.apache.catalina.startup.Catalina.load Initialization processed in 1295 ms
26-Feb-2025 11:07:28.063 INFO [main] org.apache.catalina.core.StandardService.startInternal Starting service [Catalina]
26-Feb-2025 11:07:28.063 INFO [main] org.apache.catalina.core.StandardEngine.startInternal Starting Servlet engine: [Apache Tomcat/8.5.92]
26-Feb-2025 11:07:28.288 INFO [localhost-startStop-1] org.apache.catalina.startup.HostConfig.deployDescriptor Deploying deployment descriptor [I:\JAVA SPRING\Learn Spring\ChronoLuxWebsite\src\main\webapp\conf\Catalina\localhost\ChronoLuxWeb.xml]
26-Feb-2025 11:07:34.786 INFO [localhost-startStop-1] org.apache.jasper.servlet.TldScanner.scanJars At least one JAR was scanned for TLDs yet contained no TLDs. Enable debug logging for this logger for a complete list of JARs that were scanned but no TLDs were found in them. Skipping unneeded JARs during scanning can improve startup time and JSP compilation time.
26-Feb-2025 11:07:39.937 INFO [localhost-startStop-1] org.hibernate.jpa.internal.util.LogHelper.logPersistenceUnitInformation HHH000204: Processing PersistenceUnitInfo [
	name: persistence-data
	...]
26-Feb-2025 11:07:40.480 INFO [localhost-startStop-1] org.hibernate.Version.logVersion HHH000412: Hibernate Core {4.3.6.Final}
26-Feb-2025 11:07:40.487 INFO [localhost-startStop-1] org.hibernate.cfg.Environment.<clinit> HHH000206: hibernate.properties not found
26-Feb-2025 11:07:40.492 INFO [localhost-startStop-1] org.hibernate.cfg.Environment.buildBytecodeProvider HHH000021: Bytecode provider name : javassist
26-Feb-2025 11:07:41.180 INFO [localhost-startStop-1] org.hibernate.annotations.common.reflection.java.JavaReflectionManager.<clinit> HCANN000001: Hibernate Commons Annotations {4.0.5.Final}
26-Feb-2025 11:07:42.310 INFO [localhost-startStop-1] org.hibernate.dialect.Dialect.<init> HHH000400: Using dialect: org.hibernate.dialect.MySQL5Dialect
26-Feb-2025 11:07:42.761 INFO [localhost-startStop-1] org.hibernate.hql.internal.ast.ASTQueryTranslatorFactory.<init> HHH000397: Using ASTQueryTranslatorFactory
26-Feb-2025 11:07:43.495 INFO [localhost-startStop-1] org.hibernate.tool.hbm2ddl.SchemaUpdate.execute HHH000228: Running hbm2ddl schema update
26-Feb-2025 11:07:43.496 INFO [localhost-startStop-1] org.hibernate.tool.hbm2ddl.SchemaUpdate.execute HHH000102: Fetching database metadata
26-Feb-2025 11:07:43.530 INFO [localhost-startStop-1] org.hibernate.tool.hbm2ddl.SchemaUpdate.execute HHH000396: Updating schema
26-Feb-2025 11:07:43.604 INFO [localhost-startStop-1] org.hibernate.tool.hbm2ddl.TableMetadata.<init> HHH000261: Table found: chronoluxweb.banner
26-Feb-2025 11:07:43.605 INFO [localhost-startStop-1] org.hibernate.tool.hbm2ddl.TableMetadata.<init> HHH000037: Columns: [img, modified_by, caption, id, created_date, modified_date, created_by, content]
26-Feb-2025 11:07:43.605 INFO [localhost-startStop-1] org.hibernate.tool.hbm2ddl.TableMetadata.<init> HHH000108: Foreign keys: []
26-Feb-2025 11:07:43.605 INFO [localhost-startStop-1] org.hibernate.tool.hbm2ddl.TableMetadata.<init> HHH000126: Indexes: [primary]
26-Feb-2025 11:07:43.637 INFO [localhost-startStop-1] org.hibernate.tool.hbm2ddl.TableMetadata.<init> HHH000261: Table found: chronoluxweb.bill
26-Feb-2025 11:07:43.638 INFO [localhost-startStop-1] org.hibernate.tool.hbm2ddl.TableMetadata.<init> HHH000037: Columns: [note, address, quantity, gender, date_invoice, receiver_gender, modified_date, display_name, created_by, total, phone, user_id, deliverystatus, subtotal, modified_by, voucher_id, receiver_name, id, created_date, receiver_phone, email, payment_method, status]
26-Feb-2025 11:07:43.638 INFO [localhost-startStop-1] org.hibernate.tool.hbm2ddl.TableMetadata.<init> HHH000108: Foreign keys: [fk_3ac38309d899hoderihd5mh9j, fk_5my60d5u3n18y09mgqp2t6t0b]
26-Feb-2025 11:07:43.638 INFO [localhost-startStop-1] org.hibernate.tool.hbm2ddl.TableMetadata.<init> HHH000126: Indexes: [fk_3ac38309d899hoderihd5mh9j, fk_5my60d5u3n18y09mgqp2t6t0b, primary]
26-Feb-2025 11:07:43.662 INFO [localhost-startStop-1] org.hibernate.tool.hbm2ddl.TableMetadata.<init> HHH000261: Table found: chronoluxweb.bill_detail
26-Feb-2025 11:07:43.662 INFO [localhost-startStop-1] org.hibernate.tool.hbm2ddl.TableMetadata.<init> HHH000037: Columns: [bill_id, product_id]
26-Feb-2025 11:07:43.662 INFO [localhost-startStop-1] org.hibernate.tool.hbm2ddl.TableMetadata.<init> HHH000108: Foreign keys: [fk_18yn4vr4gusinr921wec1ui0w, fk_293sewgbft9miq390yfh693jm]
26-Feb-2025 11:07:43.663 INFO [localhost-startStop-1] org.hibernate.tool.hbm2ddl.TableMetadata.<init> HHH000126: Indexes: [fk_18yn4vr4gusinr921wec1ui0w, fk_293sewgbft9miq390yfh693jm]
26-Feb-2025 11:07:43.682 INFO [localhost-startStop-1] org.hibernate.tool.hbm2ddl.TableMetadata.<init> HHH000261: Table found: chronoluxweb.brand
26-Feb-2025 11:07:43.682 INFO [localhost-startStop-1] org.hibernate.tool.hbm2ddl.TableMetadata.<init> HHH000037: Columns: [icon_url, country, modified_by, name, active, banner_url, id, created_date, modified_date, created_by]
26-Feb-2025 11:07:43.682 INFO [localhost-startStop-1] org.hibernate.tool.hbm2ddl.TableMetadata.<init> HHH000108: Foreign keys: []
26-Feb-2025 11:07:43.683 INFO [localhost-startStop-1] org.hibernate.tool.hbm2ddl.TableMetadata.<init> HHH000126: Indexes: [primary]
26-Feb-2025 11:07:43.701 INFO [localhost-startStop-1] org.hibernate.tool.hbm2ddl.TableMetadata.<init> HHH000261: Table found: chronoluxweb.cart_items
26-Feb-2025 11:07:43.701 INFO [localhost-startStop-1] org.hibernate.tool.hbm2ddl.TableMetadata.<init> HHH000037: Columns: [bill_id, quantity, user_id, product_id, modified_by, id, created_date, modified_date, created_by]
26-Feb-2025 11:07:43.701 INFO [localhost-startStop-1] org.hibernate.tool.hbm2ddl.TableMetadata.<init> HHH000108: Foreign keys: [fk_b5lfwcb4iitfnl3om0kg2fvsm, fk_rjiexeah9pxvqqsl3ottu7l3i, fk_stjbkkh1eftd036p0v219glxw]
26-Feb-2025 11:07:43.702 INFO [localhost-startStop-1] org.hibernate.tool.hbm2ddl.TableMetadata.<init> HHH000126: Indexes: [fk_b5lfwcb4iitfnl3om0kg2fvsm, fk_rjiexeah9pxvqqsl3ottu7l3i, fk_stjbkkh1eftd036p0v219glxw, primary]
26-Feb-2025 11:07:43.736 INFO [localhost-startStop-1] org.hibernate.tool.hbm2ddl.TableMetadata.<init> HHH000261: Table found: chronoluxweb.comment
26-Feb-2025 11:07:43.736 INFO [localhost-startStop-1] org.hibernate.tool.hbm2ddl.TableMetadata.<init> HHH000037: Columns: [user_id, review, product_id, modified_by, name, rating, id, created_date, modified_date, created_by, img_review_url, likecount]
26-Feb-2025 11:07:43.737 INFO [localhost-startStop-1] org.hibernate.tool.hbm2ddl.TableMetadata.<init> HHH000108: Foreign keys: [fk_mxoojfj9tmy8088avf57mpm02, fk_qadidjn2h0dqbc1nseh5bo4ff]
26-Feb-2025 11:07:43.737 INFO [localhost-startStop-1] org.hibernate.tool.hbm2ddl.TableMetadata.<init> HHH000126: Indexes: [fk_mxoojfj9tmy8088avf57mpm02, fk_qadidjn2h0dqbc1nseh5bo4ff, primary]
26-Feb-2025 11:07:43.743 INFO [localhost-startStop-1] org.hibernate.tool.hbm2ddl.DatabaseMetadata.getTableMetadata HHH000262: Table not found: comment_likes 
26-Feb-2025 11:07:43.773 INFO [localhost-startStop-1] org.hibernate.tool.hbm2ddl.TableMetadata.<init> HHH000261: Table found: chronoluxweb.corporation
26-Feb-2025 11:07:43.773 INFO [localhost-startStop-1] org.hibernate.tool.hbm2ddl.TableMetadata.<init> HHH000037: Columns: [address, img_url, phone, modified_by, about, id, created_date, modified_date, created_by, email, policy]
26-Feb-2025 11:07:43.774 INFO [localhost-startStop-1] org.hibernate.tool.hbm2ddl.TableMetadata.<init> HHH000108: Foreign keys: []
26-Feb-2025 11:07:43.774 INFO [localhost-startStop-1] org.hibernate.tool.hbm2ddl.TableMetadata.<init> HHH000126: Indexes: [primary]
26-Feb-2025 11:07:43.803 INFO [localhost-startStop-1] org.hibernate.tool.hbm2ddl.TableMetadata.<init> HHH000261: Table found: chronoluxweb.notification
26-Feb-2025 11:07:43.803 INFO [localhost-startStop-1] org.hibernate.tool.hbm2ddl.TableMetadata.<init> HHH000037: Columns: [modified_by, id, created_date, modified_date, title, comment_id, created_by, status]
26-Feb-2025 11:07:43.803 INFO [localhost-startStop-1] org.hibernate.tool.hbm2ddl.TableMetadata.<init> HHH000108: Foreign keys: [fk_inxhsk5bf6gpm7b41orsar7fc]
26-Feb-2025 11:07:43.803 INFO [localhost-startStop-1] org.hibernate.tool.hbm2ddl.TableMetadata.<init> HHH000126: Indexes: [fk_inxhsk5bf6gpm7b41orsar7fc, primary]
26-Feb-2025 11:07:43.826 INFO [localhost-startStop-1] org.hibernate.tool.hbm2ddl.TableMetadata.<init> HHH000261: Table found: chronoluxweb.notification_user
26-Feb-2025 11:07:43.826 INFO [localhost-startStop-1] org.hibernate.tool.hbm2ddl.TableMetadata.<init> HHH000037: Columns: [user_id, notification_id]
26-Feb-2025 11:07:43.826 INFO [localhost-startStop-1] org.hibernate.tool.hbm2ddl.TableMetadata.<init> HHH000108: Foreign keys: [fk_7iq8wfwh6nrr9x0x8555uk4ux, fk_s31layrkoj2djejiewv2upr8v]
26-Feb-2025 11:07:43.826 INFO [localhost-startStop-1] org.hibernate.tool.hbm2ddl.TableMetadata.<init> HHH000126: Indexes: [fk_7iq8wfwh6nrr9x0x8555uk4ux, primary]
26-Feb-2025 11:07:43.845 INFO [localhost-startStop-1] org.hibernate.tool.hbm2ddl.TableMetadata.<init> HHH000261: Table found: chronoluxweb.product
26-Feb-2025 11:07:43.845 INFO [localhost-startStop-1] org.hibernate.tool.hbm2ddl.TableMetadata.<init> HHH000037: Columns: [gender, thickness, watch_type, active, description, face_size, modified_date, created_by, glass_material, img_url, price, product_line_id, modified_by, name, id, created_date, strap_material, water_resistant, instock]
26-Feb-2025 11:07:43.845 INFO [localhost-startStop-1] org.hibernate.tool.hbm2ddl.TableMetadata.<init> HHH000108: Foreign keys: [fk_r2322tdtoib5u3jdxpcvrmb59]
26-Feb-2025 11:07:43.846 INFO [localhost-startStop-1] org.hibernate.tool.hbm2ddl.TableMetadata.<init> HHH000126: Indexes: [fk_r2322tdtoib5u3jdxpcvrmb59, primary]
26-Feb-2025 11:07:43.863 INFO [localhost-startStop-1] org.hibernate.tool.hbm2ddl.TableMetadata.<init> HHH000261: Table found: chronoluxweb.product_line
26-Feb-2025 11:07:43.863 INFO [localhost-startStop-1] org.hibernate.tool.hbm2ddl.TableMetadata.<init> HHH000037: Columns: [warranty_id, icon_url, modified_by, name, active, banner_url, id, created_date, modified_date, created_by, brand_id]
26-Feb-2025 11:07:43.863 INFO [localhost-startStop-1] org.hibernate.tool.hbm2ddl.TableMetadata.<init> HHH000108: Foreign keys: [fk_9pruqelwj7dp7lts8ulqyyc6a, fk_7y3l8d1q27c4ji42wmi538fuy]
26-Feb-2025 11:07:43.863 INFO [localhost-startStop-1] org.hibernate.tool.hbm2ddl.TableMetadata.<init> HHH000126: Indexes: [fk_9pruqelwj7dp7lts8ulqyyc6a, fk_7y3l8d1q27c4ji42wmi538fuy, primary]
26-Feb-2025 11:07:43.876 INFO [localhost-startStop-1] org.hibernate.tool.hbm2ddl.TableMetadata.<init> HHH000261: Table found: chronoluxweb.role
26-Feb-2025 11:07:43.876 INFO [localhost-startStop-1] org.hibernate.tool.hbm2ddl.TableMetadata.<init> HHH000037: Columns: [code, modified_by, name, id, created_date, modified_date, created_by]
26-Feb-2025 11:07:43.877 INFO [localhost-startStop-1] org.hibernate.tool.hbm2ddl.TableMetadata.<init> HHH000108: Foreign keys: []
26-Feb-2025 11:07:43.877 INFO [localhost-startStop-1] org.hibernate.tool.hbm2ddl.TableMetadata.<init> HHH000126: Indexes: [primary]
26-Feb-2025 11:07:43.891 INFO [localhost-startStop-1] org.hibernate.tool.hbm2ddl.TableMetadata.<init> HHH000261: Table found: chronoluxweb.role_detail
26-Feb-2025 11:07:43.891 INFO [localhost-startStop-1] org.hibernate.tool.hbm2ddl.TableMetadata.<init> HHH000037: Columns: [user_id, role_id]
26-Feb-2025 11:07:43.892 INFO [localhost-startStop-1] org.hibernate.tool.hbm2ddl.TableMetadata.<init> HHH000108: Foreign keys: [fk_ow0q9sejbk6oqkop7d9crqbu1, fk_c947jy7nux8c23q2mg1op1ucf]
26-Feb-2025 11:07:43.892 INFO [localhost-startStop-1] org.hibernate.tool.hbm2ddl.TableMetadata.<init> HHH000126: Indexes: [fk_ow0q9sejbk6oqkop7d9crqbu1, fk_c947jy7nux8c23q2mg1op1ucf, primary]
26-Feb-2025 11:07:43.913 INFO [localhost-startStop-1] org.hibernate.tool.hbm2ddl.TableMetadata.<init> HHH000261: Table found: chronoluxweb.user
26-Feb-2025 11:07:43.913 INFO [localhost-startStop-1] org.hibernate.tool.hbm2ddl.TableMetadata.<init> HHH000037: Columns: [modified_date, created_by, reset_password_token, password, img_url, modified_by, voucher_id, id, created_date, fullname, email, status, username]
26-Feb-2025 11:07:43.913 INFO [localhost-startStop-1] org.hibernate.tool.hbm2ddl.TableMetadata.<init> HHH000108: Foreign keys: [fk_ds7rq2hnw61wsi429c3p6xhy6]
26-Feb-2025 11:07:43.913 INFO [localhost-startStop-1] org.hibernate.tool.hbm2ddl.TableMetadata.<init> HHH000126: Indexes: [fk_ds7rq2hnw61wsi429c3p6xhy6, primary]
26-Feb-2025 11:07:43.932 INFO [localhost-startStop-1] org.hibernate.tool.hbm2ddl.TableMetadata.<init> HHH000261: Table found: chronoluxweb.voucher
26-Feb-2025 11:07:43.933 INFO [localhost-startStop-1] org.hibernate.tool.hbm2ddl.TableMetadata.<init> HHH000037: Columns: [end_day, code, begin_day, modified_by, discount, id, created_date, modified_date, type, created_by]
26-Feb-2025 11:07:43.933 INFO [localhost-startStop-1] org.hibernate.tool.hbm2ddl.TableMetadata.<init> HHH000108: Foreign keys: []
26-Feb-2025 11:07:43.933 INFO [localhost-startStop-1] org.hibernate.tool.hbm2ddl.TableMetadata.<init> HHH000126: Indexes: [primary]
26-Feb-2025 11:07:43.960 INFO [localhost-startStop-1] org.hibernate.tool.hbm2ddl.TableMetadata.<init> HHH000261: Table found: chronoluxweb.warranty
26-Feb-2025 11:07:43.960 INFO [localhost-startStop-1] org.hibernate.tool.hbm2ddl.TableMetadata.<init> HHH000037: Columns: [modified_by, id, created_date, modified_date, created_by, content]
26-Feb-2025 11:07:43.961 INFO [localhost-startStop-1] org.hibernate.tool.hbm2ddl.TableMetadata.<init> HHH000108: Foreign keys: []
26-Feb-2025 11:07:43.961 INFO [localhost-startStop-1] org.hibernate.tool.hbm2ddl.TableMetadata.<init> HHH000126: Indexes: [primary]
26-Feb-2025 11:07:43.965 INFO [localhost-startStop-1] org.hibernate.tool.hbm2ddl.DatabaseMetadata.getTableMetadata HHH000262: Table not found: comment_likes 
26-Feb-2025 11:07:43.970 INFO [localhost-startStop-1] org.hibernate.tool.hbm2ddl.DatabaseMetadata.getTableMetadata HHH000262: Table not found: comment_likes 
26-Feb-2025 11:07:44.035 ERROR [localhost-startStop-1] org.hibernate.tool.hbm2ddl.SchemaUpdate.execute HHH000388: Unsuccessful: alter table banner add column  modified_date datetime
26-Feb-2025 11:07:44.035 ERROR [localhost-startStop-1] org.hibernate.tool.hbm2ddl.SchemaUpdate.execute Duplicate column name 'modified_date'
26-Feb-2025 11:07:44.038 ERROR [localhost-startStop-1] org.hibernate.tool.hbm2ddl.SchemaUpdate.execute HHH000388: Unsuccessful: alter table bill add column  modified_date datetime
26-Feb-2025 11:07:44.038 ERROR [localhost-startStop-1] org.hibernate.tool.hbm2ddl.SchemaUpdate.execute Duplicate column name 'modified_date'
26-Feb-2025 11:07:44.041 ERROR [localhost-startStop-1] org.hibernate.tool.hbm2ddl.SchemaUpdate.execute HHH000388: Unsuccessful: alter table brand add column  modified_date datetime
26-Feb-2025 11:07:44.042 ERROR [localhost-startStop-1] org.hibernate.tool.hbm2ddl.SchemaUpdate.execute Duplicate column name 'modified_date'
26-Feb-2025 11:07:44.043 ERROR [localhost-startStop-1] org.hibernate.tool.hbm2ddl.SchemaUpdate.execute HHH000388: Unsuccessful: alter table cart_items add column  modified_date datetime
26-Feb-2025 11:07:44.044 ERROR [localhost-startStop-1] org.hibernate.tool.hbm2ddl.SchemaUpdate.execute Duplicate column name 'modified_date'
26-Feb-2025 11:07:44.046 ERROR [localhost-startStop-1] org.hibernate.tool.hbm2ddl.SchemaUpdate.execute HHH000388: Unsuccessful: alter table comment add column  modified_date datetime
26-Feb-2025 11:07:44.046 ERROR [localhost-startStop-1] org.hibernate.tool.hbm2ddl.SchemaUpdate.execute Duplicate column name 'modified_date'
26-Feb-2025 11:07:44.047 ERROR [localhost-startStop-1] org.hibernate.tool.hbm2ddl.SchemaUpdate.execute HHH000388: Unsuccessful: create table comment_likes  (user_id bigint not null, comment_id bigint not null)
26-Feb-2025 11:07:44.048 ERROR [localhost-startStop-1] org.hibernate.tool.hbm2ddl.SchemaUpdate.execute Table 'comment_likes' already exists
26-Feb-2025 11:07:44.050 ERROR [localhost-startStop-1] org.hibernate.tool.hbm2ddl.SchemaUpdate.execute HHH000388: Unsuccessful: alter table corporation add column  modified_date datetime
26-Feb-2025 11:07:44.050 ERROR [localhost-startStop-1] org.hibernate.tool.hbm2ddl.SchemaUpdate.execute Duplicate column name 'modified_date'
26-Feb-2025 11:07:44.052 ERROR [localhost-startStop-1] org.hibernate.tool.hbm2ddl.SchemaUpdate.execute HHH000388: Unsuccessful: alter table notification add column  modified_date datetime
26-Feb-2025 11:07:44.052 ERROR [localhost-startStop-1] org.hibernate.tool.hbm2ddl.SchemaUpdate.execute Duplicate column name 'modified_date'
26-Feb-2025 11:07:44.055 ERROR [localhost-startStop-1] org.hibernate.tool.hbm2ddl.SchemaUpdate.execute HHH000388: Unsuccessful: alter table product add column  modified_date datetime
26-Feb-2025 11:07:44.056 ERROR [localhost-startStop-1] org.hibernate.tool.hbm2ddl.SchemaUpdate.execute Duplicate column name 'modified_date'
26-Feb-2025 11:07:44.058 ERROR [localhost-startStop-1] org.hibernate.tool.hbm2ddl.SchemaUpdate.execute HHH000388: Unsuccessful: alter table product_line add column  modified_date datetime
26-Feb-2025 11:07:44.058 ERROR [localhost-startStop-1] org.hibernate.tool.hbm2ddl.SchemaUpdate.execute Duplicate column name 'modified_date'
26-Feb-2025 11:07:44.061 ERROR [localhost-startStop-1] org.hibernate.tool.hbm2ddl.SchemaUpdate.execute HHH000388: Unsuccessful: alter table role add column  modified_date datetime
26-Feb-2025 11:07:44.061 ERROR [localhost-startStop-1] org.hibernate.tool.hbm2ddl.SchemaUpdate.execute Duplicate column name 'modified_date'
26-Feb-2025 11:07:44.063 ERROR [localhost-startStop-1] org.hibernate.tool.hbm2ddl.SchemaUpdate.execute HHH000388: Unsuccessful: alter table user add column  modified_date datetime
26-Feb-2025 11:07:44.064 ERROR [localhost-startStop-1] org.hibernate.tool.hbm2ddl.SchemaUpdate.execute Duplicate column name 'modified_date'
26-Feb-2025 11:07:44.066 ERROR [localhost-startStop-1] org.hibernate.tool.hbm2ddl.SchemaUpdate.execute HHH000388: Unsuccessful: alter table voucher add column  modified_date datetime
26-Feb-2025 11:07:44.066 ERROR [localhost-startStop-1] org.hibernate.tool.hbm2ddl.SchemaUpdate.execute Duplicate column name 'modified_date'
26-Feb-2025 11:07:44.068 ERROR [localhost-startStop-1] org.hibernate.tool.hbm2ddl.SchemaUpdate.execute HHH000388: Unsuccessful: alter table warranty add column  modified_date datetime
26-Feb-2025 11:07:44.068 ERROR [localhost-startStop-1] org.hibernate.tool.hbm2ddl.SchemaUpdate.execute Duplicate column name 'modified_date'
26-Feb-2025 11:07:44.071 ERROR [localhost-startStop-1] org.hibernate.tool.hbm2ddl.SchemaUpdate.execute HHH000388: Unsuccessful: alter table comment_likes  add constraint FK_otdfwsv11rsp31db2vtsleorj foreign key (comment_id) references comment (id)
26-Feb-2025 11:07:44.071 ERROR [localhost-startStop-1] org.hibernate.tool.hbm2ddl.SchemaUpdate.execute Duplicate foreign key constraint name 'FK_otdfwsv11rsp31db2vtsleorj'
26-Feb-2025 11:07:44.073 ERROR [localhost-startStop-1] org.hibernate.tool.hbm2ddl.SchemaUpdate.execute HHH000388: Unsuccessful: alter table comment_likes  add constraint FK_388y4xoc6shuc5ejnr40kdeoc foreign key (user_id) references user (id)
26-Feb-2025 11:07:44.073 ERROR [localhost-startStop-1] org.hibernate.tool.hbm2ddl.SchemaUpdate.execute Duplicate foreign key constraint name 'FK_388y4xoc6shuc5ejnr40kdeoc'
26-Feb-2025 11:07:44.073 INFO [localhost-startStop-1] org.hibernate.tool.hbm2ddl.SchemaUpdate.execute HHH000232: Schema update complete
26-Feb-2025 11:07:50.127 INFO [localhost-startStop-1] org.apache.catalina.startup.HostConfig.deployDescriptor Deployment of deployment descriptor [I:\JAVA SPRING\Learn Spring\ChronoLuxWebsite\src\main\webapp\conf\Catalina\localhost\ChronoLuxWeb.xml] has finished in [21,836] ms
26-Feb-2025 11:07:50.130 INFO [main] org.apache.coyote.AbstractProtocol.start Starting ProtocolHandler ["http-nio-8080"]
26-Feb-2025 11:07:50.157 INFO [main] org.apache.catalina.startup.Catalina.start Server startup in 22209 ms
26-Feb-2025 11:42:56.779 INFO [Thread-1] org.apache.coyote.AbstractProtocol.pause Pausing ProtocolHandler ["http-nio-8080"]
26-Feb-2025 11:42:56.784 INFO [Thread-1] org.apache.catalina.core.StandardService.stopInternal Stopping service [Catalina]
26-Feb-2025 11:42:56.810 WARNING [localhost-startStop-2] org.apache.catalina.loader.WebappClassLoaderBase.clearReferencesJdbc The web application [ChronoLuxWeb] registered the JDBC driver [com.mysql.cj.jdbc.Driver] but failed to unregister it when the web application was stopped. To prevent a memory leak, the JDBC Driver has been forcibly unregistered.
26-Feb-2025 11:42:56.812 WARNING [localhost-startStop-2] org.apache.catalina.loader.WebappClassLoaderBase.clearReferencesThreads The web application [ChronoLuxWeb] appears to have started a thread named [mysql-cj-abandoned-connection-cleanup] but has failed to stop it. This is very likely to create a memory leak. Stack trace of thread:
 java.base/jdk.internal.misc.Unsafe.park(Native Method)
 java.base/java.util.concurrent.locks.LockSupport.parkNanos(LockSupport.java:269)
 java.base/java.util.concurrent.locks.AbstractQueuedSynchronizer$ConditionObject.await(AbstractQueuedSynchronizer.java:1852)
 java.base/java.lang.ref.ReferenceQueue.await(ReferenceQueue.java:71)
 java.base/java.lang.ref.ReferenceQueue.remove0(ReferenceQueue.java:143)
 java.base/java.lang.ref.ReferenceQueue.remove(ReferenceQueue.java:218)
 com.mysql.cj.jdbc.AbandonedConnectionCleanupThread.run(AbandonedConnectionCleanupThread.java:91)
 java.base/java.util.concurrent.ThreadPoolExecutor.runWorker(ThreadPoolExecutor.java:1144)
 java.base/java.util.concurrent.ThreadPoolExecutor$Worker.run(ThreadPoolExecutor.java:642)
 java.base/java.lang.Thread.run(Thread.java:1583)
26-Feb-2025 11:42:56.824 INFO [Thread-1] org.apache.coyote.AbstractProtocol.stop Stopping ProtocolHandler ["http-nio-8080"]
26-Feb-2025 11:42:56.858 INFO [Thread-1] org.apache.coyote.AbstractProtocol.destroy Destroying ProtocolHandler ["http-nio-8080"]
26-Feb-2025 11:42:56.859 INFO [mysql-cj-abandoned-connection-cleanup] org.apache.catalina.loader.WebappClassLoaderBase.checkStateForResourceLoading Illegal access: this web application instance has been stopped already. Could not load []. The following stack trace is thrown for debugging purposes as well as to attempt to terminate the thread which caused the illegal access.
	java.lang.IllegalStateException: Illegal access: this web application instance has been stopped already. Could not load []. The following stack trace is thrown for debugging purposes as well as to attempt to terminate the thread which caused the illegal access.
		at org.apache.catalina.loader.WebappClassLoaderBase.checkStateForResourceLoading(WebappClassLoaderBase.java:1440)
		at org.apache.catalina.loader.WebappClassLoaderBase.getResource(WebappClassLoaderBase.java:1065)
		at com.mysql.cj.jdbc.AbandonedConnectionCleanupThread.checkThreadContextClassLoader(AbandonedConnectionCleanupThread.java:123)
		at com.mysql.cj.jdbc.AbandonedConnectionCleanupThread.run(AbandonedConnectionCleanupThread.java:90)
		at java.base/java.util.concurrent.ThreadPoolExecutor.runWorker(ThreadPoolExecutor.java:1144)
		at java.base/java.util.concurrent.ThreadPoolExecutor$Worker.run(ThreadPoolExecutor.java:642)
		at java.base/java.lang.Thread.run(Thread.java:1583)
26-Feb-2025 13:14:55.133 INFO [main] org.apache.catalina.startup.VersionLoggerListener.log Server version name:   Apache Tomcat/8.5.92
26-Feb-2025 13:14:55.137 INFO [main] org.apache.catalina.startup.VersionLoggerListener.log Server built:          Aug 9 2023 11:22:56 UTC
26-Feb-2025 13:14:55.137 INFO [main] org.apache.catalina.startup.VersionLoggerListener.log Server version number: 8.5.92.0
26-Feb-2025 13:14:55.138 INFO [main] org.apache.catalina.startup.VersionLoggerListener.log OS Name:               Windows 10
26-Feb-2025 13:14:55.138 INFO [main] org.apache.catalina.startup.VersionLoggerListener.log OS Version:            10.0
26-Feb-2025 13:14:55.138 INFO [main] org.apache.catalina.startup.VersionLoggerListener.log Architecture:          amd64
26-Feb-2025 13:14:55.138 INFO [main] org.apache.catalina.startup.VersionLoggerListener.log Java Home:             E:\SETUP_PROJECT\JAVA\JDK\jdk-21.0.5+11
26-Feb-2025 13:14:55.138 INFO [main] org.apache.catalina.startup.VersionLoggerListener.log JVM Version:           21.0.5+11-LTS
26-Feb-2025 13:14:55.139 INFO [main] org.apache.catalina.startup.VersionLoggerListener.log JVM Vendor:            Eclipse Adoptium
26-Feb-2025 13:14:55.139 INFO [main] org.apache.catalina.startup.VersionLoggerListener.log CATALINA_BASE:         I:\JAVA SPRING\Learn Spring\ChronoLuxWebsite\src\main\webapp
26-Feb-2025 13:14:55.139 INFO [main] org.apache.catalina.startup.VersionLoggerListener.log CATALINA_HOME:         G:\apache-tomcat-8.5.92
26-Feb-2025 13:14:55.140 INFO [main] org.apache.catalina.startup.VersionLoggerListener.log Command line argument: --add-opens=java.base/java.lang=ALL-UNNAMED
26-Feb-2025 13:14:55.140 INFO [main] org.apache.catalina.startup.VersionLoggerListener.log Command line argument: --add-opens=java.base/java.io=ALL-UNNAMED
26-Feb-2025 13:14:55.140 INFO [main] org.apache.catalina.startup.VersionLoggerListener.log Command line argument: --add-opens=java.base/java.util=ALL-UNNAMED
26-Feb-2025 13:14:55.140 INFO [main] org.apache.catalina.startup.VersionLoggerListener.log Command line argument: --add-opens=java.base/java.util.concurrent=ALL-UNNAMED
26-Feb-2025 13:14:55.140 INFO [main] org.apache.catalina.startup.VersionLoggerListener.log Command line argument: --add-opens=java.rmi/sun.rmi.transport=ALL-UNNAMED
26-Feb-2025 13:14:55.141 INFO [main] org.apache.catalina.startup.VersionLoggerListener.log Command line argument: -Dcatalina.home=G:\apache-tomcat-8.5.92
26-Feb-2025 13:14:55.141 INFO [main] org.apache.catalina.startup.VersionLoggerListener.log Command line argument: -Dcatalina.base=I:\JAVA SPRING\Learn Spring\ChronoLuxWebsite\src\main\webapp
26-Feb-2025 13:14:55.141 INFO [main] org.apache.catalina.startup.VersionLoggerListener.log Command line argument: -Djava.io.tmpdir=I:\JAVA SPRING\Learn Spring\ChronoLuxWebsite\src\main\webapp\temp
26-Feb-2025 13:14:55.141 INFO [main] org.apache.catalina.startup.VersionLoggerListener.log Command line argument: -Djava.util.logging.config.file=I:\JAVA SPRING\Learn Spring\ChronoLuxWebsite\src\main\webapp\conf\logging.properties
26-Feb-2025 13:14:55.141 INFO [main] org.apache.catalina.startup.VersionLoggerListener.log Command line argument: -Djava.util.logging.manager=org.apache.juli.ClassLoaderLogManager
26-Feb-2025 13:14:55.142 INFO [main] org.apache.catalina.startup.VersionLoggerListener.log Command line argument: -javaagent:C:\Program Files\JetBrains\IntelliJ IDEA 2024.3\lib\idea_rt.jar=56213:C:\Program Files\JetBrains\IntelliJ IDEA 2024.3\bin
26-Feb-2025 13:14:55.142 INFO [main] org.apache.catalina.startup.VersionLoggerListener.log Command line argument: -Dfile.encoding=UTF-8
26-Feb-2025 13:14:55.142 INFO [main] org.apache.catalina.startup.VersionLoggerListener.log Command line argument: -Dsun.stdout.encoding=UTF-8
26-Feb-2025 13:14:55.142 INFO [main] org.apache.catalina.startup.VersionLoggerListener.log Command line argument: -Dsun.stderr.encoding=UTF-8
26-Feb-2025 13:14:55.143 INFO [main] org.apache.catalina.core.AprLifecycleListener.lifecycleEvent The Apache Tomcat Native library which allows using OpenSSL was not found on the java.library.path: [E:\SETUP_PROJECT\JAVA\JDK\jdk-21.0.5+11\bin;C:\Windows\Sun\Java\bin;C:\Windows\system32;C:\Windows;C:\Program Files (x86)\Common Files\Oracle\Java\javapath;E:\SETUP_PROJECT\PYTHON\Python_3.10.11\Scripts\;E:\SETUP_PROJECT\PYTHON\Python_3.10.11\;C:\Program Files\Microsoft MPI\Bin\;E:\SETUP_PROJECT\PYTHON\Python_3.13.0\Scripts\;E:\SETUP_PROJECT\PYTHON\Python_3.13.0\;C:\Windows\system32;C:\Windows;C:\Windows\System32\Wbem;C:\Windows\System32\WindowsPowerShell\v1.0\;C:\Windows\System32\OpenSSH\;C:\Program Files\Git\cmd;C:\Program Files\dotnet\;C:\Program Files (x86)\Windows Kits\10\Windows Performance Toolkit\;E:\SETUP_PROJECT\JAVA\JDK\jdk-21.0.5+11\bin;C:\Program Files (x86)\Microsoft SQL Server\160\Tools\Binn\;C:\Program Files\Microsoft SQL Server\160\Tools\Binn\;C:\Program Files\Microsoft SQL Server\Client SDK\ODBC\170\Tools\Binn\;C:\Program Files\Microsoft SQL Server\160\DTS\Binn\;C:\Program Files (x86)\Microsoft SQL Server\160\DTS\Binn\;C:\Program Files\Docker\Docker\resources\bin;C:\Program Files\nodejs\;C:\Users\Admin\AppData\Local\Microsoft\WindowsApps;C:\Users\Admin\AppData\Local\Programs\Microsoft VS Code\bin;C:\Users\Admin\.dotnet\tools;C:\Users\Admin\AppData\Roaming\npm;.]
26-Feb-2025 13:14:55.212 INFO [main] org.apache.coyote.AbstractProtocol.init Initializing ProtocolHandler ["http-nio-8080"]
26-Feb-2025 13:14:55.251 INFO [main] org.apache.catalina.startup.Catalina.load Initialization processed in 1023 ms
26-Feb-2025 13:14:55.325 INFO [main] org.apache.catalina.core.StandardService.startInternal Starting service [Catalina]
26-Feb-2025 13:14:55.325 INFO [main] org.apache.catalina.core.StandardEngine.startInternal Starting Servlet engine: [Apache Tomcat/8.5.92]
26-Feb-2025 13:14:55.345 INFO [localhost-startStop-1] org.apache.catalina.startup.HostConfig.deployDescriptor Deploying deployment descriptor [I:\JAVA SPRING\Learn Spring\ChronoLuxWebsite\src\main\webapp\conf\Catalina\localhost\ChronoLuxWeb.xml]
26-Feb-2025 13:14:58.962 INFO [localhost-startStop-1] org.apache.jasper.servlet.TldScanner.scanJars At least one JAR was scanned for TLDs yet contained no TLDs. Enable debug logging for this logger for a complete list of JARs that were scanned but no TLDs were found in them. Skipping unneeded JARs during scanning can improve startup time and JSP compilation time.
26-Feb-2025 13:15:01.597 INFO [localhost-startStop-1] org.hibernate.jpa.internal.util.LogHelper.logPersistenceUnitInformation HHH000204: Processing PersistenceUnitInfo [
	name: persistence-data
	...]
26-Feb-2025 13:15:01.896 INFO [localhost-startStop-1] org.hibernate.Version.logVersion HHH000412: Hibernate Core {4.3.6.Final}
26-Feb-2025 13:15:01.901 INFO [localhost-startStop-1] org.hibernate.cfg.Environment.<clinit> HHH000206: hibernate.properties not found
26-Feb-2025 13:15:01.908 INFO [localhost-startStop-1] org.hibernate.cfg.Environment.buildBytecodeProvider HHH000021: Bytecode provider name : javassist
26-Feb-2025 13:15:02.489 INFO [localhost-startStop-1] org.hibernate.annotations.common.reflection.java.JavaReflectionManager.<clinit> HCANN000001: Hibernate Commons Annotations {4.0.5.Final}
26-Feb-2025 13:15:03.440 INFO [localhost-startStop-1] org.hibernate.dialect.Dialect.<init> HHH000400: Using dialect: org.hibernate.dialect.MySQL5Dialect
26-Feb-2025 13:15:03.855 INFO [localhost-startStop-1] org.hibernate.hql.internal.ast.ASTQueryTranslatorFactory.<init> HHH000397: Using ASTQueryTranslatorFactory
26-Feb-2025 13:15:04.605 INFO [localhost-startStop-1] org.hibernate.tool.hbm2ddl.SchemaUpdate.execute HHH000228: Running hbm2ddl schema update
26-Feb-2025 13:15:04.605 INFO [localhost-startStop-1] org.hibernate.tool.hbm2ddl.SchemaUpdate.execute HHH000102: Fetching database metadata
26-Feb-2025 13:15:04.640 INFO [localhost-startStop-1] org.hibernate.tool.hbm2ddl.SchemaUpdate.execute HHH000396: Updating schema
26-Feb-2025 13:15:04.709 INFO [localhost-startStop-1] org.hibernate.tool.hbm2ddl.TableMetadata.<init> HHH000261: Table found: chronoluxweb.banner
26-Feb-2025 13:15:04.710 INFO [localhost-startStop-1] org.hibernate.tool.hbm2ddl.TableMetadata.<init> HHH000037: Columns: [img, modified_by, caption, id, created_date, modified_date, created_by, content]
26-Feb-2025 13:15:04.710 INFO [localhost-startStop-1] org.hibernate.tool.hbm2ddl.TableMetadata.<init> HHH000108: Foreign keys: []
26-Feb-2025 13:15:04.711 INFO [localhost-startStop-1] org.hibernate.tool.hbm2ddl.TableMetadata.<init> HHH000126: Indexes: [primary]
26-Feb-2025 13:15:04.739 INFO [localhost-startStop-1] org.hibernate.tool.hbm2ddl.TableMetadata.<init> HHH000261: Table found: chronoluxweb.bill
26-Feb-2025 13:15:04.740 INFO [localhost-startStop-1] org.hibernate.tool.hbm2ddl.TableMetadata.<init> HHH000037: Columns: [note, address, quantity, gender, date_invoice, receiver_gender, modified_date, display_name, created_by, total, phone, user_id, deliverystatus, subtotal, modified_by, voucher_id, receiver_name, id, created_date, receiver_phone, email, payment_method, status]
26-Feb-2025 13:15:04.740 INFO [localhost-startStop-1] org.hibernate.tool.hbm2ddl.TableMetadata.<init> HHH000108: Foreign keys: [fk_3ac38309d899hoderihd5mh9j, fk_5my60d5u3n18y09mgqp2t6t0b]
26-Feb-2025 13:15:04.740 INFO [localhost-startStop-1] org.hibernate.tool.hbm2ddl.TableMetadata.<init> HHH000126: Indexes: [fk_3ac38309d899hoderihd5mh9j, fk_5my60d5u3n18y09mgqp2t6t0b, primary]
26-Feb-2025 13:15:04.756 INFO [localhost-startStop-1] org.hibernate.tool.hbm2ddl.TableMetadata.<init> HHH000261: Table found: chronoluxweb.bill_detail
26-Feb-2025 13:15:04.757 INFO [localhost-startStop-1] org.hibernate.tool.hbm2ddl.TableMetadata.<init> HHH000037: Columns: [bill_id, product_id]
26-Feb-2025 13:15:04.757 INFO [localhost-startStop-1] org.hibernate.tool.hbm2ddl.TableMetadata.<init> HHH000108: Foreign keys: [fk_18yn4vr4gusinr921wec1ui0w, fk_293sewgbft9miq390yfh693jm]
26-Feb-2025 13:15:04.757 INFO [localhost-startStop-1] org.hibernate.tool.hbm2ddl.TableMetadata.<init> HHH000126: Indexes: [fk_18yn4vr4gusinr921wec1ui0w, fk_293sewgbft9miq390yfh693jm]
26-Feb-2025 13:15:04.776 INFO [localhost-startStop-1] org.hibernate.tool.hbm2ddl.TableMetadata.<init> HHH000261: Table found: chronoluxweb.brand
26-Feb-2025 13:15:04.776 INFO [localhost-startStop-1] org.hibernate.tool.hbm2ddl.TableMetadata.<init> HHH000037: Columns: [icon_url, country, modified_by, name, active, banner_url, id, created_date, modified_date, created_by]
26-Feb-2025 13:15:04.776 INFO [localhost-startStop-1] org.hibernate.tool.hbm2ddl.TableMetadata.<init> HHH000108: Foreign keys: []
26-Feb-2025 13:15:04.776 INFO [localhost-startStop-1] org.hibernate.tool.hbm2ddl.TableMetadata.<init> HHH000126: Indexes: [primary]
26-Feb-2025 13:15:04.795 INFO [localhost-startStop-1] org.hibernate.tool.hbm2ddl.TableMetadata.<init> HHH000261: Table found: chronoluxweb.cart_items
26-Feb-2025 13:15:04.795 INFO [localhost-startStop-1] org.hibernate.tool.hbm2ddl.TableMetadata.<init> HHH000037: Columns: [bill_id, quantity, user_id, product_id, modified_by, id, created_date, modified_date, created_by]
26-Feb-2025 13:15:04.795 INFO [localhost-startStop-1] org.hibernate.tool.hbm2ddl.TableMetadata.<init> HHH000108: Foreign keys: [fk_b5lfwcb4iitfnl3om0kg2fvsm, fk_rjiexeah9pxvqqsl3ottu7l3i, fk_stjbkkh1eftd036p0v219glxw]
26-Feb-2025 13:15:04.796 INFO [localhost-startStop-1] org.hibernate.tool.hbm2ddl.TableMetadata.<init> HHH000126: Indexes: [fk_b5lfwcb4iitfnl3om0kg2fvsm, fk_rjiexeah9pxvqqsl3ottu7l3i, fk_stjbkkh1eftd036p0v219glxw, primary]
26-Feb-2025 13:15:04.818 INFO [localhost-startStop-1] org.hibernate.tool.hbm2ddl.TableMetadata.<init> HHH000261: Table found: chronoluxweb.comment
26-Feb-2025 13:15:04.819 INFO [localhost-startStop-1] org.hibernate.tool.hbm2ddl.TableMetadata.<init> HHH000037: Columns: [user_id, review, product_id, modified_by, name, rating, id, created_date, modified_date, created_by, img_review_url, likecount]
26-Feb-2025 13:15:04.819 INFO [localhost-startStop-1] org.hibernate.tool.hbm2ddl.TableMetadata.<init> HHH000108: Foreign keys: [fk_mxoojfj9tmy8088avf57mpm02, fk_qadidjn2h0dqbc1nseh5bo4ff]
26-Feb-2025 13:15:04.819 INFO [localhost-startStop-1] org.hibernate.tool.hbm2ddl.TableMetadata.<init> HHH000126: Indexes: [fk_mxoojfj9tmy8088avf57mpm02, fk_qadidjn2h0dqbc1nseh5bo4ff, primary]
26-Feb-2025 13:15:04.825 INFO [localhost-startStop-1] org.hibernate.tool.hbm2ddl.DatabaseMetadata.getTableMetadata HHH000262: Table not found: comment_likes 
26-Feb-2025 13:15:04.852 INFO [localhost-startStop-1] org.hibernate.tool.hbm2ddl.TableMetadata.<init> HHH000261: Table found: chronoluxweb.corporation
26-Feb-2025 13:15:04.852 INFO [localhost-startStop-1] org.hibernate.tool.hbm2ddl.TableMetadata.<init> HHH000037: Columns: [address, img_url, phone, modified_by, about, id, created_date, modified_date, created_by, email, policy]
26-Feb-2025 13:15:04.852 INFO [localhost-startStop-1] org.hibernate.tool.hbm2ddl.TableMetadata.<init> HHH000108: Foreign keys: []
26-Feb-2025 13:15:04.852 INFO [localhost-startStop-1] org.hibernate.tool.hbm2ddl.TableMetadata.<init> HHH000126: Indexes: [primary]
26-Feb-2025 13:15:04.877 INFO [localhost-startStop-1] org.hibernate.tool.hbm2ddl.TableMetadata.<init> HHH000261: Table found: chronoluxweb.notification
26-Feb-2025 13:15:04.877 INFO [localhost-startStop-1] org.hibernate.tool.hbm2ddl.TableMetadata.<init> HHH000037: Columns: [modified_by, id, created_date, modified_date, title, comment_id, created_by, status]
26-Feb-2025 13:15:04.877 INFO [localhost-startStop-1] org.hibernate.tool.hbm2ddl.TableMetadata.<init> HHH000108: Foreign keys: [fk_inxhsk5bf6gpm7b41orsar7fc]
26-Feb-2025 13:15:04.878 INFO [localhost-startStop-1] org.hibernate.tool.hbm2ddl.TableMetadata.<init> HHH000126: Indexes: [fk_inxhsk5bf6gpm7b41orsar7fc, primary]
26-Feb-2025 13:15:04.905 INFO [localhost-startStop-1] org.hibernate.tool.hbm2ddl.TableMetadata.<init> HHH000261: Table found: chronoluxweb.notification_user
26-Feb-2025 13:15:04.905 INFO [localhost-startStop-1] org.hibernate.tool.hbm2ddl.TableMetadata.<init> HHH000037: Columns: [user_id, notification_id]
26-Feb-2025 13:15:04.905 INFO [localhost-startStop-1] org.hibernate.tool.hbm2ddl.TableMetadata.<init> HHH000108: Foreign keys: [fk_7iq8wfwh6nrr9x0x8555uk4ux, fk_s31layrkoj2djejiewv2upr8v]
26-Feb-2025 13:15:04.905 INFO [localhost-startStop-1] org.hibernate.tool.hbm2ddl.TableMetadata.<init> HHH000126: Indexes: [fk_7iq8wfwh6nrr9x0x8555uk4ux, primary]
26-Feb-2025 13:15:04.928 INFO [localhost-startStop-1] org.hibernate.tool.hbm2ddl.TableMetadata.<init> HHH000261: Table found: chronoluxweb.product
26-Feb-2025 13:15:04.929 INFO [localhost-startStop-1] org.hibernate.tool.hbm2ddl.TableMetadata.<init> HHH000037: Columns: [gender, thickness, watch_type, active, description, face_size, modified_date, created_by, glass_material, img_url, price, product_line_id, modified_by, name, id, created_date, strap_material, water_resistant, instock]
26-Feb-2025 13:15:04.929 INFO [localhost-startStop-1] org.hibernate.tool.hbm2ddl.TableMetadata.<init> HHH000108: Foreign keys: [fk_r2322tdtoib5u3jdxpcvrmb59]
26-Feb-2025 13:15:04.929 INFO [localhost-startStop-1] org.hibernate.tool.hbm2ddl.TableMetadata.<init> HHH000126: Indexes: [fk_r2322tdtoib5u3jdxpcvrmb59, primary]
26-Feb-2025 13:15:04.953 INFO [localhost-startStop-1] org.hibernate.tool.hbm2ddl.TableMetadata.<init> HHH000261: Table found: chronoluxweb.product_line
26-Feb-2025 13:15:04.953 INFO [localhost-startStop-1] org.hibernate.tool.hbm2ddl.TableMetadata.<init> HHH000037: Columns: [warranty_id, icon_url, modified_by, name, active, banner_url, id, created_date, modified_date, created_by, brand_id]
26-Feb-2025 13:15:04.953 INFO [localhost-startStop-1] org.hibernate.tool.hbm2ddl.TableMetadata.<init> HHH000108: Foreign keys: [fk_9pruqelwj7dp7lts8ulqyyc6a, fk_7y3l8d1q27c4ji42wmi538fuy]
26-Feb-2025 13:15:04.953 INFO [localhost-startStop-1] org.hibernate.tool.hbm2ddl.TableMetadata.<init> HHH000126: Indexes: [fk_9pruqelwj7dp7lts8ulqyyc6a, fk_7y3l8d1q27c4ji42wmi538fuy, primary]
26-Feb-2025 13:15:04.968 INFO [localhost-startStop-1] org.hibernate.tool.hbm2ddl.TableMetadata.<init> HHH000261: Table found: chronoluxweb.role
26-Feb-2025 13:15:04.968 INFO [localhost-startStop-1] org.hibernate.tool.hbm2ddl.TableMetadata.<init> HHH000037: Columns: [code, modified_by, name, id, created_date, modified_date, created_by]
26-Feb-2025 13:15:04.968 INFO [localhost-startStop-1] org.hibernate.tool.hbm2ddl.TableMetadata.<init> HHH000108: Foreign keys: []
26-Feb-2025 13:15:04.969 INFO [localhost-startStop-1] org.hibernate.tool.hbm2ddl.TableMetadata.<init> HHH000126: Indexes: [primary]
26-Feb-2025 13:15:04.984 INFO [localhost-startStop-1] org.hibernate.tool.hbm2ddl.TableMetadata.<init> HHH000261: Table found: chronoluxweb.role_detail
26-Feb-2025 13:15:04.984 INFO [localhost-startStop-1] org.hibernate.tool.hbm2ddl.TableMetadata.<init> HHH000037: Columns: [user_id, role_id]
26-Feb-2025 13:15:04.984 INFO [localhost-startStop-1] org.hibernate.tool.hbm2ddl.TableMetadata.<init> HHH000108: Foreign keys: [fk_ow0q9sejbk6oqkop7d9crqbu1, fk_c947jy7nux8c23q2mg1op1ucf]
26-Feb-2025 13:15:04.985 INFO [localhost-startStop-1] org.hibernate.tool.hbm2ddl.TableMetadata.<init> HHH000126: Indexes: [fk_ow0q9sejbk6oqkop7d9crqbu1, fk_c947jy7nux8c23q2mg1op1ucf, primary]
26-Feb-2025 13:15:04.999 INFO [localhost-startStop-1] org.hibernate.tool.hbm2ddl.TableMetadata.<init> HHH000261: Table found: chronoluxweb.user
26-Feb-2025 13:15:04.999 INFO [localhost-startStop-1] org.hibernate.tool.hbm2ddl.TableMetadata.<init> HHH000037: Columns: [modified_date, created_by, reset_password_token, password, img_url, modified_by, voucher_id, id, created_date, fullname, email, status, username]
26-Feb-2025 13:15:04.999 INFO [localhost-startStop-1] org.hibernate.tool.hbm2ddl.TableMetadata.<init> HHH000108: Foreign keys: [fk_ds7rq2hnw61wsi429c3p6xhy6]
26-Feb-2025 13:15:04.999 INFO [localhost-startStop-1] org.hibernate.tool.hbm2ddl.TableMetadata.<init> HHH000126: Indexes: [fk_ds7rq2hnw61wsi429c3p6xhy6, primary]
26-Feb-2025 13:15:05.013 INFO [localhost-startStop-1] org.hibernate.tool.hbm2ddl.TableMetadata.<init> HHH000261: Table found: chronoluxweb.voucher
26-Feb-2025 13:15:05.013 INFO [localhost-startStop-1] org.hibernate.tool.hbm2ddl.TableMetadata.<init> HHH000037: Columns: [end_day, code, begin_day, modified_by, discount, id, created_date, modified_date, type, created_by]
26-Feb-2025 13:15:05.014 INFO [localhost-startStop-1] org.hibernate.tool.hbm2ddl.TableMetadata.<init> HHH000108: Foreign keys: []
26-Feb-2025 13:15:05.014 INFO [localhost-startStop-1] org.hibernate.tool.hbm2ddl.TableMetadata.<init> HHH000126: Indexes: [primary]
26-Feb-2025 13:15:05.028 INFO [localhost-startStop-1] org.hibernate.tool.hbm2ddl.TableMetadata.<init> HHH000261: Table found: chronoluxweb.warranty
26-Feb-2025 13:15:05.029 INFO [localhost-startStop-1] org.hibernate.tool.hbm2ddl.TableMetadata.<init> HHH000037: Columns: [modified_by, id, created_date, modified_date, created_by, content]
26-Feb-2025 13:15:05.029 INFO [localhost-startStop-1] org.hibernate.tool.hbm2ddl.TableMetadata.<init> HHH000108: Foreign keys: []
26-Feb-2025 13:15:05.029 INFO [localhost-startStop-1] org.hibernate.tool.hbm2ddl.TableMetadata.<init> HHH000126: Indexes: [primary]
26-Feb-2025 13:15:05.033 INFO [localhost-startStop-1] org.hibernate.tool.hbm2ddl.DatabaseMetadata.getTableMetadata HHH000262: Table not found: comment_likes 
26-Feb-2025 13:15:05.037 INFO [localhost-startStop-1] org.hibernate.tool.hbm2ddl.DatabaseMetadata.getTableMetadata HHH000262: Table not found: comment_likes 
26-Feb-2025 13:15:05.112 ERROR [localhost-startStop-1] org.hibernate.tool.hbm2ddl.SchemaUpdate.execute HHH000388: Unsuccessful: alter table banner add column  modified_date datetime
26-Feb-2025 13:15:05.112 ERROR [localhost-startStop-1] org.hibernate.tool.hbm2ddl.SchemaUpdate.execute Duplicate column name 'modified_date'
26-Feb-2025 13:15:05.116 ERROR [localhost-startStop-1] org.hibernate.tool.hbm2ddl.SchemaUpdate.execute HHH000388: Unsuccessful: alter table bill add column  modified_date datetime
26-Feb-2025 13:15:05.117 ERROR [localhost-startStop-1] org.hibernate.tool.hbm2ddl.SchemaUpdate.execute Duplicate column name 'modified_date'
26-Feb-2025 13:15:05.119 ERROR [localhost-startStop-1] org.hibernate.tool.hbm2ddl.SchemaUpdate.execute HHH000388: Unsuccessful: alter table brand add column  modified_date datetime
26-Feb-2025 13:15:05.119 ERROR [localhost-startStop-1] org.hibernate.tool.hbm2ddl.SchemaUpdate.execute Duplicate column name 'modified_date'
26-Feb-2025 13:15:05.121 ERROR [localhost-startStop-1] org.hibernate.tool.hbm2ddl.SchemaUpdate.execute HHH000388: Unsuccessful: alter table cart_items add column  modified_date datetime
26-Feb-2025 13:15:05.121 ERROR [localhost-startStop-1] org.hibernate.tool.hbm2ddl.SchemaUpdate.execute Duplicate column name 'modified_date'
26-Feb-2025 13:15:05.124 ERROR [localhost-startStop-1] org.hibernate.tool.hbm2ddl.SchemaUpdate.execute HHH000388: Unsuccessful: alter table comment add column  modified_date datetime
26-Feb-2025 13:15:05.124 ERROR [localhost-startStop-1] org.hibernate.tool.hbm2ddl.SchemaUpdate.execute Duplicate column name 'modified_date'
26-Feb-2025 13:15:05.126 ERROR [localhost-startStop-1] org.hibernate.tool.hbm2ddl.SchemaUpdate.execute HHH000388: Unsuccessful: create table comment_likes  (user_id bigint not null, comment_id bigint not null)
26-Feb-2025 13:15:05.126 ERROR [localhost-startStop-1] org.hibernate.tool.hbm2ddl.SchemaUpdate.execute Table 'comment_likes' already exists
26-Feb-2025 13:15:05.129 ERROR [localhost-startStop-1] org.hibernate.tool.hbm2ddl.SchemaUpdate.execute HHH000388: Unsuccessful: alter table corporation add column  modified_date datetime
26-Feb-2025 13:15:05.129 ERROR [localhost-startStop-1] org.hibernate.tool.hbm2ddl.SchemaUpdate.execute Duplicate column name 'modified_date'
26-Feb-2025 13:15:05.132 ERROR [localhost-startStop-1] org.hibernate.tool.hbm2ddl.SchemaUpdate.execute HHH000388: Unsuccessful: alter table notification add column  modified_date datetime
26-Feb-2025 13:15:05.132 ERROR [localhost-startStop-1] org.hibernate.tool.hbm2ddl.SchemaUpdate.execute Duplicate column name 'modified_date'
26-Feb-2025 13:15:05.135 ERROR [localhost-startStop-1] org.hibernate.tool.hbm2ddl.SchemaUpdate.execute HHH000388: Unsuccessful: alter table product add column  modified_date datetime
26-Feb-2025 13:15:05.136 ERROR [localhost-startStop-1] org.hibernate.tool.hbm2ddl.SchemaUpdate.execute Duplicate column name 'modified_date'
26-Feb-2025 13:15:05.138 ERROR [localhost-startStop-1] org.hibernate.tool.hbm2ddl.SchemaUpdate.execute HHH000388: Unsuccessful: alter table product_line add column  modified_date datetime
26-Feb-2025 13:15:05.139 ERROR [localhost-startStop-1] org.hibernate.tool.hbm2ddl.SchemaUpdate.execute Duplicate column name 'modified_date'
26-Feb-2025 13:15:05.141 ERROR [localhost-startStop-1] org.hibernate.tool.hbm2ddl.SchemaUpdate.execute HHH000388: Unsuccessful: alter table role add column  modified_date datetime
26-Feb-2025 13:15:05.142 ERROR [localhost-startStop-1] org.hibernate.tool.hbm2ddl.SchemaUpdate.execute Duplicate column name 'modified_date'
26-Feb-2025 13:15:05.144 ERROR [localhost-startStop-1] org.hibernate.tool.hbm2ddl.SchemaUpdate.execute HHH000388: Unsuccessful: alter table user add column  modified_date datetime
26-Feb-2025 13:15:05.144 ERROR [localhost-startStop-1] org.hibernate.tool.hbm2ddl.SchemaUpdate.execute Duplicate column name 'modified_date'
26-Feb-2025 13:15:05.146 ERROR [localhost-startStop-1] org.hibernate.tool.hbm2ddl.SchemaUpdate.execute HHH000388: Unsuccessful: alter table voucher add column  modified_date datetime
26-Feb-2025 13:15:05.147 ERROR [localhost-startStop-1] org.hibernate.tool.hbm2ddl.SchemaUpdate.execute Duplicate column name 'modified_date'
26-Feb-2025 13:15:05.149 ERROR [localhost-startStop-1] org.hibernate.tool.hbm2ddl.SchemaUpdate.execute HHH000388: Unsuccessful: alter table warranty add column  modified_date datetime
26-Feb-2025 13:15:05.150 ERROR [localhost-startStop-1] org.hibernate.tool.hbm2ddl.SchemaUpdate.execute Duplicate column name 'modified_date'
26-Feb-2025 13:15:05.152 ERROR [localhost-startStop-1] org.hibernate.tool.hbm2ddl.SchemaUpdate.execute HHH000388: Unsuccessful: alter table comment_likes  add constraint FK_otdfwsv11rsp31db2vtsleorj foreign key (comment_id) references comment (id)
26-Feb-2025 13:15:05.152 ERROR [localhost-startStop-1] org.hibernate.tool.hbm2ddl.SchemaUpdate.execute Duplicate foreign key constraint name 'FK_otdfwsv11rsp31db2vtsleorj'
26-Feb-2025 13:15:05.154 ERROR [localhost-startStop-1] org.hibernate.tool.hbm2ddl.SchemaUpdate.execute HHH000388: Unsuccessful: alter table comment_likes  add constraint FK_388y4xoc6shuc5ejnr40kdeoc foreign key (user_id) references user (id)
26-Feb-2025 13:15:05.154 ERROR [localhost-startStop-1] org.hibernate.tool.hbm2ddl.SchemaUpdate.execute Duplicate foreign key constraint name 'FK_388y4xoc6shuc5ejnr40kdeoc'
26-Feb-2025 13:15:05.154 INFO [localhost-startStop-1] org.hibernate.tool.hbm2ddl.SchemaUpdate.execute HHH000232: Schema update complete
26-Feb-2025 13:15:11.013 INFO [localhost-startStop-1] org.apache.catalina.startup.HostConfig.deployDescriptor Deployment of deployment descriptor [I:\JAVA SPRING\Learn Spring\ChronoLuxWebsite\src\main\webapp\conf\Catalina\localhost\ChronoLuxWeb.xml] has finished in [15,666] ms
26-Feb-2025 13:15:11.016 INFO [main] org.apache.coyote.AbstractProtocol.start Starting ProtocolHandler ["http-nio-8080"]
26-Feb-2025 13:15:11.038 INFO [main] org.apache.catalina.startup.Catalina.start Server startup in 15786 ms
26-Feb-2025 22:12:17.437 INFO [main] org.apache.catalina.startup.VersionLoggerListener.log Server version name:   Apache Tomcat/8.5.92
26-Feb-2025 22:12:17.440 INFO [main] org.apache.catalina.startup.VersionLoggerListener.log Server built:          Aug 9 2023 11:22:56 UTC
26-Feb-2025 22:12:17.441 INFO [main] org.apache.catalina.startup.VersionLoggerListener.log Server version number: 8.5.92.0
26-Feb-2025 22:12:17.441 INFO [main] org.apache.catalina.startup.VersionLoggerListener.log OS Name:               Windows 10
26-Feb-2025 22:12:17.441 INFO [main] org.apache.catalina.startup.VersionLoggerListener.log OS Version:            10.0
26-Feb-2025 22:12:17.441 INFO [main] org.apache.catalina.startup.VersionLoggerListener.log Architecture:          amd64
26-Feb-2025 22:12:17.441 INFO [main] org.apache.catalina.startup.VersionLoggerListener.log Java Home:             E:\SETUP_PROJECT\JAVA\JDK\jdk-21.0.5+11
26-Feb-2025 22:12:17.441 INFO [main] org.apache.catalina.startup.VersionLoggerListener.log JVM Version:           21.0.5+11-LTS
26-Feb-2025 22:12:17.442 INFO [main] org.apache.catalina.startup.VersionLoggerListener.log JVM Vendor:            Eclipse Adoptium
26-Feb-2025 22:12:17.442 INFO [main] org.apache.catalina.startup.VersionLoggerListener.log CATALINA_BASE:         I:\JAVA SPRING\Learn Spring\ChronoLuxWebsite\src\main\webapp
26-Feb-2025 22:12:17.442 INFO [main] org.apache.catalina.startup.VersionLoggerListener.log CATALINA_HOME:         G:\apache-tomcat-8.5.92
26-Feb-2025 22:12:17.443 INFO [main] org.apache.catalina.startup.VersionLoggerListener.log Command line argument: --add-opens=java.base/java.lang=ALL-UNNAMED
26-Feb-2025 22:12:17.443 INFO [main] org.apache.catalina.startup.VersionLoggerListener.log Command line argument: --add-opens=java.base/java.io=ALL-UNNAMED
26-Feb-2025 22:12:17.443 INFO [main] org.apache.catalina.startup.VersionLoggerListener.log Command line argument: --add-opens=java.base/java.util=ALL-UNNAMED
26-Feb-2025 22:12:17.443 INFO [main] org.apache.catalina.startup.VersionLoggerListener.log Command line argument: --add-opens=java.base/java.util.concurrent=ALL-UNNAMED
26-Feb-2025 22:12:17.444 INFO [main] org.apache.catalina.startup.VersionLoggerListener.log Command line argument: --add-opens=java.rmi/sun.rmi.transport=ALL-UNNAMED
26-Feb-2025 22:12:17.444 INFO [main] org.apache.catalina.startup.VersionLoggerListener.log Command line argument: -Dcatalina.home=G:\apache-tomcat-8.5.92
26-Feb-2025 22:12:17.444 INFO [main] org.apache.catalina.startup.VersionLoggerListener.log Command line argument: -Dcatalina.base=I:\JAVA SPRING\Learn Spring\ChronoLuxWebsite\src\main\webapp
26-Feb-2025 22:12:17.444 INFO [main] org.apache.catalina.startup.VersionLoggerListener.log Command line argument: -Djava.io.tmpdir=I:\JAVA SPRING\Learn Spring\ChronoLuxWebsite\src\main\webapp\temp
26-Feb-2025 22:12:17.445 INFO [main] org.apache.catalina.startup.VersionLoggerListener.log Command line argument: -Djava.util.logging.config.file=I:\JAVA SPRING\Learn Spring\ChronoLuxWebsite\src\main\webapp\conf\logging.properties
26-Feb-2025 22:12:17.445 INFO [main] org.apache.catalina.startup.VersionLoggerListener.log Command line argument: -Djava.util.logging.manager=org.apache.juli.ClassLoaderLogManager
26-Feb-2025 22:12:17.445 INFO [main] org.apache.catalina.startup.VersionLoggerListener.log Command line argument: -javaagent:C:\Program Files\JetBrains\IntelliJ IDEA 2024.3\lib\idea_rt.jar=49690:C:\Program Files\JetBrains\IntelliJ IDEA 2024.3\bin
26-Feb-2025 22:12:17.445 INFO [main] org.apache.catalina.startup.VersionLoggerListener.log Command line argument: -Dfile.encoding=UTF-8
26-Feb-2025 22:12:17.445 INFO [main] org.apache.catalina.startup.VersionLoggerListener.log Command line argument: -Dsun.stdout.encoding=UTF-8
26-Feb-2025 22:12:17.446 INFO [main] org.apache.catalina.startup.VersionLoggerListener.log Command line argument: -Dsun.stderr.encoding=UTF-8
26-Feb-2025 22:12:17.446 INFO [main] org.apache.catalina.core.AprLifecycleListener.lifecycleEvent The Apache Tomcat Native library which allows using OpenSSL was not found on the java.library.path: [E:\SETUP_PROJECT\JAVA\JDK\jdk-21.0.5+11\bin;C:\Windows\Sun\Java\bin;C:\Windows\system32;C:\Windows;C:\Program Files (x86)\Common Files\Oracle\Java\javapath;E:\SETUP_PROJECT\PYTHON\Python_3.10.11\Scripts\;E:\SETUP_PROJECT\PYTHON\Python_3.10.11\;C:\Program Files\Microsoft MPI\Bin\;E:\SETUP_PROJECT\PYTHON\Python_3.13.0\Scripts\;E:\SETUP_PROJECT\PYTHON\Python_3.13.0\;C:\Windows\system32;C:\Windows;C:\Windows\System32\Wbem;C:\Windows\System32\WindowsPowerShell\v1.0\;C:\Windows\System32\OpenSSH\;C:\Program Files\Git\cmd;C:\Program Files\dotnet\;C:\Program Files (x86)\Windows Kits\10\Windows Performance Toolkit\;E:\SETUP_PROJECT\JAVA\JDK\jdk-21.0.5+11\bin;C:\Program Files (x86)\Microsoft SQL Server\160\Tools\Binn\;C:\Program Files\Microsoft SQL Server\160\Tools\Binn\;C:\Program Files\Microsoft SQL Server\Client SDK\ODBC\170\Tools\Binn\;C:\Program Files\Microsoft SQL Server\160\DTS\Binn\;C:\Program Files (x86)\Microsoft SQL Server\160\DTS\Binn\;C:\Program Files\Docker\Docker\resources\bin;C:\Program Files\nodejs\;C:\Users\Admin\AppData\Local\Microsoft\WindowsApps;C:\Users\Admin\AppData\Local\Programs\Microsoft VS Code\bin;C:\Users\Admin\.dotnet\tools;C:\Users\Admin\AppData\Roaming\npm;.]
26-Feb-2025 22:12:17.515 INFO [main] org.apache.coyote.AbstractProtocol.init Initializing ProtocolHandler ["http-nio-8080"]
26-Feb-2025 22:12:17.548 INFO [main] org.apache.catalina.startup.Catalina.load Initialization processed in 1021 ms
26-Feb-2025 22:12:17.635 INFO [main] org.apache.catalina.core.StandardService.startInternal Starting service [Catalina]
26-Feb-2025 22:12:17.636 INFO [main] org.apache.catalina.core.StandardEngine.startInternal Starting Servlet engine: [Apache Tomcat/8.5.92]
26-Feb-2025 22:12:17.662 INFO [localhost-startStop-1] org.apache.catalina.startup.HostConfig.deployDescriptor Deploying deployment descriptor [I:\JAVA SPRING\Learn Spring\ChronoLuxWebsite\src\main\webapp\conf\Catalina\localhost\ChronoLuxWeb.xml]
26-Feb-2025 22:12:23.154 INFO [localhost-startStop-1] org.apache.jasper.servlet.TldScanner.scanJars At least one JAR was scanned for TLDs yet contained no TLDs. Enable debug logging for this logger for a complete list of JARs that were scanned but no TLDs were found in them. Skipping unneeded JARs during scanning can improve startup time and JSP compilation time.
26-Feb-2025 22:12:25.859 INFO [localhost-startStop-1] org.hibernate.jpa.internal.util.LogHelper.logPersistenceUnitInformation HHH000204: Processing PersistenceUnitInfo [
	name: persistence-data
	...]
26-Feb-2025 22:12:26.087 INFO [localhost-startStop-1] org.hibernate.Version.logVersion HHH000412: Hibernate Core {4.3.6.Final}
26-Feb-2025 22:12:26.097 INFO [localhost-startStop-1] org.hibernate.cfg.Environment.<clinit> HHH000206: hibernate.properties not found
26-Feb-2025 22:12:26.101 INFO [localhost-startStop-1] org.hibernate.cfg.Environment.buildBytecodeProvider HHH000021: Bytecode provider name : javassist
26-Feb-2025 22:12:26.622 INFO [localhost-startStop-1] org.hibernate.annotations.common.reflection.java.JavaReflectionManager.<clinit> HCANN000001: Hibernate Commons Annotations {4.0.5.Final}
26-Feb-2025 22:12:27.643 INFO [localhost-startStop-1] org.hibernate.dialect.Dialect.<init> HHH000400: Using dialect: org.hibernate.dialect.MySQL5Dialect
26-Feb-2025 22:12:28.130 INFO [localhost-startStop-1] org.hibernate.hql.internal.ast.ASTQueryTranslatorFactory.<init> HHH000397: Using ASTQueryTranslatorFactory
26-Feb-2025 22:12:28.965 INFO [localhost-startStop-1] org.hibernate.tool.hbm2ddl.SchemaUpdate.execute HHH000228: Running hbm2ddl schema update
26-Feb-2025 22:12:28.965 INFO [localhost-startStop-1] org.hibernate.tool.hbm2ddl.SchemaUpdate.execute HHH000102: Fetching database metadata
26-Feb-2025 22:12:29.003 INFO [localhost-startStop-1] org.hibernate.tool.hbm2ddl.SchemaUpdate.execute HHH000396: Updating schema
26-Feb-2025 22:12:29.083 INFO [localhost-startStop-1] org.hibernate.tool.hbm2ddl.TableMetadata.<init> HHH000261: Table found: chronoluxweb.banner
26-Feb-2025 22:12:29.083 INFO [localhost-startStop-1] org.hibernate.tool.hbm2ddl.TableMetadata.<init> HHH000037: Columns: [img, modified_by, caption, id, created_date, modified_date, created_by, content]
26-Feb-2025 22:12:29.083 INFO [localhost-startStop-1] org.hibernate.tool.hbm2ddl.TableMetadata.<init> HHH000108: Foreign keys: []
26-Feb-2025 22:12:29.083 INFO [localhost-startStop-1] org.hibernate.tool.hbm2ddl.TableMetadata.<init> HHH000126: Indexes: [primary]
26-Feb-2025 22:12:29.114 INFO [localhost-startStop-1] org.hibernate.tool.hbm2ddl.TableMetadata.<init> HHH000261: Table found: chronoluxweb.bill
26-Feb-2025 22:12:29.115 INFO [localhost-startStop-1] org.hibernate.tool.hbm2ddl.TableMetadata.<init> HHH000037: Columns: [note, address, quantity, gender, date_invoice, receiver_gender, modified_date, display_name, created_by, total, phone, user_id, deliverystatus, subtotal, modified_by, voucher_id, receiver_name, id, created_date, receiver_phone, email, payment_method, status]
26-Feb-2025 22:12:29.115 INFO [localhost-startStop-1] org.hibernate.tool.hbm2ddl.TableMetadata.<init> HHH000108: Foreign keys: [fk_3ac38309d899hoderihd5mh9j, fk_5my60d5u3n18y09mgqp2t6t0b]
26-Feb-2025 22:12:29.115 INFO [localhost-startStop-1] org.hibernate.tool.hbm2ddl.TableMetadata.<init> HHH000126: Indexes: [fk_3ac38309d899hoderihd5mh9j, fk_5my60d5u3n18y09mgqp2t6t0b, primary]
26-Feb-2025 22:12:29.137 INFO [localhost-startStop-1] org.hibernate.tool.hbm2ddl.TableMetadata.<init> HHH000261: Table found: chronoluxweb.bill_detail
26-Feb-2025 22:12:29.138 INFO [localhost-startStop-1] org.hibernate.tool.hbm2ddl.TableMetadata.<init> HHH000037: Columns: [bill_id, product_id]
26-Feb-2025 22:12:29.138 INFO [localhost-startStop-1] org.hibernate.tool.hbm2ddl.TableMetadata.<init> HHH000108: Foreign keys: [fk_18yn4vr4gusinr921wec1ui0w, fk_293sewgbft9miq390yfh693jm]
26-Feb-2025 22:12:29.138 INFO [localhost-startStop-1] org.hibernate.tool.hbm2ddl.TableMetadata.<init> HHH000126: Indexes: [fk_18yn4vr4gusinr921wec1ui0w, fk_293sewgbft9miq390yfh693jm]
26-Feb-2025 22:12:29.159 INFO [localhost-startStop-1] org.hibernate.tool.hbm2ddl.TableMetadata.<init> HHH000261: Table found: chronoluxweb.brand
26-Feb-2025 22:12:29.159 INFO [localhost-startStop-1] org.hibernate.tool.hbm2ddl.TableMetadata.<init> HHH000037: Columns: [icon_url, country, modified_by, name, active, banner_url, id, created_date, modified_date, created_by]
26-Feb-2025 22:12:29.160 INFO [localhost-startStop-1] org.hibernate.tool.hbm2ddl.TableMetadata.<init> HHH000108: Foreign keys: []
26-Feb-2025 22:12:29.160 INFO [localhost-startStop-1] org.hibernate.tool.hbm2ddl.TableMetadata.<init> HHH000126: Indexes: [primary]
26-Feb-2025 22:12:29.192 INFO [localhost-startStop-1] org.hibernate.tool.hbm2ddl.TableMetadata.<init> HHH000261: Table found: chronoluxweb.cart_items
26-Feb-2025 22:12:29.192 INFO [localhost-startStop-1] org.hibernate.tool.hbm2ddl.TableMetadata.<init> HHH000037: Columns: [bill_id, quantity, user_id, product_id, modified_by, id, created_date, modified_date, created_by]
26-Feb-2025 22:12:29.193 INFO [localhost-startStop-1] org.hibernate.tool.hbm2ddl.TableMetadata.<init> HHH000108: Foreign keys: [fk_b5lfwcb4iitfnl3om0kg2fvsm, fk_rjiexeah9pxvqqsl3ottu7l3i, fk_stjbkkh1eftd036p0v219glxw]
26-Feb-2025 22:12:29.193 INFO [localhost-startStop-1] org.hibernate.tool.hbm2ddl.TableMetadata.<init> HHH000126: Indexes: [fk_b5lfwcb4iitfnl3om0kg2fvsm, fk_rjiexeah9pxvqqsl3ottu7l3i, fk_stjbkkh1eftd036p0v219glxw, primary]
26-Feb-2025 22:12:29.226 INFO [localhost-startStop-1] org.hibernate.tool.hbm2ddl.TableMetadata.<init> HHH000261: Table found: chronoluxweb.comment
26-Feb-2025 22:12:29.227 INFO [localhost-startStop-1] org.hibernate.tool.hbm2ddl.TableMetadata.<init> HHH000037: Columns: [user_id, review, product_id, modified_by, name, rating, id, created_date, modified_date, created_by, img_review_url, likecount]
26-Feb-2025 22:12:29.229 INFO [localhost-startStop-1] org.hibernate.tool.hbm2ddl.TableMetadata.<init> HHH000108: Foreign keys: [fk_mxoojfj9tmy8088avf57mpm02, fk_qadidjn2h0dqbc1nseh5bo4ff]
26-Feb-2025 22:12:29.230 INFO [localhost-startStop-1] org.hibernate.tool.hbm2ddl.TableMetadata.<init> HHH000126: Indexes: [fk_mxoojfj9tmy8088avf57mpm02, fk_qadidjn2h0dqbc1nseh5bo4ff, primary]
26-Feb-2025 22:12:29.237 INFO [localhost-startStop-1] org.hibernate.tool.hbm2ddl.DatabaseMetadata.getTableMetadata HHH000262: Table not found: comment_likes 
26-Feb-2025 22:12:29.273 INFO [localhost-startStop-1] org.hibernate.tool.hbm2ddl.TableMetadata.<init> HHH000261: Table found: chronoluxweb.corporation
26-Feb-2025 22:12:29.274 INFO [localhost-startStop-1] org.hibernate.tool.hbm2ddl.TableMetadata.<init> HHH000037: Columns: [address, img_url, phone, modified_by, about, id, created_date, modified_date, created_by, email, policy]
26-Feb-2025 22:12:29.274 INFO [localhost-startStop-1] org.hibernate.tool.hbm2ddl.TableMetadata.<init> HHH000108: Foreign keys: []
26-Feb-2025 22:12:29.275 INFO [localhost-startStop-1] org.hibernate.tool.hbm2ddl.TableMetadata.<init> HHH000126: Indexes: [primary]
26-Feb-2025 22:12:29.304 INFO [localhost-startStop-1] org.hibernate.tool.hbm2ddl.TableMetadata.<init> HHH000261: Table found: chronoluxweb.notification
26-Feb-2025 22:12:29.304 INFO [localhost-startStop-1] org.hibernate.tool.hbm2ddl.TableMetadata.<init> HHH000037: Columns: [modified_by, id, created_date, modified_date, title, comment_id, created_by, status]
26-Feb-2025 22:12:29.304 INFO [localhost-startStop-1] org.hibernate.tool.hbm2ddl.TableMetadata.<init> HHH000108: Foreign keys: [fk_inxhsk5bf6gpm7b41orsar7fc]
26-Feb-2025 22:12:29.304 INFO [localhost-startStop-1] org.hibernate.tool.hbm2ddl.TableMetadata.<init> HHH000126: Indexes: [fk_inxhsk5bf6gpm7b41orsar7fc, primary]
26-Feb-2025 22:12:29.324 INFO [localhost-startStop-1] org.hibernate.tool.hbm2ddl.TableMetadata.<init> HHH000261: Table found: chronoluxweb.notification_user
26-Feb-2025 22:12:29.324 INFO [localhost-startStop-1] org.hibernate.tool.hbm2ddl.TableMetadata.<init> HHH000037: Columns: [user_id, notification_id]
26-Feb-2025 22:12:29.324 INFO [localhost-startStop-1] org.hibernate.tool.hbm2ddl.TableMetadata.<init> HHH000108: Foreign keys: [fk_7iq8wfwh6nrr9x0x8555uk4ux, fk_s31layrkoj2djejiewv2upr8v]
26-Feb-2025 22:12:29.324 INFO [localhost-startStop-1] org.hibernate.tool.hbm2ddl.TableMetadata.<init> HHH000126: Indexes: [fk_7iq8wfwh6nrr9x0x8555uk4ux, primary]
26-Feb-2025 22:12:29.344 INFO [localhost-startStop-1] org.hibernate.tool.hbm2ddl.TableMetadata.<init> HHH000261: Table found: chronoluxweb.product
26-Feb-2025 22:12:29.344 INFO [localhost-startStop-1] org.hibernate.tool.hbm2ddl.TableMetadata.<init> HHH000037: Columns: [gender, thickness, watch_type, active, description, face_size, modified_date, created_by, glass_material, img_url, price, product_line_id, modified_by, name, id, created_date, strap_material, water_resistant, instock]
26-Feb-2025 22:12:29.345 INFO [localhost-startStop-1] org.hibernate.tool.hbm2ddl.TableMetadata.<init> HHH000108: Foreign keys: [fk_r2322tdtoib5u3jdxpcvrmb59]
26-Feb-2025 22:12:29.345 INFO [localhost-startStop-1] org.hibernate.tool.hbm2ddl.TableMetadata.<init> HHH000126: Indexes: [fk_r2322tdtoib5u3jdxpcvrmb59, primary]
26-Feb-2025 22:12:29.349 INFO [localhost-startStop-1] org.hibernate.tool.hbm2ddl.DatabaseMetadata.getTableMetadata HHH000262: Table not found: product_bill_snapshot
26-Feb-2025 22:12:29.369 INFO [localhost-startStop-1] org.hibernate.tool.hbm2ddl.TableMetadata.<init> HHH000261: Table found: chronoluxweb.product_line
26-Feb-2025 22:12:29.370 INFO [localhost-startStop-1] org.hibernate.tool.hbm2ddl.TableMetadata.<init> HHH000037: Columns: [warranty_id, icon_url, modified_by, name, active, banner_url, id, created_date, modified_date, created_by, brand_id]
26-Feb-2025 22:12:29.370 INFO [localhost-startStop-1] org.hibernate.tool.hbm2ddl.TableMetadata.<init> HHH000108: Foreign keys: [fk_9pruqelwj7dp7lts8ulqyyc6a, fk_7y3l8d1q27c4ji42wmi538fuy]
26-Feb-2025 22:12:29.371 INFO [localhost-startStop-1] org.hibernate.tool.hbm2ddl.TableMetadata.<init> HHH000126: Indexes: [fk_9pruqelwj7dp7lts8ulqyyc6a, fk_7y3l8d1q27c4ji42wmi538fuy, primary]
26-Feb-2025 22:12:29.387 INFO [localhost-startStop-1] org.hibernate.tool.hbm2ddl.TableMetadata.<init> HHH000261: Table found: chronoluxweb.role
26-Feb-2025 22:12:29.388 INFO [localhost-startStop-1] org.hibernate.tool.hbm2ddl.TableMetadata.<init> HHH000037: Columns: [code, modified_by, name, id, created_date, modified_date, created_by]
26-Feb-2025 22:12:29.388 INFO [localhost-startStop-1] org.hibernate.tool.hbm2ddl.TableMetadata.<init> HHH000108: Foreign keys: []
26-Feb-2025 22:12:29.388 INFO [localhost-startStop-1] org.hibernate.tool.hbm2ddl.TableMetadata.<init> HHH000126: Indexes: [primary]
26-Feb-2025 22:12:29.409 INFO [localhost-startStop-1] org.hibernate.tool.hbm2ddl.TableMetadata.<init> HHH000261: Table found: chronoluxweb.role_detail
26-Feb-2025 22:12:29.409 INFO [localhost-startStop-1] org.hibernate.tool.hbm2ddl.TableMetadata.<init> HHH000037: Columns: [user_id, role_id]
26-Feb-2025 22:12:29.409 INFO [localhost-startStop-1] org.hibernate.tool.hbm2ddl.TableMetadata.<init> HHH000108: Foreign keys: [fk_ow0q9sejbk6oqkop7d9crqbu1, fk_c947jy7nux8c23q2mg1op1ucf]
26-Feb-2025 22:12:29.409 INFO [localhost-startStop-1] org.hibernate.tool.hbm2ddl.TableMetadata.<init> HHH000126: Indexes: [fk_ow0q9sejbk6oqkop7d9crqbu1, fk_c947jy7nux8c23q2mg1op1ucf, primary]
26-Feb-2025 22:12:29.439 INFO [localhost-startStop-1] org.hibernate.tool.hbm2ddl.TableMetadata.<init> HHH000261: Table found: chronoluxweb.user
26-Feb-2025 22:12:29.440 INFO [localhost-startStop-1] org.hibernate.tool.hbm2ddl.TableMetadata.<init> HHH000037: Columns: [modified_date, created_by, reset_password_token, password, img_url, modified_by, voucher_id, id, created_date, fullname, email, status, username]
26-Feb-2025 22:12:29.440 INFO [localhost-startStop-1] org.hibernate.tool.hbm2ddl.TableMetadata.<init> HHH000108: Foreign keys: [fk_ds7rq2hnw61wsi429c3p6xhy6]
26-Feb-2025 22:12:29.440 INFO [localhost-startStop-1] org.hibernate.tool.hbm2ddl.TableMetadata.<init> HHH000126: Indexes: [fk_ds7rq2hnw61wsi429c3p6xhy6, primary]
26-Feb-2025 22:12:29.466 INFO [localhost-startStop-1] org.hibernate.tool.hbm2ddl.TableMetadata.<init> HHH000261: Table found: chronoluxweb.voucher
26-Feb-2025 22:12:29.467 INFO [localhost-startStop-1] org.hibernate.tool.hbm2ddl.TableMetadata.<init> HHH000037: Columns: [end_day, code, begin_day, modified_by, discount, id, created_date, modified_date, type, created_by]
26-Feb-2025 22:12:29.468 INFO [localhost-startStop-1] org.hibernate.tool.hbm2ddl.TableMetadata.<init> HHH000108: Foreign keys: []
26-Feb-2025 22:12:29.468 INFO [localhost-startStop-1] org.hibernate.tool.hbm2ddl.TableMetadata.<init> HHH000126: Indexes: [primary]
26-Feb-2025 22:12:29.494 INFO [localhost-startStop-1] org.hibernate.tool.hbm2ddl.TableMetadata.<init> HHH000261: Table found: chronoluxweb.warranty
26-Feb-2025 22:12:29.494 INFO [localhost-startStop-1] org.hibernate.tool.hbm2ddl.TableMetadata.<init> HHH000037: Columns: [modified_by, id, created_date, modified_date, created_by, content]
26-Feb-2025 22:12:29.495 INFO [localhost-startStop-1] org.hibernate.tool.hbm2ddl.TableMetadata.<init> HHH000108: Foreign keys: []
26-Feb-2025 22:12:29.495 INFO [localhost-startStop-1] org.hibernate.tool.hbm2ddl.TableMetadata.<init> HHH000126: Indexes: [primary]
26-Feb-2025 22:12:29.500 INFO [localhost-startStop-1] org.hibernate.tool.hbm2ddl.DatabaseMetadata.getTableMetadata HHH000262: Table not found: comment_likes 
26-Feb-2025 22:12:29.505 INFO [localhost-startStop-1] org.hibernate.tool.hbm2ddl.DatabaseMetadata.getTableMetadata HHH000262: Table not found: product_bill_snapshot
26-Feb-2025 22:12:29.509 INFO [localhost-startStop-1] org.hibernate.tool.hbm2ddl.DatabaseMetadata.getTableMetadata HHH000262: Table not found: comment_likes 
26-Feb-2025 22:12:29.516 INFO [localhost-startStop-1] org.hibernate.tool.hbm2ddl.DatabaseMetadata.getTableMetadata HHH000262: Table not found: product_bill_snapshot
26-Feb-2025 22:12:29.564 ERROR [localhost-startStop-1] org.hibernate.tool.hbm2ddl.SchemaUpdate.execute HHH000388: Unsuccessful: alter table banner add column  modified_date datetime
26-Feb-2025 22:12:29.565 ERROR [localhost-startStop-1] org.hibernate.tool.hbm2ddl.SchemaUpdate.execute Duplicate column name 'modified_date'
26-Feb-2025 22:12:29.568 ERROR [localhost-startStop-1] org.hibernate.tool.hbm2ddl.SchemaUpdate.execute HHH000388: Unsuccessful: alter table bill add column  modified_date datetime
26-Feb-2025 22:12:29.568 ERROR [localhost-startStop-1] org.hibernate.tool.hbm2ddl.SchemaUpdate.execute Duplicate column name 'modified_date'
26-Feb-2025 22:12:29.570 ERROR [localhost-startStop-1] org.hibernate.tool.hbm2ddl.SchemaUpdate.execute HHH000388: Unsuccessful: alter table brand add column  modified_date datetime
26-Feb-2025 22:12:29.571 ERROR [localhost-startStop-1] org.hibernate.tool.hbm2ddl.SchemaUpdate.execute Duplicate column name 'modified_date'
26-Feb-2025 22:12:29.572 ERROR [localhost-startStop-1] org.hibernate.tool.hbm2ddl.SchemaUpdate.execute HHH000388: Unsuccessful: alter table cart_items add column  modified_date datetime
26-Feb-2025 22:12:29.573 ERROR [localhost-startStop-1] org.hibernate.tool.hbm2ddl.SchemaUpdate.execute Duplicate column name 'modified_date'
26-Feb-2025 22:12:29.574 ERROR [localhost-startStop-1] org.hibernate.tool.hbm2ddl.SchemaUpdate.execute HHH000388: Unsuccessful: alter table comment add column  modified_date datetime
26-Feb-2025 22:12:29.575 ERROR [localhost-startStop-1] org.hibernate.tool.hbm2ddl.SchemaUpdate.execute Duplicate column name 'modified_date'
26-Feb-2025 22:12:29.576 ERROR [localhost-startStop-1] org.hibernate.tool.hbm2ddl.SchemaUpdate.execute HHH000388: Unsuccessful: create table comment_likes  (user_id bigint not null, comment_id bigint not null)
26-Feb-2025 22:12:29.576 ERROR [localhost-startStop-1] org.hibernate.tool.hbm2ddl.SchemaUpdate.execute Table 'comment_likes' already exists
26-Feb-2025 22:12:29.577 ERROR [localhost-startStop-1] org.hibernate.tool.hbm2ddl.SchemaUpdate.execute HHH000388: Unsuccessful: alter table corporation add column  modified_date datetime
26-Feb-2025 22:12:29.577 ERROR [localhost-startStop-1] org.hibernate.tool.hbm2ddl.SchemaUpdate.execute Duplicate column name 'modified_date'
26-Feb-2025 22:12:29.580 ERROR [localhost-startStop-1] org.hibernate.tool.hbm2ddl.SchemaUpdate.execute HHH000388: Unsuccessful: alter table notification add column  modified_date datetime
26-Feb-2025 22:12:29.580 ERROR [localhost-startStop-1] org.hibernate.tool.hbm2ddl.SchemaUpdate.execute Duplicate column name 'modified_date'
26-Feb-2025 22:12:29.581 ERROR [localhost-startStop-1] org.hibernate.tool.hbm2ddl.SchemaUpdate.execute HHH000388: Unsuccessful: alter table product add column  modified_date datetime
26-Feb-2025 22:12:29.582 ERROR [localhost-startStop-1] org.hibernate.tool.hbm2ddl.SchemaUpdate.execute Duplicate column name 'modified_date'
26-Feb-2025 22:12:29.613 ERROR [localhost-startStop-1] org.hibernate.tool.hbm2ddl.SchemaUpdate.execute HHH000388: Unsuccessful: alter table product_line add column  modified_date datetime
26-Feb-2025 22:12:29.614 ERROR [localhost-startStop-1] org.hibernate.tool.hbm2ddl.SchemaUpdate.execute Duplicate column name 'modified_date'
26-Feb-2025 22:12:29.616 ERROR [localhost-startStop-1] org.hibernate.tool.hbm2ddl.SchemaUpdate.execute HHH000388: Unsuccessful: alter table role add column  modified_date datetime
26-Feb-2025 22:12:29.616 ERROR [localhost-startStop-1] org.hibernate.tool.hbm2ddl.SchemaUpdate.execute Duplicate column name 'modified_date'
26-Feb-2025 22:12:29.621 ERROR [localhost-startStop-1] org.hibernate.tool.hbm2ddl.SchemaUpdate.execute HHH000388: Unsuccessful: alter table user add column  modified_date datetime
26-Feb-2025 22:12:29.621 ERROR [localhost-startStop-1] org.hibernate.tool.hbm2ddl.SchemaUpdate.execute Duplicate column name 'modified_date'
26-Feb-2025 22:12:29.623 ERROR [localhost-startStop-1] org.hibernate.tool.hbm2ddl.SchemaUpdate.execute HHH000388: Unsuccessful: alter table voucher add column  modified_date datetime
26-Feb-2025 22:12:29.624 ERROR [localhost-startStop-1] org.hibernate.tool.hbm2ddl.SchemaUpdate.execute Duplicate column name 'modified_date'
26-Feb-2025 22:12:29.627 ERROR [localhost-startStop-1] org.hibernate.tool.hbm2ddl.SchemaUpdate.execute HHH000388: Unsuccessful: alter table warranty add column  modified_date datetime
26-Feb-2025 22:12:29.627 ERROR [localhost-startStop-1] org.hibernate.tool.hbm2ddl.SchemaUpdate.execute Duplicate column name 'modified_date'
26-Feb-2025 22:12:29.630 ERROR [localhost-startStop-1] org.hibernate.tool.hbm2ddl.SchemaUpdate.execute HHH000388: Unsuccessful: alter table comment_likes  add constraint FK_otdfwsv11rsp31db2vtsleorj foreign key (comment_id) references comment (id)
26-Feb-2025 22:12:29.630 ERROR [localhost-startStop-1] org.hibernate.tool.hbm2ddl.SchemaUpdate.execute Duplicate foreign key constraint name 'FK_otdfwsv11rsp31db2vtsleorj'
26-Feb-2025 22:12:29.633 ERROR [localhost-startStop-1] org.hibernate.tool.hbm2ddl.SchemaUpdate.execute HHH000388: Unsuccessful: alter table comment_likes  add constraint FK_388y4xoc6shuc5ejnr40kdeoc foreign key (user_id) references user (id)
26-Feb-2025 22:12:29.634 ERROR [localhost-startStop-1] org.hibernate.tool.hbm2ddl.SchemaUpdate.execute Duplicate foreign key constraint name 'FK_388y4xoc6shuc5ejnr40kdeoc'
26-Feb-2025 22:12:29.728 INFO [localhost-startStop-1] org.hibernate.tool.hbm2ddl.SchemaUpdate.execute HHH000232: Schema update complete
26-Feb-2025 22:12:35.758 INFO [localhost-startStop-1] org.apache.catalina.startup.HostConfig.deployDescriptor Deployment of deployment descriptor [I:\JAVA SPRING\Learn Spring\ChronoLuxWebsite\src\main\webapp\conf\Catalina\localhost\ChronoLuxWeb.xml] has finished in [18,096] ms
26-Feb-2025 22:12:35.762 INFO [main] org.apache.coyote.AbstractProtocol.start Starting ProtocolHandler ["http-nio-8080"]
26-Feb-2025 22:12:35.791 INFO [main] org.apache.catalina.startup.Catalina.start Server startup in 18240 ms
