24-Mar-2025 21:20:20.070 INFO [main] org.apache.catalina.startup.VersionLoggerListener.log Server version name:   Apache Tomcat/8.5.92
24-Mar-2025 21:20:20.099 INFO [main] org.apache.catalina.startup.VersionLoggerListener.log Server built:          Aug 9 2023 11:22:56 UTC
24-Mar-2025 21:20:20.100 INFO [main] org.apache.catalina.startup.VersionLoggerListener.log Server version number: 8.5.92.0
24-Mar-2025 21:20:20.100 INFO [main] org.apache.catalina.startup.VersionLoggerListener.log OS Name:               Windows 10
24-Mar-2025 21:20:20.100 INFO [main] org.apache.catalina.startup.VersionLoggerListener.log OS Version:            10.0
24-Mar-2025 21:20:20.101 INFO [main] org.apache.catalina.startup.VersionLoggerListener.log Architecture:          amd64
24-Mar-2025 21:20:20.102 INFO [main] org.apache.catalina.startup.VersionLoggerListener.log Java Home:             E:\SETUP_PROJECT\JAVA\JDK\jdk-21.0.5+11
24-Mar-2025 21:20:20.102 INFO [main] org.apache.catalina.startup.VersionLoggerListener.log JVM Version:           21.0.5+11-LTS
24-Mar-2025 21:20:20.102 INFO [main] org.apache.catalina.startup.VersionLoggerListener.log JVM Vendor:            Eclipse Adoptium
24-Mar-2025 21:20:20.104 INFO [main] org.apache.catalina.startup.VersionLoggerListener.log CATALINA_BASE:         I:\JAVA SPRING\Learn Spring\ChronoLuxWebsite\src\main\webapp
24-Mar-2025 21:20:20.104 INFO [main] org.apache.catalina.startup.VersionLoggerListener.log CATALINA_HOME:         G:\apache-tomcat-8.5.92
24-Mar-2025 21:20:20.105 INFO [main] org.apache.catalina.startup.VersionLoggerListener.log Command line argument: --add-opens=java.base/java.lang=ALL-UNNAMED
24-Mar-2025 21:20:20.105 INFO [main] org.apache.catalina.startup.VersionLoggerListener.log Command line argument: --add-opens=java.base/java.io=ALL-UNNAMED
24-Mar-2025 21:20:20.105 INFO [main] org.apache.catalina.startup.VersionLoggerListener.log Command line argument: --add-opens=java.base/java.util=ALL-UNNAMED
24-Mar-2025 21:20:20.105 INFO [main] org.apache.catalina.startup.VersionLoggerListener.log Command line argument: --add-opens=java.base/java.util.concurrent=ALL-UNNAMED
24-Mar-2025 21:20:20.105 INFO [main] org.apache.catalina.startup.VersionLoggerListener.log Command line argument: --add-opens=java.rmi/sun.rmi.transport=ALL-UNNAMED
24-Mar-2025 21:20:20.106 INFO [main] org.apache.catalina.startup.VersionLoggerListener.log Command line argument: -Dcatalina.home=G:\apache-tomcat-8.5.92
24-Mar-2025 21:20:20.107 INFO [main] org.apache.catalina.startup.VersionLoggerListener.log Command line argument: -Dcatalina.base=I:\JAVA SPRING\Learn Spring\ChronoLuxWebsite\src\main\webapp
24-Mar-2025 21:20:20.107 INFO [main] org.apache.catalina.startup.VersionLoggerListener.log Command line argument: -Djava.io.tmpdir=I:\JAVA SPRING\Learn Spring\ChronoLuxWebsite\src\main\webapp\temp
24-Mar-2025 21:20:20.109 INFO [main] org.apache.catalina.startup.VersionLoggerListener.log Command line argument: -Djava.util.logging.config.file=I:\JAVA SPRING\Learn Spring\ChronoLuxWebsite\src\main\webapp\conf\logging.properties
24-Mar-2025 21:20:20.109 INFO [main] org.apache.catalina.startup.VersionLoggerListener.log Command line argument: -Djava.util.logging.manager=org.apache.juli.ClassLoaderLogManager
24-Mar-2025 21:20:20.109 INFO [main] org.apache.catalina.startup.VersionLoggerListener.log Command line argument: -javaagent:C:\Program Files\JetBrains\IntelliJ IDEA 2024.3\lib\idea_rt.jar=54559:C:\Program Files\JetBrains\IntelliJ IDEA 2024.3\bin
24-Mar-2025 21:20:20.110 INFO [main] org.apache.catalina.startup.VersionLoggerListener.log Command line argument: -Dfile.encoding=UTF-8
24-Mar-2025 21:20:20.110 INFO [main] org.apache.catalina.startup.VersionLoggerListener.log Command line argument: -Dsun.stdout.encoding=UTF-8
24-Mar-2025 21:20:20.110 INFO [main] org.apache.catalina.startup.VersionLoggerListener.log Command line argument: -Dsun.stderr.encoding=UTF-8
24-Mar-2025 21:20:20.111 INFO [main] org.apache.catalina.core.AprLifecycleListener.lifecycleEvent The Apache Tomcat Native library which allows using OpenSSL was not found on the java.library.path: [E:\SETUP_PROJECT\JAVA\JDK\jdk-21.0.5+11\bin;C:\Windows\Sun\Java\bin;C:\Windows\system32;C:\Windows;C:\Program Files (x86)\Common Files\Oracle\Java\javapath;E:\SETUP_PROJECT\PYTHON\Python_3.10.11\Scripts\;E:\SETUP_PROJECT\PYTHON\Python_3.10.11\;C:\Program Files\Microsoft MPI\Bin\;E:\SETUP_PROJECT\PYTHON\Python_3.13.0\Scripts\;E:\SETUP_PROJECT\PYTHON\Python_3.13.0\;C:\Windows\system32;C:\Windows;C:\Windows\System32\Wbem;C:\Windows\System32\WindowsPowerShell\v1.0\;C:\Windows\System32\OpenSSH\;C:\Program Files\Git\cmd;C:\Program Files\dotnet\;C:\Program Files (x86)\Windows Kits\10\Windows Performance Toolkit\;E:\SETUP_PROJECT\JAVA\JDK\jdk-21.0.5+11\bin;C:\Program Files (x86)\Microsoft SQL Server\160\Tools\Binn\;C:\Program Files\Microsoft SQL Server\160\Tools\Binn\;C:\Program Files\Microsoft SQL Server\Client SDK\ODBC\170\Tools\Binn\;C:\Program Files\Microsoft SQL Server\160\DTS\Binn\;C:\Program Files (x86)\Microsoft SQL Server\160\DTS\Binn\;C:\Program Files\nodejs\;C:\Program Files\Docker\Docker\resources\bin;C:\Users\Admin\AppData\Local\Microsoft\WindowsApps;C:\Users\Admin\AppData\Local\Programs\Microsoft VS Code\bin;C:\Users\Admin\.dotnet\tools;C:\Users\Admin\AppData\Roaming\npm;.]
24-Mar-2025 21:20:20.348 INFO [main] org.apache.coyote.AbstractProtocol.init Initializing ProtocolHandler ["http-nio-8080"]
24-Mar-2025 21:20:20.459 INFO [main] org.apache.catalina.startup.Catalina.load Initialization processed in 1540 ms
24-Mar-2025 21:20:20.648 INFO [main] org.apache.catalina.core.StandardService.startInternal Starting service [Catalina]
24-Mar-2025 21:20:20.649 INFO [main] org.apache.catalina.core.StandardEngine.startInternal Starting Servlet engine: [Apache Tomcat/8.5.92]
24-Mar-2025 21:20:20.690 INFO [localhost-startStop-1] org.apache.catalina.startup.HostConfig.deployDescriptor Deploying deployment descriptor [I:\JAVA SPRING\Learn Spring\ChronoLuxWebsite\src\main\webapp\conf\Catalina\localhost\ChronoLuxWeb.xml]
24-Mar-2025 21:20:41.878 INFO [localhost-startStop-1] org.apache.jasper.servlet.TldScanner.scanJars At least one JAR was scanned for TLDs yet contained no TLDs. Enable debug logging for this logger for a complete list of JARs that were scanned but no TLDs were found in them. Skipping unneeded JARs during scanning can improve startup time and JSP compilation time.
24-Mar-2025 21:20:45.322 INFO [localhost-startStop-1] org.hibernate.jpa.internal.util.LogHelper.logPersistenceUnitInformation HHH000204: Processing PersistenceUnitInfo [
	name: persistence-data
	...]
24-Mar-2025 21:20:45.813 INFO [localhost-startStop-1] org.hibernate.Version.logVersion HHH000412: Hibernate Core {4.3.6.Final}
24-Mar-2025 21:20:45.821 INFO [localhost-startStop-1] org.hibernate.cfg.Environment.<clinit> HHH000206: hibernate.properties not found
24-Mar-2025 21:20:45.826 INFO [localhost-startStop-1] org.hibernate.cfg.Environment.buildBytecodeProvider HHH000021: Bytecode provider name : javassist
24-Mar-2025 21:20:46.584 INFO [localhost-startStop-1] org.hibernate.annotations.common.reflection.java.JavaReflectionManager.<clinit> HCANN000001: Hibernate Commons Annotations {4.0.5.Final}
24-Mar-2025 21:20:47.941 INFO [localhost-startStop-1] org.hibernate.dialect.Dialect.<init> HHH000400: Using dialect: org.hibernate.dialect.MySQL5Dialect
24-Mar-2025 21:20:48.558 INFO [localhost-startStop-1] org.hibernate.hql.internal.ast.ASTQueryTranslatorFactory.<init> HHH000397: Using ASTQueryTranslatorFactory
24-Mar-2025 21:20:49.718 INFO [localhost-startStop-1] org.hibernate.tool.hbm2ddl.SchemaUpdate.execute HHH000228: Running hbm2ddl schema update
24-Mar-2025 21:20:49.718 INFO [localhost-startStop-1] org.hibernate.tool.hbm2ddl.SchemaUpdate.execute HHH000102: Fetching database metadata
24-Mar-2025 21:20:49.750 INFO [localhost-startStop-1] org.hibernate.tool.hbm2ddl.SchemaUpdate.execute HHH000396: Updating schema
24-Mar-2025 21:20:49.831 INFO [localhost-startStop-1] org.hibernate.tool.hbm2ddl.TableMetadata.<init> HHH000261: Table found: chronoluxweb.banner
24-Mar-2025 21:20:49.832 INFO [localhost-startStop-1] org.hibernate.tool.hbm2ddl.TableMetadata.<init> HHH000037: Columns: [img, modified_by, caption, id, created_date, modified_date, created_by, content]
24-Mar-2025 21:20:49.832 INFO [localhost-startStop-1] org.hibernate.tool.hbm2ddl.TableMetadata.<init> HHH000108: Foreign keys: []
24-Mar-2025 21:20:49.833 INFO [localhost-startStop-1] org.hibernate.tool.hbm2ddl.TableMetadata.<init> HHH000126: Indexes: [primary]
24-Mar-2025 21:20:49.877 INFO [localhost-startStop-1] org.hibernate.tool.hbm2ddl.TableMetadata.<init> HHH000261: Table found: chronoluxweb.bill
24-Mar-2025 21:20:49.877 INFO [localhost-startStop-1] org.hibernate.tool.hbm2ddl.TableMetadata.<init> HHH000037: Columns: [note, address, quantity, gender, date_invoice, receiver_gender, modified_date, display_name, created_by, total, cancel_reason, phone, user_id, deliverystatus, subtotal, modified_by, voucher_id, receiver_name, id, created_date, receiver_phone, email, payment_method, status]
24-Mar-2025 21:20:49.877 INFO [localhost-startStop-1] org.hibernate.tool.hbm2ddl.TableMetadata.<init> HHH000108: Foreign keys: [fk_3ac38309d899hoderihd5mh9j, fk_5my60d5u3n18y09mgqp2t6t0b]
24-Mar-2025 21:20:49.877 INFO [localhost-startStop-1] org.hibernate.tool.hbm2ddl.TableMetadata.<init> HHH000126: Indexes: [fk_3ac38309d899hoderihd5mh9j, fk_5my60d5u3n18y09mgqp2t6t0b, primary]
24-Mar-2025 21:20:49.917 INFO [localhost-startStop-1] org.hibernate.tool.hbm2ddl.TableMetadata.<init> HHH000261: Table found: chronoluxweb.bill_detail
24-Mar-2025 21:20:49.917 INFO [localhost-startStop-1] org.hibernate.tool.hbm2ddl.TableMetadata.<init> HHH000037: Columns: [bill_id, product_id]
24-Mar-2025 21:20:49.917 INFO [localhost-startStop-1] org.hibernate.tool.hbm2ddl.TableMetadata.<init> HHH000108: Foreign keys: []
24-Mar-2025 21:20:49.918 INFO [localhost-startStop-1] org.hibernate.tool.hbm2ddl.TableMetadata.<init> HHH000126: Indexes: []
24-Mar-2025 21:20:49.961 INFO [localhost-startStop-1] org.hibernate.tool.hbm2ddl.TableMetadata.<init> HHH000261: Table found: chronoluxweb.brand
24-Mar-2025 21:20:49.962 INFO [localhost-startStop-1] org.hibernate.tool.hbm2ddl.TableMetadata.<init> HHH000037: Columns: [icon_url, country, modified_by, name, active, banner_url, id, created_date, modified_date, created_by]
24-Mar-2025 21:20:49.962 INFO [localhost-startStop-1] org.hibernate.tool.hbm2ddl.TableMetadata.<init> HHH000108: Foreign keys: []
24-Mar-2025 21:20:49.962 INFO [localhost-startStop-1] org.hibernate.tool.hbm2ddl.TableMetadata.<init> HHH000126: Indexes: [primary]
24-Mar-2025 21:20:50.008 INFO [localhost-startStop-1] org.hibernate.tool.hbm2ddl.TableMetadata.<init> HHH000261: Table found: chronoluxweb.cart_items
24-Mar-2025 21:20:50.009 INFO [localhost-startStop-1] org.hibernate.tool.hbm2ddl.TableMetadata.<init> HHH000037: Columns: [bill_id, quantity, user_id, product_id, modified_by, id, created_date, modified_date, created_by]
24-Mar-2025 21:20:50.009 INFO [localhost-startStop-1] org.hibernate.tool.hbm2ddl.TableMetadata.<init> HHH000108: Foreign keys: [fk_b5lfwcb4iitfnl3om0kg2fvsm, fk_rjiexeah9pxvqqsl3ottu7l3i, fk_stjbkkh1eftd036p0v219glxw]
24-Mar-2025 21:20:50.009 INFO [localhost-startStop-1] org.hibernate.tool.hbm2ddl.TableMetadata.<init> HHH000126: Indexes: [fk_b5lfwcb4iitfnl3om0kg2fvsm, fk_rjiexeah9pxvqqsl3ottu7l3i, fk_stjbkkh1eftd036p0v219glxw, primary]
24-Mar-2025 21:20:50.063 INFO [localhost-startStop-1] org.hibernate.tool.hbm2ddl.TableMetadata.<init> HHH000261: Table found: chronoluxweb.comment
24-Mar-2025 21:20:50.063 INFO [localhost-startStop-1] org.hibernate.tool.hbm2ddl.TableMetadata.<init> HHH000037: Columns: [user_id, review, product_id, modified_by, name, rating, id, created_date, modified_date, created_by, img_review_url, likecount]
24-Mar-2025 21:20:50.064 INFO [localhost-startStop-1] org.hibernate.tool.hbm2ddl.TableMetadata.<init> HHH000108: Foreign keys: [fk_mxoojfj9tmy8088avf57mpm02, fk_qadidjn2h0dqbc1nseh5bo4ff]
24-Mar-2025 21:20:50.064 INFO [localhost-startStop-1] org.hibernate.tool.hbm2ddl.TableMetadata.<init> HHH000126: Indexes: [fk_mxoojfj9tmy8088avf57mpm02, fk_qadidjn2h0dqbc1nseh5bo4ff, primary]
24-Mar-2025 21:20:50.074 INFO [localhost-startStop-1] org.hibernate.tool.hbm2ddl.DatabaseMetadata.getTableMetadata HHH000262: Table not found: comment_likes 
24-Mar-2025 21:20:50.107 INFO [localhost-startStop-1] org.hibernate.tool.hbm2ddl.TableMetadata.<init> HHH000261: Table found: chronoluxweb.corporation
24-Mar-2025 21:20:50.107 INFO [localhost-startStop-1] org.hibernate.tool.hbm2ddl.TableMetadata.<init> HHH000037: Columns: [address, img_url, phone, modified_by, about, id, created_date, modified_date, created_by, email, policy]
24-Mar-2025 21:20:50.107 INFO [localhost-startStop-1] org.hibernate.tool.hbm2ddl.TableMetadata.<init> HHH000108: Foreign keys: []
24-Mar-2025 21:20:50.108 INFO [localhost-startStop-1] org.hibernate.tool.hbm2ddl.TableMetadata.<init> HHH000126: Indexes: [primary]
24-Mar-2025 21:20:50.135 INFO [localhost-startStop-1] org.hibernate.tool.hbm2ddl.TableMetadata.<init> HHH000261: Table found: chronoluxweb.notification
24-Mar-2025 21:20:50.135 INFO [localhost-startStop-1] org.hibernate.tool.hbm2ddl.TableMetadata.<init> HHH000037: Columns: [modified_by, id, created_date, modified_date, title, comment_id, created_by, status]
24-Mar-2025 21:20:50.136 INFO [localhost-startStop-1] org.hibernate.tool.hbm2ddl.TableMetadata.<init> HHH000108: Foreign keys: [fk_inxhsk5bf6gpm7b41orsar7fc]
24-Mar-2025 21:20:50.136 INFO [localhost-startStop-1] org.hibernate.tool.hbm2ddl.TableMetadata.<init> HHH000126: Indexes: [fk_inxhsk5bf6gpm7b41orsar7fc, primary]
24-Mar-2025 21:20:50.163 INFO [localhost-startStop-1] org.hibernate.tool.hbm2ddl.TableMetadata.<init> HHH000261: Table found: chronoluxweb.notification_user
24-Mar-2025 21:20:50.163 INFO [localhost-startStop-1] org.hibernate.tool.hbm2ddl.TableMetadata.<init> HHH000037: Columns: [user_id, notification_id]
24-Mar-2025 21:20:50.164 INFO [localhost-startStop-1] org.hibernate.tool.hbm2ddl.TableMetadata.<init> HHH000108: Foreign keys: [fk_7iq8wfwh6nrr9x0x8555uk4ux, fk_s31layrkoj2djejiewv2upr8v]
24-Mar-2025 21:20:50.164 INFO [localhost-startStop-1] org.hibernate.tool.hbm2ddl.TableMetadata.<init> HHH000126: Indexes: [fk_7iq8wfwh6nrr9x0x8555uk4ux, primary]
24-Mar-2025 21:20:50.191 INFO [localhost-startStop-1] org.hibernate.tool.hbm2ddl.TableMetadata.<init> HHH000261: Table found: chronoluxweb.product
24-Mar-2025 21:20:50.191 INFO [localhost-startStop-1] org.hibernate.tool.hbm2ddl.TableMetadata.<init> HHH000037: Columns: [gender, thickness, watch_type, active, description, face_size, modified_date, created_by, glass_material, img_url, price, product_line_id, modified_by, name, id, created_date, strap_material, water_resistant, instock]
24-Mar-2025 21:20:50.192 INFO [localhost-startStop-1] org.hibernate.tool.hbm2ddl.TableMetadata.<init> HHH000108: Foreign keys: [fk_r2322tdtoib5u3jdxpcvrmb59]
24-Mar-2025 21:20:50.192 INFO [localhost-startStop-1] org.hibernate.tool.hbm2ddl.TableMetadata.<init> HHH000126: Indexes: [fk_r2322tdtoib5u3jdxpcvrmb59, primary]
24-Mar-2025 21:20:50.225 INFO [localhost-startStop-1] org.hibernate.tool.hbm2ddl.TableMetadata.<init> HHH000261: Table found: chronoluxweb.product_bill_snapshot
24-Mar-2025 21:20:50.226 INFO [localhost-startStop-1] org.hibernate.tool.hbm2ddl.TableMetadata.<init> HHH000037: Columns: [bill_id, imgurl, quantity, price, modified_by, productname, id, created_date, modified_date, created_by]
24-Mar-2025 21:20:50.226 INFO [localhost-startStop-1] org.hibernate.tool.hbm2ddl.TableMetadata.<init> HHH000108: Foreign keys: [fk_k3odv227tmhs8b4pa028vrwg2]
24-Mar-2025 21:20:50.226 INFO [localhost-startStop-1] org.hibernate.tool.hbm2ddl.TableMetadata.<init> HHH000126: Indexes: [fk_k3odv227tmhs8b4pa028vrwg2, primary]
24-Mar-2025 21:20:50.262 INFO [localhost-startStop-1] org.hibernate.tool.hbm2ddl.TableMetadata.<init> HHH000261: Table found: chronoluxweb.product_line
24-Mar-2025 21:20:50.263 INFO [localhost-startStop-1] org.hibernate.tool.hbm2ddl.TableMetadata.<init> HHH000037: Columns: [warranty_id, icon_url, modified_by, name, active, banner_url, id, created_date, modified_date, created_by, brand_id]
24-Mar-2025 21:20:50.263 INFO [localhost-startStop-1] org.hibernate.tool.hbm2ddl.TableMetadata.<init> HHH000108: Foreign keys: [fk_9pruqelwj7dp7lts8ulqyyc6a, fk_7y3l8d1q27c4ji42wmi538fuy]
24-Mar-2025 21:20:50.263 INFO [localhost-startStop-1] org.hibernate.tool.hbm2ddl.TableMetadata.<init> HHH000126: Indexes: [fk_9pruqelwj7dp7lts8ulqyyc6a, fk_7y3l8d1q27c4ji42wmi538fuy, primary]
24-Mar-2025 21:20:50.304 INFO [localhost-startStop-1] org.hibernate.tool.hbm2ddl.TableMetadata.<init> HHH000261: Table found: chronoluxweb.role
24-Mar-2025 21:20:50.305 INFO [localhost-startStop-1] org.hibernate.tool.hbm2ddl.TableMetadata.<init> HHH000037: Columns: [code, modified_by, name, id, created_date, modified_date, created_by]
24-Mar-2025 21:20:50.305 INFO [localhost-startStop-1] org.hibernate.tool.hbm2ddl.TableMetadata.<init> HHH000108: Foreign keys: []
24-Mar-2025 21:20:50.305 INFO [localhost-startStop-1] org.hibernate.tool.hbm2ddl.TableMetadata.<init> HHH000126: Indexes: [primary]
24-Mar-2025 21:20:50.332 INFO [localhost-startStop-1] org.hibernate.tool.hbm2ddl.TableMetadata.<init> HHH000261: Table found: chronoluxweb.role_detail
24-Mar-2025 21:20:50.333 INFO [localhost-startStop-1] org.hibernate.tool.hbm2ddl.TableMetadata.<init> HHH000037: Columns: [user_id, role_id]
24-Mar-2025 21:20:50.333 INFO [localhost-startStop-1] org.hibernate.tool.hbm2ddl.TableMetadata.<init> HHH000108: Foreign keys: [fk_ow0q9sejbk6oqkop7d9crqbu1, fk_c947jy7nux8c23q2mg1op1ucf]
24-Mar-2025 21:20:50.333 INFO [localhost-startStop-1] org.hibernate.tool.hbm2ddl.TableMetadata.<init> HHH000126: Indexes: [fk_ow0q9sejbk6oqkop7d9crqbu1, fk_c947jy7nux8c23q2mg1op1ucf, primary]
24-Mar-2025 21:20:50.357 INFO [localhost-startStop-1] org.hibernate.tool.hbm2ddl.TableMetadata.<init> HHH000261: Table found: chronoluxweb.user
24-Mar-2025 21:20:50.357 INFO [localhost-startStop-1] org.hibernate.tool.hbm2ddl.TableMetadata.<init> HHH000037: Columns: [modified_date, created_by, reset_password_token, password, img_url, modified_by, voucher_id, id, created_date, fullname, email, status, username]
24-Mar-2025 21:20:50.357 INFO [localhost-startStop-1] org.hibernate.tool.hbm2ddl.TableMetadata.<init> HHH000108: Foreign keys: [fk_ds7rq2hnw61wsi429c3p6xhy6]
24-Mar-2025 21:20:50.357 INFO [localhost-startStop-1] org.hibernate.tool.hbm2ddl.TableMetadata.<init> HHH000126: Indexes: [fk_ds7rq2hnw61wsi429c3p6xhy6, primary]
24-Mar-2025 21:20:50.380 INFO [localhost-startStop-1] org.hibernate.tool.hbm2ddl.TableMetadata.<init> HHH000261: Table found: chronoluxweb.voucher
24-Mar-2025 21:20:50.380 INFO [localhost-startStop-1] org.hibernate.tool.hbm2ddl.TableMetadata.<init> HHH000037: Columns: [end_day, code, begin_day, modified_by, discount, active, id, created_date, modified_date, type, created_by]
24-Mar-2025 21:20:50.380 INFO [localhost-startStop-1] org.hibernate.tool.hbm2ddl.TableMetadata.<init> HHH000108: Foreign keys: []
24-Mar-2025 21:20:50.381 INFO [localhost-startStop-1] org.hibernate.tool.hbm2ddl.TableMetadata.<init> HHH000126: Indexes: [primary]
24-Mar-2025 21:20:50.404 INFO [localhost-startStop-1] org.hibernate.tool.hbm2ddl.TableMetadata.<init> HHH000261: Table found: chronoluxweb.voucher_config
24-Mar-2025 21:20:50.404 INFO [localhost-startStop-1] org.hibernate.tool.hbm2ddl.TableMetadata.<init> HHH000037: Columns: [discount_default, prefix, modified_by, id, created_date, modified_date, created_by]
24-Mar-2025 21:20:50.404 INFO [localhost-startStop-1] org.hibernate.tool.hbm2ddl.TableMetadata.<init> HHH000108: Foreign keys: []
24-Mar-2025 21:20:50.405 INFO [localhost-startStop-1] org.hibernate.tool.hbm2ddl.TableMetadata.<init> HHH000126: Indexes: [primary]
24-Mar-2025 21:20:50.432 INFO [localhost-startStop-1] org.hibernate.tool.hbm2ddl.TableMetadata.<init> HHH000261: Table found: chronoluxweb.warranty
24-Mar-2025 21:20:50.432 INFO [localhost-startStop-1] org.hibernate.tool.hbm2ddl.TableMetadata.<init> HHH000037: Columns: [modified_by, id, created_date, modified_date, created_by, content]
24-Mar-2025 21:20:50.432 INFO [localhost-startStop-1] org.hibernate.tool.hbm2ddl.TableMetadata.<init> HHH000108: Foreign keys: []
24-Mar-2025 21:20:50.433 INFO [localhost-startStop-1] org.hibernate.tool.hbm2ddl.TableMetadata.<init> HHH000126: Indexes: [primary]
24-Mar-2025 21:20:50.439 INFO [localhost-startStop-1] org.hibernate.tool.hbm2ddl.DatabaseMetadata.getTableMetadata HHH000262: Table not found: comment_likes 
24-Mar-2025 21:20:50.446 INFO [localhost-startStop-1] org.hibernate.tool.hbm2ddl.DatabaseMetadata.getTableMetadata HHH000262: Table not found: comment_likes 
24-Mar-2025 21:20:50.535 ERROR [localhost-startStop-1] org.hibernate.tool.hbm2ddl.SchemaUpdate.execute HHH000388: Unsuccessful: alter table banner add column  modified_date datetime
24-Mar-2025 21:20:50.536 ERROR [localhost-startStop-1] org.hibernate.tool.hbm2ddl.SchemaUpdate.execute Duplicate column name 'modified_date'
24-Mar-2025 21:20:50.539 ERROR [localhost-startStop-1] org.hibernate.tool.hbm2ddl.SchemaUpdate.execute HHH000388: Unsuccessful: alter table bill add column  modified_date datetime
24-Mar-2025 21:20:50.539 ERROR [localhost-startStop-1] org.hibernate.tool.hbm2ddl.SchemaUpdate.execute Duplicate column name 'modified_date'
24-Mar-2025 21:20:50.542 ERROR [localhost-startStop-1] org.hibernate.tool.hbm2ddl.SchemaUpdate.execute HHH000388: Unsuccessful: alter table brand add column  modified_date datetime
24-Mar-2025 21:20:50.542 ERROR [localhost-startStop-1] org.hibernate.tool.hbm2ddl.SchemaUpdate.execute Duplicate column name 'modified_date'
24-Mar-2025 21:20:50.545 ERROR [localhost-startStop-1] org.hibernate.tool.hbm2ddl.SchemaUpdate.execute HHH000388: Unsuccessful: alter table cart_items add column  modified_date datetime
24-Mar-2025 21:20:50.545 ERROR [localhost-startStop-1] org.hibernate.tool.hbm2ddl.SchemaUpdate.execute Duplicate column name 'modified_date'
24-Mar-2025 21:20:50.549 ERROR [localhost-startStop-1] org.hibernate.tool.hbm2ddl.SchemaUpdate.execute HHH000388: Unsuccessful: alter table comment add column  modified_date datetime
24-Mar-2025 21:20:50.550 ERROR [localhost-startStop-1] org.hibernate.tool.hbm2ddl.SchemaUpdate.execute Duplicate column name 'modified_date'
24-Mar-2025 21:20:50.552 ERROR [localhost-startStop-1] org.hibernate.tool.hbm2ddl.SchemaUpdate.execute HHH000388: Unsuccessful: create table comment_likes  (user_id bigint not null, comment_id bigint not null)
24-Mar-2025 21:20:50.552 ERROR [localhost-startStop-1] org.hibernate.tool.hbm2ddl.SchemaUpdate.execute Table 'comment_likes' already exists
24-Mar-2025 21:20:50.555 ERROR [localhost-startStop-1] org.hibernate.tool.hbm2ddl.SchemaUpdate.execute HHH000388: Unsuccessful: alter table corporation add column  modified_date datetime
24-Mar-2025 21:20:50.555 ERROR [localhost-startStop-1] org.hibernate.tool.hbm2ddl.SchemaUpdate.execute Duplicate column name 'modified_date'
24-Mar-2025 21:20:50.557 ERROR [localhost-startStop-1] org.hibernate.tool.hbm2ddl.SchemaUpdate.execute HHH000388: Unsuccessful: alter table notification add column  modified_date datetime
24-Mar-2025 21:20:50.558 ERROR [localhost-startStop-1] org.hibernate.tool.hbm2ddl.SchemaUpdate.execute Duplicate column name 'modified_date'
24-Mar-2025 21:20:50.560 ERROR [localhost-startStop-1] org.hibernate.tool.hbm2ddl.SchemaUpdate.execute HHH000388: Unsuccessful: alter table product add column  modified_date datetime
24-Mar-2025 21:20:50.560 ERROR [localhost-startStop-1] org.hibernate.tool.hbm2ddl.SchemaUpdate.execute Duplicate column name 'modified_date'
24-Mar-2025 21:20:50.562 ERROR [localhost-startStop-1] org.hibernate.tool.hbm2ddl.SchemaUpdate.execute HHH000388: Unsuccessful: alter table product_bill_snapshot add column  modified_date datetime
24-Mar-2025 21:20:50.563 ERROR [localhost-startStop-1] org.hibernate.tool.hbm2ddl.SchemaUpdate.execute Duplicate column name 'modified_date'
24-Mar-2025 21:20:50.565 ERROR [localhost-startStop-1] org.hibernate.tool.hbm2ddl.SchemaUpdate.execute HHH000388: Unsuccessful: alter table product_line add column  modified_date datetime
24-Mar-2025 21:20:50.566 ERROR [localhost-startStop-1] org.hibernate.tool.hbm2ddl.SchemaUpdate.execute Duplicate column name 'modified_date'
24-Mar-2025 21:20:50.568 ERROR [localhost-startStop-1] org.hibernate.tool.hbm2ddl.SchemaUpdate.execute HHH000388: Unsuccessful: alter table role add column  modified_date datetime
24-Mar-2025 21:20:50.568 ERROR [localhost-startStop-1] org.hibernate.tool.hbm2ddl.SchemaUpdate.execute Duplicate column name 'modified_date'
24-Mar-2025 21:20:50.571 ERROR [localhost-startStop-1] org.hibernate.tool.hbm2ddl.SchemaUpdate.execute HHH000388: Unsuccessful: alter table user add column  modified_date datetime
24-Mar-2025 21:20:50.571 ERROR [localhost-startStop-1] org.hibernate.tool.hbm2ddl.SchemaUpdate.execute Duplicate column name 'modified_date'
24-Mar-2025 21:20:50.573 ERROR [localhost-startStop-1] org.hibernate.tool.hbm2ddl.SchemaUpdate.execute HHH000388: Unsuccessful: alter table voucher add column  modified_date datetime
24-Mar-2025 21:20:50.573 ERROR [localhost-startStop-1] org.hibernate.tool.hbm2ddl.SchemaUpdate.execute Duplicate column name 'modified_date'
24-Mar-2025 21:20:50.575 ERROR [localhost-startStop-1] org.hibernate.tool.hbm2ddl.SchemaUpdate.execute HHH000388: Unsuccessful: alter table voucher_config add column  modified_date datetime
24-Mar-2025 21:20:50.575 ERROR [localhost-startStop-1] org.hibernate.tool.hbm2ddl.SchemaUpdate.execute Duplicate column name 'modified_date'
24-Mar-2025 21:20:50.577 ERROR [localhost-startStop-1] org.hibernate.tool.hbm2ddl.SchemaUpdate.execute HHH000388: Unsuccessful: alter table warranty add column  modified_date datetime
24-Mar-2025 21:20:50.578 ERROR [localhost-startStop-1] org.hibernate.tool.hbm2ddl.SchemaUpdate.execute Duplicate column name 'modified_date'
24-Mar-2025 21:20:50.581 ERROR [localhost-startStop-1] org.hibernate.tool.hbm2ddl.SchemaUpdate.execute HHH000388: Unsuccessful: alter table bill_detail add constraint FK_293sewgbft9miq390yfh693jm foreign key (product_id) references product (id)
24-Mar-2025 21:20:50.581 ERROR [localhost-startStop-1] org.hibernate.tool.hbm2ddl.SchemaUpdate.execute Referencing column 'product_id' and referenced column 'id' in foreign key constraint 'FK_293sewgbft9miq390yfh693jm' are incompatible.
24-Mar-2025 21:20:50.582 ERROR [localhost-startStop-1] org.hibernate.tool.hbm2ddl.SchemaUpdate.execute HHH000388: Unsuccessful: alter table bill_detail add constraint FK_18yn4vr4gusinr921wec1ui0w foreign key (bill_id) references bill (id)
24-Mar-2025 21:20:50.582 ERROR [localhost-startStop-1] org.hibernate.tool.hbm2ddl.SchemaUpdate.execute Referencing column 'bill_id' and referenced column 'id' in foreign key constraint 'FK_18yn4vr4gusinr921wec1ui0w' are incompatible.
24-Mar-2025 21:20:50.586 ERROR [localhost-startStop-1] org.hibernate.tool.hbm2ddl.SchemaUpdate.execute HHH000388: Unsuccessful: alter table comment_likes  add constraint FK_otdfwsv11rsp31db2vtsleorj foreign key (comment_id) references comment (id)
24-Mar-2025 21:20:50.586 ERROR [localhost-startStop-1] org.hibernate.tool.hbm2ddl.SchemaUpdate.execute Duplicate foreign key constraint name 'FK_otdfwsv11rsp31db2vtsleorj'
24-Mar-2025 21:20:50.586 ERROR [localhost-startStop-1] org.hibernate.tool.hbm2ddl.SchemaUpdate.execute HHH000388: Unsuccessful: alter table comment_likes  add constraint FK_388y4xoc6shuc5ejnr40kdeoc foreign key (user_id) references user (id)
24-Mar-2025 21:20:50.587 ERROR [localhost-startStop-1] org.hibernate.tool.hbm2ddl.SchemaUpdate.execute Duplicate foreign key constraint name 'FK_388y4xoc6shuc5ejnr40kdeoc'
24-Mar-2025 21:20:50.587 INFO [localhost-startStop-1] org.hibernate.tool.hbm2ddl.SchemaUpdate.execute HHH000232: Schema update complete
24-Mar-2025 21:20:59.809 INFO [localhost-startStop-1] org.apache.catalina.startup.HostConfig.deployDescriptor Deployment of deployment descriptor [I:\JAVA SPRING\Learn Spring\ChronoLuxWebsite\src\main\webapp\conf\Catalina\localhost\ChronoLuxWeb.xml] has finished in [39,115] ms
24-Mar-2025 21:20:59.812 INFO [main] org.apache.coyote.AbstractProtocol.start Starting ProtocolHandler ["http-nio-8080"]
24-Mar-2025 21:20:59.849 INFO [main] org.apache.catalina.startup.Catalina.start Server startup in 39377 ms
24-Mar-2025 21:49:50.528 INFO [Thread-1] org.apache.coyote.AbstractProtocol.pause Pausing ProtocolHandler ["http-nio-8080"]
24-Mar-2025 21:49:50.532 INFO [Thread-1] org.apache.catalina.core.StandardService.stopInternal Stopping service [Catalina]
24-Mar-2025 21:49:50.638 WARNING [localhost-startStop-2] org.apache.catalina.loader.WebappClassLoaderBase.clearReferencesJdbc The web application [ChronoLuxWeb] registered the JDBC driver [com.mysql.cj.jdbc.Driver] but failed to unregister it when the web application was stopped. To prevent a memory leak, the JDBC Driver has been forcibly unregistered.
24-Mar-2025 21:49:50.639 WARNING [localhost-startStop-2] org.apache.catalina.loader.WebappClassLoaderBase.clearReferencesThreads The web application [ChronoLuxWeb] appears to have started a thread named [mysql-cj-abandoned-connection-cleanup] but has failed to stop it. This is very likely to create a memory leak. Stack trace of thread:
 java.base/jdk.internal.misc.Unsafe.park(Native Method)
 java.base/java.util.concurrent.locks.LockSupport.parkNanos(LockSupport.java:269)
 java.base/java.util.concurrent.locks.AbstractQueuedSynchronizer$ConditionObject.await(AbstractQueuedSynchronizer.java:1852)
 java.base/java.lang.ref.ReferenceQueue.await(ReferenceQueue.java:71)
 java.base/java.lang.ref.ReferenceQueue.remove0(ReferenceQueue.java:143)
 java.base/java.lang.ref.ReferenceQueue.remove(ReferenceQueue.java:218)
 com.mysql.cj.jdbc.AbandonedConnectionCleanupThread.run(AbandonedConnectionCleanupThread.java:91)
 java.base/java.util.concurrent.ThreadPoolExecutor.runWorker(ThreadPoolExecutor.java:1144)
 java.base/java.util.concurrent.ThreadPoolExecutor$Worker.run(ThreadPoolExecutor.java:642)
 java.base/java.lang.Thread.run(Thread.java:1583)
24-Mar-2025 21:49:50.661 INFO [Thread-1] org.apache.coyote.AbstractProtocol.stop Stopping ProtocolHandler ["http-nio-8080"]
24-Mar-2025 21:49:50.678 INFO [Thread-1] org.apache.coyote.AbstractProtocol.destroy Destroying ProtocolHandler ["http-nio-8080"]
