13-Mar-2025 19:35:13.999 INFO [main] org.apache.catalina.startup.VersionLoggerListener.log Server version name:   Apache Tomcat/8.5.92
13-Mar-2025 19:35:14.007 INFO [main] org.apache.catalina.startup.VersionLoggerListener.log Server built:          Aug 9 2023 11:22:56 UTC
13-Mar-2025 19:35:14.008 INFO [main] org.apache.catalina.startup.VersionLoggerListener.log Server version number: 8.5.92.0
13-Mar-2025 19:35:14.009 INFO [main] org.apache.catalina.startup.VersionLoggerListener.log OS Name:               Windows 10
13-Mar-2025 19:35:14.009 INFO [main] org.apache.catalina.startup.VersionLoggerListener.log OS Version:            10.0
13-Mar-2025 19:35:14.010 INFO [main] org.apache.catalina.startup.VersionLoggerListener.log Architecture:          amd64
13-Mar-2025 19:35:14.010 INFO [main] org.apache.catalina.startup.VersionLoggerListener.log Java Home:             E:\SETUP_PROJECT\JAVA\JDK\jdk-21.0.5+11
13-Mar-2025 19:35:14.010 INFO [main] org.apache.catalina.startup.VersionLoggerListener.log JVM Version:           21.0.5+11-LTS
13-Mar-2025 19:35:14.011 INFO [main] org.apache.catalina.startup.VersionLoggerListener.log JVM Vendor:            Eclipse Adoptium
13-Mar-2025 19:35:14.015 INFO [main] org.apache.catalina.startup.VersionLoggerListener.log CATALINA_BASE:         I:\JAVA SPRING\Learn Spring\ChronoLuxWebsite\src\main\webapp
13-Mar-2025 19:35:14.015 INFO [main] org.apache.catalina.startup.VersionLoggerListener.log CATALINA_HOME:         G:\apache-tomcat-8.5.92
13-Mar-2025 19:35:14.019 INFO [main] org.apache.catalina.startup.VersionLoggerListener.log Command line argument: --add-opens=java.base/java.lang=ALL-UNNAMED
13-Mar-2025 19:35:14.019 INFO [main] org.apache.catalina.startup.VersionLoggerListener.log Command line argument: --add-opens=java.base/java.io=ALL-UNNAMED
13-Mar-2025 19:35:14.020 INFO [main] org.apache.catalina.startup.VersionLoggerListener.log Command line argument: --add-opens=java.base/java.util=ALL-UNNAMED
13-Mar-2025 19:35:14.020 INFO [main] org.apache.catalina.startup.VersionLoggerListener.log Command line argument: --add-opens=java.base/java.util.concurrent=ALL-UNNAMED
13-Mar-2025 19:35:14.021 INFO [main] org.apache.catalina.startup.VersionLoggerListener.log Command line argument: --add-opens=java.rmi/sun.rmi.transport=ALL-UNNAMED
13-Mar-2025 19:35:14.022 INFO [main] org.apache.catalina.startup.VersionLoggerListener.log Command line argument: -Dcatalina.home=G:\apache-tomcat-8.5.92
13-Mar-2025 19:35:14.022 INFO [main] org.apache.catalina.startup.VersionLoggerListener.log Command line argument: -Dcatalina.base=I:\JAVA SPRING\Learn Spring\ChronoLuxWebsite\src\main\webapp
13-Mar-2025 19:35:14.022 INFO [main] org.apache.catalina.startup.VersionLoggerListener.log Command line argument: -Djava.io.tmpdir=I:\JAVA SPRING\Learn Spring\ChronoLuxWebsite\src\main\webapp\temp
13-Mar-2025 19:35:14.025 INFO [main] org.apache.catalina.startup.VersionLoggerListener.log Command line argument: -Djava.util.logging.config.file=I:\JAVA SPRING\Learn Spring\ChronoLuxWebsite\src\main\webapp\conf\logging.properties
13-Mar-2025 19:35:14.026 INFO [main] org.apache.catalina.startup.VersionLoggerListener.log Command line argument: -Djava.util.logging.manager=org.apache.juli.ClassLoaderLogManager
13-Mar-2025 19:35:14.026 INFO [main] org.apache.catalina.startup.VersionLoggerListener.log Command line argument: -javaagent:C:\Program Files\JetBrains\IntelliJ IDEA 2024.3\lib\idea_rt.jar=50037:C:\Program Files\JetBrains\IntelliJ IDEA 2024.3\bin
13-Mar-2025 19:35:14.027 INFO [main] org.apache.catalina.startup.VersionLoggerListener.log Command line argument: -Dfile.encoding=UTF-8
13-Mar-2025 19:35:14.028 INFO [main] org.apache.catalina.startup.VersionLoggerListener.log Command line argument: -Dsun.stdout.encoding=UTF-8
13-Mar-2025 19:35:14.029 INFO [main] org.apache.catalina.startup.VersionLoggerListener.log Command line argument: -Dsun.stderr.encoding=UTF-8
13-Mar-2025 19:35:14.029 INFO [main] org.apache.catalina.core.AprLifecycleListener.lifecycleEvent The Apache Tomcat Native library which allows using OpenSSL was not found on the java.library.path: [E:\SETUP_PROJECT\JAVA\JDK\jdk-21.0.5+11\bin;C:\Windows\Sun\Java\bin;C:\Windows\system32;C:\Windows;C:\Program Files (x86)\Common Files\Oracle\Java\javapath;E:\SETUP_PROJECT\PYTHON\Python_3.10.11\Scripts\;E:\SETUP_PROJECT\PYTHON\Python_3.10.11\;C:\Program Files\Microsoft MPI\Bin\;E:\SETUP_PROJECT\PYTHON\Python_3.13.0\Scripts\;E:\SETUP_PROJECT\PYTHON\Python_3.13.0\;C:\Windows\system32;C:\Windows;C:\Windows\System32\Wbem;C:\Windows\System32\WindowsPowerShell\v1.0\;C:\Windows\System32\OpenSSH\;C:\Program Files\Git\cmd;C:\Program Files\dotnet\;C:\Program Files (x86)\Windows Kits\10\Windows Performance Toolkit\;E:\SETUP_PROJECT\JAVA\JDK\jdk-21.0.5+11\bin;C:\Program Files (x86)\Microsoft SQL Server\160\Tools\Binn\;C:\Program Files\Microsoft SQL Server\160\Tools\Binn\;C:\Program Files\Microsoft SQL Server\Client SDK\ODBC\170\Tools\Binn\;C:\Program Files\Microsoft SQL Server\160\DTS\Binn\;C:\Program Files (x86)\Microsoft SQL Server\160\DTS\Binn\;C:\Program Files\Docker\Docker\resources\bin;C:\Program Files\nodejs\;C:\Users\Admin\AppData\Local\Microsoft\WindowsApps;C:\Users\Admin\AppData\Local\Programs\Microsoft VS Code\bin;C:\Users\Admin\.dotnet\tools;C:\Users\Admin\AppData\Roaming\npm;.]
13-Mar-2025 19:35:14.207 INFO [main] org.apache.coyote.AbstractProtocol.init Initializing ProtocolHandler ["http-nio-8080"]
13-Mar-2025 19:35:14.397 INFO [main] org.apache.catalina.startup.Catalina.load Initialization processed in 2102 ms
13-Mar-2025 19:35:14.605 INFO [main] org.apache.catalina.core.StandardService.startInternal Starting service [Catalina]
13-Mar-2025 19:35:14.606 INFO [main] org.apache.catalina.core.StandardEngine.startInternal Starting Servlet engine: [Apache Tomcat/8.5.92]
13-Mar-2025 19:35:14.671 INFO [localhost-startStop-1] org.apache.catalina.startup.HostConfig.deployDescriptor Deploying deployment descriptor [I:\JAVA SPRING\Learn Spring\ChronoLuxWebsite\src\main\webapp\conf\Catalina\localhost\ChronoLuxWeb.xml]
13-Mar-2025 19:35:32.495 INFO [localhost-startStop-1] org.apache.jasper.servlet.TldScanner.scanJars At least one JAR was scanned for TLDs yet contained no TLDs. Enable debug logging for this logger for a complete list of JARs that were scanned but no TLDs were found in them. Skipping unneeded JARs during scanning can improve startup time and JSP compilation time.
13-Mar-2025 19:35:35.735 INFO [localhost-startStop-1] org.hibernate.jpa.internal.util.LogHelper.logPersistenceUnitInformation HHH000204: Processing PersistenceUnitInfo [
	name: persistence-data
	...]
13-Mar-2025 19:35:36.004 INFO [localhost-startStop-1] org.hibernate.Version.logVersion HHH000412: Hibernate Core {4.3.6.Final}
13-Mar-2025 19:35:36.010 INFO [localhost-startStop-1] org.hibernate.cfg.Environment.<clinit> HHH000206: hibernate.properties not found
13-Mar-2025 19:35:36.013 INFO [localhost-startStop-1] org.hibernate.cfg.Environment.buildBytecodeProvider HHH000021: Bytecode provider name : javassist
13-Mar-2025 19:35:36.712 INFO [localhost-startStop-1] org.hibernate.annotations.common.reflection.java.JavaReflectionManager.<clinit> HCANN000001: Hibernate Commons Annotations {4.0.5.Final}
13-Mar-2025 19:35:37.900 INFO [localhost-startStop-1] org.hibernate.dialect.Dialect.<init> HHH000400: Using dialect: org.hibernate.dialect.MySQL5Dialect
13-Mar-2025 19:35:38.510 INFO [localhost-startStop-1] org.hibernate.hql.internal.ast.ASTQueryTranslatorFactory.<init> HHH000397: Using ASTQueryTranslatorFactory
13-Mar-2025 19:35:39.462 INFO [localhost-startStop-1] org.hibernate.tool.hbm2ddl.SchemaUpdate.execute HHH000228: Running hbm2ddl schema update
13-Mar-2025 19:35:39.463 INFO [localhost-startStop-1] org.hibernate.tool.hbm2ddl.SchemaUpdate.execute HHH000102: Fetching database metadata
13-Mar-2025 19:35:39.487 INFO [localhost-startStop-1] org.hibernate.tool.hbm2ddl.SchemaUpdate.execute HHH000396: Updating schema
13-Mar-2025 19:35:39.563 INFO [localhost-startStop-1] org.hibernate.tool.hbm2ddl.TableMetadata.<init> HHH000261: Table found: chronoluxweb.banner
13-Mar-2025 19:35:39.563 INFO [localhost-startStop-1] org.hibernate.tool.hbm2ddl.TableMetadata.<init> HHH000037: Columns: [img, modified_by, caption, id, created_date, modified_date, created_by, content]
13-Mar-2025 19:35:39.564 INFO [localhost-startStop-1] org.hibernate.tool.hbm2ddl.TableMetadata.<init> HHH000108: Foreign keys: []
13-Mar-2025 19:35:39.564 INFO [localhost-startStop-1] org.hibernate.tool.hbm2ddl.TableMetadata.<init> HHH000126: Indexes: [primary]
13-Mar-2025 19:35:39.602 INFO [localhost-startStop-1] org.hibernate.tool.hbm2ddl.TableMetadata.<init> HHH000261: Table found: chronoluxweb.bill
13-Mar-2025 19:35:39.602 INFO [localhost-startStop-1] org.hibernate.tool.hbm2ddl.TableMetadata.<init> HHH000037: Columns: [note, address, quantity, gender, date_invoice, receiver_gender, modified_date, display_name, created_by, total, cancel_reason, phone, user_id, deliverystatus, subtotal, modified_by, voucher_id, receiver_name, id, created_date, receiver_phone, email, payment_method, status]
13-Mar-2025 19:35:39.603 INFO [localhost-startStop-1] org.hibernate.tool.hbm2ddl.TableMetadata.<init> HHH000108: Foreign keys: [fk_3ac38309d899hoderihd5mh9j, fk_5my60d5u3n18y09mgqp2t6t0b]
13-Mar-2025 19:35:39.603 INFO [localhost-startStop-1] org.hibernate.tool.hbm2ddl.TableMetadata.<init> HHH000126: Indexes: [fk_3ac38309d899hoderihd5mh9j, fk_5my60d5u3n18y09mgqp2t6t0b, primary]
13-Mar-2025 19:35:39.631 INFO [localhost-startStop-1] org.hibernate.tool.hbm2ddl.TableMetadata.<init> HHH000261: Table found: chronoluxweb.bill_detail
13-Mar-2025 19:35:39.632 INFO [localhost-startStop-1] org.hibernate.tool.hbm2ddl.TableMetadata.<init> HHH000037: Columns: [bill_id, product_id]
13-Mar-2025 19:35:39.633 INFO [localhost-startStop-1] org.hibernate.tool.hbm2ddl.TableMetadata.<init> HHH000108: Foreign keys: []
13-Mar-2025 19:35:39.633 INFO [localhost-startStop-1] org.hibernate.tool.hbm2ddl.TableMetadata.<init> HHH000126: Indexes: []
13-Mar-2025 19:35:39.654 INFO [localhost-startStop-1] org.hibernate.tool.hbm2ddl.TableMetadata.<init> HHH000261: Table found: chronoluxweb.brand
13-Mar-2025 19:35:39.654 INFO [localhost-startStop-1] org.hibernate.tool.hbm2ddl.TableMetadata.<init> HHH000037: Columns: [icon_url, country, modified_by, name, active, banner_url, id, created_date, modified_date, created_by]
13-Mar-2025 19:35:39.654 INFO [localhost-startStop-1] org.hibernate.tool.hbm2ddl.TableMetadata.<init> HHH000108: Foreign keys: []
13-Mar-2025 19:35:39.655 INFO [localhost-startStop-1] org.hibernate.tool.hbm2ddl.TableMetadata.<init> HHH000126: Indexes: [primary]
13-Mar-2025 19:35:39.681 INFO [localhost-startStop-1] org.hibernate.tool.hbm2ddl.TableMetadata.<init> HHH000261: Table found: chronoluxweb.cart_items
13-Mar-2025 19:35:39.681 INFO [localhost-startStop-1] org.hibernate.tool.hbm2ddl.TableMetadata.<init> HHH000037: Columns: [bill_id, quantity, user_id, product_id, modified_by, id, created_date, modified_date, created_by]
13-Mar-2025 19:35:39.681 INFO [localhost-startStop-1] org.hibernate.tool.hbm2ddl.TableMetadata.<init> HHH000108: Foreign keys: [fk_b5lfwcb4iitfnl3om0kg2fvsm, fk_rjiexeah9pxvqqsl3ottu7l3i, fk_stjbkkh1eftd036p0v219glxw]
13-Mar-2025 19:35:39.682 INFO [localhost-startStop-1] org.hibernate.tool.hbm2ddl.TableMetadata.<init> HHH000126: Indexes: [fk_b5lfwcb4iitfnl3om0kg2fvsm, fk_rjiexeah9pxvqqsl3ottu7l3i, fk_stjbkkh1eftd036p0v219glxw, primary]
13-Mar-2025 19:35:39.714 INFO [localhost-startStop-1] org.hibernate.tool.hbm2ddl.TableMetadata.<init> HHH000261: Table found: chronoluxweb.comment
13-Mar-2025 19:35:39.714 INFO [localhost-startStop-1] org.hibernate.tool.hbm2ddl.TableMetadata.<init> HHH000037: Columns: [user_id, review, product_id, modified_by, name, rating, id, created_date, modified_date, created_by, img_review_url, likecount]
13-Mar-2025 19:35:39.714 INFO [localhost-startStop-1] org.hibernate.tool.hbm2ddl.TableMetadata.<init> HHH000108: Foreign keys: [fk_mxoojfj9tmy8088avf57mpm02, fk_qadidjn2h0dqbc1nseh5bo4ff]
13-Mar-2025 19:35:39.714 INFO [localhost-startStop-1] org.hibernate.tool.hbm2ddl.TableMetadata.<init> HHH000126: Indexes: [fk_mxoojfj9tmy8088avf57mpm02, fk_qadidjn2h0dqbc1nseh5bo4ff, primary]
13-Mar-2025 19:35:39.723 INFO [localhost-startStop-1] org.hibernate.tool.hbm2ddl.DatabaseMetadata.getTableMetadata HHH000262: Table not found: comment_likes 
13-Mar-2025 19:35:39.759 INFO [localhost-startStop-1] org.hibernate.tool.hbm2ddl.TableMetadata.<init> HHH000261: Table found: chronoluxweb.corporation
13-Mar-2025 19:35:39.759 INFO [localhost-startStop-1] org.hibernate.tool.hbm2ddl.TableMetadata.<init> HHH000037: Columns: [address, img_url, phone, modified_by, about, id, created_date, modified_date, created_by, email, policy]
13-Mar-2025 19:35:39.759 INFO [localhost-startStop-1] org.hibernate.tool.hbm2ddl.TableMetadata.<init> HHH000108: Foreign keys: []
13-Mar-2025 19:35:39.760 INFO [localhost-startStop-1] org.hibernate.tool.hbm2ddl.TableMetadata.<init> HHH000126: Indexes: [primary]
13-Mar-2025 19:35:39.797 INFO [localhost-startStop-1] org.hibernate.tool.hbm2ddl.TableMetadata.<init> HHH000261: Table found: chronoluxweb.notification
13-Mar-2025 19:35:39.797 INFO [localhost-startStop-1] org.hibernate.tool.hbm2ddl.TableMetadata.<init> HHH000037: Columns: [modified_by, id, created_date, modified_date, title, comment_id, created_by, status]
13-Mar-2025 19:35:39.797 INFO [localhost-startStop-1] org.hibernate.tool.hbm2ddl.TableMetadata.<init> HHH000108: Foreign keys: [fk_inxhsk5bf6gpm7b41orsar7fc]
13-Mar-2025 19:35:39.797 INFO [localhost-startStop-1] org.hibernate.tool.hbm2ddl.TableMetadata.<init> HHH000126: Indexes: [fk_inxhsk5bf6gpm7b41orsar7fc, primary]
13-Mar-2025 19:35:39.823 INFO [localhost-startStop-1] org.hibernate.tool.hbm2ddl.TableMetadata.<init> HHH000261: Table found: chronoluxweb.notification_user
13-Mar-2025 19:35:39.823 INFO [localhost-startStop-1] org.hibernate.tool.hbm2ddl.TableMetadata.<init> HHH000037: Columns: [user_id, notification_id]
13-Mar-2025 19:35:39.823 INFO [localhost-startStop-1] org.hibernate.tool.hbm2ddl.TableMetadata.<init> HHH000108: Foreign keys: [fk_7iq8wfwh6nrr9x0x8555uk4ux, fk_s31layrkoj2djejiewv2upr8v]
13-Mar-2025 19:35:39.823 INFO [localhost-startStop-1] org.hibernate.tool.hbm2ddl.TableMetadata.<init> HHH000126: Indexes: [fk_7iq8wfwh6nrr9x0x8555uk4ux, primary]
13-Mar-2025 19:35:39.858 INFO [localhost-startStop-1] org.hibernate.tool.hbm2ddl.TableMetadata.<init> HHH000261: Table found: chronoluxweb.product
13-Mar-2025 19:35:39.858 INFO [localhost-startStop-1] org.hibernate.tool.hbm2ddl.TableMetadata.<init> HHH000037: Columns: [gender, thickness, watch_type, active, description, face_size, modified_date, created_by, glass_material, img_url, price, product_line_id, modified_by, name, id, created_date, strap_material, water_resistant, instock]
13-Mar-2025 19:35:39.858 INFO [localhost-startStop-1] org.hibernate.tool.hbm2ddl.TableMetadata.<init> HHH000108: Foreign keys: [fk_r2322tdtoib5u3jdxpcvrmb59]
13-Mar-2025 19:35:39.860 INFO [localhost-startStop-1] org.hibernate.tool.hbm2ddl.TableMetadata.<init> HHH000126: Indexes: [fk_r2322tdtoib5u3jdxpcvrmb59, primary]
13-Mar-2025 19:35:39.895 INFO [localhost-startStop-1] org.hibernate.tool.hbm2ddl.TableMetadata.<init> HHH000261: Table found: chronoluxweb.product_bill_snapshot
13-Mar-2025 19:35:39.895 INFO [localhost-startStop-1] org.hibernate.tool.hbm2ddl.TableMetadata.<init> HHH000037: Columns: [bill_id, imgurl, quantity, price, modified_by, productname, id, created_date, modified_date, created_by]
13-Mar-2025 19:35:39.896 INFO [localhost-startStop-1] org.hibernate.tool.hbm2ddl.TableMetadata.<init> HHH000108: Foreign keys: [fk_k3odv227tmhs8b4pa028vrwg2]
13-Mar-2025 19:35:39.896 INFO [localhost-startStop-1] org.hibernate.tool.hbm2ddl.TableMetadata.<init> HHH000126: Indexes: [fk_k3odv227tmhs8b4pa028vrwg2, primary]
13-Mar-2025 19:35:39.942 INFO [localhost-startStop-1] org.hibernate.tool.hbm2ddl.TableMetadata.<init> HHH000261: Table found: chronoluxweb.product_line
13-Mar-2025 19:35:39.942 INFO [localhost-startStop-1] org.hibernate.tool.hbm2ddl.TableMetadata.<init> HHH000037: Columns: [warranty_id, icon_url, modified_by, name, active, banner_url, id, created_date, modified_date, created_by, brand_id]
13-Mar-2025 19:35:39.943 INFO [localhost-startStop-1] org.hibernate.tool.hbm2ddl.TableMetadata.<init> HHH000108: Foreign keys: [fk_9pruqelwj7dp7lts8ulqyyc6a, fk_7y3l8d1q27c4ji42wmi538fuy]
13-Mar-2025 19:35:39.943 INFO [localhost-startStop-1] org.hibernate.tool.hbm2ddl.TableMetadata.<init> HHH000126: Indexes: [fk_9pruqelwj7dp7lts8ulqyyc6a, fk_7y3l8d1q27c4ji42wmi538fuy, primary]
13-Mar-2025 19:35:39.990 INFO [localhost-startStop-1] org.hibernate.tool.hbm2ddl.TableMetadata.<init> HHH000261: Table found: chronoluxweb.role
13-Mar-2025 19:35:39.990 INFO [localhost-startStop-1] org.hibernate.tool.hbm2ddl.TableMetadata.<init> HHH000037: Columns: [code, modified_by, name, id, created_date, modified_date, created_by]
13-Mar-2025 19:35:39.991 INFO [localhost-startStop-1] org.hibernate.tool.hbm2ddl.TableMetadata.<init> HHH000108: Foreign keys: []
13-Mar-2025 19:35:39.991 INFO [localhost-startStop-1] org.hibernate.tool.hbm2ddl.TableMetadata.<init> HHH000126: Indexes: [primary]
13-Mar-2025 19:35:40.034 INFO [localhost-startStop-1] org.hibernate.tool.hbm2ddl.TableMetadata.<init> HHH000261: Table found: chronoluxweb.role_detail
13-Mar-2025 19:35:40.034 INFO [localhost-startStop-1] org.hibernate.tool.hbm2ddl.TableMetadata.<init> HHH000037: Columns: [user_id, role_id]
13-Mar-2025 19:35:40.034 INFO [localhost-startStop-1] org.hibernate.tool.hbm2ddl.TableMetadata.<init> HHH000108: Foreign keys: [fk_ow0q9sejbk6oqkop7d9crqbu1, fk_c947jy7nux8c23q2mg1op1ucf]
13-Mar-2025 19:35:40.034 INFO [localhost-startStop-1] org.hibernate.tool.hbm2ddl.TableMetadata.<init> HHH000126: Indexes: [fk_ow0q9sejbk6oqkop7d9crqbu1, fk_c947jy7nux8c23q2mg1op1ucf, primary]
13-Mar-2025 19:35:40.055 INFO [localhost-startStop-1] org.hibernate.tool.hbm2ddl.TableMetadata.<init> HHH000261: Table found: chronoluxweb.user
13-Mar-2025 19:35:40.055 INFO [localhost-startStop-1] org.hibernate.tool.hbm2ddl.TableMetadata.<init> HHH000037: Columns: [modified_date, created_by, reset_password_token, password, img_url, modified_by, voucher_id, id, created_date, fullname, email, status, username]
13-Mar-2025 19:35:40.056 INFO [localhost-startStop-1] org.hibernate.tool.hbm2ddl.TableMetadata.<init> HHH000108: Foreign keys: [fk_ds7rq2hnw61wsi429c3p6xhy6]
13-Mar-2025 19:35:40.056 INFO [localhost-startStop-1] org.hibernate.tool.hbm2ddl.TableMetadata.<init> HHH000126: Indexes: [fk_ds7rq2hnw61wsi429c3p6xhy6, primary]
13-Mar-2025 19:35:40.075 INFO [localhost-startStop-1] org.hibernate.tool.hbm2ddl.TableMetadata.<init> HHH000261: Table found: chronoluxweb.voucher
13-Mar-2025 19:35:40.075 INFO [localhost-startStop-1] org.hibernate.tool.hbm2ddl.TableMetadata.<init> HHH000037: Columns: [end_day, code, begin_day, modified_by, discount, active, id, created_date, modified_date, type, created_by]
13-Mar-2025 19:35:40.076 INFO [localhost-startStop-1] org.hibernate.tool.hbm2ddl.TableMetadata.<init> HHH000108: Foreign keys: []
13-Mar-2025 19:35:40.076 INFO [localhost-startStop-1] org.hibernate.tool.hbm2ddl.TableMetadata.<init> HHH000126: Indexes: [primary]
13-Mar-2025 19:35:40.096 INFO [localhost-startStop-1] org.hibernate.tool.hbm2ddl.TableMetadata.<init> HHH000261: Table found: chronoluxweb.voucher_config
13-Mar-2025 19:35:40.096 INFO [localhost-startStop-1] org.hibernate.tool.hbm2ddl.TableMetadata.<init> HHH000037: Columns: [discount_default, prefix, modified_by, id, created_date, modified_date, created_by]
13-Mar-2025 19:35:40.097 INFO [localhost-startStop-1] org.hibernate.tool.hbm2ddl.TableMetadata.<init> HHH000108: Foreign keys: []
13-Mar-2025 19:35:40.097 INFO [localhost-startStop-1] org.hibernate.tool.hbm2ddl.TableMetadata.<init> HHH000126: Indexes: [primary]
13-Mar-2025 19:35:40.120 INFO [localhost-startStop-1] org.hibernate.tool.hbm2ddl.TableMetadata.<init> HHH000261: Table found: chronoluxweb.warranty
13-Mar-2025 19:35:40.120 INFO [localhost-startStop-1] org.hibernate.tool.hbm2ddl.TableMetadata.<init> HHH000037: Columns: [modified_by, id, created_date, modified_date, created_by, content]
13-Mar-2025 19:35:40.121 INFO [localhost-startStop-1] org.hibernate.tool.hbm2ddl.TableMetadata.<init> HHH000108: Foreign keys: []
13-Mar-2025 19:35:40.121 INFO [localhost-startStop-1] org.hibernate.tool.hbm2ddl.TableMetadata.<init> HHH000126: Indexes: [primary]
13-Mar-2025 19:35:40.126 INFO [localhost-startStop-1] org.hibernate.tool.hbm2ddl.DatabaseMetadata.getTableMetadata HHH000262: Table not found: comment_likes 
13-Mar-2025 19:35:40.130 INFO [localhost-startStop-1] org.hibernate.tool.hbm2ddl.DatabaseMetadata.getTableMetadata HHH000262: Table not found: comment_likes 
13-Mar-2025 19:35:40.219 ERROR [localhost-startStop-1] org.hibernate.tool.hbm2ddl.SchemaUpdate.execute HHH000388: Unsuccessful: alter table banner add column  modified_date datetime
13-Mar-2025 19:35:40.219 ERROR [localhost-startStop-1] org.hibernate.tool.hbm2ddl.SchemaUpdate.execute Duplicate column name 'modified_date'
13-Mar-2025 19:35:40.230 ERROR [localhost-startStop-1] org.hibernate.tool.hbm2ddl.SchemaUpdate.execute HHH000388: Unsuccessful: alter table bill add column  modified_date datetime
13-Mar-2025 19:35:40.231 ERROR [localhost-startStop-1] org.hibernate.tool.hbm2ddl.SchemaUpdate.execute Duplicate column name 'modified_date'
13-Mar-2025 19:35:40.244 ERROR [localhost-startStop-1] org.hibernate.tool.hbm2ddl.SchemaUpdate.execute HHH000388: Unsuccessful: alter table brand add column  modified_date datetime
13-Mar-2025 19:35:40.244 ERROR [localhost-startStop-1] org.hibernate.tool.hbm2ddl.SchemaUpdate.execute Duplicate column name 'modified_date'
13-Mar-2025 19:35:40.247 ERROR [localhost-startStop-1] org.hibernate.tool.hbm2ddl.SchemaUpdate.execute HHH000388: Unsuccessful: alter table cart_items add column  modified_date datetime
13-Mar-2025 19:35:40.248 ERROR [localhost-startStop-1] org.hibernate.tool.hbm2ddl.SchemaUpdate.execute Duplicate column name 'modified_date'
13-Mar-2025 19:35:40.250 ERROR [localhost-startStop-1] org.hibernate.tool.hbm2ddl.SchemaUpdate.execute HHH000388: Unsuccessful: alter table comment add column  modified_date datetime
13-Mar-2025 19:35:40.251 ERROR [localhost-startStop-1] org.hibernate.tool.hbm2ddl.SchemaUpdate.execute Duplicate column name 'modified_date'
13-Mar-2025 19:35:40.252 ERROR [localhost-startStop-1] org.hibernate.tool.hbm2ddl.SchemaUpdate.execute HHH000388: Unsuccessful: create table comment_likes  (user_id bigint not null, comment_id bigint not null)
13-Mar-2025 19:35:40.252 ERROR [localhost-startStop-1] org.hibernate.tool.hbm2ddl.SchemaUpdate.execute Table 'comment_likes' already exists
13-Mar-2025 19:35:40.256 ERROR [localhost-startStop-1] org.hibernate.tool.hbm2ddl.SchemaUpdate.execute HHH000388: Unsuccessful: alter table corporation add column  modified_date datetime
13-Mar-2025 19:35:40.256 ERROR [localhost-startStop-1] org.hibernate.tool.hbm2ddl.SchemaUpdate.execute Duplicate column name 'modified_date'
13-Mar-2025 19:35:40.259 ERROR [localhost-startStop-1] org.hibernate.tool.hbm2ddl.SchemaUpdate.execute HHH000388: Unsuccessful: alter table notification add column  modified_date datetime
13-Mar-2025 19:35:40.259 ERROR [localhost-startStop-1] org.hibernate.tool.hbm2ddl.SchemaUpdate.execute Duplicate column name 'modified_date'
13-Mar-2025 19:35:40.262 ERROR [localhost-startStop-1] org.hibernate.tool.hbm2ddl.SchemaUpdate.execute HHH000388: Unsuccessful: alter table product add column  modified_date datetime
13-Mar-2025 19:35:40.262 ERROR [localhost-startStop-1] org.hibernate.tool.hbm2ddl.SchemaUpdate.execute Duplicate column name 'modified_date'
13-Mar-2025 19:35:40.264 ERROR [localhost-startStop-1] org.hibernate.tool.hbm2ddl.SchemaUpdate.execute HHH000388: Unsuccessful: alter table product_bill_snapshot add column  modified_date datetime
13-Mar-2025 19:35:40.265 ERROR [localhost-startStop-1] org.hibernate.tool.hbm2ddl.SchemaUpdate.execute Duplicate column name 'modified_date'
13-Mar-2025 19:35:40.267 ERROR [localhost-startStop-1] org.hibernate.tool.hbm2ddl.SchemaUpdate.execute HHH000388: Unsuccessful: alter table product_line add column  modified_date datetime
13-Mar-2025 19:35:40.267 ERROR [localhost-startStop-1] org.hibernate.tool.hbm2ddl.SchemaUpdate.execute Duplicate column name 'modified_date'
13-Mar-2025 19:35:40.271 ERROR [localhost-startStop-1] org.hibernate.tool.hbm2ddl.SchemaUpdate.execute HHH000388: Unsuccessful: alter table role add column  modified_date datetime
13-Mar-2025 19:35:40.271 ERROR [localhost-startStop-1] org.hibernate.tool.hbm2ddl.SchemaUpdate.execute Duplicate column name 'modified_date'
13-Mar-2025 19:35:40.277 ERROR [localhost-startStop-1] org.hibernate.tool.hbm2ddl.SchemaUpdate.execute HHH000388: Unsuccessful: alter table user add column  modified_date datetime
13-Mar-2025 19:35:40.277 ERROR [localhost-startStop-1] org.hibernate.tool.hbm2ddl.SchemaUpdate.execute Duplicate column name 'modified_date'
13-Mar-2025 19:35:40.282 ERROR [localhost-startStop-1] org.hibernate.tool.hbm2ddl.SchemaUpdate.execute HHH000388: Unsuccessful: alter table voucher add column  modified_date datetime
13-Mar-2025 19:35:40.282 ERROR [localhost-startStop-1] org.hibernate.tool.hbm2ddl.SchemaUpdate.execute Duplicate column name 'modified_date'
13-Mar-2025 19:35:40.284 ERROR [localhost-startStop-1] org.hibernate.tool.hbm2ddl.SchemaUpdate.execute HHH000388: Unsuccessful: alter table voucher_config add column  modified_date datetime
13-Mar-2025 19:35:40.284 ERROR [localhost-startStop-1] org.hibernate.tool.hbm2ddl.SchemaUpdate.execute Duplicate column name 'modified_date'
13-Mar-2025 19:35:40.287 ERROR [localhost-startStop-1] org.hibernate.tool.hbm2ddl.SchemaUpdate.execute HHH000388: Unsuccessful: alter table warranty add column  modified_date datetime
13-Mar-2025 19:35:40.288 ERROR [localhost-startStop-1] org.hibernate.tool.hbm2ddl.SchemaUpdate.execute Duplicate column name 'modified_date'
13-Mar-2025 19:35:40.290 ERROR [localhost-startStop-1] org.hibernate.tool.hbm2ddl.SchemaUpdate.execute HHH000388: Unsuccessful: alter table bill_detail add constraint FK_293sewgbft9miq390yfh693jm foreign key (product_id) references product (id)
13-Mar-2025 19:35:40.290 ERROR [localhost-startStop-1] org.hibernate.tool.hbm2ddl.SchemaUpdate.execute Referencing column 'product_id' and referenced column 'id' in foreign key constraint 'FK_293sewgbft9miq390yfh693jm' are incompatible.
13-Mar-2025 19:35:40.291 ERROR [localhost-startStop-1] org.hibernate.tool.hbm2ddl.SchemaUpdate.execute HHH000388: Unsuccessful: alter table bill_detail add constraint FK_18yn4vr4gusinr921wec1ui0w foreign key (bill_id) references bill (id)
13-Mar-2025 19:35:40.292 ERROR [localhost-startStop-1] org.hibernate.tool.hbm2ddl.SchemaUpdate.execute Referencing column 'bill_id' and referenced column 'id' in foreign key constraint 'FK_18yn4vr4gusinr921wec1ui0w' are incompatible.
13-Mar-2025 19:35:40.294 ERROR [localhost-startStop-1] org.hibernate.tool.hbm2ddl.SchemaUpdate.execute HHH000388: Unsuccessful: alter table comment_likes  add constraint FK_otdfwsv11rsp31db2vtsleorj foreign key (comment_id) references comment (id)
13-Mar-2025 19:35:40.294 ERROR [localhost-startStop-1] org.hibernate.tool.hbm2ddl.SchemaUpdate.execute Duplicate foreign key constraint name 'FK_otdfwsv11rsp31db2vtsleorj'
13-Mar-2025 19:35:40.295 ERROR [localhost-startStop-1] org.hibernate.tool.hbm2ddl.SchemaUpdate.execute HHH000388: Unsuccessful: alter table comment_likes  add constraint FK_388y4xoc6shuc5ejnr40kdeoc foreign key (user_id) references user (id)
13-Mar-2025 19:35:40.295 ERROR [localhost-startStop-1] org.hibernate.tool.hbm2ddl.SchemaUpdate.execute Duplicate foreign key constraint name 'FK_388y4xoc6shuc5ejnr40kdeoc'
13-Mar-2025 19:35:40.296 INFO [localhost-startStop-1] org.hibernate.tool.hbm2ddl.SchemaUpdate.execute HHH000232: Schema update complete
13-Mar-2025 19:35:47.536 INFO [localhost-startStop-1] org.apache.catalina.startup.HostConfig.deployDescriptor Deployment of deployment descriptor [I:\JAVA SPRING\Learn Spring\ChronoLuxWebsite\src\main\webapp\conf\Catalina\localhost\ChronoLuxWeb.xml] has finished in [32,863] ms
13-Mar-2025 19:35:47.540 INFO [main] org.apache.coyote.AbstractProtocol.start Starting ProtocolHandler ["http-nio-8080"]
13-Mar-2025 19:35:47.573 INFO [main] org.apache.catalina.startup.Catalina.start Server startup in 33172 ms
