23-Mar-2025 18:25:43.141 INFO [main] org.apache.catalina.startup.VersionLoggerListener.log Server version name:   Apache Tomcat/8.5.92
23-Mar-2025 18:25:43.144 INFO [main] org.apache.catalina.startup.VersionLoggerListener.log Server built:          Aug 9 2023 11:22:56 UTC
23-Mar-2025 18:25:43.144 INFO [main] org.apache.catalina.startup.VersionLoggerListener.log Server version number: 8.5.92.0
23-Mar-2025 18:25:43.144 INFO [main] org.apache.catalina.startup.VersionLoggerListener.log OS Name:               Windows 10
23-Mar-2025 18:25:43.144 INFO [main] org.apache.catalina.startup.VersionLoggerListener.log OS Version:            10.0
23-Mar-2025 18:25:43.145 INFO [main] org.apache.catalina.startup.VersionLoggerListener.log Architecture:          amd64
23-Mar-2025 18:25:43.145 INFO [main] org.apache.catalina.startup.VersionLoggerListener.log Java Home:             E:\SETUP_PROJECT\JAVA\JDK\jdk-21.0.5+11
23-Mar-2025 18:25:43.145 INFO [main] org.apache.catalina.startup.VersionLoggerListener.log JVM Version:           21.0.5+11-LTS
23-Mar-2025 18:25:43.145 INFO [main] org.apache.catalina.startup.VersionLoggerListener.log JVM Vendor:            Eclipse Adoptium
23-Mar-2025 18:25:43.146 INFO [main] org.apache.catalina.startup.VersionLoggerListener.log CATALINA_BASE:         I:\JAVA SPRING\Learn Spring\ChronoLuxWebsite\src\main\webapp
23-Mar-2025 18:25:43.146 INFO [main] org.apache.catalina.startup.VersionLoggerListener.log CATALINA_HOME:         G:\apache-tomcat-8.5.92
23-Mar-2025 18:25:43.147 INFO [main] org.apache.catalina.startup.VersionLoggerListener.log Command line argument: --add-opens=java.base/java.lang=ALL-UNNAMED
23-Mar-2025 18:25:43.147 INFO [main] org.apache.catalina.startup.VersionLoggerListener.log Command line argument: --add-opens=java.base/java.io=ALL-UNNAMED
23-Mar-2025 18:25:43.147 INFO [main] org.apache.catalina.startup.VersionLoggerListener.log Command line argument: --add-opens=java.base/java.util=ALL-UNNAMED
23-Mar-2025 18:25:43.147 INFO [main] org.apache.catalina.startup.VersionLoggerListener.log Command line argument: --add-opens=java.base/java.util.concurrent=ALL-UNNAMED
23-Mar-2025 18:25:43.147 INFO [main] org.apache.catalina.startup.VersionLoggerListener.log Command line argument: --add-opens=java.rmi/sun.rmi.transport=ALL-UNNAMED
23-Mar-2025 18:25:43.147 INFO [main] org.apache.catalina.startup.VersionLoggerListener.log Command line argument: -Dcatalina.home=G:\apache-tomcat-8.5.92
23-Mar-2025 18:25:43.147 INFO [main] org.apache.catalina.startup.VersionLoggerListener.log Command line argument: -Dcatalina.base=I:\JAVA SPRING\Learn Spring\ChronoLuxWebsite\src\main\webapp
23-Mar-2025 18:25:43.147 INFO [main] org.apache.catalina.startup.VersionLoggerListener.log Command line argument: -Djava.io.tmpdir=I:\JAVA SPRING\Learn Spring\ChronoLuxWebsite\src\main\webapp\temp
23-Mar-2025 18:25:43.148 INFO [main] org.apache.catalina.startup.VersionLoggerListener.log Command line argument: -Djava.util.logging.config.file=I:\JAVA SPRING\Learn Spring\ChronoLuxWebsite\src\main\webapp\conf\logging.properties
23-Mar-2025 18:25:43.148 INFO [main] org.apache.catalina.startup.VersionLoggerListener.log Command line argument: -Djava.util.logging.manager=org.apache.juli.ClassLoaderLogManager
23-Mar-2025 18:25:43.148 INFO [main] org.apache.catalina.startup.VersionLoggerListener.log Command line argument: -javaagent:C:\Program Files\JetBrains\IntelliJ IDEA 2024.3\lib\idea_rt.jar=58270:C:\Program Files\JetBrains\IntelliJ IDEA 2024.3\bin
23-Mar-2025 18:25:43.148 INFO [main] org.apache.catalina.startup.VersionLoggerListener.log Command line argument: -Dfile.encoding=UTF-8
23-Mar-2025 18:25:43.149 INFO [main] org.apache.catalina.startup.VersionLoggerListener.log Command line argument: -Dsun.stdout.encoding=UTF-8
23-Mar-2025 18:25:43.149 INFO [main] org.apache.catalina.startup.VersionLoggerListener.log Command line argument: -Dsun.stderr.encoding=UTF-8
23-Mar-2025 18:25:43.149 INFO [main] org.apache.catalina.core.AprLifecycleListener.lifecycleEvent The Apache Tomcat Native library which allows using OpenSSL was not found on the java.library.path: [E:\SETUP_PROJECT\JAVA\JDK\jdk-21.0.5+11\bin;C:\Windows\Sun\Java\bin;C:\Windows\system32;C:\Windows;C:\Program Files (x86)\Common Files\Oracle\Java\javapath;E:\SETUP_PROJECT\PYTHON\Python_3.10.11\Scripts\;E:\SETUP_PROJECT\PYTHON\Python_3.10.11\;C:\Program Files\Microsoft MPI\Bin\;E:\SETUP_PROJECT\PYTHON\Python_3.13.0\Scripts\;E:\SETUP_PROJECT\PYTHON\Python_3.13.0\;C:\Windows\system32;C:\Windows;C:\Windows\System32\Wbem;C:\Windows\System32\WindowsPowerShell\v1.0\;C:\Windows\System32\OpenSSH\;C:\Program Files\Git\cmd;C:\Program Files\dotnet\;C:\Program Files (x86)\Windows Kits\10\Windows Performance Toolkit\;E:\SETUP_PROJECT\JAVA\JDK\jdk-21.0.5+11\bin;C:\Program Files (x86)\Microsoft SQL Server\160\Tools\Binn\;C:\Program Files\Microsoft SQL Server\160\Tools\Binn\;C:\Program Files\Microsoft SQL Server\Client SDK\ODBC\170\Tools\Binn\;C:\Program Files\Microsoft SQL Server\160\DTS\Binn\;C:\Program Files (x86)\Microsoft SQL Server\160\DTS\Binn\;C:\Program Files\nodejs\;C:\Program Files\Docker\Docker\resources\bin;C:\Users\Admin\AppData\Local\Microsoft\WindowsApps;C:\Users\Admin\AppData\Local\Programs\Microsoft VS Code\bin;C:\Users\Admin\.dotnet\tools;C:\Users\Admin\AppData\Roaming\npm;.]
23-Mar-2025 18:25:43.211 INFO [main] org.apache.coyote.AbstractProtocol.init Initializing ProtocolHandler ["http-nio-8080"]
23-Mar-2025 18:25:43.243 INFO [main] org.apache.catalina.startup.Catalina.load Initialization processed in 941 ms
23-Mar-2025 18:25:43.311 INFO [main] org.apache.catalina.core.StandardService.startInternal Starting service [Catalina]
23-Mar-2025 18:25:43.311 INFO [main] org.apache.catalina.core.StandardEngine.startInternal Starting Servlet engine: [Apache Tomcat/8.5.92]
23-Mar-2025 18:25:43.327 INFO [localhost-startStop-1] org.apache.catalina.startup.HostConfig.deployDescriptor Deploying deployment descriptor [I:\JAVA SPRING\Learn Spring\ChronoLuxWebsite\src\main\webapp\conf\Catalina\localhost\ChronoLuxWeb.xml]
23-Mar-2025 18:25:58.706 INFO [localhost-startStop-1] org.apache.jasper.servlet.TldScanner.scanJars At least one JAR was scanned for TLDs yet contained no TLDs. Enable debug logging for this logger for a complete list of JARs that were scanned but no TLDs were found in them. Skipping unneeded JARs during scanning can improve startup time and JSP compilation time.
23-Mar-2025 18:26:04.969 INFO [localhost-startStop-1] org.hibernate.jpa.internal.util.LogHelper.logPersistenceUnitInformation HHH000204: Processing PersistenceUnitInfo [
	name: persistence-data
	...]
23-Mar-2025 18:26:05.274 INFO [localhost-startStop-1] org.hibernate.Version.logVersion HHH000412: Hibernate Core {4.3.6.Final}
23-Mar-2025 18:26:05.280 INFO [localhost-startStop-1] org.hibernate.cfg.Environment.<clinit> HHH000206: hibernate.properties not found
23-Mar-2025 18:26:05.283 INFO [localhost-startStop-1] org.hibernate.cfg.Environment.buildBytecodeProvider HHH000021: Bytecode provider name : javassist
23-Mar-2025 18:26:06.087 INFO [localhost-startStop-1] org.hibernate.annotations.common.reflection.java.JavaReflectionManager.<clinit> HCANN000001: Hibernate Commons Annotations {4.0.5.Final}
23-Mar-2025 18:26:07.671 INFO [localhost-startStop-1] org.hibernate.dialect.Dialect.<init> HHH000400: Using dialect: org.hibernate.dialect.MySQL5Dialect
23-Mar-2025 18:26:08.430 INFO [localhost-startStop-1] org.hibernate.hql.internal.ast.ASTQueryTranslatorFactory.<init> HHH000397: Using ASTQueryTranslatorFactory
23-Mar-2025 18:26:09.822 INFO [localhost-startStop-1] org.hibernate.tool.hbm2ddl.SchemaUpdate.execute HHH000228: Running hbm2ddl schema update
23-Mar-2025 18:26:09.823 INFO [localhost-startStop-1] org.hibernate.tool.hbm2ddl.SchemaUpdate.execute HHH000102: Fetching database metadata
23-Mar-2025 18:26:09.873 INFO [localhost-startStop-1] org.hibernate.tool.hbm2ddl.SchemaUpdate.execute HHH000396: Updating schema
23-Mar-2025 18:26:10.078 INFO [localhost-startStop-1] org.hibernate.tool.hbm2ddl.TableMetadata.<init> HHH000261: Table found: chronoluxweb.banner
23-Mar-2025 18:26:10.080 INFO [localhost-startStop-1] org.hibernate.tool.hbm2ddl.TableMetadata.<init> HHH000037: Columns: [img, modified_by, caption, id, created_date, modified_date, created_by, content]
23-Mar-2025 18:26:10.081 INFO [localhost-startStop-1] org.hibernate.tool.hbm2ddl.TableMetadata.<init> HHH000108: Foreign keys: []
23-Mar-2025 18:26:10.081 INFO [localhost-startStop-1] org.hibernate.tool.hbm2ddl.TableMetadata.<init> HHH000126: Indexes: [primary]
23-Mar-2025 18:26:10.136 INFO [localhost-startStop-1] org.hibernate.tool.hbm2ddl.TableMetadata.<init> HHH000261: Table found: chronoluxweb.bill
23-Mar-2025 18:26:10.137 INFO [localhost-startStop-1] org.hibernate.tool.hbm2ddl.TableMetadata.<init> HHH000037: Columns: [note, address, quantity, gender, date_invoice, receiver_gender, modified_date, display_name, created_by, total, cancel_reason, phone, user_id, deliverystatus, subtotal, modified_by, voucher_id, receiver_name, id, created_date, receiver_phone, email, payment_method, status]
23-Mar-2025 18:26:10.137 INFO [localhost-startStop-1] org.hibernate.tool.hbm2ddl.TableMetadata.<init> HHH000108: Foreign keys: [fk_3ac38309d899hoderihd5mh9j, fk_5my60d5u3n18y09mgqp2t6t0b]
23-Mar-2025 18:26:10.138 INFO [localhost-startStop-1] org.hibernate.tool.hbm2ddl.TableMetadata.<init> HHH000126: Indexes: [fk_3ac38309d899hoderihd5mh9j, fk_5my60d5u3n18y09mgqp2t6t0b, primary]
23-Mar-2025 18:26:10.181 INFO [localhost-startStop-1] org.hibernate.tool.hbm2ddl.TableMetadata.<init> HHH000261: Table found: chronoluxweb.bill_detail
23-Mar-2025 18:26:10.181 INFO [localhost-startStop-1] org.hibernate.tool.hbm2ddl.TableMetadata.<init> HHH000037: Columns: [bill_id, product_id]
23-Mar-2025 18:26:10.181 INFO [localhost-startStop-1] org.hibernate.tool.hbm2ddl.TableMetadata.<init> HHH000108: Foreign keys: []
23-Mar-2025 18:26:10.182 INFO [localhost-startStop-1] org.hibernate.tool.hbm2ddl.TableMetadata.<init> HHH000126: Indexes: []
23-Mar-2025 18:26:10.224 INFO [localhost-startStop-1] org.hibernate.tool.hbm2ddl.TableMetadata.<init> HHH000261: Table found: chronoluxweb.brand
23-Mar-2025 18:26:10.225 INFO [localhost-startStop-1] org.hibernate.tool.hbm2ddl.TableMetadata.<init> HHH000037: Columns: [icon_url, country, modified_by, name, active, banner_url, id, created_date, modified_date, created_by]
23-Mar-2025 18:26:10.225 INFO [localhost-startStop-1] org.hibernate.tool.hbm2ddl.TableMetadata.<init> HHH000108: Foreign keys: []
23-Mar-2025 18:26:10.225 INFO [localhost-startStop-1] org.hibernate.tool.hbm2ddl.TableMetadata.<init> HHH000126: Indexes: [primary]
23-Mar-2025 18:26:10.260 INFO [localhost-startStop-1] org.hibernate.tool.hbm2ddl.TableMetadata.<init> HHH000261: Table found: chronoluxweb.cart_items
23-Mar-2025 18:26:10.260 INFO [localhost-startStop-1] org.hibernate.tool.hbm2ddl.TableMetadata.<init> HHH000037: Columns: [bill_id, quantity, user_id, product_id, modified_by, id, created_date, modified_date, created_by]
23-Mar-2025 18:26:10.260 INFO [localhost-startStop-1] org.hibernate.tool.hbm2ddl.TableMetadata.<init> HHH000108: Foreign keys: [fk_b5lfwcb4iitfnl3om0kg2fvsm, fk_rjiexeah9pxvqqsl3ottu7l3i, fk_stjbkkh1eftd036p0v219glxw]
23-Mar-2025 18:26:10.261 INFO [localhost-startStop-1] org.hibernate.tool.hbm2ddl.TableMetadata.<init> HHH000126: Indexes: [fk_b5lfwcb4iitfnl3om0kg2fvsm, fk_rjiexeah9pxvqqsl3ottu7l3i, fk_stjbkkh1eftd036p0v219glxw, primary]
23-Mar-2025 18:26:10.291 INFO [localhost-startStop-1] org.hibernate.tool.hbm2ddl.TableMetadata.<init> HHH000261: Table found: chronoluxweb.comment
23-Mar-2025 18:26:10.292 INFO [localhost-startStop-1] org.hibernate.tool.hbm2ddl.TableMetadata.<init> HHH000037: Columns: [user_id, review, product_id, modified_by, name, rating, id, created_date, modified_date, created_by, img_review_url, likecount]
23-Mar-2025 18:26:10.292 INFO [localhost-startStop-1] org.hibernate.tool.hbm2ddl.TableMetadata.<init> HHH000108: Foreign keys: [fk_mxoojfj9tmy8088avf57mpm02, fk_qadidjn2h0dqbc1nseh5bo4ff]
23-Mar-2025 18:26:10.292 INFO [localhost-startStop-1] org.hibernate.tool.hbm2ddl.TableMetadata.<init> HHH000126: Indexes: [fk_mxoojfj9tmy8088avf57mpm02, fk_qadidjn2h0dqbc1nseh5bo4ff, primary]
23-Mar-2025 18:26:10.298 INFO [localhost-startStop-1] org.hibernate.tool.hbm2ddl.DatabaseMetadata.getTableMetadata HHH000262: Table not found: comment_likes 
23-Mar-2025 18:26:10.331 INFO [localhost-startStop-1] org.hibernate.tool.hbm2ddl.TableMetadata.<init> HHH000261: Table found: chronoluxweb.corporation
23-Mar-2025 18:26:10.331 INFO [localhost-startStop-1] org.hibernate.tool.hbm2ddl.TableMetadata.<init> HHH000037: Columns: [address, img_url, phone, modified_by, about, id, created_date, modified_date, created_by, email, policy]
23-Mar-2025 18:26:10.331 INFO [localhost-startStop-1] org.hibernate.tool.hbm2ddl.TableMetadata.<init> HHH000108: Foreign keys: []
23-Mar-2025 18:26:10.332 INFO [localhost-startStop-1] org.hibernate.tool.hbm2ddl.TableMetadata.<init> HHH000126: Indexes: [primary]
23-Mar-2025 18:26:10.364 INFO [localhost-startStop-1] org.hibernate.tool.hbm2ddl.TableMetadata.<init> HHH000261: Table found: chronoluxweb.notification
23-Mar-2025 18:26:10.364 INFO [localhost-startStop-1] org.hibernate.tool.hbm2ddl.TableMetadata.<init> HHH000037: Columns: [modified_by, id, created_date, modified_date, title, comment_id, created_by, status]
23-Mar-2025 18:26:10.364 INFO [localhost-startStop-1] org.hibernate.tool.hbm2ddl.TableMetadata.<init> HHH000108: Foreign keys: [fk_inxhsk5bf6gpm7b41orsar7fc]
23-Mar-2025 18:26:10.365 INFO [localhost-startStop-1] org.hibernate.tool.hbm2ddl.TableMetadata.<init> HHH000126: Indexes: [fk_inxhsk5bf6gpm7b41orsar7fc, primary]
23-Mar-2025 18:26:10.393 INFO [localhost-startStop-1] org.hibernate.tool.hbm2ddl.TableMetadata.<init> HHH000261: Table found: chronoluxweb.notification_user
23-Mar-2025 18:26:10.393 INFO [localhost-startStop-1] org.hibernate.tool.hbm2ddl.TableMetadata.<init> HHH000037: Columns: [user_id, notification_id]
23-Mar-2025 18:26:10.393 INFO [localhost-startStop-1] org.hibernate.tool.hbm2ddl.TableMetadata.<init> HHH000108: Foreign keys: [fk_7iq8wfwh6nrr9x0x8555uk4ux, fk_s31layrkoj2djejiewv2upr8v]
23-Mar-2025 18:26:10.394 INFO [localhost-startStop-1] org.hibernate.tool.hbm2ddl.TableMetadata.<init> HHH000126: Indexes: [fk_7iq8wfwh6nrr9x0x8555uk4ux, primary]
23-Mar-2025 18:26:10.428 INFO [localhost-startStop-1] org.hibernate.tool.hbm2ddl.TableMetadata.<init> HHH000261: Table found: chronoluxweb.product
23-Mar-2025 18:26:10.428 INFO [localhost-startStop-1] org.hibernate.tool.hbm2ddl.TableMetadata.<init> HHH000037: Columns: [gender, thickness, watch_type, active, description, face_size, modified_date, created_by, glass_material, img_url, price, product_line_id, modified_by, name, id, created_date, strap_material, water_resistant, instock]
23-Mar-2025 18:26:10.428 INFO [localhost-startStop-1] org.hibernate.tool.hbm2ddl.TableMetadata.<init> HHH000108: Foreign keys: [fk_r2322tdtoib5u3jdxpcvrmb59]
23-Mar-2025 18:26:10.429 INFO [localhost-startStop-1] org.hibernate.tool.hbm2ddl.TableMetadata.<init> HHH000126: Indexes: [fk_r2322tdtoib5u3jdxpcvrmb59, primary]
23-Mar-2025 18:26:10.473 INFO [localhost-startStop-1] org.hibernate.tool.hbm2ddl.TableMetadata.<init> HHH000261: Table found: chronoluxweb.product_bill_snapshot
23-Mar-2025 18:26:10.473 INFO [localhost-startStop-1] org.hibernate.tool.hbm2ddl.TableMetadata.<init> HHH000037: Columns: [bill_id, imgurl, quantity, price, modified_by, productname, id, created_date, modified_date, created_by]
23-Mar-2025 18:26:10.474 INFO [localhost-startStop-1] org.hibernate.tool.hbm2ddl.TableMetadata.<init> HHH000108: Foreign keys: [fk_k3odv227tmhs8b4pa028vrwg2]
23-Mar-2025 18:26:10.474 INFO [localhost-startStop-1] org.hibernate.tool.hbm2ddl.TableMetadata.<init> HHH000126: Indexes: [fk_k3odv227tmhs8b4pa028vrwg2, primary]
23-Mar-2025 18:26:10.514 INFO [localhost-startStop-1] org.hibernate.tool.hbm2ddl.TableMetadata.<init> HHH000261: Table found: chronoluxweb.product_line
23-Mar-2025 18:26:10.514 INFO [localhost-startStop-1] org.hibernate.tool.hbm2ddl.TableMetadata.<init> HHH000037: Columns: [warranty_id, icon_url, modified_by, name, active, banner_url, id, created_date, modified_date, created_by, brand_id]
23-Mar-2025 18:26:10.515 INFO [localhost-startStop-1] org.hibernate.tool.hbm2ddl.TableMetadata.<init> HHH000108: Foreign keys: [fk_9pruqelwj7dp7lts8ulqyyc6a, fk_7y3l8d1q27c4ji42wmi538fuy]
23-Mar-2025 18:26:10.515 INFO [localhost-startStop-1] org.hibernate.tool.hbm2ddl.TableMetadata.<init> HHH000126: Indexes: [fk_9pruqelwj7dp7lts8ulqyyc6a, fk_7y3l8d1q27c4ji42wmi538fuy, primary]
23-Mar-2025 18:26:10.547 INFO [localhost-startStop-1] org.hibernate.tool.hbm2ddl.TableMetadata.<init> HHH000261: Table found: chronoluxweb.role
23-Mar-2025 18:26:10.548 INFO [localhost-startStop-1] org.hibernate.tool.hbm2ddl.TableMetadata.<init> HHH000037: Columns: [code, modified_by, name, id, created_date, modified_date, created_by]
23-Mar-2025 18:26:10.548 INFO [localhost-startStop-1] org.hibernate.tool.hbm2ddl.TableMetadata.<init> HHH000108: Foreign keys: []
23-Mar-2025 18:26:10.548 INFO [localhost-startStop-1] org.hibernate.tool.hbm2ddl.TableMetadata.<init> HHH000126: Indexes: [primary]
23-Mar-2025 18:26:10.581 INFO [localhost-startStop-1] org.hibernate.tool.hbm2ddl.TableMetadata.<init> HHH000261: Table found: chronoluxweb.role_detail
23-Mar-2025 18:26:10.582 INFO [localhost-startStop-1] org.hibernate.tool.hbm2ddl.TableMetadata.<init> HHH000037: Columns: [user_id, role_id]
23-Mar-2025 18:26:10.582 INFO [localhost-startStop-1] org.hibernate.tool.hbm2ddl.TableMetadata.<init> HHH000108: Foreign keys: [fk_ow0q9sejbk6oqkop7d9crqbu1, fk_c947jy7nux8c23q2mg1op1ucf]
23-Mar-2025 18:26:10.582 INFO [localhost-startStop-1] org.hibernate.tool.hbm2ddl.TableMetadata.<init> HHH000126: Indexes: [fk_ow0q9sejbk6oqkop7d9crqbu1, fk_c947jy7nux8c23q2mg1op1ucf, primary]
23-Mar-2025 18:26:10.616 INFO [localhost-startStop-1] org.hibernate.tool.hbm2ddl.TableMetadata.<init> HHH000261: Table found: chronoluxweb.user
23-Mar-2025 18:26:10.617 INFO [localhost-startStop-1] org.hibernate.tool.hbm2ddl.TableMetadata.<init> HHH000037: Columns: [modified_date, created_by, reset_password_token, password, img_url, modified_by, voucher_id, id, created_date, fullname, email, status, username]
23-Mar-2025 18:26:10.617 INFO [localhost-startStop-1] org.hibernate.tool.hbm2ddl.TableMetadata.<init> HHH000108: Foreign keys: [fk_ds7rq2hnw61wsi429c3p6xhy6]
23-Mar-2025 18:26:10.617 INFO [localhost-startStop-1] org.hibernate.tool.hbm2ddl.TableMetadata.<init> HHH000126: Indexes: [fk_ds7rq2hnw61wsi429c3p6xhy6, primary]
23-Mar-2025 18:26:10.649 INFO [localhost-startStop-1] org.hibernate.tool.hbm2ddl.TableMetadata.<init> HHH000261: Table found: chronoluxweb.voucher
23-Mar-2025 18:26:10.650 INFO [localhost-startStop-1] org.hibernate.tool.hbm2ddl.TableMetadata.<init> HHH000037: Columns: [end_day, code, begin_day, modified_by, discount, active, id, created_date, modified_date, type, created_by]
23-Mar-2025 18:26:10.650 INFO [localhost-startStop-1] org.hibernate.tool.hbm2ddl.TableMetadata.<init> HHH000108: Foreign keys: []
23-Mar-2025 18:26:10.650 INFO [localhost-startStop-1] org.hibernate.tool.hbm2ddl.TableMetadata.<init> HHH000126: Indexes: [primary]
23-Mar-2025 18:26:10.685 INFO [localhost-startStop-1] org.hibernate.tool.hbm2ddl.TableMetadata.<init> HHH000261: Table found: chronoluxweb.voucher_config
23-Mar-2025 18:26:10.685 INFO [localhost-startStop-1] org.hibernate.tool.hbm2ddl.TableMetadata.<init> HHH000037: Columns: [discount_default, prefix, modified_by, id, created_date, modified_date, created_by]
23-Mar-2025 18:26:10.685 INFO [localhost-startStop-1] org.hibernate.tool.hbm2ddl.TableMetadata.<init> HHH000108: Foreign keys: []
23-Mar-2025 18:26:10.686 INFO [localhost-startStop-1] org.hibernate.tool.hbm2ddl.TableMetadata.<init> HHH000126: Indexes: [primary]
23-Mar-2025 18:26:10.720 INFO [localhost-startStop-1] org.hibernate.tool.hbm2ddl.TableMetadata.<init> HHH000261: Table found: chronoluxweb.warranty
23-Mar-2025 18:26:10.720 INFO [localhost-startStop-1] org.hibernate.tool.hbm2ddl.TableMetadata.<init> HHH000037: Columns: [modified_by, id, created_date, modified_date, created_by, content]
23-Mar-2025 18:26:10.721 INFO [localhost-startStop-1] org.hibernate.tool.hbm2ddl.TableMetadata.<init> HHH000108: Foreign keys: []
23-Mar-2025 18:26:10.721 INFO [localhost-startStop-1] org.hibernate.tool.hbm2ddl.TableMetadata.<init> HHH000126: Indexes: [primary]
23-Mar-2025 18:26:10.726 INFO [localhost-startStop-1] org.hibernate.tool.hbm2ddl.DatabaseMetadata.getTableMetadata HHH000262: Table not found: comment_likes 
23-Mar-2025 18:26:10.735 INFO [localhost-startStop-1] org.hibernate.tool.hbm2ddl.DatabaseMetadata.getTableMetadata HHH000262: Table not found: comment_likes 
23-Mar-2025 18:26:10.895 ERROR [localhost-startStop-1] org.hibernate.tool.hbm2ddl.SchemaUpdate.execute HHH000388: Unsuccessful: alter table banner add column  modified_date datetime
23-Mar-2025 18:26:10.897 ERROR [localhost-startStop-1] org.hibernate.tool.hbm2ddl.SchemaUpdate.execute Duplicate column name 'modified_date'
23-Mar-2025 18:26:10.906 ERROR [localhost-startStop-1] org.hibernate.tool.hbm2ddl.SchemaUpdate.execute HHH000388: Unsuccessful: alter table bill add column  modified_date datetime
23-Mar-2025 18:26:10.906 ERROR [localhost-startStop-1] org.hibernate.tool.hbm2ddl.SchemaUpdate.execute Duplicate column name 'modified_date'
23-Mar-2025 18:26:10.910 ERROR [localhost-startStop-1] org.hibernate.tool.hbm2ddl.SchemaUpdate.execute HHH000388: Unsuccessful: alter table brand add column  modified_date datetime
23-Mar-2025 18:26:10.911 ERROR [localhost-startStop-1] org.hibernate.tool.hbm2ddl.SchemaUpdate.execute Duplicate column name 'modified_date'
23-Mar-2025 18:26:10.919 ERROR [localhost-startStop-1] org.hibernate.tool.hbm2ddl.SchemaUpdate.execute HHH000388: Unsuccessful: alter table cart_items add column  modified_date datetime
23-Mar-2025 18:26:10.920 ERROR [localhost-startStop-1] org.hibernate.tool.hbm2ddl.SchemaUpdate.execute Duplicate column name 'modified_date'
23-Mar-2025 18:26:10.926 ERROR [localhost-startStop-1] org.hibernate.tool.hbm2ddl.SchemaUpdate.execute HHH000388: Unsuccessful: alter table comment add column  modified_date datetime
23-Mar-2025 18:26:10.926 ERROR [localhost-startStop-1] org.hibernate.tool.hbm2ddl.SchemaUpdate.execute Duplicate column name 'modified_date'
23-Mar-2025 18:26:10.929 ERROR [localhost-startStop-1] org.hibernate.tool.hbm2ddl.SchemaUpdate.execute HHH000388: Unsuccessful: create table comment_likes  (user_id bigint not null, comment_id bigint not null)
23-Mar-2025 18:26:10.930 ERROR [localhost-startStop-1] org.hibernate.tool.hbm2ddl.SchemaUpdate.execute Table 'comment_likes' already exists
23-Mar-2025 18:26:10.933 ERROR [localhost-startStop-1] org.hibernate.tool.hbm2ddl.SchemaUpdate.execute HHH000388: Unsuccessful: alter table corporation add column  modified_date datetime
23-Mar-2025 18:26:10.934 ERROR [localhost-startStop-1] org.hibernate.tool.hbm2ddl.SchemaUpdate.execute Duplicate column name 'modified_date'
23-Mar-2025 18:26:10.937 ERROR [localhost-startStop-1] org.hibernate.tool.hbm2ddl.SchemaUpdate.execute HHH000388: Unsuccessful: alter table notification add column  modified_date datetime
23-Mar-2025 18:26:10.937 ERROR [localhost-startStop-1] org.hibernate.tool.hbm2ddl.SchemaUpdate.execute Duplicate column name 'modified_date'
23-Mar-2025 18:26:10.941 ERROR [localhost-startStop-1] org.hibernate.tool.hbm2ddl.SchemaUpdate.execute HHH000388: Unsuccessful: alter table product add column  modified_date datetime
23-Mar-2025 18:26:10.942 ERROR [localhost-startStop-1] org.hibernate.tool.hbm2ddl.SchemaUpdate.execute Duplicate column name 'modified_date'
23-Mar-2025 18:26:10.946 ERROR [localhost-startStop-1] org.hibernate.tool.hbm2ddl.SchemaUpdate.execute HHH000388: Unsuccessful: alter table product_bill_snapshot add column  modified_date datetime
23-Mar-2025 18:26:10.947 ERROR [localhost-startStop-1] org.hibernate.tool.hbm2ddl.SchemaUpdate.execute Duplicate column name 'modified_date'
23-Mar-2025 18:26:10.951 ERROR [localhost-startStop-1] org.hibernate.tool.hbm2ddl.SchemaUpdate.execute HHH000388: Unsuccessful: alter table product_line add column  modified_date datetime
23-Mar-2025 18:26:10.951 ERROR [localhost-startStop-1] org.hibernate.tool.hbm2ddl.SchemaUpdate.execute Duplicate column name 'modified_date'
23-Mar-2025 18:26:10.955 ERROR [localhost-startStop-1] org.hibernate.tool.hbm2ddl.SchemaUpdate.execute HHH000388: Unsuccessful: alter table role add column  modified_date datetime
23-Mar-2025 18:26:10.956 ERROR [localhost-startStop-1] org.hibernate.tool.hbm2ddl.SchemaUpdate.execute Duplicate column name 'modified_date'
23-Mar-2025 18:26:10.960 ERROR [localhost-startStop-1] org.hibernate.tool.hbm2ddl.SchemaUpdate.execute HHH000388: Unsuccessful: alter table user add column  modified_date datetime
23-Mar-2025 18:26:10.961 ERROR [localhost-startStop-1] org.hibernate.tool.hbm2ddl.SchemaUpdate.execute Duplicate column name 'modified_date'
23-Mar-2025 18:26:10.966 ERROR [localhost-startStop-1] org.hibernate.tool.hbm2ddl.SchemaUpdate.execute HHH000388: Unsuccessful: alter table voucher add column  modified_date datetime
23-Mar-2025 18:26:10.967 ERROR [localhost-startStop-1] org.hibernate.tool.hbm2ddl.SchemaUpdate.execute Duplicate column name 'modified_date'
23-Mar-2025 18:26:10.974 ERROR [localhost-startStop-1] org.hibernate.tool.hbm2ddl.SchemaUpdate.execute HHH000388: Unsuccessful: alter table voucher_config add column  modified_date datetime
23-Mar-2025 18:26:10.974 ERROR [localhost-startStop-1] org.hibernate.tool.hbm2ddl.SchemaUpdate.execute Duplicate column name 'modified_date'
23-Mar-2025 18:26:10.978 ERROR [localhost-startStop-1] org.hibernate.tool.hbm2ddl.SchemaUpdate.execute HHH000388: Unsuccessful: alter table warranty add column  modified_date datetime
23-Mar-2025 18:26:10.979 ERROR [localhost-startStop-1] org.hibernate.tool.hbm2ddl.SchemaUpdate.execute Duplicate column name 'modified_date'
23-Mar-2025 18:26:10.985 ERROR [localhost-startStop-1] org.hibernate.tool.hbm2ddl.SchemaUpdate.execute HHH000388: Unsuccessful: alter table bill_detail add constraint FK_293sewgbft9miq390yfh693jm foreign key (product_id) references product (id)
23-Mar-2025 18:26:10.986 ERROR [localhost-startStop-1] org.hibernate.tool.hbm2ddl.SchemaUpdate.execute Referencing column 'product_id' and referenced column 'id' in foreign key constraint 'FK_293sewgbft9miq390yfh693jm' are incompatible.
23-Mar-2025 18:26:10.989 ERROR [localhost-startStop-1] org.hibernate.tool.hbm2ddl.SchemaUpdate.execute HHH000388: Unsuccessful: alter table bill_detail add constraint FK_18yn4vr4gusinr921wec1ui0w foreign key (bill_id) references bill (id)
23-Mar-2025 18:26:10.990 ERROR [localhost-startStop-1] org.hibernate.tool.hbm2ddl.SchemaUpdate.execute Referencing column 'bill_id' and referenced column 'id' in foreign key constraint 'FK_18yn4vr4gusinr921wec1ui0w' are incompatible.
23-Mar-2025 18:26:10.996 ERROR [localhost-startStop-1] org.hibernate.tool.hbm2ddl.SchemaUpdate.execute HHH000388: Unsuccessful: alter table comment_likes  add constraint FK_otdfwsv11rsp31db2vtsleorj foreign key (comment_id) references comment (id)
23-Mar-2025 18:26:10.997 ERROR [localhost-startStop-1] org.hibernate.tool.hbm2ddl.SchemaUpdate.execute Duplicate foreign key constraint name 'FK_otdfwsv11rsp31db2vtsleorj'
23-Mar-2025 18:26:11.003 ERROR [localhost-startStop-1] org.hibernate.tool.hbm2ddl.SchemaUpdate.execute HHH000388: Unsuccessful: alter table comment_likes  add constraint FK_388y4xoc6shuc5ejnr40kdeoc foreign key (user_id) references user (id)
23-Mar-2025 18:26:11.004 ERROR [localhost-startStop-1] org.hibernate.tool.hbm2ddl.SchemaUpdate.execute Duplicate foreign key constraint name 'FK_388y4xoc6shuc5ejnr40kdeoc'
23-Mar-2025 18:26:11.004 INFO [localhost-startStop-1] org.hibernate.tool.hbm2ddl.SchemaUpdate.execute HHH000232: Schema update complete
23-Mar-2025 18:26:23.226 INFO [localhost-startStop-1] org.apache.catalina.startup.HostConfig.deployDescriptor Deployment of deployment descriptor [I:\JAVA SPRING\Learn Spring\ChronoLuxWebsite\src\main\webapp\conf\Catalina\localhost\ChronoLuxWeb.xml] has finished in [39,895] ms
23-Mar-2025 18:26:23.231 INFO [main] org.apache.coyote.AbstractProtocol.start Starting ProtocolHandler ["http-nio-8080"]
23-Mar-2025 18:26:23.268 INFO [main] org.apache.catalina.startup.Catalina.start Server startup in 40023 ms
23-Mar-2025 18:38:42.279 INFO [Thread-1] org.apache.coyote.AbstractProtocol.pause Pausing ProtocolHandler ["http-nio-8080"]
23-Mar-2025 18:38:42.286 INFO [Thread-1] org.apache.catalina.core.StandardService.stopInternal Stopping service [Catalina]
23-Mar-2025 18:38:42.387 WARNING [localhost-startStop-2] org.apache.catalina.loader.WebappClassLoaderBase.clearReferencesJdbc The web application [ChronoLuxWeb] registered the JDBC driver [com.mysql.cj.jdbc.Driver] but failed to unregister it when the web application was stopped. To prevent a memory leak, the JDBC Driver has been forcibly unregistered.
23-Mar-2025 18:38:42.389 WARNING [localhost-startStop-2] org.apache.catalina.loader.WebappClassLoaderBase.clearReferencesThreads The web application [ChronoLuxWeb] appears to have started a thread named [mysql-cj-abandoned-connection-cleanup] but has failed to stop it. This is very likely to create a memory leak. Stack trace of thread:
 java.base/jdk.internal.misc.Unsafe.park(Native Method)
 java.base/java.util.concurrent.locks.LockSupport.parkNanos(LockSupport.java:269)
 java.base/java.util.concurrent.locks.AbstractQueuedSynchronizer$ConditionObject.await(AbstractQueuedSynchronizer.java:1852)
 java.base/java.lang.ref.ReferenceQueue.await(ReferenceQueue.java:71)
 java.base/java.lang.ref.ReferenceQueue.remove0(ReferenceQueue.java:143)
 java.base/java.lang.ref.ReferenceQueue.remove(ReferenceQueue.java:218)
 com.mysql.cj.jdbc.AbandonedConnectionCleanupThread.run(AbandonedConnectionCleanupThread.java:91)
 java.base/java.util.concurrent.ThreadPoolExecutor.runWorker(ThreadPoolExecutor.java:1144)
 java.base/java.util.concurrent.ThreadPoolExecutor$Worker.run(ThreadPoolExecutor.java:642)
 java.base/java.lang.Thread.run(Thread.java:1583)
23-Mar-2025 18:38:42.455 INFO [Thread-1] org.apache.coyote.AbstractProtocol.stop Stopping ProtocolHandler ["http-nio-8080"]
23-Mar-2025 18:38:42.466 INFO [Thread-1] org.apache.coyote.AbstractProtocol.destroy Destroying ProtocolHandler ["http-nio-8080"]
23-Mar-2025 18:39:59.833 INFO [main] org.apache.catalina.startup.VersionLoggerListener.log Server version name:   Apache Tomcat/8.5.92
23-Mar-2025 18:39:59.837 INFO [main] org.apache.catalina.startup.VersionLoggerListener.log Server built:          Aug 9 2023 11:22:56 UTC
23-Mar-2025 18:39:59.837 INFO [main] org.apache.catalina.startup.VersionLoggerListener.log Server version number: 8.5.92.0
23-Mar-2025 18:39:59.838 INFO [main] org.apache.catalina.startup.VersionLoggerListener.log OS Name:               Windows 10
23-Mar-2025 18:39:59.838 INFO [main] org.apache.catalina.startup.VersionLoggerListener.log OS Version:            10.0
23-Mar-2025 18:39:59.838 INFO [main] org.apache.catalina.startup.VersionLoggerListener.log Architecture:          amd64
23-Mar-2025 18:39:59.838 INFO [main] org.apache.catalina.startup.VersionLoggerListener.log Java Home:             E:\SETUP_PROJECT\JAVA\JDK\jdk-21.0.5+11
23-Mar-2025 18:39:59.838 INFO [main] org.apache.catalina.startup.VersionLoggerListener.log JVM Version:           21.0.5+11-LTS
23-Mar-2025 18:39:59.839 INFO [main] org.apache.catalina.startup.VersionLoggerListener.log JVM Vendor:            Eclipse Adoptium
23-Mar-2025 18:39:59.839 INFO [main] org.apache.catalina.startup.VersionLoggerListener.log CATALINA_BASE:         I:\JAVA SPRING\Learn Spring\ChronoLuxWebsite\src\main\webapp
23-Mar-2025 18:39:59.839 INFO [main] org.apache.catalina.startup.VersionLoggerListener.log CATALINA_HOME:         G:\apache-tomcat-8.5.92
23-Mar-2025 18:39:59.840 INFO [main] org.apache.catalina.startup.VersionLoggerListener.log Command line argument: --add-opens=java.base/java.lang=ALL-UNNAMED
23-Mar-2025 18:39:59.840 INFO [main] org.apache.catalina.startup.VersionLoggerListener.log Command line argument: --add-opens=java.base/java.io=ALL-UNNAMED
23-Mar-2025 18:39:59.841 INFO [main] org.apache.catalina.startup.VersionLoggerListener.log Command line argument: --add-opens=java.base/java.util=ALL-UNNAMED
23-Mar-2025 18:39:59.841 INFO [main] org.apache.catalina.startup.VersionLoggerListener.log Command line argument: --add-opens=java.base/java.util.concurrent=ALL-UNNAMED
23-Mar-2025 18:39:59.841 INFO [main] org.apache.catalina.startup.VersionLoggerListener.log Command line argument: --add-opens=java.rmi/sun.rmi.transport=ALL-UNNAMED
23-Mar-2025 18:39:59.841 INFO [main] org.apache.catalina.startup.VersionLoggerListener.log Command line argument: -Dcatalina.home=G:\apache-tomcat-8.5.92
23-Mar-2025 18:39:59.841 INFO [main] org.apache.catalina.startup.VersionLoggerListener.log Command line argument: -Dcatalina.base=I:\JAVA SPRING\Learn Spring\ChronoLuxWebsite\src\main\webapp
23-Mar-2025 18:39:59.842 INFO [main] org.apache.catalina.startup.VersionLoggerListener.log Command line argument: -Djava.io.tmpdir=I:\JAVA SPRING\Learn Spring\ChronoLuxWebsite\src\main\webapp\temp
23-Mar-2025 18:39:59.842 INFO [main] org.apache.catalina.startup.VersionLoggerListener.log Command line argument: -Djava.util.logging.config.file=I:\JAVA SPRING\Learn Spring\ChronoLuxWebsite\src\main\webapp\conf\logging.properties
23-Mar-2025 18:39:59.842 INFO [main] org.apache.catalina.startup.VersionLoggerListener.log Command line argument: -Djava.util.logging.manager=org.apache.juli.ClassLoaderLogManager
23-Mar-2025 18:39:59.843 INFO [main] org.apache.catalina.startup.VersionLoggerListener.log Command line argument: -javaagent:C:\Program Files\JetBrains\IntelliJ IDEA 2024.3\lib\idea_rt.jar=58619:C:\Program Files\JetBrains\IntelliJ IDEA 2024.3\bin
23-Mar-2025 18:39:59.843 INFO [main] org.apache.catalina.startup.VersionLoggerListener.log Command line argument: -Dfile.encoding=UTF-8
23-Mar-2025 18:39:59.844 INFO [main] org.apache.catalina.startup.VersionLoggerListener.log Command line argument: -Dsun.stdout.encoding=UTF-8
23-Mar-2025 18:39:59.844 INFO [main] org.apache.catalina.startup.VersionLoggerListener.log Command line argument: -Dsun.stderr.encoding=UTF-8
23-Mar-2025 18:39:59.844 INFO [main] org.apache.catalina.core.AprLifecycleListener.lifecycleEvent The Apache Tomcat Native library which allows using OpenSSL was not found on the java.library.path: [E:\SETUP_PROJECT\JAVA\JDK\jdk-21.0.5+11\bin;C:\Windows\Sun\Java\bin;C:\Windows\system32;C:\Windows;C:\Program Files (x86)\Common Files\Oracle\Java\javapath;E:\SETUP_PROJECT\PYTHON\Python_3.10.11\Scripts\;E:\SETUP_PROJECT\PYTHON\Python_3.10.11\;C:\Program Files\Microsoft MPI\Bin\;E:\SETUP_PROJECT\PYTHON\Python_3.13.0\Scripts\;E:\SETUP_PROJECT\PYTHON\Python_3.13.0\;C:\Windows\system32;C:\Windows;C:\Windows\System32\Wbem;C:\Windows\System32\WindowsPowerShell\v1.0\;C:\Windows\System32\OpenSSH\;C:\Program Files\Git\cmd;C:\Program Files\dotnet\;C:\Program Files (x86)\Windows Kits\10\Windows Performance Toolkit\;E:\SETUP_PROJECT\JAVA\JDK\jdk-21.0.5+11\bin;C:\Program Files (x86)\Microsoft SQL Server\160\Tools\Binn\;C:\Program Files\Microsoft SQL Server\160\Tools\Binn\;C:\Program Files\Microsoft SQL Server\Client SDK\ODBC\170\Tools\Binn\;C:\Program Files\Microsoft SQL Server\160\DTS\Binn\;C:\Program Files (x86)\Microsoft SQL Server\160\DTS\Binn\;C:\Program Files\nodejs\;C:\Program Files\Docker\Docker\resources\bin;C:\Users\Admin\AppData\Local\Microsoft\WindowsApps;C:\Users\Admin\AppData\Local\Programs\Microsoft VS Code\bin;C:\Users\Admin\.dotnet\tools;C:\Users\Admin\AppData\Roaming\npm;.]
23-Mar-2025 18:39:59.923 INFO [main] org.apache.coyote.AbstractProtocol.init Initializing ProtocolHandler ["http-nio-8080"]
23-Mar-2025 18:39:59.976 INFO [main] org.apache.catalina.startup.Catalina.load Initialization processed in 1147 ms
23-Mar-2025 18:40:00.091 INFO [main] org.apache.catalina.core.StandardService.startInternal Starting service [Catalina]
23-Mar-2025 18:40:00.095 INFO [main] org.apache.catalina.core.StandardEngine.startInternal Starting Servlet engine: [Apache Tomcat/8.5.92]
23-Mar-2025 18:40:00.135 INFO [localhost-startStop-1] org.apache.catalina.startup.HostConfig.deployDescriptor Deploying deployment descriptor [I:\JAVA SPRING\Learn Spring\ChronoLuxWebsite\src\main\webapp\conf\Catalina\localhost\ChronoLuxWeb.xml]
23-Mar-2025 18:40:07.315 INFO [localhost-startStop-1] org.apache.jasper.servlet.TldScanner.scanJars At least one JAR was scanned for TLDs yet contained no TLDs. Enable debug logging for this logger for a complete list of JARs that were scanned but no TLDs were found in them. Skipping unneeded JARs during scanning can improve startup time and JSP compilation time.
23-Mar-2025 18:40:10.136 INFO [localhost-startStop-1] org.hibernate.jpa.internal.util.LogHelper.logPersistenceUnitInformation HHH000204: Processing PersistenceUnitInfo [
	name: persistence-data
	...]
23-Mar-2025 18:40:10.475 INFO [localhost-startStop-1] org.hibernate.Version.logVersion HHH000412: Hibernate Core {4.3.6.Final}
23-Mar-2025 18:40:10.480 INFO [localhost-startStop-1] org.hibernate.cfg.Environment.<clinit> HHH000206: hibernate.properties not found
23-Mar-2025 18:40:10.484 INFO [localhost-startStop-1] org.hibernate.cfg.Environment.buildBytecodeProvider HHH000021: Bytecode provider name : javassist
23-Mar-2025 18:40:11.002 INFO [localhost-startStop-1] org.hibernate.annotations.common.reflection.java.JavaReflectionManager.<clinit> HCANN000001: Hibernate Commons Annotations {4.0.5.Final}
23-Mar-2025 18:40:12.059 INFO [localhost-startStop-1] org.hibernate.dialect.Dialect.<init> HHH000400: Using dialect: org.hibernate.dialect.MySQL5Dialect
23-Mar-2025 18:40:12.573 INFO [localhost-startStop-1] org.hibernate.hql.internal.ast.ASTQueryTranslatorFactory.<init> HHH000397: Using ASTQueryTranslatorFactory
23-Mar-2025 18:40:13.454 INFO [localhost-startStop-1] org.hibernate.tool.hbm2ddl.SchemaUpdate.execute HHH000228: Running hbm2ddl schema update
23-Mar-2025 18:40:13.454 INFO [localhost-startStop-1] org.hibernate.tool.hbm2ddl.SchemaUpdate.execute HHH000102: Fetching database metadata
23-Mar-2025 18:40:13.488 INFO [localhost-startStop-1] org.hibernate.tool.hbm2ddl.SchemaUpdate.execute HHH000396: Updating schema
23-Mar-2025 18:40:13.559 INFO [localhost-startStop-1] org.hibernate.tool.hbm2ddl.TableMetadata.<init> HHH000261: Table found: chronoluxweb.banner
23-Mar-2025 18:40:13.559 INFO [localhost-startStop-1] org.hibernate.tool.hbm2ddl.TableMetadata.<init> HHH000037: Columns: [img, modified_by, caption, id, created_date, modified_date, created_by, content]
23-Mar-2025 18:40:13.559 INFO [localhost-startStop-1] org.hibernate.tool.hbm2ddl.TableMetadata.<init> HHH000108: Foreign keys: []
23-Mar-2025 18:40:13.559 INFO [localhost-startStop-1] org.hibernate.tool.hbm2ddl.TableMetadata.<init> HHH000126: Indexes: [primary]
23-Mar-2025 18:40:13.588 INFO [localhost-startStop-1] org.hibernate.tool.hbm2ddl.TableMetadata.<init> HHH000261: Table found: chronoluxweb.bill
23-Mar-2025 18:40:13.589 INFO [localhost-startStop-1] org.hibernate.tool.hbm2ddl.TableMetadata.<init> HHH000037: Columns: [note, address, quantity, gender, date_invoice, receiver_gender, modified_date, display_name, created_by, total, cancel_reason, phone, user_id, deliverystatus, subtotal, modified_by, voucher_id, receiver_name, id, created_date, receiver_phone, email, payment_method, status]
23-Mar-2025 18:40:13.589 INFO [localhost-startStop-1] org.hibernate.tool.hbm2ddl.TableMetadata.<init> HHH000108: Foreign keys: [fk_3ac38309d899hoderihd5mh9j, fk_5my60d5u3n18y09mgqp2t6t0b]
23-Mar-2025 18:40:13.589 INFO [localhost-startStop-1] org.hibernate.tool.hbm2ddl.TableMetadata.<init> HHH000126: Indexes: [fk_3ac38309d899hoderihd5mh9j, fk_5my60d5u3n18y09mgqp2t6t0b, primary]
23-Mar-2025 18:40:13.613 INFO [localhost-startStop-1] org.hibernate.tool.hbm2ddl.TableMetadata.<init> HHH000261: Table found: chronoluxweb.bill_detail
23-Mar-2025 18:40:13.613 INFO [localhost-startStop-1] org.hibernate.tool.hbm2ddl.TableMetadata.<init> HHH000037: Columns: [bill_id, product_id]
23-Mar-2025 18:40:13.614 INFO [localhost-startStop-1] org.hibernate.tool.hbm2ddl.TableMetadata.<init> HHH000108: Foreign keys: []
23-Mar-2025 18:40:13.614 INFO [localhost-startStop-1] org.hibernate.tool.hbm2ddl.TableMetadata.<init> HHH000126: Indexes: []
23-Mar-2025 18:40:13.634 INFO [localhost-startStop-1] org.hibernate.tool.hbm2ddl.TableMetadata.<init> HHH000261: Table found: chronoluxweb.brand
23-Mar-2025 18:40:13.635 INFO [localhost-startStop-1] org.hibernate.tool.hbm2ddl.TableMetadata.<init> HHH000037: Columns: [icon_url, country, modified_by, name, active, banner_url, id, created_date, modified_date, created_by]
23-Mar-2025 18:40:13.635 INFO [localhost-startStop-1] org.hibernate.tool.hbm2ddl.TableMetadata.<init> HHH000108: Foreign keys: []
23-Mar-2025 18:40:13.635 INFO [localhost-startStop-1] org.hibernate.tool.hbm2ddl.TableMetadata.<init> HHH000126: Indexes: [primary]
23-Mar-2025 18:40:13.650 INFO [localhost-startStop-1] org.hibernate.tool.hbm2ddl.TableMetadata.<init> HHH000261: Table found: chronoluxweb.cart_items
23-Mar-2025 18:40:13.651 INFO [localhost-startStop-1] org.hibernate.tool.hbm2ddl.TableMetadata.<init> HHH000037: Columns: [bill_id, quantity, user_id, product_id, modified_by, id, created_date, modified_date, created_by]
23-Mar-2025 18:40:13.651 INFO [localhost-startStop-1] org.hibernate.tool.hbm2ddl.TableMetadata.<init> HHH000108: Foreign keys: [fk_b5lfwcb4iitfnl3om0kg2fvsm, fk_rjiexeah9pxvqqsl3ottu7l3i, fk_stjbkkh1eftd036p0v219glxw]
23-Mar-2025 18:40:13.651 INFO [localhost-startStop-1] org.hibernate.tool.hbm2ddl.TableMetadata.<init> HHH000126: Indexes: [fk_b5lfwcb4iitfnl3om0kg2fvsm, fk_rjiexeah9pxvqqsl3ottu7l3i, fk_stjbkkh1eftd036p0v219glxw, primary]
23-Mar-2025 18:40:13.672 INFO [localhost-startStop-1] org.hibernate.tool.hbm2ddl.TableMetadata.<init> HHH000261: Table found: chronoluxweb.comment
23-Mar-2025 18:40:13.673 INFO [localhost-startStop-1] org.hibernate.tool.hbm2ddl.TableMetadata.<init> HHH000037: Columns: [user_id, review, product_id, modified_by, name, rating, id, created_date, modified_date, created_by, img_review_url, likecount]
23-Mar-2025 18:40:13.673 INFO [localhost-startStop-1] org.hibernate.tool.hbm2ddl.TableMetadata.<init> HHH000108: Foreign keys: [fk_mxoojfj9tmy8088avf57mpm02, fk_qadidjn2h0dqbc1nseh5bo4ff]
23-Mar-2025 18:40:13.673 INFO [localhost-startStop-1] org.hibernate.tool.hbm2ddl.TableMetadata.<init> HHH000126: Indexes: [fk_mxoojfj9tmy8088avf57mpm02, fk_qadidjn2h0dqbc1nseh5bo4ff, primary]
23-Mar-2025 18:40:13.680 INFO [localhost-startStop-1] org.hibernate.tool.hbm2ddl.DatabaseMetadata.getTableMetadata HHH000262: Table not found: comment_likes 
23-Mar-2025 18:40:13.708 INFO [localhost-startStop-1] org.hibernate.tool.hbm2ddl.TableMetadata.<init> HHH000261: Table found: chronoluxweb.corporation
23-Mar-2025 18:40:13.709 INFO [localhost-startStop-1] org.hibernate.tool.hbm2ddl.TableMetadata.<init> HHH000037: Columns: [address, img_url, phone, modified_by, about, id, created_date, modified_date, created_by, email, policy]
23-Mar-2025 18:40:13.709 INFO [localhost-startStop-1] org.hibernate.tool.hbm2ddl.TableMetadata.<init> HHH000108: Foreign keys: []
23-Mar-2025 18:40:13.709 INFO [localhost-startStop-1] org.hibernate.tool.hbm2ddl.TableMetadata.<init> HHH000126: Indexes: [primary]
23-Mar-2025 18:40:13.741 INFO [localhost-startStop-1] org.hibernate.tool.hbm2ddl.TableMetadata.<init> HHH000261: Table found: chronoluxweb.notification
23-Mar-2025 18:40:13.741 INFO [localhost-startStop-1] org.hibernate.tool.hbm2ddl.TableMetadata.<init> HHH000037: Columns: [modified_by, id, created_date, modified_date, title, comment_id, created_by, status]
23-Mar-2025 18:40:13.742 INFO [localhost-startStop-1] org.hibernate.tool.hbm2ddl.TableMetadata.<init> HHH000108: Foreign keys: [fk_inxhsk5bf6gpm7b41orsar7fc]
23-Mar-2025 18:40:13.742 INFO [localhost-startStop-1] org.hibernate.tool.hbm2ddl.TableMetadata.<init> HHH000126: Indexes: [fk_inxhsk5bf6gpm7b41orsar7fc, primary]
23-Mar-2025 18:40:13.771 INFO [localhost-startStop-1] org.hibernate.tool.hbm2ddl.TableMetadata.<init> HHH000261: Table found: chronoluxweb.notification_user
23-Mar-2025 18:40:13.772 INFO [localhost-startStop-1] org.hibernate.tool.hbm2ddl.TableMetadata.<init> HHH000037: Columns: [user_id, notification_id]
23-Mar-2025 18:40:13.772 INFO [localhost-startStop-1] org.hibernate.tool.hbm2ddl.TableMetadata.<init> HHH000108: Foreign keys: [fk_7iq8wfwh6nrr9x0x8555uk4ux, fk_s31layrkoj2djejiewv2upr8v]
23-Mar-2025 18:40:13.772 INFO [localhost-startStop-1] org.hibernate.tool.hbm2ddl.TableMetadata.<init> HHH000126: Indexes: [fk_7iq8wfwh6nrr9x0x8555uk4ux, primary]
23-Mar-2025 18:40:13.794 INFO [localhost-startStop-1] org.hibernate.tool.hbm2ddl.TableMetadata.<init> HHH000261: Table found: chronoluxweb.product
23-Mar-2025 18:40:13.795 INFO [localhost-startStop-1] org.hibernate.tool.hbm2ddl.TableMetadata.<init> HHH000037: Columns: [gender, thickness, watch_type, active, description, face_size, modified_date, created_by, glass_material, img_url, price, product_line_id, modified_by, name, id, created_date, strap_material, water_resistant, instock]
23-Mar-2025 18:40:13.795 INFO [localhost-startStop-1] org.hibernate.tool.hbm2ddl.TableMetadata.<init> HHH000108: Foreign keys: [fk_r2322tdtoib5u3jdxpcvrmb59]
23-Mar-2025 18:40:13.795 INFO [localhost-startStop-1] org.hibernate.tool.hbm2ddl.TableMetadata.<init> HHH000126: Indexes: [fk_r2322tdtoib5u3jdxpcvrmb59, primary]
23-Mar-2025 18:40:13.821 INFO [localhost-startStop-1] org.hibernate.tool.hbm2ddl.TableMetadata.<init> HHH000261: Table found: chronoluxweb.product_bill_snapshot
23-Mar-2025 18:40:13.821 INFO [localhost-startStop-1] org.hibernate.tool.hbm2ddl.TableMetadata.<init> HHH000037: Columns: [bill_id, imgurl, quantity, price, modified_by, productname, id, created_date, modified_date, created_by]
23-Mar-2025 18:40:13.821 INFO [localhost-startStop-1] org.hibernate.tool.hbm2ddl.TableMetadata.<init> HHH000108: Foreign keys: [fk_k3odv227tmhs8b4pa028vrwg2]
23-Mar-2025 18:40:13.822 INFO [localhost-startStop-1] org.hibernate.tool.hbm2ddl.TableMetadata.<init> HHH000126: Indexes: [fk_k3odv227tmhs8b4pa028vrwg2, primary]
23-Mar-2025 18:40:13.839 INFO [localhost-startStop-1] org.hibernate.tool.hbm2ddl.TableMetadata.<init> HHH000261: Table found: chronoluxweb.product_line
23-Mar-2025 18:40:13.839 INFO [localhost-startStop-1] org.hibernate.tool.hbm2ddl.TableMetadata.<init> HHH000037: Columns: [warranty_id, icon_url, modified_by, name, active, banner_url, id, created_date, modified_date, created_by, brand_id]
23-Mar-2025 18:40:13.839 INFO [localhost-startStop-1] org.hibernate.tool.hbm2ddl.TableMetadata.<init> HHH000108: Foreign keys: [fk_9pruqelwj7dp7lts8ulqyyc6a, fk_7y3l8d1q27c4ji42wmi538fuy]
23-Mar-2025 18:40:13.839 INFO [localhost-startStop-1] org.hibernate.tool.hbm2ddl.TableMetadata.<init> HHH000126: Indexes: [fk_9pruqelwj7dp7lts8ulqyyc6a, fk_7y3l8d1q27c4ji42wmi538fuy, primary]
23-Mar-2025 18:40:13.854 INFO [localhost-startStop-1] org.hibernate.tool.hbm2ddl.TableMetadata.<init> HHH000261: Table found: chronoluxweb.role
23-Mar-2025 18:40:13.854 INFO [localhost-startStop-1] org.hibernate.tool.hbm2ddl.TableMetadata.<init> HHH000037: Columns: [code, modified_by, name, id, created_date, modified_date, created_by]
23-Mar-2025 18:40:13.854 INFO [localhost-startStop-1] org.hibernate.tool.hbm2ddl.TableMetadata.<init> HHH000108: Foreign keys: []
23-Mar-2025 18:40:13.854 INFO [localhost-startStop-1] org.hibernate.tool.hbm2ddl.TableMetadata.<init> HHH000126: Indexes: [primary]
23-Mar-2025 18:40:13.869 INFO [localhost-startStop-1] org.hibernate.tool.hbm2ddl.TableMetadata.<init> HHH000261: Table found: chronoluxweb.role_detail
23-Mar-2025 18:40:13.869 INFO [localhost-startStop-1] org.hibernate.tool.hbm2ddl.TableMetadata.<init> HHH000037: Columns: [user_id, role_id]
23-Mar-2025 18:40:13.869 INFO [localhost-startStop-1] org.hibernate.tool.hbm2ddl.TableMetadata.<init> HHH000108: Foreign keys: [fk_ow0q9sejbk6oqkop7d9crqbu1, fk_c947jy7nux8c23q2mg1op1ucf]
23-Mar-2025 18:40:13.869 INFO [localhost-startStop-1] org.hibernate.tool.hbm2ddl.TableMetadata.<init> HHH000126: Indexes: [fk_ow0q9sejbk6oqkop7d9crqbu1, fk_c947jy7nux8c23q2mg1op1ucf, primary]
23-Mar-2025 18:40:13.886 INFO [localhost-startStop-1] org.hibernate.tool.hbm2ddl.TableMetadata.<init> HHH000261: Table found: chronoluxweb.user
23-Mar-2025 18:40:13.886 INFO [localhost-startStop-1] org.hibernate.tool.hbm2ddl.TableMetadata.<init> HHH000037: Columns: [modified_date, created_by, reset_password_token, password, img_url, modified_by, voucher_id, id, created_date, fullname, email, status, username]
23-Mar-2025 18:40:13.886 INFO [localhost-startStop-1] org.hibernate.tool.hbm2ddl.TableMetadata.<init> HHH000108: Foreign keys: [fk_ds7rq2hnw61wsi429c3p6xhy6]
23-Mar-2025 18:40:13.886 INFO [localhost-startStop-1] org.hibernate.tool.hbm2ddl.TableMetadata.<init> HHH000126: Indexes: [fk_ds7rq2hnw61wsi429c3p6xhy6, primary]
23-Mar-2025 18:40:13.908 INFO [localhost-startStop-1] org.hibernate.tool.hbm2ddl.TableMetadata.<init> HHH000261: Table found: chronoluxweb.voucher
23-Mar-2025 18:40:13.908 INFO [localhost-startStop-1] org.hibernate.tool.hbm2ddl.TableMetadata.<init> HHH000037: Columns: [end_day, code, begin_day, modified_by, discount, active, id, created_date, modified_date, type, created_by]
23-Mar-2025 18:40:13.909 INFO [localhost-startStop-1] org.hibernate.tool.hbm2ddl.TableMetadata.<init> HHH000108: Foreign keys: []
23-Mar-2025 18:40:13.909 INFO [localhost-startStop-1] org.hibernate.tool.hbm2ddl.TableMetadata.<init> HHH000126: Indexes: [primary]
23-Mar-2025 18:40:13.938 INFO [localhost-startStop-1] org.hibernate.tool.hbm2ddl.TableMetadata.<init> HHH000261: Table found: chronoluxweb.voucher_config
23-Mar-2025 18:40:13.938 INFO [localhost-startStop-1] org.hibernate.tool.hbm2ddl.TableMetadata.<init> HHH000037: Columns: [discount_default, prefix, modified_by, id, created_date, modified_date, created_by]
23-Mar-2025 18:40:13.939 INFO [localhost-startStop-1] org.hibernate.tool.hbm2ddl.TableMetadata.<init> HHH000108: Foreign keys: []
23-Mar-2025 18:40:13.939 INFO [localhost-startStop-1] org.hibernate.tool.hbm2ddl.TableMetadata.<init> HHH000126: Indexes: [primary]
23-Mar-2025 18:40:13.965 INFO [localhost-startStop-1] org.hibernate.tool.hbm2ddl.TableMetadata.<init> HHH000261: Table found: chronoluxweb.warranty
23-Mar-2025 18:40:13.965 INFO [localhost-startStop-1] org.hibernate.tool.hbm2ddl.TableMetadata.<init> HHH000037: Columns: [modified_by, id, created_date, modified_date, created_by, content]
23-Mar-2025 18:40:13.966 INFO [localhost-startStop-1] org.hibernate.tool.hbm2ddl.TableMetadata.<init> HHH000108: Foreign keys: []
23-Mar-2025 18:40:13.966 INFO [localhost-startStop-1] org.hibernate.tool.hbm2ddl.TableMetadata.<init> HHH000126: Indexes: [primary]
23-Mar-2025 18:40:13.975 INFO [localhost-startStop-1] org.hibernate.tool.hbm2ddl.DatabaseMetadata.getTableMetadata HHH000262: Table not found: comment_likes 
23-Mar-2025 18:40:13.981 INFO [localhost-startStop-1] org.hibernate.tool.hbm2ddl.DatabaseMetadata.getTableMetadata HHH000262: Table not found: comment_likes 
23-Mar-2025 18:40:14.048 ERROR [localhost-startStop-1] org.hibernate.tool.hbm2ddl.SchemaUpdate.execute HHH000388: Unsuccessful: alter table banner add column  modified_date datetime
23-Mar-2025 18:40:14.049 ERROR [localhost-startStop-1] org.hibernate.tool.hbm2ddl.SchemaUpdate.execute Duplicate column name 'modified_date'
23-Mar-2025 18:40:14.051 ERROR [localhost-startStop-1] org.hibernate.tool.hbm2ddl.SchemaUpdate.execute HHH000388: Unsuccessful: alter table bill add column  modified_date datetime
23-Mar-2025 18:40:14.052 ERROR [localhost-startStop-1] org.hibernate.tool.hbm2ddl.SchemaUpdate.execute Duplicate column name 'modified_date'
23-Mar-2025 18:40:14.053 ERROR [localhost-startStop-1] org.hibernate.tool.hbm2ddl.SchemaUpdate.execute HHH000388: Unsuccessful: alter table brand add column  modified_date datetime
23-Mar-2025 18:40:14.054 ERROR [localhost-startStop-1] org.hibernate.tool.hbm2ddl.SchemaUpdate.execute Duplicate column name 'modified_date'
23-Mar-2025 18:40:14.057 ERROR [localhost-startStop-1] org.hibernate.tool.hbm2ddl.SchemaUpdate.execute HHH000388: Unsuccessful: alter table cart_items add column  modified_date datetime
23-Mar-2025 18:40:14.057 ERROR [localhost-startStop-1] org.hibernate.tool.hbm2ddl.SchemaUpdate.execute Duplicate column name 'modified_date'
23-Mar-2025 18:40:14.059 ERROR [localhost-startStop-1] org.hibernate.tool.hbm2ddl.SchemaUpdate.execute HHH000388: Unsuccessful: alter table comment add column  modified_date datetime
23-Mar-2025 18:40:14.059 ERROR [localhost-startStop-1] org.hibernate.tool.hbm2ddl.SchemaUpdate.execute Duplicate column name 'modified_date'
23-Mar-2025 18:40:14.061 ERROR [localhost-startStop-1] org.hibernate.tool.hbm2ddl.SchemaUpdate.execute HHH000388: Unsuccessful: create table comment_likes  (user_id bigint not null, comment_id bigint not null)
23-Mar-2025 18:40:14.061 ERROR [localhost-startStop-1] org.hibernate.tool.hbm2ddl.SchemaUpdate.execute Table 'comment_likes' already exists
23-Mar-2025 18:40:14.064 ERROR [localhost-startStop-1] org.hibernate.tool.hbm2ddl.SchemaUpdate.execute HHH000388: Unsuccessful: alter table corporation add column  modified_date datetime
23-Mar-2025 18:40:14.064 ERROR [localhost-startStop-1] org.hibernate.tool.hbm2ddl.SchemaUpdate.execute Duplicate column name 'modified_date'
23-Mar-2025 18:40:14.066 ERROR [localhost-startStop-1] org.hibernate.tool.hbm2ddl.SchemaUpdate.execute HHH000388: Unsuccessful: alter table notification add column  modified_date datetime
23-Mar-2025 18:40:14.066 ERROR [localhost-startStop-1] org.hibernate.tool.hbm2ddl.SchemaUpdate.execute Duplicate column name 'modified_date'
23-Mar-2025 18:40:14.068 ERROR [localhost-startStop-1] org.hibernate.tool.hbm2ddl.SchemaUpdate.execute HHH000388: Unsuccessful: alter table product add column  modified_date datetime
23-Mar-2025 18:40:14.068 ERROR [localhost-startStop-1] org.hibernate.tool.hbm2ddl.SchemaUpdate.execute Duplicate column name 'modified_date'
23-Mar-2025 18:40:14.070 ERROR [localhost-startStop-1] org.hibernate.tool.hbm2ddl.SchemaUpdate.execute HHH000388: Unsuccessful: alter table product_bill_snapshot add column  modified_date datetime
23-Mar-2025 18:40:14.070 ERROR [localhost-startStop-1] org.hibernate.tool.hbm2ddl.SchemaUpdate.execute Duplicate column name 'modified_date'
23-Mar-2025 18:40:14.072 ERROR [localhost-startStop-1] org.hibernate.tool.hbm2ddl.SchemaUpdate.execute HHH000388: Unsuccessful: alter table product_line add column  modified_date datetime
23-Mar-2025 18:40:14.072 ERROR [localhost-startStop-1] org.hibernate.tool.hbm2ddl.SchemaUpdate.execute Duplicate column name 'modified_date'
23-Mar-2025 18:40:14.075 ERROR [localhost-startStop-1] org.hibernate.tool.hbm2ddl.SchemaUpdate.execute HHH000388: Unsuccessful: alter table role add column  modified_date datetime
23-Mar-2025 18:40:14.075 ERROR [localhost-startStop-1] org.hibernate.tool.hbm2ddl.SchemaUpdate.execute Duplicate column name 'modified_date'
23-Mar-2025 18:40:14.077 ERROR [localhost-startStop-1] org.hibernate.tool.hbm2ddl.SchemaUpdate.execute HHH000388: Unsuccessful: alter table user add column  modified_date datetime
23-Mar-2025 18:40:14.079 ERROR [localhost-startStop-1] org.hibernate.tool.hbm2ddl.SchemaUpdate.execute Duplicate column name 'modified_date'
23-Mar-2025 18:40:14.081 ERROR [localhost-startStop-1] org.hibernate.tool.hbm2ddl.SchemaUpdate.execute HHH000388: Unsuccessful: alter table voucher add column  modified_date datetime
23-Mar-2025 18:40:14.081 ERROR [localhost-startStop-1] org.hibernate.tool.hbm2ddl.SchemaUpdate.execute Duplicate column name 'modified_date'
23-Mar-2025 18:40:14.082 ERROR [localhost-startStop-1] org.hibernate.tool.hbm2ddl.SchemaUpdate.execute HHH000388: Unsuccessful: alter table voucher_config add column  modified_date datetime
23-Mar-2025 18:40:14.082 ERROR [localhost-startStop-1] org.hibernate.tool.hbm2ddl.SchemaUpdate.execute Duplicate column name 'modified_date'
23-Mar-2025 18:40:14.085 ERROR [localhost-startStop-1] org.hibernate.tool.hbm2ddl.SchemaUpdate.execute HHH000388: Unsuccessful: alter table warranty add column  modified_date datetime
23-Mar-2025 18:40:14.085 ERROR [localhost-startStop-1] org.hibernate.tool.hbm2ddl.SchemaUpdate.execute Duplicate column name 'modified_date'
23-Mar-2025 18:40:14.086 ERROR [localhost-startStop-1] org.hibernate.tool.hbm2ddl.SchemaUpdate.execute HHH000388: Unsuccessful: alter table bill_detail add constraint FK_293sewgbft9miq390yfh693jm foreign key (product_id) references product (id)
23-Mar-2025 18:40:14.087 ERROR [localhost-startStop-1] org.hibernate.tool.hbm2ddl.SchemaUpdate.execute Referencing column 'product_id' and referenced column 'id' in foreign key constraint 'FK_293sewgbft9miq390yfh693jm' are incompatible.
23-Mar-2025 18:40:14.088 ERROR [localhost-startStop-1] org.hibernate.tool.hbm2ddl.SchemaUpdate.execute HHH000388: Unsuccessful: alter table bill_detail add constraint FK_18yn4vr4gusinr921wec1ui0w foreign key (bill_id) references bill (id)
23-Mar-2025 18:40:14.088 ERROR [localhost-startStop-1] org.hibernate.tool.hbm2ddl.SchemaUpdate.execute Referencing column 'bill_id' and referenced column 'id' in foreign key constraint 'FK_18yn4vr4gusinr921wec1ui0w' are incompatible.
23-Mar-2025 18:40:14.090 ERROR [localhost-startStop-1] org.hibernate.tool.hbm2ddl.SchemaUpdate.execute HHH000388: Unsuccessful: alter table comment_likes  add constraint FK_otdfwsv11rsp31db2vtsleorj foreign key (comment_id) references comment (id)
23-Mar-2025 18:40:14.090 ERROR [localhost-startStop-1] org.hibernate.tool.hbm2ddl.SchemaUpdate.execute Duplicate foreign key constraint name 'FK_otdfwsv11rsp31db2vtsleorj'
23-Mar-2025 18:40:14.091 ERROR [localhost-startStop-1] org.hibernate.tool.hbm2ddl.SchemaUpdate.execute HHH000388: Unsuccessful: alter table comment_likes  add constraint FK_388y4xoc6shuc5ejnr40kdeoc foreign key (user_id) references user (id)
23-Mar-2025 18:40:14.092 ERROR [localhost-startStop-1] org.hibernate.tool.hbm2ddl.SchemaUpdate.execute Duplicate foreign key constraint name 'FK_388y4xoc6shuc5ejnr40kdeoc'
23-Mar-2025 18:40:14.092 INFO [localhost-startStop-1] org.hibernate.tool.hbm2ddl.SchemaUpdate.execute HHH000232: Schema update complete
23-Mar-2025 18:40:20.453 INFO [localhost-startStop-1] org.apache.catalina.startup.HostConfig.deployDescriptor Deployment of deployment descriptor [I:\JAVA SPRING\Learn Spring\ChronoLuxWebsite\src\main\webapp\conf\Catalina\localhost\ChronoLuxWeb.xml] has finished in [20,313] ms
23-Mar-2025 18:40:20.458 INFO [main] org.apache.coyote.AbstractProtocol.start Starting ProtocolHandler ["http-nio-8080"]
23-Mar-2025 18:40:20.511 INFO [main] org.apache.catalina.startup.Catalina.start Server startup in 20531 ms
23-Mar-2025 19:07:31.044 INFO [Thread-1] org.apache.coyote.AbstractProtocol.pause Pausing ProtocolHandler ["http-nio-8080"]
23-Mar-2025 19:07:31.050 INFO [Thread-1] org.apache.catalina.core.StandardService.stopInternal Stopping service [Catalina]
23-Mar-2025 19:07:31.113 WARNING [localhost-startStop-2] org.apache.catalina.loader.WebappClassLoaderBase.clearReferencesJdbc The web application [ChronoLuxWeb] registered the JDBC driver [com.mysql.cj.jdbc.Driver] but failed to unregister it when the web application was stopped. To prevent a memory leak, the JDBC Driver has been forcibly unregistered.
23-Mar-2025 19:07:31.114 WARNING [localhost-startStop-2] org.apache.catalina.loader.WebappClassLoaderBase.clearReferencesThreads The web application [ChronoLuxWeb] appears to have started a thread named [mysql-cj-abandoned-connection-cleanup] but has failed to stop it. This is very likely to create a memory leak. Stack trace of thread:
 java.base/jdk.internal.misc.Unsafe.park(Native Method)
 java.base/java.util.concurrent.locks.LockSupport.parkNanos(LockSupport.java:269)
 java.base/java.util.concurrent.locks.AbstractQueuedSynchronizer$ConditionObject.await(AbstractQueuedSynchronizer.java:1852)
 java.base/java.lang.ref.ReferenceQueue.await(ReferenceQueue.java:71)
 java.base/java.lang.ref.ReferenceQueue.remove0(ReferenceQueue.java:143)
 java.base/java.lang.ref.ReferenceQueue.remove(ReferenceQueue.java:218)
 com.mysql.cj.jdbc.AbandonedConnectionCleanupThread.run(AbandonedConnectionCleanupThread.java:91)
 java.base/java.util.concurrent.ThreadPoolExecutor.runWorker(ThreadPoolExecutor.java:1144)
 java.base/java.util.concurrent.ThreadPoolExecutor$Worker.run(ThreadPoolExecutor.java:642)
 java.base/java.lang.Thread.run(Thread.java:1583)
23-Mar-2025 19:07:31.124 INFO [Thread-1] org.apache.coyote.AbstractProtocol.stop Stopping ProtocolHandler ["http-nio-8080"]
23-Mar-2025 19:07:31.136 INFO [Thread-1] org.apache.coyote.AbstractProtocol.destroy Destroying ProtocolHandler ["http-nio-8080"]
