11-Feb-2025 20:31:44.103 INFO [main] org.apache.catalina.startup.VersionLoggerListener.log Server version name:   Apache Tomcat/8.5.92
11-Feb-2025 20:31:44.106 INFO [main] org.apache.catalina.startup.VersionLoggerListener.log Server built:          Aug 9 2023 11:22:56 UTC
11-Feb-2025 20:31:44.107 INFO [main] org.apache.catalina.startup.VersionLoggerListener.log Server version number: 8.5.92.0
11-Feb-2025 20:31:44.107 INFO [main] org.apache.catalina.startup.VersionLoggerListener.log OS Name:               Windows 10
11-Feb-2025 20:31:44.108 INFO [main] org.apache.catalina.startup.VersionLoggerListener.log OS Version:            10.0
11-Feb-2025 20:31:44.108 INFO [main] org.apache.catalina.startup.VersionLoggerListener.log Architecture:          amd64
11-Feb-2025 20:31:44.108 INFO [main] org.apache.catalina.startup.VersionLoggerListener.log Java Home:             E:\SETUP_PROJECT\JAVA\JDK\jdk-21.0.5+11
11-Feb-2025 20:31:44.108 INFO [main] org.apache.catalina.startup.VersionLoggerListener.log JVM Version:           21.0.5+11-LTS
11-Feb-2025 20:31:44.109 INFO [main] org.apache.catalina.startup.VersionLoggerListener.log JVM Vendor:            Eclipse Adoptium
11-Feb-2025 20:31:44.109 INFO [main] org.apache.catalina.startup.VersionLoggerListener.log CATALINA_BASE:         I:\JAVA SPRING\Learn Spring\ChronoLuxWebsite\src\main\webapp
11-Feb-2025 20:31:44.110 INFO [main] org.apache.catalina.startup.VersionLoggerListener.log CATALINA_HOME:         G:\apache-tomcat-8.5.92
11-Feb-2025 20:31:44.110 INFO [main] org.apache.catalina.startup.VersionLoggerListener.log Command line argument: --add-opens=java.base/java.lang=ALL-UNNAMED
11-Feb-2025 20:31:44.110 INFO [main] org.apache.catalina.startup.VersionLoggerListener.log Command line argument: --add-opens=java.base/java.io=ALL-UNNAMED
11-Feb-2025 20:31:44.111 INFO [main] org.apache.catalina.startup.VersionLoggerListener.log Command line argument: --add-opens=java.base/java.util=ALL-UNNAMED
11-Feb-2025 20:31:44.111 INFO [main] org.apache.catalina.startup.VersionLoggerListener.log Command line argument: --add-opens=java.base/java.util.concurrent=ALL-UNNAMED
11-Feb-2025 20:31:44.111 INFO [main] org.apache.catalina.startup.VersionLoggerListener.log Command line argument: --add-opens=java.rmi/sun.rmi.transport=ALL-UNNAMED
11-Feb-2025 20:31:44.111 INFO [main] org.apache.catalina.startup.VersionLoggerListener.log Command line argument: -Dcatalina.home=G:\apache-tomcat-8.5.92
11-Feb-2025 20:31:44.111 INFO [main] org.apache.catalina.startup.VersionLoggerListener.log Command line argument: -Dcatalina.base=I:\JAVA SPRING\Learn Spring\ChronoLuxWebsite\src\main\webapp
11-Feb-2025 20:31:44.112 INFO [main] org.apache.catalina.startup.VersionLoggerListener.log Command line argument: -Djava.io.tmpdir=I:\JAVA SPRING\Learn Spring\ChronoLuxWebsite\src\main\webapp\temp
11-Feb-2025 20:31:44.112 INFO [main] org.apache.catalina.startup.VersionLoggerListener.log Command line argument: -Djava.util.logging.config.file=I:\JAVA SPRING\Learn Spring\ChronoLuxWebsite\src\main\webapp\conf\logging.properties
11-Feb-2025 20:31:44.112 INFO [main] org.apache.catalina.startup.VersionLoggerListener.log Command line argument: -Djava.util.logging.manager=org.apache.juli.ClassLoaderLogManager
11-Feb-2025 20:31:44.112 INFO [main] org.apache.catalina.startup.VersionLoggerListener.log Command line argument: -javaagent:C:\Program Files\JetBrains\IntelliJ IDEA 2024.3\lib\idea_rt.jar=59619:C:\Program Files\JetBrains\IntelliJ IDEA 2024.3\bin
11-Feb-2025 20:31:44.113 INFO [main] org.apache.catalina.startup.VersionLoggerListener.log Command line argument: -Dfile.encoding=UTF-8
11-Feb-2025 20:31:44.113 INFO [main] org.apache.catalina.startup.VersionLoggerListener.log Command line argument: -Dsun.stdout.encoding=UTF-8
11-Feb-2025 20:31:44.113 INFO [main] org.apache.catalina.startup.VersionLoggerListener.log Command line argument: -Dsun.stderr.encoding=UTF-8
11-Feb-2025 20:31:44.113 INFO [main] org.apache.catalina.core.AprLifecycleListener.lifecycleEvent The Apache Tomcat Native library which allows using OpenSSL was not found on the java.library.path: [E:\SETUP_PROJECT\JAVA\JDK\jdk-21.0.5+11\bin;C:\Windows\Sun\Java\bin;C:\Windows\system32;C:\Windows;C:\Program Files\Microsoft MPI\Bin\;E:\SETUP_PROJECT\PYTHON\Python_3.13.0\Scripts\;E:\SETUP_PROJECT\PYTHON\Python_3.13.0\;C:\Windows\system32;C:\Windows;C:\Windows\System32\Wbem;C:\Windows\System32\WindowsPowerShell\v1.0\;C:\Windows\System32\OpenSSH\;C:\Program Files\Git\cmd;C:\Program Files\dotnet\;C:\Program Files (x86)\Windows Kits\10\Windows Performance Toolkit\;E:\SETUP_PROJECT\JAVA\JDK\jdk-21.0.5+11\bin;C:\Program Files (x86)\Microsoft SQL Server\160\Tools\Binn\;C:\Program Files\Microsoft SQL Server\160\Tools\Binn\;C:\Program Files\Microsoft SQL Server\Client SDK\ODBC\170\Tools\Binn\;C:\Program Files\Microsoft SQL Server\160\DTS\Binn\;C:\Program Files (x86)\Microsoft SQL Server\160\DTS\Binn\;C:\Program Files\Docker\Docker\resources\bin;C:\Program Files\nodejs\;C:\Users\Admin\AppData\Local\Microsoft\WindowsApps;C:\Users\Admin\AppData\Local\Programs\Microsoft VS Code\bin;C:\Users\Admin\.dotnet\tools;C:\Users\Admin\AppData\Roaming\npm;.]
11-Feb-2025 20:31:44.184 INFO [main] org.apache.coyote.AbstractProtocol.init Initializing ProtocolHandler ["http-nio-8080"]
11-Feb-2025 20:31:44.223 INFO [main] org.apache.catalina.startup.Catalina.load Initialization processed in 956 ms
11-Feb-2025 20:31:44.295 INFO [main] org.apache.catalina.core.StandardService.startInternal Starting service [Catalina]
11-Feb-2025 20:31:44.296 INFO [main] org.apache.catalina.core.StandardEngine.startInternal Starting Servlet engine: [Apache Tomcat/8.5.92]
11-Feb-2025 20:31:44.312 INFO [localhost-startStop-1] org.apache.catalina.startup.HostConfig.deployDescriptor Deploying deployment descriptor [I:\JAVA SPRING\Learn Spring\ChronoLuxWebsite\src\main\webapp\conf\Catalina\localhost\ChronoLuxWeb.xml]
11-Feb-2025 20:31:48.297 INFO [localhost-startStop-1] org.apache.jasper.servlet.TldScanner.scanJars At least one JAR was scanned for TLDs yet contained no TLDs. Enable debug logging for this logger for a complete list of JARs that were scanned but no TLDs were found in them. Skipping unneeded JARs during scanning can improve startup time and JSP compilation time.
11-Feb-2025 20:31:50.597 INFO [localhost-startStop-1] org.hibernate.jpa.internal.util.LogHelper.logPersistenceUnitInformation HHH000204: Processing PersistenceUnitInfo [
	name: persistence-data
	...]
11-Feb-2025 20:31:50.758 INFO [localhost-startStop-1] org.hibernate.Version.logVersion HHH000412: Hibernate Core {4.3.6.Final}
11-Feb-2025 20:31:50.769 INFO [localhost-startStop-1] org.hibernate.cfg.Environment.<clinit> HHH000206: hibernate.properties not found
11-Feb-2025 20:31:50.772 INFO [localhost-startStop-1] org.hibernate.cfg.Environment.buildBytecodeProvider HHH000021: Bytecode provider name : javassist
11-Feb-2025 20:31:51.202 INFO [localhost-startStop-1] org.hibernate.annotations.common.reflection.java.JavaReflectionManager.<clinit> HCANN000001: Hibernate Commons Annotations {4.0.5.Final}
11-Feb-2025 20:31:52.051 INFO [localhost-startStop-1] org.hibernate.dialect.Dialect.<init> HHH000400: Using dialect: org.hibernate.dialect.MySQL5Dialect
11-Feb-2025 20:31:52.417 INFO [localhost-startStop-1] org.hibernate.hql.internal.ast.ASTQueryTranslatorFactory.<init> HHH000397: Using ASTQueryTranslatorFactory
11-Feb-2025 20:31:52.427 WARN [localhost-startStop-1] org.hibernate.cfg.SettingsFactory.buildSettings Unrecognized value for "hibernate.hbm2ddl.auto": none
11-Feb-2025 20:31:58.260 INFO [localhost-startStop-1] org.apache.catalina.startup.HostConfig.deployDescriptor Deployment of deployment descriptor [I:\JAVA SPRING\Learn Spring\ChronoLuxWebsite\src\main\webapp\conf\Catalina\localhost\ChronoLuxWeb.xml] has finished in [13,948] ms
11-Feb-2025 20:31:58.272 INFO [main] org.apache.coyote.AbstractProtocol.start Starting ProtocolHandler ["http-nio-8080"]
11-Feb-2025 20:31:58.309 INFO [main] org.apache.catalina.startup.Catalina.start Server startup in 14083 ms
11-Feb-2025 20:35:29.118 INFO [Thread-1] org.apache.coyote.AbstractProtocol.pause Pausing ProtocolHandler ["http-nio-8080"]
11-Feb-2025 20:35:29.123 INFO [Thread-1] org.apache.catalina.core.StandardService.stopInternal Stopping service [Catalina]
11-Feb-2025 20:35:29.170 WARNING [localhost-startStop-2] org.apache.catalina.loader.WebappClassLoaderBase.clearReferencesJdbc The web application [ChronoLuxWeb] registered the JDBC driver [com.mysql.cj.jdbc.Driver] but failed to unregister it when the web application was stopped. To prevent a memory leak, the JDBC Driver has been forcibly unregistered.
11-Feb-2025 20:35:29.170 WARNING [localhost-startStop-2] org.apache.catalina.loader.WebappClassLoaderBase.clearReferencesThreads The web application [ChronoLuxWeb] appears to have started a thread named [mysql-cj-abandoned-connection-cleanup] but has failed to stop it. This is very likely to create a memory leak. Stack trace of thread:
 java.base/jdk.internal.misc.Unsafe.park(Native Method)
 java.base/java.util.concurrent.locks.LockSupport.parkNanos(LockSupport.java:269)
 java.base/java.util.concurrent.locks.AbstractQueuedSynchronizer$ConditionObject.await(AbstractQueuedSynchronizer.java:1852)
 java.base/java.lang.ref.ReferenceQueue.await(ReferenceQueue.java:71)
 java.base/java.lang.ref.ReferenceQueue.remove0(ReferenceQueue.java:143)
 java.base/java.lang.ref.ReferenceQueue.remove(ReferenceQueue.java:218)
 com.mysql.cj.jdbc.AbandonedConnectionCleanupThread.run(AbandonedConnectionCleanupThread.java:91)
 java.base/java.util.concurrent.ThreadPoolExecutor.runWorker(ThreadPoolExecutor.java:1144)
 java.base/java.util.concurrent.ThreadPoolExecutor$Worker.run(ThreadPoolExecutor.java:642)
 java.base/java.lang.Thread.run(Thread.java:1583)
11-Feb-2025 20:35:29.183 INFO [Thread-1] org.apache.coyote.AbstractProtocol.stop Stopping ProtocolHandler ["http-nio-8080"]
11-Feb-2025 20:35:29.198 INFO [Thread-1] org.apache.coyote.AbstractProtocol.destroy Destroying ProtocolHandler ["http-nio-8080"]
