19-Feb-2025 00:00:04.766 INFO [localhost-startStop-1] org.apache.catalina.core.ApplicationContext.log Initializing Spring FrameworkServlet 'dispatcher'
19-Feb-2025 02:43:36.229 INFO [localhost-startStop-2] org.apache.catalina.core.ApplicationContext.log Destroying Spring FrameworkServlet 'dispatcher'
19-Feb-2025 02:43:36.252 INFO [localhost-startStop-2] org.apache.catalina.core.ApplicationContext.log Closing Spring root WebApplicationContext
19-Feb-2025 02:44:02.983 INFO [localhost-startStop-1] org.apache.catalina.core.ApplicationContext.log No Spring WebApplicationInitializer types detected on classpath
19-Feb-2025 02:44:03.016 INFO [localhost-startStop-1] org.apache.catalina.core.ApplicationContext.log Initializing Spring root WebApplicationContext
19-Feb-2025 02:44:12.722 INFO [localhost-startStop-1] org.apache.catalina.core.ApplicationContext.log Initializing Spring FrameworkServlet 'dispatcher'
19-Feb-2025 02:45:45.211 INFO [localhost-startStop-2] org.apache.catalina.core.ApplicationContext.log Destroying Spring FrameworkServlet 'dispatcher'
19-Feb-2025 02:45:45.216 INFO [localhost-startStop-2] org.apache.catalina.core.ApplicationContext.log Closing Spring root WebApplicationContext
19-Feb-2025 13:11:57.105 INFO [localhost-startStop-1] org.apache.catalina.core.ApplicationContext.log No Spring WebApplicationInitializer types detected on classpath
19-Feb-2025 13:11:57.166 INFO [localhost-startStop-1] org.apache.catalina.core.ApplicationContext.log Initializing Spring root WebApplicationContext
19-Feb-2025 13:12:05.896 INFO [localhost-startStop-1] org.apache.catalina.core.ApplicationContext.log Initializing Spring FrameworkServlet 'dispatcher'
19-Feb-2025 13:18:39.883 SEVERE [http-nio-8080-exec-7] org.apache.catalina.core.StandardWrapperValve.invoke Servlet.service() for servlet [dispatcher] in context with path [/ChronoLuxWeb] threw exception [Request processing failed; nested exception is java.util.NoSuchElementException] with root cause
	java.util.NoSuchElementException
		at java.base/java.util.List.getFirst(List.java:825)
		at com.haui.controller.admin.ProductController.searchProduct(ProductController.java:230)
		at java.base/jdk.internal.reflect.DirectMethodHandleAccessor.invoke(DirectMethodHandleAccessor.java:103)
		at java.base/java.lang.reflect.Method.invoke(Method.java:580)
		at org.springframework.web.method.support.InvocableHandlerMethod.doInvoke(InvocableHandlerMethod.java:205)
		at org.springframework.web.method.support.InvocableHandlerMethod.invokeForRequest(InvocableHandlerMethod.java:133)
		at org.springframework.web.servlet.mvc.method.annotation.ServletInvocableHandlerMethod.invokeAndHandle(ServletInvocableHandlerMethod.java:97)
		at org.springframework.web.servlet.mvc.method.annotation.RequestMappingHandlerAdapter.invokeHandlerMethod(RequestMappingHandlerAdapter.java:827)
		at org.springframework.web.servlet.mvc.method.annotation.RequestMappingHandlerAdapter.handleInternal(RequestMappingHandlerAdapter.java:738)
		at org.springframework.web.servlet.mvc.method.AbstractHandlerMethodAdapter.handle(AbstractHandlerMethodAdapter.java:85)
		at org.springframework.web.servlet.DispatcherServlet.doDispatch(DispatcherServlet.java:967)
		at org.springframework.web.servlet.DispatcherServlet.doService(DispatcherServlet.java:901)
		at org.springframework.web.servlet.FrameworkServlet.processRequest(FrameworkServlet.java:970)
		at org.springframework.web.servlet.FrameworkServlet.doGet(FrameworkServlet.java:861)
		at javax.servlet.http.HttpServlet.service(HttpServlet.java:489)
		at org.springframework.web.servlet.FrameworkServlet.service(FrameworkServlet.java:846)
		at javax.servlet.http.HttpServlet.service(HttpServlet.java:583)
		at org.apache.catalina.core.ApplicationFilterChain.internalDoFilter(ApplicationFilterChain.java:212)
		at org.apache.catalina.core.ApplicationFilterChain.doFilter(ApplicationFilterChain.java:156)
		at org.apache.tomcat.websocket.server.WsFilter.doFilter(WsFilter.java:51)
		at org.apache.catalina.core.ApplicationFilterChain.internalDoFilter(ApplicationFilterChain.java:181)
		at org.apache.catalina.core.ApplicationFilterChain.doFilter(ApplicationFilterChain.java:156)
		at com.opensymphony.sitemesh.webapp.SiteMeshFilter.obtainContent(SiteMeshFilter.java:129)
		at com.opensymphony.sitemesh.webapp.SiteMeshFilter.doFilter(SiteMeshFilter.java:77)
		at org.apache.catalina.core.ApplicationFilterChain.internalDoFilter(ApplicationFilterChain.java:181)
		at org.apache.catalina.core.ApplicationFilterChain.doFilter(ApplicationFilterChain.java:156)
		at org.springframework.web.multipart.support.MultipartFilter.doFilterInternal(MultipartFilter.java:122)
		at org.springframework.web.filter.OncePerRequestFilter.doFilter(OncePerRequestFilter.java:107)
		at org.apache.catalina.core.ApplicationFilterChain.internalDoFilter(ApplicationFilterChain.java:181)
		at org.apache.catalina.core.ApplicationFilterChain.doFilter(ApplicationFilterChain.java:156)
		at org.springframework.security.web.FilterChainProxy$VirtualFilterChain.doFilter(FilterChainProxy.java:330)
		at org.springframework.security.web.access.intercept.FilterSecurityInterceptor.invoke(FilterSecurityInterceptor.java:118)
		at org.springframework.security.web.access.intercept.FilterSecurityInterceptor.doFilter(FilterSecurityInterceptor.java:84)
		at org.springframework.security.web.FilterChainProxy$VirtualFilterChain.doFilter(FilterChainProxy.java:342)
		at org.springframework.security.web.access.ExceptionTranslationFilter.doFilter(ExceptionTranslationFilter.java:113)
		at org.springframework.security.web.FilterChainProxy$VirtualFilterChain.doFilter(FilterChainProxy.java:342)
		at org.springframework.security.web.session.SessionManagementFilter.doFilter(SessionManagementFilter.java:103)
		at org.springframework.security.web.FilterChainProxy$VirtualFilterChain.doFilter(FilterChainProxy.java:342)
		at org.springframework.security.web.authentication.AnonymousAuthenticationFilter.doFilter(AnonymousAuthenticationFilter.java:113)
		at org.springframework.security.web.FilterChainProxy$VirtualFilterChain.doFilter(FilterChainProxy.java:342)
		at org.springframework.security.web.authentication.rememberme.RememberMeAuthenticationFilter.doFilter(RememberMeAuthenticationFilter.java:146)
		at org.springframework.security.web.FilterChainProxy$VirtualFilterChain.doFilter(FilterChainProxy.java:342)
		at org.springframework.security.web.servletapi.SecurityContextHolderAwareRequestFilter.doFilter(SecurityContextHolderAwareRequestFilter.java:154)
		at org.springframework.security.web.FilterChainProxy$VirtualFilterChain.doFilter(FilterChainProxy.java:342)
		at org.springframework.security.web.savedrequest.RequestCacheAwareFilter.doFilter(RequestCacheAwareFilter.java:45)
		at org.springframework.security.web.FilterChainProxy$VirtualFilterChain.doFilter(FilterChainProxy.java:342)
		at org.springframework.security.web.authentication.AbstractAuthenticationProcessingFilter.doFilter(AbstractAuthenticationProcessingFilter.java:199)
		at org.springframework.security.web.FilterChainProxy$VirtualFilterChain.doFilter(FilterChainProxy.java:342)
		at org.springframework.security.web.authentication.logout.LogoutFilter.doFilter(LogoutFilter.java:110)
		at org.springframework.security.web.FilterChainProxy$VirtualFilterChain.doFilter(FilterChainProxy.java:342)
		at org.springframework.security.web.header.HeaderWriterFilter.doFilterInternal(HeaderWriterFilter.java:57)
		at org.springframework.web.filter.OncePerRequestFilter.doFilter(OncePerRequestFilter.java:107)
		at org.springframework.security.web.FilterChainProxy$VirtualFilterChain.doFilter(FilterChainProxy.java:342)
		at org.springframework.security.web.context.SecurityContextPersistenceFilter.doFilter(SecurityContextPersistenceFilter.java:87)
		at org.springframework.security.web.FilterChainProxy$VirtualFilterChain.doFilter(FilterChainProxy.java:342)
		at org.springframework.security.web.context.request.async.WebAsyncManagerIntegrationFilter.doFilterInternal(WebAsyncManagerIntegrationFilter.java:50)
		at org.springframework.web.filter.OncePerRequestFilter.doFilter(OncePerRequestFilter.java:107)
		at org.springframework.security.web.FilterChainProxy$VirtualFilterChain.doFilter(FilterChainProxy.java:342)
		at org.springframework.security.web.FilterChainProxy.doFilterInternal(FilterChainProxy.java:192)
		at org.springframework.security.web.FilterChainProxy.doFilter(FilterChainProxy.java:160)
		at org.springframework.web.filter.DelegatingFilterProxy.invokeDelegate(DelegatingFilterProxy.java:347)
		at org.springframework.web.filter.DelegatingFilterProxy.doFilter(DelegatingFilterProxy.java:263)
		at org.apache.catalina.core.ApplicationFilterChain.internalDoFilter(ApplicationFilterChain.java:181)
		at org.apache.catalina.core.ApplicationFilterChain.doFilter(ApplicationFilterChain.java:156)
		at org.springframework.web.filter.CharacterEncodingFilter.doFilterInternal(CharacterEncodingFilter.java:197)
		at org.springframework.web.filter.OncePerRequestFilter.doFilter(OncePerRequestFilter.java:107)
		at org.apache.catalina.core.ApplicationFilterChain.internalDoFilter(ApplicationFilterChain.java:181)
		at org.apache.catalina.core.ApplicationFilterChain.doFilter(ApplicationFilterChain.java:156)
		at org.apache.catalina.core.StandardWrapperValve.invoke(StandardWrapperValve.java:167)
		at org.apache.catalina.core.StandardContextValve.invoke(StandardContextValve.java:90)
		at org.apache.catalina.authenticator.AuthenticatorBase.invoke(AuthenticatorBase.java:483)
		at org.apache.catalina.core.StandardHostValve.invoke(StandardHostValve.java:130)
		at org.apache.catalina.valves.ErrorReportValve.invoke(ErrorReportValve.java:93)
		at org.apache.catalina.valves.AbstractAccessLogValve.invoke(AbstractAccessLogValve.java:682)
		at org.apache.catalina.core.StandardEngineValve.invoke(StandardEngineValve.java:74)
		at org.apache.catalina.connector.CoyoteAdapter.service(CoyoteAdapter.java:343)
		at org.apache.coyote.http11.Http11Processor.service(Http11Processor.java:617)
		at org.apache.coyote.AbstractProcessorLight.process(AbstractProcessorLight.java:63)
		at org.apache.coyote.AbstractProtocol$ConnectionHandler.process(AbstractProtocol.java:932)
		at org.apache.tomcat.util.net.NioEndpoint$SocketProcessor.doRun(NioEndpoint.java:1694)
		at org.apache.tomcat.util.net.SocketProcessorBase.run(SocketProcessorBase.java:52)
		at org.apache.tomcat.util.threads.ThreadPoolExecutor.runWorker(ThreadPoolExecutor.java:1191)
		at org.apache.tomcat.util.threads.ThreadPoolExecutor$Worker.run(ThreadPoolExecutor.java:659)
		at org.apache.tomcat.util.threads.TaskThread$WrappingRunnable.run(TaskThread.java:61)
		at java.base/java.lang.Thread.run(Thread.java:1583)
19-Feb-2025 13:18:44.315 SEVERE [http-nio-8080-exec-5] org.apache.catalina.core.StandardWrapperValve.invoke Servlet.service() for servlet [dispatcher] in context with path [/ChronoLuxWeb] threw exception [Request processing failed; nested exception is java.util.NoSuchElementException] with root cause
	java.util.NoSuchElementException
		at java.base/java.util.List.getFirst(List.java:825)
		at com.haui.controller.admin.ProductController.searchProduct(ProductController.java:230)
		at java.base/jdk.internal.reflect.DirectMethodHandleAccessor.invoke(DirectMethodHandleAccessor.java:103)
		at java.base/java.lang.reflect.Method.invoke(Method.java:580)
		at org.springframework.web.method.support.InvocableHandlerMethod.doInvoke(InvocableHandlerMethod.java:205)
		at org.springframework.web.method.support.InvocableHandlerMethod.invokeForRequest(InvocableHandlerMethod.java:133)
		at org.springframework.web.servlet.mvc.method.annotation.ServletInvocableHandlerMethod.invokeAndHandle(ServletInvocableHandlerMethod.java:97)
		at org.springframework.web.servlet.mvc.method.annotation.RequestMappingHandlerAdapter.invokeHandlerMethod(RequestMappingHandlerAdapter.java:827)
		at org.springframework.web.servlet.mvc.method.annotation.RequestMappingHandlerAdapter.handleInternal(RequestMappingHandlerAdapter.java:738)
		at org.springframework.web.servlet.mvc.method.AbstractHandlerMethodAdapter.handle(AbstractHandlerMethodAdapter.java:85)
		at org.springframework.web.servlet.DispatcherServlet.doDispatch(DispatcherServlet.java:967)
		at org.springframework.web.servlet.DispatcherServlet.doService(DispatcherServlet.java:901)
		at org.springframework.web.servlet.FrameworkServlet.processRequest(FrameworkServlet.java:970)
		at org.springframework.web.servlet.FrameworkServlet.doGet(FrameworkServlet.java:861)
		at javax.servlet.http.HttpServlet.service(HttpServlet.java:489)
		at org.springframework.web.servlet.FrameworkServlet.service(FrameworkServlet.java:846)
		at javax.servlet.http.HttpServlet.service(HttpServlet.java:583)
		at org.apache.catalina.core.ApplicationFilterChain.internalDoFilter(ApplicationFilterChain.java:212)
		at org.apache.catalina.core.ApplicationFilterChain.doFilter(ApplicationFilterChain.java:156)
		at org.apache.tomcat.websocket.server.WsFilter.doFilter(WsFilter.java:51)
		at org.apache.catalina.core.ApplicationFilterChain.internalDoFilter(ApplicationFilterChain.java:181)
		at org.apache.catalina.core.ApplicationFilterChain.doFilter(ApplicationFilterChain.java:156)
		at com.opensymphony.sitemesh.webapp.SiteMeshFilter.obtainContent(SiteMeshFilter.java:129)
		at com.opensymphony.sitemesh.webapp.SiteMeshFilter.doFilter(SiteMeshFilter.java:77)
		at org.apache.catalina.core.ApplicationFilterChain.internalDoFilter(ApplicationFilterChain.java:181)
		at org.apache.catalina.core.ApplicationFilterChain.doFilter(ApplicationFilterChain.java:156)
		at org.springframework.web.multipart.support.MultipartFilter.doFilterInternal(MultipartFilter.java:122)
		at org.springframework.web.filter.OncePerRequestFilter.doFilter(OncePerRequestFilter.java:107)
		at org.apache.catalina.core.ApplicationFilterChain.internalDoFilter(ApplicationFilterChain.java:181)
		at org.apache.catalina.core.ApplicationFilterChain.doFilter(ApplicationFilterChain.java:156)
		at org.springframework.security.web.FilterChainProxy$VirtualFilterChain.doFilter(FilterChainProxy.java:330)
		at org.springframework.security.web.access.intercept.FilterSecurityInterceptor.invoke(FilterSecurityInterceptor.java:118)
		at org.springframework.security.web.access.intercept.FilterSecurityInterceptor.doFilter(FilterSecurityInterceptor.java:84)
		at org.springframework.security.web.FilterChainProxy$VirtualFilterChain.doFilter(FilterChainProxy.java:342)
		at org.springframework.security.web.access.ExceptionTranslationFilter.doFilter(ExceptionTranslationFilter.java:113)
		at org.springframework.security.web.FilterChainProxy$VirtualFilterChain.doFilter(FilterChainProxy.java:342)
		at org.springframework.security.web.session.SessionManagementFilter.doFilter(SessionManagementFilter.java:103)
		at org.springframework.security.web.FilterChainProxy$VirtualFilterChain.doFilter(FilterChainProxy.java:342)
		at org.springframework.security.web.authentication.AnonymousAuthenticationFilter.doFilter(AnonymousAuthenticationFilter.java:113)
		at org.springframework.security.web.FilterChainProxy$VirtualFilterChain.doFilter(FilterChainProxy.java:342)
		at org.springframework.security.web.authentication.rememberme.RememberMeAuthenticationFilter.doFilter(RememberMeAuthenticationFilter.java:146)
		at org.springframework.security.web.FilterChainProxy$VirtualFilterChain.doFilter(FilterChainProxy.java:342)
		at org.springframework.security.web.servletapi.SecurityContextHolderAwareRequestFilter.doFilter(SecurityContextHolderAwareRequestFilter.java:154)
		at org.springframework.security.web.FilterChainProxy$VirtualFilterChain.doFilter(FilterChainProxy.java:342)
		at org.springframework.security.web.savedrequest.RequestCacheAwareFilter.doFilter(RequestCacheAwareFilter.java:45)
		at org.springframework.security.web.FilterChainProxy$VirtualFilterChain.doFilter(FilterChainProxy.java:342)
		at org.springframework.security.web.authentication.AbstractAuthenticationProcessingFilter.doFilter(AbstractAuthenticationProcessingFilter.java:199)
		at org.springframework.security.web.FilterChainProxy$VirtualFilterChain.doFilter(FilterChainProxy.java:342)
		at org.springframework.security.web.authentication.logout.LogoutFilter.doFilter(LogoutFilter.java:110)
		at org.springframework.security.web.FilterChainProxy$VirtualFilterChain.doFilter(FilterChainProxy.java:342)
		at org.springframework.security.web.header.HeaderWriterFilter.doFilterInternal(HeaderWriterFilter.java:57)
		at org.springframework.web.filter.OncePerRequestFilter.doFilter(OncePerRequestFilter.java:107)
		at org.springframework.security.web.FilterChainProxy$VirtualFilterChain.doFilter(FilterChainProxy.java:342)
		at org.springframework.security.web.context.SecurityContextPersistenceFilter.doFilter(SecurityContextPersistenceFilter.java:87)
		at org.springframework.security.web.FilterChainProxy$VirtualFilterChain.doFilter(FilterChainProxy.java:342)
		at org.springframework.security.web.context.request.async.WebAsyncManagerIntegrationFilter.doFilterInternal(WebAsyncManagerIntegrationFilter.java:50)
		at org.springframework.web.filter.OncePerRequestFilter.doFilter(OncePerRequestFilter.java:107)
		at org.springframework.security.web.FilterChainProxy$VirtualFilterChain.doFilter(FilterChainProxy.java:342)
		at org.springframework.security.web.FilterChainProxy.doFilterInternal(FilterChainProxy.java:192)
		at org.springframework.security.web.FilterChainProxy.doFilter(FilterChainProxy.java:160)
		at org.springframework.web.filter.DelegatingFilterProxy.invokeDelegate(DelegatingFilterProxy.java:347)
		at org.springframework.web.filter.DelegatingFilterProxy.doFilter(DelegatingFilterProxy.java:263)
		at org.apache.catalina.core.ApplicationFilterChain.internalDoFilter(ApplicationFilterChain.java:181)
		at org.apache.catalina.core.ApplicationFilterChain.doFilter(ApplicationFilterChain.java:156)
		at org.springframework.web.filter.CharacterEncodingFilter.doFilterInternal(CharacterEncodingFilter.java:197)
		at org.springframework.web.filter.OncePerRequestFilter.doFilter(OncePerRequestFilter.java:107)
		at org.apache.catalina.core.ApplicationFilterChain.internalDoFilter(ApplicationFilterChain.java:181)
		at org.apache.catalina.core.ApplicationFilterChain.doFilter(ApplicationFilterChain.java:156)
		at org.apache.catalina.core.StandardWrapperValve.invoke(StandardWrapperValve.java:167)
		at org.apache.catalina.core.StandardContextValve.invoke(StandardContextValve.java:90)
		at org.apache.catalina.authenticator.AuthenticatorBase.invoke(AuthenticatorBase.java:483)
		at org.apache.catalina.core.StandardHostValve.invoke(StandardHostValve.java:130)
		at org.apache.catalina.valves.ErrorReportValve.invoke(ErrorReportValve.java:93)
		at org.apache.catalina.valves.AbstractAccessLogValve.invoke(AbstractAccessLogValve.java:682)
		at org.apache.catalina.core.StandardEngineValve.invoke(StandardEngineValve.java:74)
		at org.apache.catalina.connector.CoyoteAdapter.service(CoyoteAdapter.java:343)
		at org.apache.coyote.http11.Http11Processor.service(Http11Processor.java:617)
		at org.apache.coyote.AbstractProcessorLight.process(AbstractProcessorLight.java:63)
		at org.apache.coyote.AbstractProtocol$ConnectionHandler.process(AbstractProtocol.java:932)
		at org.apache.tomcat.util.net.NioEndpoint$SocketProcessor.doRun(NioEndpoint.java:1694)
		at org.apache.tomcat.util.net.SocketProcessorBase.run(SocketProcessorBase.java:52)
		at org.apache.tomcat.util.threads.ThreadPoolExecutor.runWorker(ThreadPoolExecutor.java:1191)
		at org.apache.tomcat.util.threads.ThreadPoolExecutor$Worker.run(ThreadPoolExecutor.java:659)
		at org.apache.tomcat.util.threads.TaskThread$WrappingRunnable.run(TaskThread.java:61)
		at java.base/java.lang.Thread.run(Thread.java:1583)
19-Feb-2025 13:33:45.388 SEVERE [http-nio-8080-exec-8] org.apache.catalina.core.StandardWrapperValve.invoke Servlet.service() for servlet [dispatcher] in context with path [/ChronoLuxWeb] threw exception [Request processing failed; nested exception is java.util.NoSuchElementException] with root cause
	java.util.NoSuchElementException
		at java.base/java.util.List.getFirst(List.java:825)
		at com.haui.controller.admin.ProductController.searchProduct(ProductController.java:230)
		at java.base/jdk.internal.reflect.DirectMethodHandleAccessor.invoke(DirectMethodHandleAccessor.java:103)
		at java.base/java.lang.reflect.Method.invoke(Method.java:580)
		at org.springframework.web.method.support.InvocableHandlerMethod.doInvoke(InvocableHandlerMethod.java:205)
		at org.springframework.web.method.support.InvocableHandlerMethod.invokeForRequest(InvocableHandlerMethod.java:133)
		at org.springframework.web.servlet.mvc.method.annotation.ServletInvocableHandlerMethod.invokeAndHandle(ServletInvocableHandlerMethod.java:97)
		at org.springframework.web.servlet.mvc.method.annotation.RequestMappingHandlerAdapter.invokeHandlerMethod(RequestMappingHandlerAdapter.java:827)
		at org.springframework.web.servlet.mvc.method.annotation.RequestMappingHandlerAdapter.handleInternal(RequestMappingHandlerAdapter.java:738)
		at org.springframework.web.servlet.mvc.method.AbstractHandlerMethodAdapter.handle(AbstractHandlerMethodAdapter.java:85)
		at org.springframework.web.servlet.DispatcherServlet.doDispatch(DispatcherServlet.java:967)
		at org.springframework.web.servlet.DispatcherServlet.doService(DispatcherServlet.java:901)
		at org.springframework.web.servlet.FrameworkServlet.processRequest(FrameworkServlet.java:970)
		at org.springframework.web.servlet.FrameworkServlet.doGet(FrameworkServlet.java:861)
		at javax.servlet.http.HttpServlet.service(HttpServlet.java:489)
		at org.springframework.web.servlet.FrameworkServlet.service(FrameworkServlet.java:846)
		at javax.servlet.http.HttpServlet.service(HttpServlet.java:583)
		at org.apache.catalina.core.ApplicationFilterChain.internalDoFilter(ApplicationFilterChain.java:212)
		at org.apache.catalina.core.ApplicationFilterChain.doFilter(ApplicationFilterChain.java:156)
		at org.apache.tomcat.websocket.server.WsFilter.doFilter(WsFilter.java:51)
		at org.apache.catalina.core.ApplicationFilterChain.internalDoFilter(ApplicationFilterChain.java:181)
		at org.apache.catalina.core.ApplicationFilterChain.doFilter(ApplicationFilterChain.java:156)
		at com.opensymphony.sitemesh.webapp.SiteMeshFilter.obtainContent(SiteMeshFilter.java:129)
		at com.opensymphony.sitemesh.webapp.SiteMeshFilter.doFilter(SiteMeshFilter.java:77)
		at org.apache.catalina.core.ApplicationFilterChain.internalDoFilter(ApplicationFilterChain.java:181)
		at org.apache.catalina.core.ApplicationFilterChain.doFilter(ApplicationFilterChain.java:156)
		at org.springframework.web.multipart.support.MultipartFilter.doFilterInternal(MultipartFilter.java:122)
		at org.springframework.web.filter.OncePerRequestFilter.doFilter(OncePerRequestFilter.java:107)
		at org.apache.catalina.core.ApplicationFilterChain.internalDoFilter(ApplicationFilterChain.java:181)
		at org.apache.catalina.core.ApplicationFilterChain.doFilter(ApplicationFilterChain.java:156)
		at org.springframework.security.web.FilterChainProxy$VirtualFilterChain.doFilter(FilterChainProxy.java:330)
		at org.springframework.security.web.access.intercept.FilterSecurityInterceptor.invoke(FilterSecurityInterceptor.java:118)
		at org.springframework.security.web.access.intercept.FilterSecurityInterceptor.doFilter(FilterSecurityInterceptor.java:84)
		at org.springframework.security.web.FilterChainProxy$VirtualFilterChain.doFilter(FilterChainProxy.java:342)
		at org.springframework.security.web.access.ExceptionTranslationFilter.doFilter(ExceptionTranslationFilter.java:113)
		at org.springframework.security.web.FilterChainProxy$VirtualFilterChain.doFilter(FilterChainProxy.java:342)
		at org.springframework.security.web.session.SessionManagementFilter.doFilter(SessionManagementFilter.java:103)
		at org.springframework.security.web.FilterChainProxy$VirtualFilterChain.doFilter(FilterChainProxy.java:342)
		at org.springframework.security.web.authentication.AnonymousAuthenticationFilter.doFilter(AnonymousAuthenticationFilter.java:113)
		at org.springframework.security.web.FilterChainProxy$VirtualFilterChain.doFilter(FilterChainProxy.java:342)
		at org.springframework.security.web.authentication.rememberme.RememberMeAuthenticationFilter.doFilter(RememberMeAuthenticationFilter.java:146)
		at org.springframework.security.web.FilterChainProxy$VirtualFilterChain.doFilter(FilterChainProxy.java:342)
		at org.springframework.security.web.servletapi.SecurityContextHolderAwareRequestFilter.doFilter(SecurityContextHolderAwareRequestFilter.java:154)
		at org.springframework.security.web.FilterChainProxy$VirtualFilterChain.doFilter(FilterChainProxy.java:342)
		at org.springframework.security.web.savedrequest.RequestCacheAwareFilter.doFilter(RequestCacheAwareFilter.java:45)
		at org.springframework.security.web.FilterChainProxy$VirtualFilterChain.doFilter(FilterChainProxy.java:342)
		at org.springframework.security.web.authentication.AbstractAuthenticationProcessingFilter.doFilter(AbstractAuthenticationProcessingFilter.java:199)
		at org.springframework.security.web.FilterChainProxy$VirtualFilterChain.doFilter(FilterChainProxy.java:342)
		at org.springframework.security.web.authentication.logout.LogoutFilter.doFilter(LogoutFilter.java:110)
		at org.springframework.security.web.FilterChainProxy$VirtualFilterChain.doFilter(FilterChainProxy.java:342)
		at org.springframework.security.web.header.HeaderWriterFilter.doFilterInternal(HeaderWriterFilter.java:57)
		at org.springframework.web.filter.OncePerRequestFilter.doFilter(OncePerRequestFilter.java:107)
		at org.springframework.security.web.FilterChainProxy$VirtualFilterChain.doFilter(FilterChainProxy.java:342)
		at org.springframework.security.web.context.SecurityContextPersistenceFilter.doFilter(SecurityContextPersistenceFilter.java:87)
		at org.springframework.security.web.FilterChainProxy$VirtualFilterChain.doFilter(FilterChainProxy.java:342)
		at org.springframework.security.web.context.request.async.WebAsyncManagerIntegrationFilter.doFilterInternal(WebAsyncManagerIntegrationFilter.java:50)
		at org.springframework.web.filter.OncePerRequestFilter.doFilter(OncePerRequestFilter.java:107)
		at org.springframework.security.web.FilterChainProxy$VirtualFilterChain.doFilter(FilterChainProxy.java:342)
		at org.springframework.security.web.FilterChainProxy.doFilterInternal(FilterChainProxy.java:192)
		at org.springframework.security.web.FilterChainProxy.doFilter(FilterChainProxy.java:160)
		at org.springframework.web.filter.DelegatingFilterProxy.invokeDelegate(DelegatingFilterProxy.java:347)
		at org.springframework.web.filter.DelegatingFilterProxy.doFilter(DelegatingFilterProxy.java:263)
		at org.apache.catalina.core.ApplicationFilterChain.internalDoFilter(ApplicationFilterChain.java:181)
		at org.apache.catalina.core.ApplicationFilterChain.doFilter(ApplicationFilterChain.java:156)
		at org.springframework.web.filter.CharacterEncodingFilter.doFilterInternal(CharacterEncodingFilter.java:197)
		at org.springframework.web.filter.OncePerRequestFilter.doFilter(OncePerRequestFilter.java:107)
		at org.apache.catalina.core.ApplicationFilterChain.internalDoFilter(ApplicationFilterChain.java:181)
		at org.apache.catalina.core.ApplicationFilterChain.doFilter(ApplicationFilterChain.java:156)
		at org.apache.catalina.core.StandardWrapperValve.invoke(StandardWrapperValve.java:167)
		at org.apache.catalina.core.StandardContextValve.invoke(StandardContextValve.java:90)
		at org.apache.catalina.authenticator.AuthenticatorBase.invoke(AuthenticatorBase.java:483)
		at org.apache.catalina.core.StandardHostValve.invoke(StandardHostValve.java:130)
		at org.apache.catalina.valves.ErrorReportValve.invoke(ErrorReportValve.java:93)
		at org.apache.catalina.valves.AbstractAccessLogValve.invoke(AbstractAccessLogValve.java:682)
		at org.apache.catalina.core.StandardEngineValve.invoke(StandardEngineValve.java:74)
		at org.apache.catalina.connector.CoyoteAdapter.service(CoyoteAdapter.java:343)
		at org.apache.coyote.http11.Http11Processor.service(Http11Processor.java:617)
		at org.apache.coyote.AbstractProcessorLight.process(AbstractProcessorLight.java:63)
		at org.apache.coyote.AbstractProtocol$ConnectionHandler.process(AbstractProtocol.java:932)
		at org.apache.tomcat.util.net.NioEndpoint$SocketProcessor.doRun(NioEndpoint.java:1694)
		at org.apache.tomcat.util.net.SocketProcessorBase.run(SocketProcessorBase.java:52)
		at org.apache.tomcat.util.threads.ThreadPoolExecutor.runWorker(ThreadPoolExecutor.java:1191)
		at org.apache.tomcat.util.threads.ThreadPoolExecutor$Worker.run(ThreadPoolExecutor.java:659)
		at org.apache.tomcat.util.threads.TaskThread$WrappingRunnable.run(TaskThread.java:61)
		at java.base/java.lang.Thread.run(Thread.java:1583)
19-Feb-2025 13:34:00.554 SEVERE [http-nio-8080-exec-1] org.apache.catalina.core.StandardWrapperValve.invoke Servlet.service() for servlet [dispatcher] in context with path [/ChronoLuxWeb] threw exception [Request processing failed; nested exception is java.util.NoSuchElementException] with root cause
	java.util.NoSuchElementException
		at java.base/java.util.List.getFirst(List.java:825)
		at com.haui.controller.admin.ProductController.searchProduct(ProductController.java:230)
		at java.base/jdk.internal.reflect.DirectMethodHandleAccessor.invoke(DirectMethodHandleAccessor.java:103)
		at java.base/java.lang.reflect.Method.invoke(Method.java:580)
		at org.springframework.web.method.support.InvocableHandlerMethod.doInvoke(InvocableHandlerMethod.java:205)
		at org.springframework.web.method.support.InvocableHandlerMethod.invokeForRequest(InvocableHandlerMethod.java:133)
		at org.springframework.web.servlet.mvc.method.annotation.ServletInvocableHandlerMethod.invokeAndHandle(ServletInvocableHandlerMethod.java:97)
		at org.springframework.web.servlet.mvc.method.annotation.RequestMappingHandlerAdapter.invokeHandlerMethod(RequestMappingHandlerAdapter.java:827)
		at org.springframework.web.servlet.mvc.method.annotation.RequestMappingHandlerAdapter.handleInternal(RequestMappingHandlerAdapter.java:738)
		at org.springframework.web.servlet.mvc.method.AbstractHandlerMethodAdapter.handle(AbstractHandlerMethodAdapter.java:85)
		at org.springframework.web.servlet.DispatcherServlet.doDispatch(DispatcherServlet.java:967)
		at org.springframework.web.servlet.DispatcherServlet.doService(DispatcherServlet.java:901)
		at org.springframework.web.servlet.FrameworkServlet.processRequest(FrameworkServlet.java:970)
		at org.springframework.web.servlet.FrameworkServlet.doGet(FrameworkServlet.java:861)
		at javax.servlet.http.HttpServlet.service(HttpServlet.java:489)
		at org.springframework.web.servlet.FrameworkServlet.service(FrameworkServlet.java:846)
		at javax.servlet.http.HttpServlet.service(HttpServlet.java:583)
		at org.apache.catalina.core.ApplicationFilterChain.internalDoFilter(ApplicationFilterChain.java:212)
		at org.apache.catalina.core.ApplicationFilterChain.doFilter(ApplicationFilterChain.java:156)
		at org.apache.tomcat.websocket.server.WsFilter.doFilter(WsFilter.java:51)
		at org.apache.catalina.core.ApplicationFilterChain.internalDoFilter(ApplicationFilterChain.java:181)
		at org.apache.catalina.core.ApplicationFilterChain.doFilter(ApplicationFilterChain.java:156)
		at com.opensymphony.sitemesh.webapp.SiteMeshFilter.obtainContent(SiteMeshFilter.java:129)
		at com.opensymphony.sitemesh.webapp.SiteMeshFilter.doFilter(SiteMeshFilter.java:77)
		at org.apache.catalina.core.ApplicationFilterChain.internalDoFilter(ApplicationFilterChain.java:181)
		at org.apache.catalina.core.ApplicationFilterChain.doFilter(ApplicationFilterChain.java:156)
		at org.springframework.web.multipart.support.MultipartFilter.doFilterInternal(MultipartFilter.java:122)
		at org.springframework.web.filter.OncePerRequestFilter.doFilter(OncePerRequestFilter.java:107)
		at org.apache.catalina.core.ApplicationFilterChain.internalDoFilter(ApplicationFilterChain.java:181)
		at org.apache.catalina.core.ApplicationFilterChain.doFilter(ApplicationFilterChain.java:156)
		at org.springframework.security.web.FilterChainProxy$VirtualFilterChain.doFilter(FilterChainProxy.java:330)
		at org.springframework.security.web.access.intercept.FilterSecurityInterceptor.invoke(FilterSecurityInterceptor.java:118)
		at org.springframework.security.web.access.intercept.FilterSecurityInterceptor.doFilter(FilterSecurityInterceptor.java:84)
		at org.springframework.security.web.FilterChainProxy$VirtualFilterChain.doFilter(FilterChainProxy.java:342)
		at org.springframework.security.web.access.ExceptionTranslationFilter.doFilter(ExceptionTranslationFilter.java:113)
		at org.springframework.security.web.FilterChainProxy$VirtualFilterChain.doFilter(FilterChainProxy.java:342)
		at org.springframework.security.web.session.SessionManagementFilter.doFilter(SessionManagementFilter.java:103)
		at org.springframework.security.web.FilterChainProxy$VirtualFilterChain.doFilter(FilterChainProxy.java:342)
		at org.springframework.security.web.authentication.AnonymousAuthenticationFilter.doFilter(AnonymousAuthenticationFilter.java:113)
		at org.springframework.security.web.FilterChainProxy$VirtualFilterChain.doFilter(FilterChainProxy.java:342)
		at org.springframework.security.web.authentication.rememberme.RememberMeAuthenticationFilter.doFilter(RememberMeAuthenticationFilter.java:146)
		at org.springframework.security.web.FilterChainProxy$VirtualFilterChain.doFilter(FilterChainProxy.java:342)
		at org.springframework.security.web.servletapi.SecurityContextHolderAwareRequestFilter.doFilter(SecurityContextHolderAwareRequestFilter.java:154)
		at org.springframework.security.web.FilterChainProxy$VirtualFilterChain.doFilter(FilterChainProxy.java:342)
		at org.springframework.security.web.savedrequest.RequestCacheAwareFilter.doFilter(RequestCacheAwareFilter.java:45)
		at org.springframework.security.web.FilterChainProxy$VirtualFilterChain.doFilter(FilterChainProxy.java:342)
		at org.springframework.security.web.authentication.AbstractAuthenticationProcessingFilter.doFilter(AbstractAuthenticationProcessingFilter.java:199)
		at org.springframework.security.web.FilterChainProxy$VirtualFilterChain.doFilter(FilterChainProxy.java:342)
		at org.springframework.security.web.authentication.logout.LogoutFilter.doFilter(LogoutFilter.java:110)
		at org.springframework.security.web.FilterChainProxy$VirtualFilterChain.doFilter(FilterChainProxy.java:342)
		at org.springframework.security.web.header.HeaderWriterFilter.doFilterInternal(HeaderWriterFilter.java:57)
		at org.springframework.web.filter.OncePerRequestFilter.doFilter(OncePerRequestFilter.java:107)
		at org.springframework.security.web.FilterChainProxy$VirtualFilterChain.doFilter(FilterChainProxy.java:342)
		at org.springframework.security.web.context.SecurityContextPersistenceFilter.doFilter(SecurityContextPersistenceFilter.java:87)
		at org.springframework.security.web.FilterChainProxy$VirtualFilterChain.doFilter(FilterChainProxy.java:342)
		at org.springframework.security.web.context.request.async.WebAsyncManagerIntegrationFilter.doFilterInternal(WebAsyncManagerIntegrationFilter.java:50)
		at org.springframework.web.filter.OncePerRequestFilter.doFilter(OncePerRequestFilter.java:107)
		at org.springframework.security.web.FilterChainProxy$VirtualFilterChain.doFilter(FilterChainProxy.java:342)
		at org.springframework.security.web.FilterChainProxy.doFilterInternal(FilterChainProxy.java:192)
		at org.springframework.security.web.FilterChainProxy.doFilter(FilterChainProxy.java:160)
		at org.springframework.web.filter.DelegatingFilterProxy.invokeDelegate(DelegatingFilterProxy.java:347)
		at org.springframework.web.filter.DelegatingFilterProxy.doFilter(DelegatingFilterProxy.java:263)
		at org.apache.catalina.core.ApplicationFilterChain.internalDoFilter(ApplicationFilterChain.java:181)
		at org.apache.catalina.core.ApplicationFilterChain.doFilter(ApplicationFilterChain.java:156)
		at org.springframework.web.filter.CharacterEncodingFilter.doFilterInternal(CharacterEncodingFilter.java:197)
		at org.springframework.web.filter.OncePerRequestFilter.doFilter(OncePerRequestFilter.java:107)
		at org.apache.catalina.core.ApplicationFilterChain.internalDoFilter(ApplicationFilterChain.java:181)
		at org.apache.catalina.core.ApplicationFilterChain.doFilter(ApplicationFilterChain.java:156)
		at org.apache.catalina.core.StandardWrapperValve.invoke(StandardWrapperValve.java:167)
		at org.apache.catalina.core.StandardContextValve.invoke(StandardContextValve.java:90)
		at org.apache.catalina.authenticator.AuthenticatorBase.invoke(AuthenticatorBase.java:483)
		at org.apache.catalina.core.StandardHostValve.invoke(StandardHostValve.java:130)
		at org.apache.catalina.valves.ErrorReportValve.invoke(ErrorReportValve.java:93)
		at org.apache.catalina.valves.AbstractAccessLogValve.invoke(AbstractAccessLogValve.java:682)
		at org.apache.catalina.core.StandardEngineValve.invoke(StandardEngineValve.java:74)
		at org.apache.catalina.connector.CoyoteAdapter.service(CoyoteAdapter.java:343)
		at org.apache.coyote.http11.Http11Processor.service(Http11Processor.java:617)
		at org.apache.coyote.AbstractProcessorLight.process(AbstractProcessorLight.java:63)
		at org.apache.coyote.AbstractProtocol$ConnectionHandler.process(AbstractProtocol.java:932)
		at org.apache.tomcat.util.net.NioEndpoint$SocketProcessor.doRun(NioEndpoint.java:1694)
		at org.apache.tomcat.util.net.SocketProcessorBase.run(SocketProcessorBase.java:52)
		at org.apache.tomcat.util.threads.ThreadPoolExecutor.runWorker(ThreadPoolExecutor.java:1191)
		at org.apache.tomcat.util.threads.ThreadPoolExecutor$Worker.run(ThreadPoolExecutor.java:659)
		at org.apache.tomcat.util.threads.TaskThread$WrappingRunnable.run(TaskThread.java:61)
		at java.base/java.lang.Thread.run(Thread.java:1583)
19-Feb-2025 13:34:09.192 INFO [localhost-startStop-2] org.apache.catalina.core.ApplicationContext.log Destroying Spring FrameworkServlet 'dispatcher'
19-Feb-2025 13:34:09.221 INFO [localhost-startStop-2] org.apache.catalina.core.ApplicationContext.log Closing Spring root WebApplicationContext
19-Feb-2025 19:40:45.879 INFO [localhost-startStop-1] org.apache.catalina.core.ApplicationContext.log No Spring WebApplicationInitializer types detected on classpath
19-Feb-2025 19:40:45.928 INFO [localhost-startStop-1] org.apache.catalina.core.ApplicationContext.log Initializing Spring root WebApplicationContext
19-Feb-2025 19:40:54.442 INFO [localhost-startStop-1] org.apache.catalina.core.ApplicationContext.log Initializing Spring FrameworkServlet 'dispatcher'
19-Feb-2025 20:19:35.624 SEVERE [http-nio-8080-exec-5] org.apache.catalina.core.StandardWrapperValve.invoke Servlet.service() for servlet [dispatcher] in context with path [/ChronoLuxWeb] threw exception [Request processing failed; nested exception is java.util.NoSuchElementException] with root cause
	java.util.NoSuchElementException
		at java.base/java.util.List.getFirst(List.java:825)
		at com.haui.controller.admin.ProductController.searchProduct(ProductController.java:230)
		at java.base/jdk.internal.reflect.DirectMethodHandleAccessor.invoke(DirectMethodHandleAccessor.java:103)
		at java.base/java.lang.reflect.Method.invoke(Method.java:580)
		at org.springframework.web.method.support.InvocableHandlerMethod.doInvoke(InvocableHandlerMethod.java:205)
		at org.springframework.web.method.support.InvocableHandlerMethod.invokeForRequest(InvocableHandlerMethod.java:133)
		at org.springframework.web.servlet.mvc.method.annotation.ServletInvocableHandlerMethod.invokeAndHandle(ServletInvocableHandlerMethod.java:97)
		at org.springframework.web.servlet.mvc.method.annotation.RequestMappingHandlerAdapter.invokeHandlerMethod(RequestMappingHandlerAdapter.java:827)
		at org.springframework.web.servlet.mvc.method.annotation.RequestMappingHandlerAdapter.handleInternal(RequestMappingHandlerAdapter.java:738)
		at org.springframework.web.servlet.mvc.method.AbstractHandlerMethodAdapter.handle(AbstractHandlerMethodAdapter.java:85)
		at org.springframework.web.servlet.DispatcherServlet.doDispatch(DispatcherServlet.java:967)
		at org.springframework.web.servlet.DispatcherServlet.doService(DispatcherServlet.java:901)
		at org.springframework.web.servlet.FrameworkServlet.processRequest(FrameworkServlet.java:970)
		at org.springframework.web.servlet.FrameworkServlet.doGet(FrameworkServlet.java:861)
		at javax.servlet.http.HttpServlet.service(HttpServlet.java:489)
		at org.springframework.web.servlet.FrameworkServlet.service(FrameworkServlet.java:846)
		at javax.servlet.http.HttpServlet.service(HttpServlet.java:583)
		at org.apache.catalina.core.ApplicationFilterChain.internalDoFilter(ApplicationFilterChain.java:212)
		at org.apache.catalina.core.ApplicationFilterChain.doFilter(ApplicationFilterChain.java:156)
		at org.apache.tomcat.websocket.server.WsFilter.doFilter(WsFilter.java:51)
		at org.apache.catalina.core.ApplicationFilterChain.internalDoFilter(ApplicationFilterChain.java:181)
		at org.apache.catalina.core.ApplicationFilterChain.doFilter(ApplicationFilterChain.java:156)
		at com.opensymphony.sitemesh.webapp.SiteMeshFilter.obtainContent(SiteMeshFilter.java:129)
		at com.opensymphony.sitemesh.webapp.SiteMeshFilter.doFilter(SiteMeshFilter.java:77)
		at org.apache.catalina.core.ApplicationFilterChain.internalDoFilter(ApplicationFilterChain.java:181)
		at org.apache.catalina.core.ApplicationFilterChain.doFilter(ApplicationFilterChain.java:156)
		at org.springframework.web.multipart.support.MultipartFilter.doFilterInternal(MultipartFilter.java:122)
		at org.springframework.web.filter.OncePerRequestFilter.doFilter(OncePerRequestFilter.java:107)
		at org.apache.catalina.core.ApplicationFilterChain.internalDoFilter(ApplicationFilterChain.java:181)
		at org.apache.catalina.core.ApplicationFilterChain.doFilter(ApplicationFilterChain.java:156)
		at org.springframework.security.web.FilterChainProxy$VirtualFilterChain.doFilter(FilterChainProxy.java:330)
		at org.springframework.security.web.access.intercept.FilterSecurityInterceptor.invoke(FilterSecurityInterceptor.java:118)
		at org.springframework.security.web.access.intercept.FilterSecurityInterceptor.doFilter(FilterSecurityInterceptor.java:84)
		at org.springframework.security.web.FilterChainProxy$VirtualFilterChain.doFilter(FilterChainProxy.java:342)
		at org.springframework.security.web.access.ExceptionTranslationFilter.doFilter(ExceptionTranslationFilter.java:113)
		at org.springframework.security.web.FilterChainProxy$VirtualFilterChain.doFilter(FilterChainProxy.java:342)
		at org.springframework.security.web.session.SessionManagementFilter.doFilter(SessionManagementFilter.java:103)
		at org.springframework.security.web.FilterChainProxy$VirtualFilterChain.doFilter(FilterChainProxy.java:342)
		at org.springframework.security.web.authentication.AnonymousAuthenticationFilter.doFilter(AnonymousAuthenticationFilter.java:113)
		at org.springframework.security.web.FilterChainProxy$VirtualFilterChain.doFilter(FilterChainProxy.java:342)
		at org.springframework.security.web.authentication.rememberme.RememberMeAuthenticationFilter.doFilter(RememberMeAuthenticationFilter.java:139)
		at org.springframework.security.web.FilterChainProxy$VirtualFilterChain.doFilter(FilterChainProxy.java:342)
		at org.springframework.security.web.servletapi.SecurityContextHolderAwareRequestFilter.doFilter(SecurityContextHolderAwareRequestFilter.java:154)
		at org.springframework.security.web.FilterChainProxy$VirtualFilterChain.doFilter(FilterChainProxy.java:342)
		at org.springframework.security.web.savedrequest.RequestCacheAwareFilter.doFilter(RequestCacheAwareFilter.java:45)
		at org.springframework.security.web.FilterChainProxy$VirtualFilterChain.doFilter(FilterChainProxy.java:342)
		at org.springframework.security.web.authentication.AbstractAuthenticationProcessingFilter.doFilter(AbstractAuthenticationProcessingFilter.java:199)
		at org.springframework.security.web.FilterChainProxy$VirtualFilterChain.doFilter(FilterChainProxy.java:342)
		at org.springframework.security.web.authentication.logout.LogoutFilter.doFilter(LogoutFilter.java:110)
		at org.springframework.security.web.FilterChainProxy$VirtualFilterChain.doFilter(FilterChainProxy.java:342)
		at org.springframework.security.web.header.HeaderWriterFilter.doFilterInternal(HeaderWriterFilter.java:57)
		at org.springframework.web.filter.OncePerRequestFilter.doFilter(OncePerRequestFilter.java:107)
		at org.springframework.security.web.FilterChainProxy$VirtualFilterChain.doFilter(FilterChainProxy.java:342)
		at org.springframework.security.web.context.SecurityContextPersistenceFilter.doFilter(SecurityContextPersistenceFilter.java:87)
		at org.springframework.security.web.FilterChainProxy$VirtualFilterChain.doFilter(FilterChainProxy.java:342)
		at org.springframework.security.web.context.request.async.WebAsyncManagerIntegrationFilter.doFilterInternal(WebAsyncManagerIntegrationFilter.java:50)
		at org.springframework.web.filter.OncePerRequestFilter.doFilter(OncePerRequestFilter.java:107)
		at org.springframework.security.web.FilterChainProxy$VirtualFilterChain.doFilter(FilterChainProxy.java:342)
		at org.springframework.security.web.FilterChainProxy.doFilterInternal(FilterChainProxy.java:192)
		at org.springframework.security.web.FilterChainProxy.doFilter(FilterChainProxy.java:160)
		at org.springframework.web.filter.DelegatingFilterProxy.invokeDelegate(DelegatingFilterProxy.java:347)
		at org.springframework.web.filter.DelegatingFilterProxy.doFilter(DelegatingFilterProxy.java:263)
		at org.apache.catalina.core.ApplicationFilterChain.internalDoFilter(ApplicationFilterChain.java:181)
		at org.apache.catalina.core.ApplicationFilterChain.doFilter(ApplicationFilterChain.java:156)
		at org.springframework.web.filter.CharacterEncodingFilter.doFilterInternal(CharacterEncodingFilter.java:197)
		at org.springframework.web.filter.OncePerRequestFilter.doFilter(OncePerRequestFilter.java:107)
		at org.apache.catalina.core.ApplicationFilterChain.internalDoFilter(ApplicationFilterChain.java:181)
		at org.apache.catalina.core.ApplicationFilterChain.doFilter(ApplicationFilterChain.java:156)
		at org.apache.catalina.core.StandardWrapperValve.invoke(StandardWrapperValve.java:167)
		at org.apache.catalina.core.StandardContextValve.invoke(StandardContextValve.java:90)
		at org.apache.catalina.authenticator.AuthenticatorBase.invoke(AuthenticatorBase.java:483)
		at org.apache.catalina.core.StandardHostValve.invoke(StandardHostValve.java:130)
		at org.apache.catalina.valves.ErrorReportValve.invoke(ErrorReportValve.java:93)
		at org.apache.catalina.valves.AbstractAccessLogValve.invoke(AbstractAccessLogValve.java:682)
		at org.apache.catalina.core.StandardEngineValve.invoke(StandardEngineValve.java:74)
		at org.apache.catalina.connector.CoyoteAdapter.service(CoyoteAdapter.java:343)
		at org.apache.coyote.http11.Http11Processor.service(Http11Processor.java:617)
		at org.apache.coyote.AbstractProcessorLight.process(AbstractProcessorLight.java:63)
		at org.apache.coyote.AbstractProtocol$ConnectionHandler.process(AbstractProtocol.java:932)
		at org.apache.tomcat.util.net.NioEndpoint$SocketProcessor.doRun(NioEndpoint.java:1694)
		at org.apache.tomcat.util.net.SocketProcessorBase.run(SocketProcessorBase.java:52)
		at org.apache.tomcat.util.threads.ThreadPoolExecutor.runWorker(ThreadPoolExecutor.java:1191)
		at org.apache.tomcat.util.threads.ThreadPoolExecutor$Worker.run(ThreadPoolExecutor.java:659)
		at org.apache.tomcat.util.threads.TaskThread$WrappingRunnable.run(TaskThread.java:61)
		at java.base/java.lang.Thread.run(Thread.java:1583)
19-Feb-2025 20:19:50.876 SEVERE [http-nio-8080-exec-4] org.apache.catalina.core.StandardWrapperValve.invoke Servlet.service() for servlet [dispatcher] in context with path [/ChronoLuxWeb] threw exception [Request processing failed; nested exception is java.util.NoSuchElementException] with root cause
	java.util.NoSuchElementException
		at java.base/java.util.List.getFirst(List.java:825)
		at com.haui.controller.admin.ProductController.searchProduct(ProductController.java:230)
		at java.base/jdk.internal.reflect.DirectMethodHandleAccessor.invoke(DirectMethodHandleAccessor.java:103)
		at java.base/java.lang.reflect.Method.invoke(Method.java:580)
		at org.springframework.web.method.support.InvocableHandlerMethod.doInvoke(InvocableHandlerMethod.java:205)
		at org.springframework.web.method.support.InvocableHandlerMethod.invokeForRequest(InvocableHandlerMethod.java:133)
		at org.springframework.web.servlet.mvc.method.annotation.ServletInvocableHandlerMethod.invokeAndHandle(ServletInvocableHandlerMethod.java:97)
		at org.springframework.web.servlet.mvc.method.annotation.RequestMappingHandlerAdapter.invokeHandlerMethod(RequestMappingHandlerAdapter.java:827)
		at org.springframework.web.servlet.mvc.method.annotation.RequestMappingHandlerAdapter.handleInternal(RequestMappingHandlerAdapter.java:738)
		at org.springframework.web.servlet.mvc.method.AbstractHandlerMethodAdapter.handle(AbstractHandlerMethodAdapter.java:85)
		at org.springframework.web.servlet.DispatcherServlet.doDispatch(DispatcherServlet.java:967)
		at org.springframework.web.servlet.DispatcherServlet.doService(DispatcherServlet.java:901)
		at org.springframework.web.servlet.FrameworkServlet.processRequest(FrameworkServlet.java:970)
		at org.springframework.web.servlet.FrameworkServlet.doGet(FrameworkServlet.java:861)
		at javax.servlet.http.HttpServlet.service(HttpServlet.java:489)
		at org.springframework.web.servlet.FrameworkServlet.service(FrameworkServlet.java:846)
		at javax.servlet.http.HttpServlet.service(HttpServlet.java:583)
		at org.apache.catalina.core.ApplicationFilterChain.internalDoFilter(ApplicationFilterChain.java:212)
		at org.apache.catalina.core.ApplicationFilterChain.doFilter(ApplicationFilterChain.java:156)
		at org.apache.tomcat.websocket.server.WsFilter.doFilter(WsFilter.java:51)
		at org.apache.catalina.core.ApplicationFilterChain.internalDoFilter(ApplicationFilterChain.java:181)
		at org.apache.catalina.core.ApplicationFilterChain.doFilter(ApplicationFilterChain.java:156)
		at com.opensymphony.sitemesh.webapp.SiteMeshFilter.obtainContent(SiteMeshFilter.java:129)
		at com.opensymphony.sitemesh.webapp.SiteMeshFilter.doFilter(SiteMeshFilter.java:77)
		at org.apache.catalina.core.ApplicationFilterChain.internalDoFilter(ApplicationFilterChain.java:181)
		at org.apache.catalina.core.ApplicationFilterChain.doFilter(ApplicationFilterChain.java:156)
		at org.springframework.web.multipart.support.MultipartFilter.doFilterInternal(MultipartFilter.java:122)
		at org.springframework.web.filter.OncePerRequestFilter.doFilter(OncePerRequestFilter.java:107)
		at org.apache.catalina.core.ApplicationFilterChain.internalDoFilter(ApplicationFilterChain.java:181)
		at org.apache.catalina.core.ApplicationFilterChain.doFilter(ApplicationFilterChain.java:156)
		at org.springframework.security.web.FilterChainProxy$VirtualFilterChain.doFilter(FilterChainProxy.java:330)
		at org.springframework.security.web.access.intercept.FilterSecurityInterceptor.invoke(FilterSecurityInterceptor.java:118)
		at org.springframework.security.web.access.intercept.FilterSecurityInterceptor.doFilter(FilterSecurityInterceptor.java:84)
		at org.springframework.security.web.FilterChainProxy$VirtualFilterChain.doFilter(FilterChainProxy.java:342)
		at org.springframework.security.web.access.ExceptionTranslationFilter.doFilter(ExceptionTranslationFilter.java:113)
		at org.springframework.security.web.FilterChainProxy$VirtualFilterChain.doFilter(FilterChainProxy.java:342)
		at org.springframework.security.web.session.SessionManagementFilter.doFilter(SessionManagementFilter.java:103)
		at org.springframework.security.web.FilterChainProxy$VirtualFilterChain.doFilter(FilterChainProxy.java:342)
		at org.springframework.security.web.authentication.AnonymousAuthenticationFilter.doFilter(AnonymousAuthenticationFilter.java:113)
		at org.springframework.security.web.FilterChainProxy$VirtualFilterChain.doFilter(FilterChainProxy.java:342)
		at org.springframework.security.web.authentication.rememberme.RememberMeAuthenticationFilter.doFilter(RememberMeAuthenticationFilter.java:146)
		at org.springframework.security.web.FilterChainProxy$VirtualFilterChain.doFilter(FilterChainProxy.java:342)
		at org.springframework.security.web.servletapi.SecurityContextHolderAwareRequestFilter.doFilter(SecurityContextHolderAwareRequestFilter.java:154)
		at org.springframework.security.web.FilterChainProxy$VirtualFilterChain.doFilter(FilterChainProxy.java:342)
		at org.springframework.security.web.savedrequest.RequestCacheAwareFilter.doFilter(RequestCacheAwareFilter.java:45)
		at org.springframework.security.web.FilterChainProxy$VirtualFilterChain.doFilter(FilterChainProxy.java:342)
		at org.springframework.security.web.authentication.AbstractAuthenticationProcessingFilter.doFilter(AbstractAuthenticationProcessingFilter.java:199)
		at org.springframework.security.web.FilterChainProxy$VirtualFilterChain.doFilter(FilterChainProxy.java:342)
		at org.springframework.security.web.authentication.logout.LogoutFilter.doFilter(LogoutFilter.java:110)
		at org.springframework.security.web.FilterChainProxy$VirtualFilterChain.doFilter(FilterChainProxy.java:342)
		at org.springframework.security.web.header.HeaderWriterFilter.doFilterInternal(HeaderWriterFilter.java:57)
		at org.springframework.web.filter.OncePerRequestFilter.doFilter(OncePerRequestFilter.java:107)
		at org.springframework.security.web.FilterChainProxy$VirtualFilterChain.doFilter(FilterChainProxy.java:342)
		at org.springframework.security.web.context.SecurityContextPersistenceFilter.doFilter(SecurityContextPersistenceFilter.java:87)
		at org.springframework.security.web.FilterChainProxy$VirtualFilterChain.doFilter(FilterChainProxy.java:342)
		at org.springframework.security.web.context.request.async.WebAsyncManagerIntegrationFilter.doFilterInternal(WebAsyncManagerIntegrationFilter.java:50)
		at org.springframework.web.filter.OncePerRequestFilter.doFilter(OncePerRequestFilter.java:107)
		at org.springframework.security.web.FilterChainProxy$VirtualFilterChain.doFilter(FilterChainProxy.java:342)
		at org.springframework.security.web.FilterChainProxy.doFilterInternal(FilterChainProxy.java:192)
		at org.springframework.security.web.FilterChainProxy.doFilter(FilterChainProxy.java:160)
		at org.springframework.web.filter.DelegatingFilterProxy.invokeDelegate(DelegatingFilterProxy.java:347)
		at org.springframework.web.filter.DelegatingFilterProxy.doFilter(DelegatingFilterProxy.java:263)
		at org.apache.catalina.core.ApplicationFilterChain.internalDoFilter(ApplicationFilterChain.java:181)
		at org.apache.catalina.core.ApplicationFilterChain.doFilter(ApplicationFilterChain.java:156)
		at org.springframework.web.filter.CharacterEncodingFilter.doFilterInternal(CharacterEncodingFilter.java:197)
		at org.springframework.web.filter.OncePerRequestFilter.doFilter(OncePerRequestFilter.java:107)
		at org.apache.catalina.core.ApplicationFilterChain.internalDoFilter(ApplicationFilterChain.java:181)
		at org.apache.catalina.core.ApplicationFilterChain.doFilter(ApplicationFilterChain.java:156)
		at org.apache.catalina.core.StandardWrapperValve.invoke(StandardWrapperValve.java:167)
		at org.apache.catalina.core.StandardContextValve.invoke(StandardContextValve.java:90)
		at org.apache.catalina.authenticator.AuthenticatorBase.invoke(AuthenticatorBase.java:483)
		at org.apache.catalina.core.StandardHostValve.invoke(StandardHostValve.java:130)
		at org.apache.catalina.valves.ErrorReportValve.invoke(ErrorReportValve.java:93)
		at org.apache.catalina.valves.AbstractAccessLogValve.invoke(AbstractAccessLogValve.java:682)
		at org.apache.catalina.core.StandardEngineValve.invoke(StandardEngineValve.java:74)
		at org.apache.catalina.connector.CoyoteAdapter.service(CoyoteAdapter.java:343)
		at org.apache.coyote.http11.Http11Processor.service(Http11Processor.java:617)
		at org.apache.coyote.AbstractProcessorLight.process(AbstractProcessorLight.java:63)
		at org.apache.coyote.AbstractProtocol$ConnectionHandler.process(AbstractProtocol.java:932)
		at org.apache.tomcat.util.net.NioEndpoint$SocketProcessor.doRun(NioEndpoint.java:1694)
		at org.apache.tomcat.util.net.SocketProcessorBase.run(SocketProcessorBase.java:52)
		at org.apache.tomcat.util.threads.ThreadPoolExecutor.runWorker(ThreadPoolExecutor.java:1191)
		at org.apache.tomcat.util.threads.ThreadPoolExecutor$Worker.run(ThreadPoolExecutor.java:659)
		at org.apache.tomcat.util.threads.TaskThread$WrappingRunnable.run(TaskThread.java:61)
		at java.base/java.lang.Thread.run(Thread.java:1583)
19-Feb-2025 20:20:11.032 SEVERE [http-nio-8080-exec-4] org.apache.catalina.core.StandardWrapperValve.invoke Servlet.service() for servlet [dispatcher] in context with path [/ChronoLuxWeb] threw exception [Request processing failed; nested exception is java.util.NoSuchElementException] with root cause
	java.util.NoSuchElementException
		at java.base/java.util.List.getFirst(List.java:825)
		at com.haui.controller.admin.ProductController.searchProduct(ProductController.java:230)
		at java.base/jdk.internal.reflect.DirectMethodHandleAccessor.invoke(DirectMethodHandleAccessor.java:103)
		at java.base/java.lang.reflect.Method.invoke(Method.java:580)
		at org.springframework.web.method.support.InvocableHandlerMethod.doInvoke(InvocableHandlerMethod.java:205)
		at org.springframework.web.method.support.InvocableHandlerMethod.invokeForRequest(InvocableHandlerMethod.java:133)
		at org.springframework.web.servlet.mvc.method.annotation.ServletInvocableHandlerMethod.invokeAndHandle(ServletInvocableHandlerMethod.java:97)
		at org.springframework.web.servlet.mvc.method.annotation.RequestMappingHandlerAdapter.invokeHandlerMethod(RequestMappingHandlerAdapter.java:827)
		at org.springframework.web.servlet.mvc.method.annotation.RequestMappingHandlerAdapter.handleInternal(RequestMappingHandlerAdapter.java:738)
		at org.springframework.web.servlet.mvc.method.AbstractHandlerMethodAdapter.handle(AbstractHandlerMethodAdapter.java:85)
		at org.springframework.web.servlet.DispatcherServlet.doDispatch(DispatcherServlet.java:967)
		at org.springframework.web.servlet.DispatcherServlet.doService(DispatcherServlet.java:901)
		at org.springframework.web.servlet.FrameworkServlet.processRequest(FrameworkServlet.java:970)
		at org.springframework.web.servlet.FrameworkServlet.doGet(FrameworkServlet.java:861)
		at javax.servlet.http.HttpServlet.service(HttpServlet.java:489)
		at org.springframework.web.servlet.FrameworkServlet.service(FrameworkServlet.java:846)
		at javax.servlet.http.HttpServlet.service(HttpServlet.java:583)
		at org.apache.catalina.core.ApplicationFilterChain.internalDoFilter(ApplicationFilterChain.java:212)
		at org.apache.catalina.core.ApplicationFilterChain.doFilter(ApplicationFilterChain.java:156)
		at org.apache.tomcat.websocket.server.WsFilter.doFilter(WsFilter.java:51)
		at org.apache.catalina.core.ApplicationFilterChain.internalDoFilter(ApplicationFilterChain.java:181)
		at org.apache.catalina.core.ApplicationFilterChain.doFilter(ApplicationFilterChain.java:156)
		at com.opensymphony.sitemesh.webapp.SiteMeshFilter.obtainContent(SiteMeshFilter.java:129)
		at com.opensymphony.sitemesh.webapp.SiteMeshFilter.doFilter(SiteMeshFilter.java:77)
		at org.apache.catalina.core.ApplicationFilterChain.internalDoFilter(ApplicationFilterChain.java:181)
		at org.apache.catalina.core.ApplicationFilterChain.doFilter(ApplicationFilterChain.java:156)
		at org.springframework.web.multipart.support.MultipartFilter.doFilterInternal(MultipartFilter.java:122)
		at org.springframework.web.filter.OncePerRequestFilter.doFilter(OncePerRequestFilter.java:107)
		at org.apache.catalina.core.ApplicationFilterChain.internalDoFilter(ApplicationFilterChain.java:181)
		at org.apache.catalina.core.ApplicationFilterChain.doFilter(ApplicationFilterChain.java:156)
		at org.springframework.security.web.FilterChainProxy$VirtualFilterChain.doFilter(FilterChainProxy.java:330)
		at org.springframework.security.web.access.intercept.FilterSecurityInterceptor.invoke(FilterSecurityInterceptor.java:118)
		at org.springframework.security.web.access.intercept.FilterSecurityInterceptor.doFilter(FilterSecurityInterceptor.java:84)
		at org.springframework.security.web.FilterChainProxy$VirtualFilterChain.doFilter(FilterChainProxy.java:342)
		at org.springframework.security.web.access.ExceptionTranslationFilter.doFilter(ExceptionTranslationFilter.java:113)
		at org.springframework.security.web.FilterChainProxy$VirtualFilterChain.doFilter(FilterChainProxy.java:342)
		at org.springframework.security.web.session.SessionManagementFilter.doFilter(SessionManagementFilter.java:103)
		at org.springframework.security.web.FilterChainProxy$VirtualFilterChain.doFilter(FilterChainProxy.java:342)
		at org.springframework.security.web.authentication.AnonymousAuthenticationFilter.doFilter(AnonymousAuthenticationFilter.java:113)
		at org.springframework.security.web.FilterChainProxy$VirtualFilterChain.doFilter(FilterChainProxy.java:342)
		at org.springframework.security.web.authentication.rememberme.RememberMeAuthenticationFilter.doFilter(RememberMeAuthenticationFilter.java:146)
		at org.springframework.security.web.FilterChainProxy$VirtualFilterChain.doFilter(FilterChainProxy.java:342)
		at org.springframework.security.web.servletapi.SecurityContextHolderAwareRequestFilter.doFilter(SecurityContextHolderAwareRequestFilter.java:154)
		at org.springframework.security.web.FilterChainProxy$VirtualFilterChain.doFilter(FilterChainProxy.java:342)
		at org.springframework.security.web.savedrequest.RequestCacheAwareFilter.doFilter(RequestCacheAwareFilter.java:45)
		at org.springframework.security.web.FilterChainProxy$VirtualFilterChain.doFilter(FilterChainProxy.java:342)
		at org.springframework.security.web.authentication.AbstractAuthenticationProcessingFilter.doFilter(AbstractAuthenticationProcessingFilter.java:199)
		at org.springframework.security.web.FilterChainProxy$VirtualFilterChain.doFilter(FilterChainProxy.java:342)
		at org.springframework.security.web.authentication.logout.LogoutFilter.doFilter(LogoutFilter.java:110)
		at org.springframework.security.web.FilterChainProxy$VirtualFilterChain.doFilter(FilterChainProxy.java:342)
		at org.springframework.security.web.header.HeaderWriterFilter.doFilterInternal(HeaderWriterFilter.java:57)
		at org.springframework.web.filter.OncePerRequestFilter.doFilter(OncePerRequestFilter.java:107)
		at org.springframework.security.web.FilterChainProxy$VirtualFilterChain.doFilter(FilterChainProxy.java:342)
		at org.springframework.security.web.context.SecurityContextPersistenceFilter.doFilter(SecurityContextPersistenceFilter.java:87)
		at org.springframework.security.web.FilterChainProxy$VirtualFilterChain.doFilter(FilterChainProxy.java:342)
		at org.springframework.security.web.context.request.async.WebAsyncManagerIntegrationFilter.doFilterInternal(WebAsyncManagerIntegrationFilter.java:50)
		at org.springframework.web.filter.OncePerRequestFilter.doFilter(OncePerRequestFilter.java:107)
		at org.springframework.security.web.FilterChainProxy$VirtualFilterChain.doFilter(FilterChainProxy.java:342)
		at org.springframework.security.web.FilterChainProxy.doFilterInternal(FilterChainProxy.java:192)
		at org.springframework.security.web.FilterChainProxy.doFilter(FilterChainProxy.java:160)
		at org.springframework.web.filter.DelegatingFilterProxy.invokeDelegate(DelegatingFilterProxy.java:347)
		at org.springframework.web.filter.DelegatingFilterProxy.doFilter(DelegatingFilterProxy.java:263)
		at org.apache.catalina.core.ApplicationFilterChain.internalDoFilter(ApplicationFilterChain.java:181)
		at org.apache.catalina.core.ApplicationFilterChain.doFilter(ApplicationFilterChain.java:156)
		at org.springframework.web.filter.CharacterEncodingFilter.doFilterInternal(CharacterEncodingFilter.java:197)
		at org.springframework.web.filter.OncePerRequestFilter.doFilter(OncePerRequestFilter.java:107)
		at org.apache.catalina.core.ApplicationFilterChain.internalDoFilter(ApplicationFilterChain.java:181)
		at org.apache.catalina.core.ApplicationFilterChain.doFilter(ApplicationFilterChain.java:156)
		at org.apache.catalina.core.StandardWrapperValve.invoke(StandardWrapperValve.java:167)
		at org.apache.catalina.core.StandardContextValve.invoke(StandardContextValve.java:90)
		at org.apache.catalina.authenticator.AuthenticatorBase.invoke(AuthenticatorBase.java:483)
		at org.apache.catalina.core.StandardHostValve.invoke(StandardHostValve.java:130)
		at org.apache.catalina.valves.ErrorReportValve.invoke(ErrorReportValve.java:93)
		at org.apache.catalina.valves.AbstractAccessLogValve.invoke(AbstractAccessLogValve.java:682)
		at org.apache.catalina.core.StandardEngineValve.invoke(StandardEngineValve.java:74)
		at org.apache.catalina.connector.CoyoteAdapter.service(CoyoteAdapter.java:343)
		at org.apache.coyote.http11.Http11Processor.service(Http11Processor.java:617)
		at org.apache.coyote.AbstractProcessorLight.process(AbstractProcessorLight.java:63)
		at org.apache.coyote.AbstractProtocol$ConnectionHandler.process(AbstractProtocol.java:932)
		at org.apache.tomcat.util.net.NioEndpoint$SocketProcessor.doRun(NioEndpoint.java:1694)
		at org.apache.tomcat.util.net.SocketProcessorBase.run(SocketProcessorBase.java:52)
		at org.apache.tomcat.util.threads.ThreadPoolExecutor.runWorker(ThreadPoolExecutor.java:1191)
		at org.apache.tomcat.util.threads.ThreadPoolExecutor$Worker.run(ThreadPoolExecutor.java:659)
		at org.apache.tomcat.util.threads.TaskThread$WrappingRunnable.run(TaskThread.java:61)
		at java.base/java.lang.Thread.run(Thread.java:1583)
19-Feb-2025 20:21:33.992 SEVERE [http-nio-8080-exec-9] org.apache.catalina.core.StandardWrapperValve.invoke Servlet.service() for servlet [dispatcher] in context with path [/ChronoLuxWeb] threw exception [Request processing failed; nested exception is java.util.NoSuchElementException] with root cause
	java.util.NoSuchElementException
		at java.base/java.util.List.getFirst(List.java:825)
		at com.haui.controller.admin.ProductLineController.searchProductLine(ProductLineController.java:161)
		at java.base/jdk.internal.reflect.DirectMethodHandleAccessor.invoke(DirectMethodHandleAccessor.java:103)
		at java.base/java.lang.reflect.Method.invoke(Method.java:580)
		at org.springframework.web.method.support.InvocableHandlerMethod.doInvoke(InvocableHandlerMethod.java:205)
		at org.springframework.web.method.support.InvocableHandlerMethod.invokeForRequest(InvocableHandlerMethod.java:133)
		at org.springframework.web.servlet.mvc.method.annotation.ServletInvocableHandlerMethod.invokeAndHandle(ServletInvocableHandlerMethod.java:97)
		at org.springframework.web.servlet.mvc.method.annotation.RequestMappingHandlerAdapter.invokeHandlerMethod(RequestMappingHandlerAdapter.java:827)
		at org.springframework.web.servlet.mvc.method.annotation.RequestMappingHandlerAdapter.handleInternal(RequestMappingHandlerAdapter.java:738)
		at org.springframework.web.servlet.mvc.method.AbstractHandlerMethodAdapter.handle(AbstractHandlerMethodAdapter.java:85)
		at org.springframework.web.servlet.DispatcherServlet.doDispatch(DispatcherServlet.java:967)
		at org.springframework.web.servlet.DispatcherServlet.doService(DispatcherServlet.java:901)
		at org.springframework.web.servlet.FrameworkServlet.processRequest(FrameworkServlet.java:970)
		at org.springframework.web.servlet.FrameworkServlet.doGet(FrameworkServlet.java:861)
		at javax.servlet.http.HttpServlet.service(HttpServlet.java:489)
		at org.springframework.web.servlet.FrameworkServlet.service(FrameworkServlet.java:846)
		at javax.servlet.http.HttpServlet.service(HttpServlet.java:583)
		at org.apache.catalina.core.ApplicationFilterChain.internalDoFilter(ApplicationFilterChain.java:212)
		at org.apache.catalina.core.ApplicationFilterChain.doFilter(ApplicationFilterChain.java:156)
		at org.apache.tomcat.websocket.server.WsFilter.doFilter(WsFilter.java:51)
		at org.apache.catalina.core.ApplicationFilterChain.internalDoFilter(ApplicationFilterChain.java:181)
		at org.apache.catalina.core.ApplicationFilterChain.doFilter(ApplicationFilterChain.java:156)
		at com.opensymphony.sitemesh.webapp.SiteMeshFilter.obtainContent(SiteMeshFilter.java:129)
		at com.opensymphony.sitemesh.webapp.SiteMeshFilter.doFilter(SiteMeshFilter.java:77)
		at org.apache.catalina.core.ApplicationFilterChain.internalDoFilter(ApplicationFilterChain.java:181)
		at org.apache.catalina.core.ApplicationFilterChain.doFilter(ApplicationFilterChain.java:156)
		at org.springframework.web.multipart.support.MultipartFilter.doFilterInternal(MultipartFilter.java:122)
		at org.springframework.web.filter.OncePerRequestFilter.doFilter(OncePerRequestFilter.java:107)
		at org.apache.catalina.core.ApplicationFilterChain.internalDoFilter(ApplicationFilterChain.java:181)
		at org.apache.catalina.core.ApplicationFilterChain.doFilter(ApplicationFilterChain.java:156)
		at org.springframework.security.web.FilterChainProxy$VirtualFilterChain.doFilter(FilterChainProxy.java:330)
		at org.springframework.security.web.access.intercept.FilterSecurityInterceptor.invoke(FilterSecurityInterceptor.java:118)
		at org.springframework.security.web.access.intercept.FilterSecurityInterceptor.doFilter(FilterSecurityInterceptor.java:84)
		at org.springframework.security.web.FilterChainProxy$VirtualFilterChain.doFilter(FilterChainProxy.java:342)
		at org.springframework.security.web.access.ExceptionTranslationFilter.doFilter(ExceptionTranslationFilter.java:113)
		at org.springframework.security.web.FilterChainProxy$VirtualFilterChain.doFilter(FilterChainProxy.java:342)
		at org.springframework.security.web.session.SessionManagementFilter.doFilter(SessionManagementFilter.java:103)
		at org.springframework.security.web.FilterChainProxy$VirtualFilterChain.doFilter(FilterChainProxy.java:342)
		at org.springframework.security.web.authentication.AnonymousAuthenticationFilter.doFilter(AnonymousAuthenticationFilter.java:113)
		at org.springframework.security.web.FilterChainProxy$VirtualFilterChain.doFilter(FilterChainProxy.java:342)
		at org.springframework.security.web.authentication.rememberme.RememberMeAuthenticationFilter.doFilter(RememberMeAuthenticationFilter.java:146)
		at org.springframework.security.web.FilterChainProxy$VirtualFilterChain.doFilter(FilterChainProxy.java:342)
		at org.springframework.security.web.servletapi.SecurityContextHolderAwareRequestFilter.doFilter(SecurityContextHolderAwareRequestFilter.java:154)
		at org.springframework.security.web.FilterChainProxy$VirtualFilterChain.doFilter(FilterChainProxy.java:342)
		at org.springframework.security.web.savedrequest.RequestCacheAwareFilter.doFilter(RequestCacheAwareFilter.java:45)
		at org.springframework.security.web.FilterChainProxy$VirtualFilterChain.doFilter(FilterChainProxy.java:342)
		at org.springframework.security.web.authentication.AbstractAuthenticationProcessingFilter.doFilter(AbstractAuthenticationProcessingFilter.java:199)
		at org.springframework.security.web.FilterChainProxy$VirtualFilterChain.doFilter(FilterChainProxy.java:342)
		at org.springframework.security.web.authentication.logout.LogoutFilter.doFilter(LogoutFilter.java:110)
		at org.springframework.security.web.FilterChainProxy$VirtualFilterChain.doFilter(FilterChainProxy.java:342)
		at org.springframework.security.web.header.HeaderWriterFilter.doFilterInternal(HeaderWriterFilter.java:57)
		at org.springframework.web.filter.OncePerRequestFilter.doFilter(OncePerRequestFilter.java:107)
		at org.springframework.security.web.FilterChainProxy$VirtualFilterChain.doFilter(FilterChainProxy.java:342)
		at org.springframework.security.web.context.SecurityContextPersistenceFilter.doFilter(SecurityContextPersistenceFilter.java:87)
		at org.springframework.security.web.FilterChainProxy$VirtualFilterChain.doFilter(FilterChainProxy.java:342)
		at org.springframework.security.web.context.request.async.WebAsyncManagerIntegrationFilter.doFilterInternal(WebAsyncManagerIntegrationFilter.java:50)
		at org.springframework.web.filter.OncePerRequestFilter.doFilter(OncePerRequestFilter.java:107)
		at org.springframework.security.web.FilterChainProxy$VirtualFilterChain.doFilter(FilterChainProxy.java:342)
		at org.springframework.security.web.FilterChainProxy.doFilterInternal(FilterChainProxy.java:192)
		at org.springframework.security.web.FilterChainProxy.doFilter(FilterChainProxy.java:160)
		at org.springframework.web.filter.DelegatingFilterProxy.invokeDelegate(DelegatingFilterProxy.java:347)
		at org.springframework.web.filter.DelegatingFilterProxy.doFilter(DelegatingFilterProxy.java:263)
		at org.apache.catalina.core.ApplicationFilterChain.internalDoFilter(ApplicationFilterChain.java:181)
		at org.apache.catalina.core.ApplicationFilterChain.doFilter(ApplicationFilterChain.java:156)
		at org.springframework.web.filter.CharacterEncodingFilter.doFilterInternal(CharacterEncodingFilter.java:197)
		at org.springframework.web.filter.OncePerRequestFilter.doFilter(OncePerRequestFilter.java:107)
		at org.apache.catalina.core.ApplicationFilterChain.internalDoFilter(ApplicationFilterChain.java:181)
		at org.apache.catalina.core.ApplicationFilterChain.doFilter(ApplicationFilterChain.java:156)
		at org.apache.catalina.core.StandardWrapperValve.invoke(StandardWrapperValve.java:167)
		at org.apache.catalina.core.StandardContextValve.invoke(StandardContextValve.java:90)
		at org.apache.catalina.authenticator.AuthenticatorBase.invoke(AuthenticatorBase.java:483)
		at org.apache.catalina.core.StandardHostValve.invoke(StandardHostValve.java:130)
		at org.apache.catalina.valves.ErrorReportValve.invoke(ErrorReportValve.java:93)
		at org.apache.catalina.valves.AbstractAccessLogValve.invoke(AbstractAccessLogValve.java:682)
		at org.apache.catalina.core.StandardEngineValve.invoke(StandardEngineValve.java:74)
		at org.apache.catalina.connector.CoyoteAdapter.service(CoyoteAdapter.java:343)
		at org.apache.coyote.http11.Http11Processor.service(Http11Processor.java:617)
		at org.apache.coyote.AbstractProcessorLight.process(AbstractProcessorLight.java:63)
		at org.apache.coyote.AbstractProtocol$ConnectionHandler.process(AbstractProtocol.java:932)
		at org.apache.tomcat.util.net.NioEndpoint$SocketProcessor.doRun(NioEndpoint.java:1694)
		at org.apache.tomcat.util.net.SocketProcessorBase.run(SocketProcessorBase.java:52)
		at org.apache.tomcat.util.threads.ThreadPoolExecutor.runWorker(ThreadPoolExecutor.java:1191)
		at org.apache.tomcat.util.threads.ThreadPoolExecutor$Worker.run(ThreadPoolExecutor.java:659)
		at org.apache.tomcat.util.threads.TaskThread$WrappingRunnable.run(TaskThread.java:61)
		at java.base/java.lang.Thread.run(Thread.java:1583)
19-Feb-2025 20:24:23.280 INFO [localhost-startStop-2] org.apache.catalina.core.ApplicationContext.log Destroying Spring FrameworkServlet 'dispatcher'
19-Feb-2025 20:24:23.289 INFO [localhost-startStop-2] org.apache.catalina.core.ApplicationContext.log Closing Spring root WebApplicationContext
19-Feb-2025 20:24:32.649 INFO [localhost-startStop-1] org.apache.catalina.core.ApplicationContext.log No Spring WebApplicationInitializer types detected on classpath
19-Feb-2025 20:24:32.687 INFO [localhost-startStop-1] org.apache.catalina.core.ApplicationContext.log Initializing Spring root WebApplicationContext
19-Feb-2025 20:24:40.852 INFO [localhost-startStop-1] org.apache.catalina.core.ApplicationContext.log Initializing Spring FrameworkServlet 'dispatcher'
19-Feb-2025 20:25:02.563 INFO [localhost-startStop-2] org.apache.catalina.core.ApplicationContext.log Destroying Spring FrameworkServlet 'dispatcher'
19-Feb-2025 20:25:02.571 INFO [localhost-startStop-2] org.apache.catalina.core.ApplicationContext.log Closing Spring root WebApplicationContext
19-Feb-2025 20:31:40.083 INFO [localhost-startStop-1] org.apache.catalina.core.ApplicationContext.log No Spring WebApplicationInitializer types detected on classpath
19-Feb-2025 20:31:40.136 INFO [localhost-startStop-1] org.apache.catalina.core.ApplicationContext.log Initializing Spring root WebApplicationContext
19-Feb-2025 20:31:41.015 SEVERE [localhost-startStop-1] org.apache.catalina.core.StandardContext.filterStart Exception starting filter [springSecurityFilterChain]
	org.springframework.beans.factory.NoSuchBeanDefinitionException: No bean named 'springSecurityFilterChain' available
		at org.springframework.beans.factory.support.DefaultListableBeanFactory.getBeanDefinition(DefaultListableBeanFactory.java:687)
		at org.springframework.beans.factory.support.AbstractBeanFactory.getMergedLocalBeanDefinition(AbstractBeanFactory.java:1207)
		at org.springframework.beans.factory.support.AbstractBeanFactory.doGetBean(AbstractBeanFactory.java:284)
		at org.springframework.beans.factory.support.AbstractBeanFactory.getBean(AbstractBeanFactory.java:202)
		at org.springframework.context.support.AbstractApplicationContext.getBean(AbstractApplicationContext.java:1086)
		at org.springframework.web.filter.DelegatingFilterProxy.initDelegate(DelegatingFilterProxy.java:327)
		at org.springframework.web.filter.DelegatingFilterProxy.initFilterBean(DelegatingFilterProxy.java:235)
		at org.springframework.web.filter.GenericFilterBean.init(GenericFilterBean.java:236)
		at org.apache.catalina.core.ApplicationFilterConfig.initFilter(ApplicationFilterConfig.java:272)
		at org.apache.catalina.core.ApplicationFilterConfig.getFilter(ApplicationFilterConfig.java:254)
		at org.apache.catalina.core.ApplicationFilterConfig.<init>(ApplicationFilterConfig.java:100)
		at org.apache.catalina.core.StandardContext.filterStart(StandardContext.java:4328)
		at org.apache.catalina.core.StandardContext.startInternal(StandardContext.java:4961)
		at org.apache.catalina.util.LifecycleBase.start(LifecycleBase.java:183)
		at org.apache.catalina.core.ContainerBase.addChildInternal(ContainerBase.java:710)
		at org.apache.catalina.core.ContainerBase.addChild(ContainerBase.java:687)
		at org.apache.catalina.core.StandardHost.addChild(StandardHost.java:661)
		at org.apache.catalina.startup.HostConfig.deployDescriptor(HostConfig.java:673)
		at org.apache.catalina.startup.HostConfig$DeployDescriptor.run(HostConfig.java:1881)
		at java.base/java.util.concurrent.Executors$RunnableAdapter.call(Executors.java:572)
		at java.base/java.util.concurrent.FutureTask.run(FutureTask.java:317)
		at java.base/java.util.concurrent.ThreadPoolExecutor.runWorker(ThreadPoolExecutor.java:1144)
		at java.base/java.util.concurrent.ThreadPoolExecutor$Worker.run(ThreadPoolExecutor.java:642)
		at java.base/java.lang.Thread.run(Thread.java:1583)
19-Feb-2025 20:31:41.023 INFO [localhost-startStop-1] org.apache.catalina.core.ApplicationContext.log Closing Spring root WebApplicationContext
19-Feb-2025 20:32:19.004 INFO [localhost-startStop-1] org.apache.catalina.core.ApplicationContext.log No Spring WebApplicationInitializer types detected on classpath
19-Feb-2025 20:32:19.045 INFO [localhost-startStop-1] org.apache.catalina.core.ApplicationContext.log Initializing Spring root WebApplicationContext
19-Feb-2025 20:32:19.792 SEVERE [localhost-startStop-1] org.apache.catalina.core.StandardContext.filterStart Exception starting filter [springSecurityFilterChain]
	org.springframework.beans.factory.NoSuchBeanDefinitionException: No bean named 'springSecurityFilterChain' available
		at org.springframework.beans.factory.support.DefaultListableBeanFactory.getBeanDefinition(DefaultListableBeanFactory.java:687)
		at org.springframework.beans.factory.support.AbstractBeanFactory.getMergedLocalBeanDefinition(AbstractBeanFactory.java:1207)
		at org.springframework.beans.factory.support.AbstractBeanFactory.doGetBean(AbstractBeanFactory.java:284)
		at org.springframework.beans.factory.support.AbstractBeanFactory.getBean(AbstractBeanFactory.java:202)
		at org.springframework.context.support.AbstractApplicationContext.getBean(AbstractApplicationContext.java:1086)
		at org.springframework.web.filter.DelegatingFilterProxy.initDelegate(DelegatingFilterProxy.java:327)
		at org.springframework.web.filter.DelegatingFilterProxy.initFilterBean(DelegatingFilterProxy.java:235)
		at org.springframework.web.filter.GenericFilterBean.init(GenericFilterBean.java:236)
		at org.apache.catalina.core.ApplicationFilterConfig.initFilter(ApplicationFilterConfig.java:272)
		at org.apache.catalina.core.ApplicationFilterConfig.getFilter(ApplicationFilterConfig.java:254)
		at org.apache.catalina.core.ApplicationFilterConfig.<init>(ApplicationFilterConfig.java:100)
		at org.apache.catalina.core.StandardContext.filterStart(StandardContext.java:4328)
		at org.apache.catalina.core.StandardContext.startInternal(StandardContext.java:4961)
		at org.apache.catalina.util.LifecycleBase.start(LifecycleBase.java:183)
		at org.apache.catalina.core.ContainerBase.addChildInternal(ContainerBase.java:710)
		at org.apache.catalina.core.ContainerBase.addChild(ContainerBase.java:687)
		at org.apache.catalina.core.StandardHost.addChild(StandardHost.java:661)
		at org.apache.catalina.startup.HostConfig.deployDescriptor(HostConfig.java:673)
		at org.apache.catalina.startup.HostConfig$DeployDescriptor.run(HostConfig.java:1881)
		at java.base/java.util.concurrent.Executors$RunnableAdapter.call(Executors.java:572)
		at java.base/java.util.concurrent.FutureTask.run(FutureTask.java:317)
		at java.base/java.util.concurrent.ThreadPoolExecutor.runWorker(ThreadPoolExecutor.java:1144)
		at java.base/java.util.concurrent.ThreadPoolExecutor$Worker.run(ThreadPoolExecutor.java:642)
		at java.base/java.lang.Thread.run(Thread.java:1583)
19-Feb-2025 20:32:19.800 INFO [localhost-startStop-1] org.apache.catalina.core.ApplicationContext.log Closing Spring root WebApplicationContext
19-Feb-2025 20:33:01.651 INFO [localhost-startStop-1] org.apache.catalina.core.ApplicationContext.log No Spring WebApplicationInitializer types detected on classpath
19-Feb-2025 20:33:01.688 INFO [localhost-startStop-1] org.apache.catalina.core.ApplicationContext.log Initializing Spring root WebApplicationContext
19-Feb-2025 20:33:10.592 INFO [localhost-startStop-1] org.apache.catalina.core.ApplicationContext.log Initializing Spring FrameworkServlet 'dispatcher'
19-Feb-2025 20:52:43.067 INFO [localhost-startStop-2] org.apache.catalina.core.ApplicationContext.log Destroying Spring FrameworkServlet 'dispatcher'
19-Feb-2025 20:52:43.077 INFO [localhost-startStop-2] org.apache.catalina.core.ApplicationContext.log Closing Spring root WebApplicationContext
19-Feb-2025 22:12:12.319 INFO [localhost-startStop-1] org.apache.catalina.core.ApplicationContext.log No Spring WebApplicationInitializer types detected on classpath
19-Feb-2025 22:12:12.381 INFO [localhost-startStop-1] org.apache.catalina.core.ApplicationContext.log Initializing Spring root WebApplicationContext
19-Feb-2025 22:12:24.700 INFO [localhost-startStop-1] org.apache.catalina.core.ApplicationContext.log Initializing Spring FrameworkServlet 'dispatcher'
19-Feb-2025 22:40:43.887 SEVERE [http-nio-8080-exec-10] org.apache.catalina.core.StandardWrapperValve.invoke Servlet.service() for servlet [dispatcher] in context with path [/ChronoLuxWeb] threw exception [Request processing failed; nested exception is org.springframework.dao.InvalidDataAccessResourceUsageException: could not extract ResultSet; SQL [n/a]; nested exception is org.hibernate.exception.SQLGrammarException: could not extract ResultSet] with root cause
	java.sql.SQLSyntaxErrorException: Unknown column 'userentity0_.points' in 'field list'
		at com.mysql.cj.jdbc.exceptions.SQLError.createSQLException(SQLError.java:120)
		at com.mysql.cj.jdbc.exceptions.SQLExceptionsMapping.translateException(SQLExceptionsMapping.java:122)
		at com.mysql.cj.jdbc.ClientPreparedStatement.executeInternal(ClientPreparedStatement.java:916)
		at com.mysql.cj.jdbc.ClientPreparedStatement.executeQuery(ClientPreparedStatement.java:972)
		at org.hibernate.engine.jdbc.internal.ResultSetReturnImpl.extract(ResultSetReturnImpl.java:82)
		at org.hibernate.loader.Loader.getResultSet(Loader.java:2065)
		at org.hibernate.loader.Loader.executeQueryStatement(Loader.java:1862)
		at org.hibernate.loader.Loader.executeQueryStatement(Loader.java:1838)
		at org.hibernate.loader.Loader.doQuery(Loader.java:909)
		at org.hibernate.loader.Loader.doQueryAndInitializeNonLazyCollections(Loader.java:354)
		at org.hibernate.loader.Loader.doList(Loader.java:2553)
		at org.hibernate.loader.Loader.doList(Loader.java:2539)
		at org.hibernate.loader.Loader.listIgnoreQueryCache(Loader.java:2369)
		at org.hibernate.loader.Loader.list(Loader.java:2364)
		at org.hibernate.loader.hql.QueryLoader.list(QueryLoader.java:496)
		at org.hibernate.hql.internal.ast.QueryTranslatorImpl.list(QueryTranslatorImpl.java:387)
		at org.hibernate.engine.query.spi.HQLQueryPlan.performList(HQLQueryPlan.java:231)
		at org.hibernate.internal.SessionImpl.list(SessionImpl.java:1264)
		at org.hibernate.internal.QueryImpl.list(QueryImpl.java:103)
		at org.hibernate.jpa.internal.QueryImpl.list(QueryImpl.java:573)
		at org.hibernate.jpa.internal.QueryImpl.getSingleResult(QueryImpl.java:495)
		at org.hibernate.jpa.criteria.compile.CriteriaQueryTypeQueryAdapter.getSingleResult(CriteriaQueryTypeQueryAdapter.java:71)
		at java.base/jdk.internal.reflect.DirectMethodHandleAccessor.invoke(DirectMethodHandleAccessor.java:103)
		at java.base/java.lang.reflect.Method.invoke(Method.java:580)
		at org.springframework.orm.jpa.SharedEntityManagerCreator$DeferredQueryInvocationHandler.invoke(SharedEntityManagerCreator.java:372)
		at jdk.proxy3/jdk.proxy3.$Proxy106.getSingleResult(Unknown Source)
		at org.springframework.data.jpa.repository.query.JpaQueryExecution$SingleEntityExecution.doExecute(JpaQueryExecution.java:206)
		at org.springframework.data.jpa.repository.query.JpaQueryExecution.execute(JpaQueryExecution.java:85)
		at org.springframework.data.jpa.repository.query.AbstractJpaQuery.doExecute(AbstractJpaQuery.java:116)
		at org.springframework.data.jpa.repository.query.AbstractJpaQuery.execute(AbstractJpaQuery.java:106)
		at org.springframework.data.repository.core.support.RepositoryFactorySupport$QueryExecutorMethodInterceptor.doInvoke(RepositoryFactorySupport.java:483)
		at org.springframework.data.repository.core.support.RepositoryFactorySupport$QueryExecutorMethodInterceptor.invoke(RepositoryFactorySupport.java:461)
		at org.springframework.aop.framework.ReflectiveMethodInvocation.proceed(ReflectiveMethodInvocation.java:179)
		at org.springframework.data.projection.DefaultMethodInvokingMethodInterceptor.invoke(DefaultMethodInvokingMethodInterceptor.java:56)
		at org.springframework.aop.framework.ReflectiveMethodInvocation.proceed(ReflectiveMethodInvocation.java:179)
		at org.springframework.transaction.interceptor.TransactionInterceptor$1.proceedWithInvocation(TransactionInterceptor.java:99)
		at org.springframework.transaction.interceptor.TransactionAspectSupport.invokeWithinTransaction(TransactionAspectSupport.java:282)
		at org.springframework.transaction.interceptor.TransactionInterceptor.invoke(TransactionInterceptor.java:96)
		at org.springframework.aop.framework.ReflectiveMethodInvocation.proceed(ReflectiveMethodInvocation.java:179)
		at org.springframework.dao.support.PersistenceExceptionTranslationInterceptor.invoke(PersistenceExceptionTranslationInterceptor.java:136)
		at org.springframework.aop.framework.ReflectiveMethodInvocation.proceed(ReflectiveMethodInvocation.java:179)
		at org.springframework.data.jpa.repository.support.CrudMethodMetadataPostProcessor$CrudMethodMetadataPopulatingMethodInterceptor.invoke(CrudMethodMetadataPostProcessor.java:133)
		at org.springframework.aop.framework.ReflectiveMethodInvocation.proceed(ReflectiveMethodInvocation.java:179)
		at org.springframework.aop.interceptor.ExposeInvocationInterceptor.invoke(ExposeInvocationInterceptor.java:92)
		at org.springframework.aop.framework.ReflectiveMethodInvocation.proceed(ReflectiveMethodInvocation.java:179)
		at org.springframework.data.repository.core.support.SurroundingTransactionDetectorMethodInterceptor.invoke(SurroundingTransactionDetectorMethodInterceptor.java:57)
		at org.springframework.aop.framework.ReflectiveMethodInvocation.proceed(ReflectiveMethodInvocation.java:179)
		at org.springframework.aop.framework.JdkDynamicAopProxy.invoke(JdkDynamicAopProxy.java:213)
		at jdk.proxy3/jdk.proxy3.$Proxy73.findOneByUserNameAndStatus(Unknown Source)
		at com.haui.service.impl.CommentServiceImpl.save(CommentServiceImpl.java:38)
		at com.haui.controller.admin.ProductController.addComment(ProductController.java:53)
		at java.base/jdk.internal.reflect.DirectMethodHandleAccessor.invoke(DirectMethodHandleAccessor.java:103)
		at java.base/java.lang.reflect.Method.invoke(Method.java:580)
		at org.springframework.web.method.support.InvocableHandlerMethod.doInvoke(InvocableHandlerMethod.java:205)
		at org.springframework.web.method.support.InvocableHandlerMethod.invokeForRequest(InvocableHandlerMethod.java:133)
		at org.springframework.web.servlet.mvc.method.annotation.ServletInvocableHandlerMethod.invokeAndHandle(ServletInvocableHandlerMethod.java:97)
		at org.springframework.web.servlet.mvc.method.annotation.RequestMappingHandlerAdapter.invokeHandlerMethod(RequestMappingHandlerAdapter.java:827)
		at org.springframework.web.servlet.mvc.method.annotation.RequestMappingHandlerAdapter.handleInternal(RequestMappingHandlerAdapter.java:738)
		at org.springframework.web.servlet.mvc.method.AbstractHandlerMethodAdapter.handle(AbstractHandlerMethodAdapter.java:85)
		at org.springframework.web.servlet.DispatcherServlet.doDispatch(DispatcherServlet.java:967)
		at org.springframework.web.servlet.DispatcherServlet.doService(DispatcherServlet.java:901)
		at org.springframework.web.servlet.FrameworkServlet.processRequest(FrameworkServlet.java:970)
		at org.springframework.web.servlet.FrameworkServlet.doPost(FrameworkServlet.java:872)
		at javax.servlet.http.HttpServlet.service(HttpServlet.java:515)
		at org.springframework.web.servlet.FrameworkServlet.service(FrameworkServlet.java:846)
		at javax.servlet.http.HttpServlet.service(HttpServlet.java:583)
		at org.apache.catalina.core.ApplicationFilterChain.internalDoFilter(ApplicationFilterChain.java:212)
		at org.apache.catalina.core.ApplicationFilterChain.doFilter(ApplicationFilterChain.java:156)
		at org.apache.tomcat.websocket.server.WsFilter.doFilter(WsFilter.java:51)
		at org.apache.catalina.core.ApplicationFilterChain.internalDoFilter(ApplicationFilterChain.java:181)
		at org.apache.catalina.core.ApplicationFilterChain.doFilter(ApplicationFilterChain.java:156)
		at com.opensymphony.sitemesh.webapp.SiteMeshFilter.obtainContent(SiteMeshFilter.java:129)
		at com.opensymphony.sitemesh.webapp.SiteMeshFilter.doFilter(SiteMeshFilter.java:77)
		at org.apache.catalina.core.ApplicationFilterChain.internalDoFilter(ApplicationFilterChain.java:181)
		at org.apache.catalina.core.ApplicationFilterChain.doFilter(ApplicationFilterChain.java:156)
		at org.springframework.web.multipart.support.MultipartFilter.doFilterInternal(MultipartFilter.java:122)
		at org.springframework.web.filter.OncePerRequestFilter.doFilter(OncePerRequestFilter.java:107)
		at org.apache.catalina.core.ApplicationFilterChain.internalDoFilter(ApplicationFilterChain.java:181)
		at org.apache.catalina.core.ApplicationFilterChain.doFilter(ApplicationFilterChain.java:156)
		at org.springframework.security.web.FilterChainProxy$VirtualFilterChain.doFilter(FilterChainProxy.java:330)
		at org.springframework.security.web.access.intercept.FilterSecurityInterceptor.invoke(FilterSecurityInterceptor.java:118)
		at org.springframework.security.web.access.intercept.FilterSecurityInterceptor.doFilter(FilterSecurityInterceptor.java:84)
		at org.springframework.security.web.FilterChainProxy$VirtualFilterChain.doFilter(FilterChainProxy.java:342)
		at org.springframework.security.web.access.ExceptionTranslationFilter.doFilter(ExceptionTranslationFilter.java:113)
		at org.springframework.security.web.FilterChainProxy$VirtualFilterChain.doFilter(FilterChainProxy.java:342)
		at org.springframework.security.web.session.SessionManagementFilter.doFilter(SessionManagementFilter.java:103)
		at org.springframework.security.web.FilterChainProxy$VirtualFilterChain.doFilter(FilterChainProxy.java:342)
		at org.springframework.security.web.authentication.AnonymousAuthenticationFilter.doFilter(AnonymousAuthenticationFilter.java:113)
		at org.springframework.security.web.FilterChainProxy$VirtualFilterChain.doFilter(FilterChainProxy.java:342)
		at org.springframework.security.web.authentication.rememberme.RememberMeAuthenticationFilter.doFilter(RememberMeAuthenticationFilter.java:139)
		at org.springframework.security.web.FilterChainProxy$VirtualFilterChain.doFilter(FilterChainProxy.java:342)
		at org.springframework.security.web.servletapi.SecurityContextHolderAwareRequestFilter.doFilter(SecurityContextHolderAwareRequestFilter.java:154)
		at org.springframework.security.web.FilterChainProxy$VirtualFilterChain.doFilter(FilterChainProxy.java:342)
		at org.springframework.security.web.savedrequest.RequestCacheAwareFilter.doFilter(RequestCacheAwareFilter.java:45)
		at org.springframework.security.web.FilterChainProxy$VirtualFilterChain.doFilter(FilterChainProxy.java:342)
		at org.springframework.security.web.authentication.AbstractAuthenticationProcessingFilter.doFilter(AbstractAuthenticationProcessingFilter.java:199)
		at org.springframework.security.web.FilterChainProxy$VirtualFilterChain.doFilter(FilterChainProxy.java:342)
		at org.springframework.security.web.authentication.logout.LogoutFilter.doFilter(LogoutFilter.java:110)
		at org.springframework.security.web.FilterChainProxy$VirtualFilterChain.doFilter(FilterChainProxy.java:342)
		at org.springframework.security.web.header.HeaderWriterFilter.doFilterInternal(HeaderWriterFilter.java:57)
		at org.springframework.web.filter.OncePerRequestFilter.doFilter(OncePerRequestFilter.java:107)
		at org.springframework.security.web.FilterChainProxy$VirtualFilterChain.doFilter(FilterChainProxy.java:342)
		at org.springframework.security.web.context.SecurityContextPersistenceFilter.doFilter(SecurityContextPersistenceFilter.java:87)
		at org.springframework.security.web.FilterChainProxy$VirtualFilterChain.doFilter(FilterChainProxy.java:342)
		at org.springframework.security.web.context.request.async.WebAsyncManagerIntegrationFilter.doFilterInternal(WebAsyncManagerIntegrationFilter.java:50)
		at org.springframework.web.filter.OncePerRequestFilter.doFilter(OncePerRequestFilter.java:107)
		at org.springframework.security.web.FilterChainProxy$VirtualFilterChain.doFilter(FilterChainProxy.java:342)
		at org.springframework.security.web.FilterChainProxy.doFilterInternal(FilterChainProxy.java:192)
		at org.springframework.security.web.FilterChainProxy.doFilter(FilterChainProxy.java:160)
		at org.springframework.web.filter.DelegatingFilterProxy.invokeDelegate(DelegatingFilterProxy.java:347)
		at org.springframework.web.filter.DelegatingFilterProxy.doFilter(DelegatingFilterProxy.java:263)
		at org.apache.catalina.core.ApplicationFilterChain.internalDoFilter(ApplicationFilterChain.java:181)
		at org.apache.catalina.core.ApplicationFilterChain.doFilter(ApplicationFilterChain.java:156)
		at org.springframework.web.filter.CharacterEncodingFilter.doFilterInternal(CharacterEncodingFilter.java:197)
		at org.springframework.web.filter.OncePerRequestFilter.doFilter(OncePerRequestFilter.java:107)
		at org.apache.catalina.core.ApplicationFilterChain.internalDoFilter(ApplicationFilterChain.java:181)
		at org.apache.catalina.core.ApplicationFilterChain.doFilter(ApplicationFilterChain.java:156)
		at org.apache.catalina.core.StandardWrapperValve.invoke(StandardWrapperValve.java:167)
		at org.apache.catalina.core.StandardContextValve.invoke(StandardContextValve.java:90)
		at org.apache.catalina.authenticator.AuthenticatorBase.invoke(AuthenticatorBase.java:483)
		at org.apache.catalina.core.StandardHostValve.invoke(StandardHostValve.java:130)
		at org.apache.catalina.valves.ErrorReportValve.invoke(ErrorReportValve.java:93)
		at org.apache.catalina.valves.AbstractAccessLogValve.invoke(AbstractAccessLogValve.java:682)
		at org.apache.catalina.core.StandardEngineValve.invoke(StandardEngineValve.java:74)
		at org.apache.catalina.connector.CoyoteAdapter.service(CoyoteAdapter.java:343)
		at org.apache.coyote.http11.Http11Processor.service(Http11Processor.java:617)
		at org.apache.coyote.AbstractProcessorLight.process(AbstractProcessorLight.java:63)
		at org.apache.coyote.AbstractProtocol$ConnectionHandler.process(AbstractProtocol.java:932)
		at org.apache.tomcat.util.net.NioEndpoint$SocketProcessor.doRun(NioEndpoint.java:1694)
		at org.apache.tomcat.util.net.SocketProcessorBase.run(SocketProcessorBase.java:52)
		at org.apache.tomcat.util.threads.ThreadPoolExecutor.runWorker(ThreadPoolExecutor.java:1191)
		at org.apache.tomcat.util.threads.ThreadPoolExecutor$Worker.run(ThreadPoolExecutor.java:659)
		at org.apache.tomcat.util.threads.TaskThread$WrappingRunnable.run(TaskThread.java:61)
		at java.base/java.lang.Thread.run(Thread.java:1583)
19-Feb-2025 23:13:04.041 INFO [localhost-startStop-2] org.apache.catalina.core.ApplicationContext.log Destroying Spring FrameworkServlet 'dispatcher'
19-Feb-2025 23:13:04.158 INFO [localhost-startStop-2] org.apache.catalina.core.ApplicationContext.log Closing Spring root WebApplicationContext
19-Feb-2025 23:13:18.536 INFO [localhost-startStop-1] org.apache.catalina.core.ApplicationContext.log No Spring WebApplicationInitializer types detected on classpath
19-Feb-2025 23:13:18.584 INFO [localhost-startStop-1] org.apache.catalina.core.ApplicationContext.log Initializing Spring root WebApplicationContext
19-Feb-2025 23:13:31.864 INFO [localhost-startStop-1] org.apache.catalina.core.ApplicationContext.log Initializing Spring FrameworkServlet 'dispatcher'
19-Feb-2025 23:35:53.060 INFO [localhost-startStop-2] org.apache.catalina.core.ApplicationContext.log Destroying Spring FrameworkServlet 'dispatcher'
19-Feb-2025 23:35:53.089 INFO [localhost-startStop-2] org.apache.catalina.core.ApplicationContext.log Closing Spring root WebApplicationContext
19-Feb-2025 23:36:22.896 INFO [localhost-startStop-1] org.apache.catalina.core.ApplicationContext.log No Spring WebApplicationInitializer types detected on classpath
19-Feb-2025 23:36:22.945 INFO [localhost-startStop-1] org.apache.catalina.core.ApplicationContext.log Initializing Spring root WebApplicationContext
19-Feb-2025 23:36:33.101 INFO [localhost-startStop-1] org.apache.catalina.core.ApplicationContext.log Initializing Spring FrameworkServlet 'dispatcher'
