06-Feb-2025 00:11:13.624 INFO [localhost-startStop-2] org.apache.catalina.core.ApplicationContext.log Destroying Spring FrameworkServlet 'dispatcher'
06-Feb-2025 00:11:13.684 INFO [localhost-startStop-2] org.apache.catalina.core.ApplicationContext.log Closing Spring root WebApplicationContext
06-Feb-2025 00:27:04.722 INFO [localhost-startStop-1] org.apache.catalina.core.ApplicationContext.log No Spring WebApplicationInitializer types detected on classpath
06-Feb-2025 00:27:04.739 SEVERE [localhost-startStop-1] org.apache.catalina.core.StandardContext.listenerStart Error configuring application listener of class [org.springframework.web.context.ContextLoaderListener]
	java.lang.NoClassDefFoundError: org/springframework/beans/factory/access/BeanFactoryReference
		at java.base/java.lang.Class.getDeclaredFields0(Native Method)
		at java.base/java.lang.Class.privateGetDeclaredFields(Class.java:3473)
		at java.base/java.lang.Class.getDeclaredFields(Class.java:2542)
		at org.apache.catalina.util.Introspection.getDeclaredFields(Introspection.java:110)
		at org.apache.catalina.core.DefaultInstanceManager.populateAnnotationsCache(DefaultInstanceManager.java:360)
		at org.apache.catalina.core.DefaultInstanceManager.newInstance(DefaultInstanceManager.java:163)
		at org.apache.catalina.core.DefaultInstanceManager.newInstance(DefaultInstanceManager.java:143)
		at org.apache.catalina.core.StandardContext.listenerStart(StandardContext.java:4404)
		at org.apache.catalina.core.StandardContext.startInternal(StandardContext.java:4935)
		at org.apache.catalina.util.LifecycleBase.start(LifecycleBase.java:183)
		at org.apache.catalina.core.ContainerBase.addChildInternal(ContainerBase.java:710)
		at org.apache.catalina.core.ContainerBase.addChild(ContainerBase.java:687)
		at org.apache.catalina.core.StandardHost.addChild(StandardHost.java:661)
		at org.apache.catalina.startup.HostConfig.deployDescriptor(HostConfig.java:673)
		at org.apache.catalina.startup.HostConfig$DeployDescriptor.run(HostConfig.java:1881)
		at java.base/java.util.concurrent.Executors$RunnableAdapter.call(Executors.java:572)
		at java.base/java.util.concurrent.FutureTask.run(FutureTask.java:317)
		at java.base/java.util.concurrent.ThreadPoolExecutor.runWorker(ThreadPoolExecutor.java:1144)
		at java.base/java.util.concurrent.ThreadPoolExecutor$Worker.run(ThreadPoolExecutor.java:642)
		at java.base/java.lang.Thread.run(Thread.java:1583)
	Caused by: java.lang.ClassNotFoundException: org.springframework.beans.factory.access.BeanFactoryReference
		at org.apache.catalina.loader.WebappClassLoaderBase.loadClass(WebappClassLoaderBase.java:1420)
		at org.apache.catalina.loader.WebappClassLoaderBase.loadClass(WebappClassLoaderBase.java:1228)
		... 20 more
06-Feb-2025 00:27:04.739 SEVERE [localhost-startStop-1] org.apache.catalina.core.StandardContext.listenerStart Skipped installing application listeners due to previous error(s)
06-Feb-2025 00:32:42.275 INFO [localhost-startStop-1] org.apache.catalina.core.ApplicationContext.log No Spring WebApplicationInitializer types detected on classpath
06-Feb-2025 00:32:42.298 SEVERE [localhost-startStop-1] org.apache.catalina.core.StandardContext.listenerStart Error configuring application listener of class [org.springframework.web.context.ContextLoaderListener]
	java.lang.NoClassDefFoundError: org/springframework/beans/factory/access/BeanFactoryReference
		at java.base/java.lang.Class.getDeclaredFields0(Native Method)
		at java.base/java.lang.Class.privateGetDeclaredFields(Class.java:3473)
		at java.base/java.lang.Class.getDeclaredFields(Class.java:2542)
		at org.apache.catalina.util.Introspection.getDeclaredFields(Introspection.java:110)
		at org.apache.catalina.core.DefaultInstanceManager.populateAnnotationsCache(DefaultInstanceManager.java:360)
		at org.apache.catalina.core.DefaultInstanceManager.newInstance(DefaultInstanceManager.java:163)
		at org.apache.catalina.core.DefaultInstanceManager.newInstance(DefaultInstanceManager.java:143)
		at org.apache.catalina.core.StandardContext.listenerStart(StandardContext.java:4404)
		at org.apache.catalina.core.StandardContext.startInternal(StandardContext.java:4935)
		at org.apache.catalina.util.LifecycleBase.start(LifecycleBase.java:183)
		at org.apache.catalina.core.ContainerBase.addChildInternal(ContainerBase.java:710)
		at org.apache.catalina.core.ContainerBase.addChild(ContainerBase.java:687)
		at org.apache.catalina.core.StandardHost.addChild(StandardHost.java:661)
		at org.apache.catalina.startup.HostConfig.deployDescriptor(HostConfig.java:673)
		at org.apache.catalina.startup.HostConfig$DeployDescriptor.run(HostConfig.java:1881)
		at java.base/java.util.concurrent.Executors$RunnableAdapter.call(Executors.java:572)
		at java.base/java.util.concurrent.FutureTask.run(FutureTask.java:317)
		at java.base/java.util.concurrent.ThreadPoolExecutor.runWorker(ThreadPoolExecutor.java:1144)
		at java.base/java.util.concurrent.ThreadPoolExecutor$Worker.run(ThreadPoolExecutor.java:642)
		at java.base/java.lang.Thread.run(Thread.java:1583)
	Caused by: java.lang.ClassNotFoundException: org.springframework.beans.factory.access.BeanFactoryReference
		at org.apache.catalina.loader.WebappClassLoaderBase.loadClass(WebappClassLoaderBase.java:1420)
		at org.apache.catalina.loader.WebappClassLoaderBase.loadClass(WebappClassLoaderBase.java:1228)
		... 20 more
06-Feb-2025 00:32:42.298 SEVERE [localhost-startStop-1] org.apache.catalina.core.StandardContext.listenerStart Skipped installing application listeners due to previous error(s)
06-Feb-2025 00:54:49.503 INFO [localhost-startStop-1] org.apache.catalina.core.ApplicationContext.log No Spring WebApplicationInitializer types detected on classpath
06-Feb-2025 00:54:49.541 INFO [localhost-startStop-1] org.apache.catalina.core.ApplicationContext.log Initializing Spring root WebApplicationContext
06-Feb-2025 00:54:57.954 SEVERE [localhost-startStop-1] org.apache.catalina.core.StandardContext.listenerStart Exception sending context initialized event to listener instance of class [org.springframework.web.context.ContextLoaderListener]
	org.springframework.beans.factory.BeanCreationException: Error creating bean with name 'simpAnnotationMethodMessageHandler' defined in class path resource [org/springframework/web/socket/config/annotation/DelegatingWebSocketMessageBrokerConfiguration.class]: Bean instantiation via factory method failed; nested exception is org.springframework.beans.BeanInstantiationException: Failed to instantiate [org.springframework.messaging.simp.annotation.support.SimpAnnotationMethodMessageHandler]: Factory method 'simpAnnotationMethodMessageHandler' threw exception; nested exception is org.springframework.beans.factory.BeanCreationException: Error creating bean with name 'brokerMessagingTemplate' defined in class path resource [org/springframework/web/socket/config/annotation/DelegatingWebSocketMessageBrokerConfiguration.class]: Bean instantiation via factory method failed; nested exception is org.springframework.beans.BeanInstantiationException: Failed to instantiate [org.springframework.messaging.simp.SimpMessagingTemplate]: Factory method 'brokerMessagingTemplate' threw exception; nested exception is org.springframework.beans.factory.BeanCreationException: Error creating bean with name 'brokerMessageConverter' defined in class path resource [org/springframework/web/socket/config/annotation/DelegatingWebSocketMessageBrokerConfiguration.class]: Bean instantiation via factory method failed; nested exception is org.springframework.beans.BeanInstantiationException: Failed to instantiate [org.springframework.messaging.converter.CompositeMessageConverter]: Factory method 'brokerMessageConverter' threw exception; nested exception is java.lang.IllegalArgumentException: Converters must not be empty
		at org.springframework.beans.factory.support.ConstructorResolver.instantiateUsingFactoryMethod(ConstructorResolver.java:599)
		at org.springframework.beans.factory.support.AbstractAutowireCapableBeanFactory.instantiateUsingFactoryMethod(AbstractAutowireCapableBeanFactory.java:1176)
		at org.springframework.beans.factory.support.AbstractAutowireCapableBeanFactory.createBeanInstance(AbstractAutowireCapableBeanFactory.java:1071)
		at org.springframework.beans.factory.support.AbstractAutowireCapableBeanFactory.doCreateBean(AbstractAutowireCapableBeanFactory.java:511)
		at org.springframework.beans.factory.support.AbstractAutowireCapableBeanFactory.createBean(AbstractAutowireCapableBeanFactory.java:481)
		at org.springframework.beans.factory.support.AbstractBeanFactory$1.getObject(AbstractBeanFactory.java:312)
		at org.springframework.beans.factory.support.DefaultSingletonBeanRegistry.getSingleton(DefaultSingletonBeanRegistry.java:230)
		at org.springframework.beans.factory.support.AbstractBeanFactory.doGetBean(AbstractBeanFactory.java:308)
		at org.springframework.beans.factory.support.AbstractBeanFactory.getBean(AbstractBeanFactory.java:197)
		at org.springframework.beans.factory.support.DefaultListableBeanFactory.preInstantiateSingletons(DefaultListableBeanFactory.java:756)
		at org.springframework.context.support.AbstractApplicationContext.finishBeanFactoryInitialization(AbstractApplicationContext.java:867)
		at org.springframework.context.support.AbstractApplicationContext.refresh(AbstractApplicationContext.java:543)
		at org.springframework.web.context.ContextLoader.configureAndRefreshWebApplicationContext(ContextLoader.java:443)
		at org.springframework.web.context.ContextLoader.initWebApplicationContext(ContextLoader.java:325)
		at org.springframework.web.context.ContextLoaderListener.contextInitialized(ContextLoaderListener.java:107)
		at org.apache.catalina.core.StandardContext.listenerStart(StandardContext.java:4477)
		at org.apache.catalina.core.StandardContext.startInternal(StandardContext.java:4935)
		at org.apache.catalina.util.LifecycleBase.start(LifecycleBase.java:183)
		at org.apache.catalina.core.ContainerBase.addChildInternal(ContainerBase.java:710)
		at org.apache.catalina.core.ContainerBase.addChild(ContainerBase.java:687)
		at org.apache.catalina.core.StandardHost.addChild(StandardHost.java:661)
		at org.apache.catalina.startup.HostConfig.deployDescriptor(HostConfig.java:673)
		at org.apache.catalina.startup.HostConfig$DeployDescriptor.run(HostConfig.java:1881)
		at java.base/java.util.concurrent.Executors$RunnableAdapter.call(Executors.java:572)
		at java.base/java.util.concurrent.FutureTask.run(FutureTask.java:317)
		at java.base/java.util.concurrent.ThreadPoolExecutor.runWorker(ThreadPoolExecutor.java:1144)
		at java.base/java.util.concurrent.ThreadPoolExecutor$Worker.run(ThreadPoolExecutor.java:642)
		at java.base/java.lang.Thread.run(Thread.java:1583)
	Caused by: org.springframework.beans.BeanInstantiationException: Failed to instantiate [org.springframework.messaging.simp.annotation.support.SimpAnnotationMethodMessageHandler]: Factory method 'simpAnnotationMethodMessageHandler' threw exception; nested exception is org.springframework.beans.factory.BeanCreationException: Error creating bean with name 'brokerMessagingTemplate' defined in class path resource [org/springframework/web/socket/config/annotation/DelegatingWebSocketMessageBrokerConfiguration.class]: Bean instantiation via factory method failed; nested exception is org.springframework.beans.BeanInstantiationException: Failed to instantiate [org.springframework.messaging.simp.SimpMessagingTemplate]: Factory method 'brokerMessagingTemplate' threw exception; nested exception is org.springframework.beans.factory.BeanCreationException: Error creating bean with name 'brokerMessageConverter' defined in class path resource [org/springframework/web/socket/config/annotation/DelegatingWebSocketMessageBrokerConfiguration.class]: Bean instantiation via factory method failed; nested exception is org.springframework.beans.BeanInstantiationException: Failed to instantiate [org.springframework.messaging.converter.CompositeMessageConverter]: Factory method 'brokerMessageConverter' threw exception; nested exception is java.lang.IllegalArgumentException: Converters must not be empty
		at org.springframework.beans.factory.support.SimpleInstantiationStrategy.instantiate(SimpleInstantiationStrategy.java:189)
		at org.springframework.beans.factory.support.ConstructorResolver.instantiateUsingFactoryMethod(ConstructorResolver.java:588)
		... 27 more
	Caused by: org.springframework.beans.factory.BeanCreationException: Error creating bean with name 'brokerMessagingTemplate' defined in class path resource [org/springframework/web/socket/config/annotation/DelegatingWebSocketMessageBrokerConfiguration.class]: Bean instantiation via factory method failed; nested exception is org.springframework.beans.BeanInstantiationException: Failed to instantiate [org.springframework.messaging.simp.SimpMessagingTemplate]: Factory method 'brokerMessagingTemplate' threw exception; nested exception is org.springframework.beans.factory.BeanCreationException: Error creating bean with name 'brokerMessageConverter' defined in class path resource [org/springframework/web/socket/config/annotation/DelegatingWebSocketMessageBrokerConfiguration.class]: Bean instantiation via factory method failed; nested exception is org.springframework.beans.BeanInstantiationException: Failed to instantiate [org.springframework.messaging.converter.CompositeMessageConverter]: Factory method 'brokerMessageConverter' threw exception; nested exception is java.lang.IllegalArgumentException: Converters must not be empty
		at org.springframework.beans.factory.support.ConstructorResolver.instantiateUsingFactoryMethod(ConstructorResolver.java:599)
		at org.springframework.beans.factory.support.AbstractAutowireCapableBeanFactory.instantiateUsingFactoryMethod(AbstractAutowireCapableBeanFactory.java:1176)
		at org.springframework.beans.factory.support.AbstractAutowireCapableBeanFactory.createBeanInstance(AbstractAutowireCapableBeanFactory.java:1071)
		at org.springframework.beans.factory.support.AbstractAutowireCapableBeanFactory.doCreateBean(AbstractAutowireCapableBeanFactory.java:511)
		at org.springframework.beans.factory.support.AbstractAutowireCapableBeanFactory.createBean(AbstractAutowireCapableBeanFactory.java:481)
		at org.springframework.beans.factory.support.AbstractBeanFactory$1.getObject(AbstractBeanFactory.java:312)
		at org.springframework.beans.factory.support.DefaultSingletonBeanRegistry.getSingleton(DefaultSingletonBeanRegistry.java:230)
		at org.springframework.beans.factory.support.AbstractBeanFactory.doGetBean(AbstractBeanFactory.java:308)
		at org.springframework.beans.factory.support.AbstractBeanFactory.getBean(AbstractBeanFactory.java:197)
		at org.springframework.context.annotation.ConfigurationClassEnhancer$BeanMethodInterceptor.obtainBeanInstanceFromFactory(ConfigurationClassEnhancer.java:389)
		at org.springframework.context.annotation.ConfigurationClassEnhancer$BeanMethodInterceptor.intercept(ConfigurationClassEnhancer.java:361)
		at org.springframework.web.socket.config.annotation.DelegatingWebSocketMessageBrokerConfiguration$$EnhancerBySpringCGLIB$$aa34c427.brokerMessagingTemplate(<generated>)
		at org.springframework.web.socket.config.annotation.WebSocketMessageBrokerConfigurationSupport.createAnnotationMethodMessageHandler(WebSocketMessageBrokerConfigurationSupport.java:58)
		at org.springframework.messaging.simp.config.AbstractMessageBrokerConfiguration.simpAnnotationMethodMessageHandler(AbstractMessageBrokerConfiguration.java:250)
		at org.springframework.web.socket.config.annotation.DelegatingWebSocketMessageBrokerConfiguration$$EnhancerBySpringCGLIB$$aa34c427.CGLIB$simpAnnotationMethodMessageHandler$19(<generated>)
		at org.springframework.web.socket.config.annotation.DelegatingWebSocketMessageBrokerConfiguration$$EnhancerBySpringCGLIB$$aa34c427$$FastClassBySpringCGLIB$$65c77882.invoke(<generated>)
		at org.springframework.cglib.proxy.MethodProxy.invokeSuper(MethodProxy.java:228)
		at org.springframework.context.annotation.ConfigurationClassEnhancer$BeanMethodInterceptor.intercept(ConfigurationClassEnhancer.java:358)
		at org.springframework.web.socket.config.annotation.DelegatingWebSocketMessageBrokerConfiguration$$EnhancerBySpringCGLIB$$aa34c427.simpAnnotationMethodMessageHandler(<generated>)
		at java.base/jdk.internal.reflect.DirectMethodHandleAccessor.invoke(DirectMethodHandleAccessor.java:103)
		at java.base/java.lang.reflect.Method.invoke(Method.java:580)
		at org.springframework.beans.factory.support.SimpleInstantiationStrategy.instantiate(SimpleInstantiationStrategy.java:162)
		... 28 more
	Caused by: org.springframework.beans.BeanInstantiationException: Failed to instantiate [org.springframework.messaging.simp.SimpMessagingTemplate]: Factory method 'brokerMessagingTemplate' threw exception; nested exception is org.springframework.beans.factory.BeanCreationException: Error creating bean with name 'brokerMessageConverter' defined in class path resource [org/springframework/web/socket/config/annotation/DelegatingWebSocketMessageBrokerConfiguration.class]: Bean instantiation via factory method failed; nested exception is org.springframework.beans.BeanInstantiationException: Failed to instantiate [org.springframework.messaging.converter.CompositeMessageConverter]: Factory method 'brokerMessageConverter' threw exception; nested exception is java.lang.IllegalArgumentException: Converters must not be empty
		at org.springframework.beans.factory.support.SimpleInstantiationStrategy.instantiate(SimpleInstantiationStrategy.java:189)
		at org.springframework.beans.factory.support.ConstructorResolver.instantiateUsingFactoryMethod(ConstructorResolver.java:588)
		... 49 more
	Caused by: org.springframework.beans.factory.BeanCreationException: Error creating bean with name 'brokerMessageConverter' defined in class path resource [org/springframework/web/socket/config/annotation/DelegatingWebSocketMessageBrokerConfiguration.class]: Bean instantiation via factory method failed; nested exception is org.springframework.beans.BeanInstantiationException: Failed to instantiate [org.springframework.messaging.converter.CompositeMessageConverter]: Factory method 'brokerMessageConverter' threw exception; nested exception is java.lang.IllegalArgumentException: Converters must not be empty
		at org.springframework.beans.factory.support.ConstructorResolver.instantiateUsingFactoryMethod(ConstructorResolver.java:599)
		at org.springframework.beans.factory.support.AbstractAutowireCapableBeanFactory.instantiateUsingFactoryMethod(AbstractAutowireCapableBeanFactory.java:1176)
		at org.springframework.beans.factory.support.AbstractAutowireCapableBeanFactory.createBeanInstance(AbstractAutowireCapableBeanFactory.java:1071)
		at org.springframework.beans.factory.support.AbstractAutowireCapableBeanFactory.doCreateBean(AbstractAutowireCapableBeanFactory.java:511)
		at org.springframework.beans.factory.support.AbstractAutowireCapableBeanFactory.createBean(AbstractAutowireCapableBeanFactory.java:481)
		at org.springframework.beans.factory.support.AbstractBeanFactory$1.getObject(AbstractBeanFactory.java:312)
		at org.springframework.beans.factory.support.DefaultSingletonBeanRegistry.getSingleton(DefaultSingletonBeanRegistry.java:230)
		at org.springframework.beans.factory.support.AbstractBeanFactory.doGetBean(AbstractBeanFactory.java:308)
		at org.springframework.beans.factory.support.AbstractBeanFactory.getBean(AbstractBeanFactory.java:197)
		at org.springframework.context.annotation.ConfigurationClassEnhancer$BeanMethodInterceptor.obtainBeanInstanceFromFactory(ConfigurationClassEnhancer.java:389)
		at org.springframework.context.annotation.ConfigurationClassEnhancer$BeanMethodInterceptor.intercept(ConfigurationClassEnhancer.java:361)
		at org.springframework.web.socket.config.annotation.DelegatingWebSocketMessageBrokerConfiguration$$EnhancerBySpringCGLIB$$aa34c427.brokerMessageConverter(<generated>)
		at org.springframework.messaging.simp.config.AbstractMessageBrokerConfiguration.brokerMessagingTemplate(AbstractMessageBrokerConfiguration.java:362)
		at org.springframework.web.socket.config.annotation.DelegatingWebSocketMessageBrokerConfiguration$$EnhancerBySpringCGLIB$$aa34c427.CGLIB$brokerMessagingTemplate$34(<generated>)
		at org.springframework.web.socket.config.annotation.DelegatingWebSocketMessageBrokerConfiguration$$EnhancerBySpringCGLIB$$aa34c427$$FastClassBySpringCGLIB$$65c77882.invoke(<generated>)
		at org.springframework.cglib.proxy.MethodProxy.invokeSuper(MethodProxy.java:228)
		at org.springframework.context.annotation.ConfigurationClassEnhancer$BeanMethodInterceptor.intercept(ConfigurationClassEnhancer.java:358)
		at org.springframework.web.socket.config.annotation.DelegatingWebSocketMessageBrokerConfiguration$$EnhancerBySpringCGLIB$$aa34c427.brokerMessagingTemplate(<generated>)
		at java.base/jdk.internal.reflect.DirectMethodHandleAccessor.invoke(DirectMethodHandleAccessor.java:103)
		at java.base/java.lang.reflect.Method.invoke(Method.java:580)
		at org.springframework.beans.factory.support.SimpleInstantiationStrategy.instantiate(SimpleInstantiationStrategy.java:162)
		... 50 more
	Caused by: org.springframework.beans.BeanInstantiationException: Failed to instantiate [org.springframework.messaging.converter.CompositeMessageConverter]: Factory method 'brokerMessageConverter' threw exception; nested exception is java.lang.IllegalArgumentException: Converters must not be empty
		at org.springframework.beans.factory.support.SimpleInstantiationStrategy.instantiate(SimpleInstantiationStrategy.java:189)
		at org.springframework.beans.factory.support.ConstructorResolver.instantiateUsingFactoryMethod(ConstructorResolver.java:588)
		... 70 more
	Caused by: java.lang.IllegalArgumentException: Converters must not be empty
		at org.springframework.util.Assert.notEmpty(Assert.java:277)
		at org.springframework.messaging.converter.CompositeMessageConverter.<init>(CompositeMessageConverter.java:47)
		at org.springframework.messaging.simp.config.AbstractMessageBrokerConfiguration.brokerMessageConverter(AbstractMessageBrokerConfiguration.java:377)
		at org.springframework.web.socket.config.annotation.DelegatingWebSocketMessageBrokerConfiguration$$EnhancerBySpringCGLIB$$aa34c427.CGLIB$brokerMessageConverter$31(<generated>)
		at org.springframework.web.socket.config.annotation.DelegatingWebSocketMessageBrokerConfiguration$$EnhancerBySpringCGLIB$$aa34c427$$FastClassBySpringCGLIB$$65c77882.invoke(<generated>)
		at org.springframework.cglib.proxy.MethodProxy.invokeSuper(MethodProxy.java:228)
		at org.springframework.context.annotation.ConfigurationClassEnhancer$BeanMethodInterceptor.intercept(ConfigurationClassEnhancer.java:358)
		at org.springframework.web.socket.config.annotation.DelegatingWebSocketMessageBrokerConfiguration$$EnhancerBySpringCGLIB$$aa34c427.brokerMessageConverter(<generated>)
		at java.base/jdk.internal.reflect.DirectMethodHandleAccessor.invoke(DirectMethodHandleAccessor.java:103)
		at java.base/java.lang.reflect.Method.invoke(Method.java:580)
		at org.springframework.beans.factory.support.SimpleInstantiationStrategy.instantiate(SimpleInstantiationStrategy.java:162)
		... 71 more
06-Feb-2025 00:54:58.014 INFO [localhost-startStop-1] org.apache.catalina.core.ApplicationContext.log Closing Spring root WebApplicationContext
06-Feb-2025 00:56:51.650 INFO [localhost-startStop-1] org.apache.catalina.core.ApplicationContext.log No Spring WebApplicationInitializer types detected on classpath
06-Feb-2025 00:56:51.697 INFO [localhost-startStop-1] org.apache.catalina.core.ApplicationContext.log Initializing Spring root WebApplicationContext
06-Feb-2025 00:57:00.766 SEVERE [localhost-startStop-1] org.apache.catalina.core.StandardContext.listenerStart Exception sending context initialized event to listener instance of class [org.springframework.web.context.ContextLoaderListener]
	org.springframework.beans.factory.BeanCreationException: Error creating bean with name 'simpAnnotationMethodMessageHandler' defined in class path resource [org/springframework/web/socket/config/annotation/DelegatingWebSocketMessageBrokerConfiguration.class]: Bean instantiation via factory method failed; nested exception is org.springframework.beans.BeanInstantiationException: Failed to instantiate [org.springframework.messaging.simp.annotation.support.SimpAnnotationMethodMessageHandler]: Factory method 'simpAnnotationMethodMessageHandler' threw exception; nested exception is org.springframework.beans.factory.BeanCreationException: Error creating bean with name 'brokerMessagingTemplate' defined in class path resource [org/springframework/web/socket/config/annotation/DelegatingWebSocketMessageBrokerConfiguration.class]: Bean instantiation via factory method failed; nested exception is org.springframework.beans.BeanInstantiationException: Failed to instantiate [org.springframework.messaging.simp.SimpMessagingTemplate]: Factory method 'brokerMessagingTemplate' threw exception; nested exception is org.springframework.beans.factory.BeanCreationException: Error creating bean with name 'brokerMessageConverter' defined in class path resource [org/springframework/web/socket/config/annotation/DelegatingWebSocketMessageBrokerConfiguration.class]: Bean instantiation via factory method failed; nested exception is org.springframework.beans.BeanInstantiationException: Failed to instantiate [org.springframework.messaging.converter.CompositeMessageConverter]: Factory method 'brokerMessageConverter' threw exception; nested exception is java.lang.IllegalArgumentException: Converters must not be empty
		at org.springframework.beans.factory.support.ConstructorResolver.instantiateUsingFactoryMethod(ConstructorResolver.java:599)
		at org.springframework.beans.factory.support.AbstractAutowireCapableBeanFactory.instantiateUsingFactoryMethod(AbstractAutowireCapableBeanFactory.java:1176)
		at org.springframework.beans.factory.support.AbstractAutowireCapableBeanFactory.createBeanInstance(AbstractAutowireCapableBeanFactory.java:1071)
		at org.springframework.beans.factory.support.AbstractAutowireCapableBeanFactory.doCreateBean(AbstractAutowireCapableBeanFactory.java:511)
		at org.springframework.beans.factory.support.AbstractAutowireCapableBeanFactory.createBean(AbstractAutowireCapableBeanFactory.java:481)
		at org.springframework.beans.factory.support.AbstractBeanFactory$1.getObject(AbstractBeanFactory.java:312)
		at org.springframework.beans.factory.support.DefaultSingletonBeanRegistry.getSingleton(DefaultSingletonBeanRegistry.java:230)
		at org.springframework.beans.factory.support.AbstractBeanFactory.doGetBean(AbstractBeanFactory.java:308)
		at org.springframework.beans.factory.support.AbstractBeanFactory.getBean(AbstractBeanFactory.java:197)
		at org.springframework.beans.factory.support.DefaultListableBeanFactory.preInstantiateSingletons(DefaultListableBeanFactory.java:756)
		at org.springframework.context.support.AbstractApplicationContext.finishBeanFactoryInitialization(AbstractApplicationContext.java:867)
		at org.springframework.context.support.AbstractApplicationContext.refresh(AbstractApplicationContext.java:543)
		at org.springframework.web.context.ContextLoader.configureAndRefreshWebApplicationContext(ContextLoader.java:443)
		at org.springframework.web.context.ContextLoader.initWebApplicationContext(ContextLoader.java:325)
		at org.springframework.web.context.ContextLoaderListener.contextInitialized(ContextLoaderListener.java:107)
		at org.apache.catalina.core.StandardContext.listenerStart(StandardContext.java:4477)
		at org.apache.catalina.core.StandardContext.startInternal(StandardContext.java:4935)
		at org.apache.catalina.util.LifecycleBase.start(LifecycleBase.java:183)
		at org.apache.catalina.core.ContainerBase.addChildInternal(ContainerBase.java:710)
		at org.apache.catalina.core.ContainerBase.addChild(ContainerBase.java:687)
		at org.apache.catalina.core.StandardHost.addChild(StandardHost.java:661)
		at org.apache.catalina.startup.HostConfig.deployDescriptor(HostConfig.java:673)
		at org.apache.catalina.startup.HostConfig$DeployDescriptor.run(HostConfig.java:1881)
		at java.base/java.util.concurrent.Executors$RunnableAdapter.call(Executors.java:572)
		at java.base/java.util.concurrent.FutureTask.run(FutureTask.java:317)
		at java.base/java.util.concurrent.ThreadPoolExecutor.runWorker(ThreadPoolExecutor.java:1144)
		at java.base/java.util.concurrent.ThreadPoolExecutor$Worker.run(ThreadPoolExecutor.java:642)
		at java.base/java.lang.Thread.run(Thread.java:1583)
	Caused by: org.springframework.beans.BeanInstantiationException: Failed to instantiate [org.springframework.messaging.simp.annotation.support.SimpAnnotationMethodMessageHandler]: Factory method 'simpAnnotationMethodMessageHandler' threw exception; nested exception is org.springframework.beans.factory.BeanCreationException: Error creating bean with name 'brokerMessagingTemplate' defined in class path resource [org/springframework/web/socket/config/annotation/DelegatingWebSocketMessageBrokerConfiguration.class]: Bean instantiation via factory method failed; nested exception is org.springframework.beans.BeanInstantiationException: Failed to instantiate [org.springframework.messaging.simp.SimpMessagingTemplate]: Factory method 'brokerMessagingTemplate' threw exception; nested exception is org.springframework.beans.factory.BeanCreationException: Error creating bean with name 'brokerMessageConverter' defined in class path resource [org/springframework/web/socket/config/annotation/DelegatingWebSocketMessageBrokerConfiguration.class]: Bean instantiation via factory method failed; nested exception is org.springframework.beans.BeanInstantiationException: Failed to instantiate [org.springframework.messaging.converter.CompositeMessageConverter]: Factory method 'brokerMessageConverter' threw exception; nested exception is java.lang.IllegalArgumentException: Converters must not be empty
		at org.springframework.beans.factory.support.SimpleInstantiationStrategy.instantiate(SimpleInstantiationStrategy.java:189)
		at org.springframework.beans.factory.support.ConstructorResolver.instantiateUsingFactoryMethod(ConstructorResolver.java:588)
		... 27 more
	Caused by: org.springframework.beans.factory.BeanCreationException: Error creating bean with name 'brokerMessagingTemplate' defined in class path resource [org/springframework/web/socket/config/annotation/DelegatingWebSocketMessageBrokerConfiguration.class]: Bean instantiation via factory method failed; nested exception is org.springframework.beans.BeanInstantiationException: Failed to instantiate [org.springframework.messaging.simp.SimpMessagingTemplate]: Factory method 'brokerMessagingTemplate' threw exception; nested exception is org.springframework.beans.factory.BeanCreationException: Error creating bean with name 'brokerMessageConverter' defined in class path resource [org/springframework/web/socket/config/annotation/DelegatingWebSocketMessageBrokerConfiguration.class]: Bean instantiation via factory method failed; nested exception is org.springframework.beans.BeanInstantiationException: Failed to instantiate [org.springframework.messaging.converter.CompositeMessageConverter]: Factory method 'brokerMessageConverter' threw exception; nested exception is java.lang.IllegalArgumentException: Converters must not be empty
		at org.springframework.beans.factory.support.ConstructorResolver.instantiateUsingFactoryMethod(ConstructorResolver.java:599)
		at org.springframework.beans.factory.support.AbstractAutowireCapableBeanFactory.instantiateUsingFactoryMethod(AbstractAutowireCapableBeanFactory.java:1176)
		at org.springframework.beans.factory.support.AbstractAutowireCapableBeanFactory.createBeanInstance(AbstractAutowireCapableBeanFactory.java:1071)
		at org.springframework.beans.factory.support.AbstractAutowireCapableBeanFactory.doCreateBean(AbstractAutowireCapableBeanFactory.java:511)
		at org.springframework.beans.factory.support.AbstractAutowireCapableBeanFactory.createBean(AbstractAutowireCapableBeanFactory.java:481)
		at org.springframework.beans.factory.support.AbstractBeanFactory$1.getObject(AbstractBeanFactory.java:312)
		at org.springframework.beans.factory.support.DefaultSingletonBeanRegistry.getSingleton(DefaultSingletonBeanRegistry.java:230)
		at org.springframework.beans.factory.support.AbstractBeanFactory.doGetBean(AbstractBeanFactory.java:308)
		at org.springframework.beans.factory.support.AbstractBeanFactory.getBean(AbstractBeanFactory.java:197)
		at org.springframework.context.annotation.ConfigurationClassEnhancer$BeanMethodInterceptor.obtainBeanInstanceFromFactory(ConfigurationClassEnhancer.java:389)
		at org.springframework.context.annotation.ConfigurationClassEnhancer$BeanMethodInterceptor.intercept(ConfigurationClassEnhancer.java:361)
		at org.springframework.web.socket.config.annotation.DelegatingWebSocketMessageBrokerConfiguration$$EnhancerBySpringCGLIB$$412235c0.brokerMessagingTemplate(<generated>)
		at org.springframework.web.socket.config.annotation.WebSocketMessageBrokerConfigurationSupport.createAnnotationMethodMessageHandler(WebSocketMessageBrokerConfigurationSupport.java:58)
		at org.springframework.messaging.simp.config.AbstractMessageBrokerConfiguration.simpAnnotationMethodMessageHandler(AbstractMessageBrokerConfiguration.java:250)
		at org.springframework.web.socket.config.annotation.DelegatingWebSocketMessageBrokerConfiguration$$EnhancerBySpringCGLIB$$412235c0.CGLIB$simpAnnotationMethodMessageHandler$19(<generated>)
		at org.springframework.web.socket.config.annotation.DelegatingWebSocketMessageBrokerConfiguration$$EnhancerBySpringCGLIB$$412235c0$$FastClassBySpringCGLIB$$3620a957.invoke(<generated>)
		at org.springframework.cglib.proxy.MethodProxy.invokeSuper(MethodProxy.java:228)
		at org.springframework.context.annotation.ConfigurationClassEnhancer$BeanMethodInterceptor.intercept(ConfigurationClassEnhancer.java:358)
		at org.springframework.web.socket.config.annotation.DelegatingWebSocketMessageBrokerConfiguration$$EnhancerBySpringCGLIB$$412235c0.simpAnnotationMethodMessageHandler(<generated>)
		at java.base/jdk.internal.reflect.DirectMethodHandleAccessor.invoke(DirectMethodHandleAccessor.java:103)
		at java.base/java.lang.reflect.Method.invoke(Method.java:580)
		at org.springframework.beans.factory.support.SimpleInstantiationStrategy.instantiate(SimpleInstantiationStrategy.java:162)
		... 28 more
	Caused by: org.springframework.beans.BeanInstantiationException: Failed to instantiate [org.springframework.messaging.simp.SimpMessagingTemplate]: Factory method 'brokerMessagingTemplate' threw exception; nested exception is org.springframework.beans.factory.BeanCreationException: Error creating bean with name 'brokerMessageConverter' defined in class path resource [org/springframework/web/socket/config/annotation/DelegatingWebSocketMessageBrokerConfiguration.class]: Bean instantiation via factory method failed; nested exception is org.springframework.beans.BeanInstantiationException: Failed to instantiate [org.springframework.messaging.converter.CompositeMessageConverter]: Factory method 'brokerMessageConverter' threw exception; nested exception is java.lang.IllegalArgumentException: Converters must not be empty
		at org.springframework.beans.factory.support.SimpleInstantiationStrategy.instantiate(SimpleInstantiationStrategy.java:189)
		at org.springframework.beans.factory.support.ConstructorResolver.instantiateUsingFactoryMethod(ConstructorResolver.java:588)
		... 49 more
	Caused by: org.springframework.beans.factory.BeanCreationException: Error creating bean with name 'brokerMessageConverter' defined in class path resource [org/springframework/web/socket/config/annotation/DelegatingWebSocketMessageBrokerConfiguration.class]: Bean instantiation via factory method failed; nested exception is org.springframework.beans.BeanInstantiationException: Failed to instantiate [org.springframework.messaging.converter.CompositeMessageConverter]: Factory method 'brokerMessageConverter' threw exception; nested exception is java.lang.IllegalArgumentException: Converters must not be empty
		at org.springframework.beans.factory.support.ConstructorResolver.instantiateUsingFactoryMethod(ConstructorResolver.java:599)
		at org.springframework.beans.factory.support.AbstractAutowireCapableBeanFactory.instantiateUsingFactoryMethod(AbstractAutowireCapableBeanFactory.java:1176)
		at org.springframework.beans.factory.support.AbstractAutowireCapableBeanFactory.createBeanInstance(AbstractAutowireCapableBeanFactory.java:1071)
		at org.springframework.beans.factory.support.AbstractAutowireCapableBeanFactory.doCreateBean(AbstractAutowireCapableBeanFactory.java:511)
		at org.springframework.beans.factory.support.AbstractAutowireCapableBeanFactory.createBean(AbstractAutowireCapableBeanFactory.java:481)
		at org.springframework.beans.factory.support.AbstractBeanFactory$1.getObject(AbstractBeanFactory.java:312)
		at org.springframework.beans.factory.support.DefaultSingletonBeanRegistry.getSingleton(DefaultSingletonBeanRegistry.java:230)
		at org.springframework.beans.factory.support.AbstractBeanFactory.doGetBean(AbstractBeanFactory.java:308)
		at org.springframework.beans.factory.support.AbstractBeanFactory.getBean(AbstractBeanFactory.java:197)
		at org.springframework.context.annotation.ConfigurationClassEnhancer$BeanMethodInterceptor.obtainBeanInstanceFromFactory(ConfigurationClassEnhancer.java:389)
		at org.springframework.context.annotation.ConfigurationClassEnhancer$BeanMethodInterceptor.intercept(ConfigurationClassEnhancer.java:361)
		at org.springframework.web.socket.config.annotation.DelegatingWebSocketMessageBrokerConfiguration$$EnhancerBySpringCGLIB$$412235c0.brokerMessageConverter(<generated>)
		at org.springframework.messaging.simp.config.AbstractMessageBrokerConfiguration.brokerMessagingTemplate(AbstractMessageBrokerConfiguration.java:362)
		at org.springframework.web.socket.config.annotation.DelegatingWebSocketMessageBrokerConfiguration$$EnhancerBySpringCGLIB$$412235c0.CGLIB$brokerMessagingTemplate$27(<generated>)
		at org.springframework.web.socket.config.annotation.DelegatingWebSocketMessageBrokerConfiguration$$EnhancerBySpringCGLIB$$412235c0$$FastClassBySpringCGLIB$$3620a957.invoke(<generated>)
		at org.springframework.cglib.proxy.MethodProxy.invokeSuper(MethodProxy.java:228)
		at org.springframework.context.annotation.ConfigurationClassEnhancer$BeanMethodInterceptor.intercept(ConfigurationClassEnhancer.java:358)
		at org.springframework.web.socket.config.annotation.DelegatingWebSocketMessageBrokerConfiguration$$EnhancerBySpringCGLIB$$412235c0.brokerMessagingTemplate(<generated>)
		at java.base/jdk.internal.reflect.DirectMethodHandleAccessor.invoke(DirectMethodHandleAccessor.java:103)
		at java.base/java.lang.reflect.Method.invoke(Method.java:580)
		at org.springframework.beans.factory.support.SimpleInstantiationStrategy.instantiate(SimpleInstantiationStrategy.java:162)
		... 50 more
	Caused by: org.springframework.beans.BeanInstantiationException: Failed to instantiate [org.springframework.messaging.converter.CompositeMessageConverter]: Factory method 'brokerMessageConverter' threw exception; nested exception is java.lang.IllegalArgumentException: Converters must not be empty
		at org.springframework.beans.factory.support.SimpleInstantiationStrategy.instantiate(SimpleInstantiationStrategy.java:189)
		at org.springframework.beans.factory.support.ConstructorResolver.instantiateUsingFactoryMethod(ConstructorResolver.java:588)
		... 70 more
	Caused by: java.lang.IllegalArgumentException: Converters must not be empty
		at org.springframework.util.Assert.notEmpty(Assert.java:277)
		at org.springframework.messaging.converter.CompositeMessageConverter.<init>(CompositeMessageConverter.java:47)
		at org.springframework.messaging.simp.config.AbstractMessageBrokerConfiguration.brokerMessageConverter(AbstractMessageBrokerConfiguration.java:377)
		at org.springframework.web.socket.config.annotation.DelegatingWebSocketMessageBrokerConfiguration$$EnhancerBySpringCGLIB$$412235c0.CGLIB$brokerMessageConverter$29(<generated>)
		at org.springframework.web.socket.config.annotation.DelegatingWebSocketMessageBrokerConfiguration$$EnhancerBySpringCGLIB$$412235c0$$FastClassBySpringCGLIB$$3620a957.invoke(<generated>)
		at org.springframework.cglib.proxy.MethodProxy.invokeSuper(MethodProxy.java:228)
		at org.springframework.context.annotation.ConfigurationClassEnhancer$BeanMethodInterceptor.intercept(ConfigurationClassEnhancer.java:358)
		at org.springframework.web.socket.config.annotation.DelegatingWebSocketMessageBrokerConfiguration$$EnhancerBySpringCGLIB$$412235c0.brokerMessageConverter(<generated>)
		at java.base/jdk.internal.reflect.DirectMethodHandleAccessor.invoke(DirectMethodHandleAccessor.java:103)
		at java.base/java.lang.reflect.Method.invoke(Method.java:580)
		at org.springframework.beans.factory.support.SimpleInstantiationStrategy.instantiate(SimpleInstantiationStrategy.java:162)
		... 71 more
06-Feb-2025 00:57:00.828 INFO [localhost-startStop-1] org.apache.catalina.core.ApplicationContext.log Closing Spring root WebApplicationContext
06-Feb-2025 01:03:27.770 INFO [localhost-startStop-1] org.apache.catalina.core.ApplicationContext.log No Spring WebApplicationInitializer types detected on classpath
06-Feb-2025 01:03:27.805 INFO [localhost-startStop-1] org.apache.catalina.core.ApplicationContext.log Initializing Spring root WebApplicationContext
06-Feb-2025 01:03:36.074 SEVERE [localhost-startStop-1] org.apache.catalina.core.StandardContext.listenerStart Exception sending context initialized event to listener instance of class [org.springframework.web.context.ContextLoaderListener]
	org.springframework.beans.factory.BeanCreationException: Error creating bean with name 'simpleBrokerMessageHandler' defined in class path resource [org/springframework/web/socket/config/annotation/DelegatingWebSocketMessageBrokerConfiguration.class]: Bean instantiation via factory method failed; nested exception is org.springframework.beans.BeanInstantiationException: Failed to instantiate [org.springframework.messaging.simp.broker.AbstractBrokerMessageHandler]: Factory method 'simpleBrokerMessageHandler' threw exception; nested exception is java.lang.NoClassDefFoundError: org/springframework/expression/spel/support/SimpleEvaluationContext
		at org.springframework.beans.factory.support.ConstructorResolver.instantiateUsingFactoryMethod(ConstructorResolver.java:599)
		at org.springframework.beans.factory.support.AbstractAutowireCapableBeanFactory.instantiateUsingFactoryMethod(AbstractAutowireCapableBeanFactory.java:1176)
		at org.springframework.beans.factory.support.AbstractAutowireCapableBeanFactory.createBeanInstance(AbstractAutowireCapableBeanFactory.java:1071)
		at org.springframework.beans.factory.support.AbstractAutowireCapableBeanFactory.doCreateBean(AbstractAutowireCapableBeanFactory.java:511)
		at org.springframework.beans.factory.support.AbstractAutowireCapableBeanFactory.createBean(AbstractAutowireCapableBeanFactory.java:481)
		at org.springframework.beans.factory.support.AbstractBeanFactory$1.getObject(AbstractBeanFactory.java:312)
		at org.springframework.beans.factory.support.DefaultSingletonBeanRegistry.getSingleton(DefaultSingletonBeanRegistry.java:230)
		at org.springframework.beans.factory.support.AbstractBeanFactory.doGetBean(AbstractBeanFactory.java:308)
		at org.springframework.beans.factory.support.AbstractBeanFactory.getBean(AbstractBeanFactory.java:197)
		at org.springframework.beans.factory.support.DefaultListableBeanFactory.preInstantiateSingletons(DefaultListableBeanFactory.java:756)
		at org.springframework.context.support.AbstractApplicationContext.finishBeanFactoryInitialization(AbstractApplicationContext.java:867)
		at org.springframework.context.support.AbstractApplicationContext.refresh(AbstractApplicationContext.java:543)
		at org.springframework.web.context.ContextLoader.configureAndRefreshWebApplicationContext(ContextLoader.java:443)
		at org.springframework.web.context.ContextLoader.initWebApplicationContext(ContextLoader.java:325)
		at org.springframework.web.context.ContextLoaderListener.contextInitialized(ContextLoaderListener.java:107)
		at org.apache.catalina.core.StandardContext.listenerStart(StandardContext.java:4477)
		at org.apache.catalina.core.StandardContext.startInternal(StandardContext.java:4935)
		at org.apache.catalina.util.LifecycleBase.start(LifecycleBase.java:183)
		at org.apache.catalina.core.ContainerBase.addChildInternal(ContainerBase.java:710)
		at org.apache.catalina.core.ContainerBase.addChild(ContainerBase.java:687)
		at org.apache.catalina.core.StandardHost.addChild(StandardHost.java:661)
		at org.apache.catalina.startup.HostConfig.deployDescriptor(HostConfig.java:673)
		at org.apache.catalina.startup.HostConfig$DeployDescriptor.run(HostConfig.java:1881)
		at java.base/java.util.concurrent.Executors$RunnableAdapter.call(Executors.java:572)
		at java.base/java.util.concurrent.FutureTask.run(FutureTask.java:317)
		at java.base/java.util.concurrent.ThreadPoolExecutor.runWorker(ThreadPoolExecutor.java:1144)
		at java.base/java.util.concurrent.ThreadPoolExecutor$Worker.run(ThreadPoolExecutor.java:642)
		at java.base/java.lang.Thread.run(Thread.java:1583)
	Caused by: org.springframework.beans.BeanInstantiationException: Failed to instantiate [org.springframework.messaging.simp.broker.AbstractBrokerMessageHandler]: Factory method 'simpleBrokerMessageHandler' threw exception; nested exception is java.lang.NoClassDefFoundError: org/springframework/expression/spel/support/SimpleEvaluationContext
		at org.springframework.beans.factory.support.SimpleInstantiationStrategy.instantiate(SimpleInstantiationStrategy.java:189)
		at org.springframework.beans.factory.support.ConstructorResolver.instantiateUsingFactoryMethod(ConstructorResolver.java:588)
		... 27 more
	Caused by: java.lang.NoClassDefFoundError: org/springframework/expression/spel/support/SimpleEvaluationContext
		at org.springframework.messaging.simp.broker.DefaultSubscriptionRegistry.<clinit>(DefaultSubscriptionRegistry.java:69)
		at org.springframework.messaging.simp.broker.SimpleBrokerMessageHandler.<init>(SimpleBrokerMessageHandler.java:87)
		at org.springframework.messaging.simp.config.SimpleBrokerRegistration.getMessageHandler(SimpleBrokerRegistration.java:92)
		at org.springframework.messaging.simp.config.MessageBrokerRegistry.getSimpleBroker(MessageBrokerRegistry.java:196)
		at org.springframework.messaging.simp.config.AbstractMessageBrokerConfiguration.simpleBrokerMessageHandler(AbstractMessageBrokerConfiguration.java:289)
		at org.springframework.web.socket.config.annotation.DelegatingWebSocketMessageBrokerConfiguration$$EnhancerBySpringCGLIB$$f31b80d9.CGLIB$simpleBrokerMessageHandler$25(<generated>)
		at org.springframework.web.socket.config.annotation.DelegatingWebSocketMessageBrokerConfiguration$$EnhancerBySpringCGLIB$$f31b80d9$$FastClassBySpringCGLIB$$ead9a636.invoke(<generated>)
		at org.springframework.cglib.proxy.MethodProxy.invokeSuper(MethodProxy.java:228)
		at org.springframework.context.annotation.ConfigurationClassEnhancer$BeanMethodInterceptor.intercept(ConfigurationClassEnhancer.java:358)
		at org.springframework.web.socket.config.annotation.DelegatingWebSocketMessageBrokerConfiguration$$EnhancerBySpringCGLIB$$f31b80d9.simpleBrokerMessageHandler(<generated>)
		at java.base/jdk.internal.reflect.DirectMethodHandleAccessor.invoke(DirectMethodHandleAccessor.java:103)
		at java.base/java.lang.reflect.Method.invoke(Method.java:580)
		at org.springframework.beans.factory.support.SimpleInstantiationStrategy.instantiate(SimpleInstantiationStrategy.java:162)
		... 28 more
	Caused by: java.lang.ClassNotFoundException: org.springframework.expression.spel.support.SimpleEvaluationContext
		at org.apache.catalina.loader.WebappClassLoaderBase.loadClass(WebappClassLoaderBase.java:1420)
		at org.apache.catalina.loader.WebappClassLoaderBase.loadClass(WebappClassLoaderBase.java:1228)
		... 41 more
06-Feb-2025 01:03:36.142 INFO [localhost-startStop-1] org.apache.catalina.core.ApplicationContext.log Closing Spring root WebApplicationContext
06-Feb-2025 01:05:03.328 INFO [localhost-startStop-1] org.apache.catalina.core.ApplicationContext.log No Spring WebApplicationInitializer types detected on classpath
06-Feb-2025 01:05:03.372 INFO [localhost-startStop-1] org.apache.catalina.core.ApplicationContext.log Initializing Spring root WebApplicationContext
06-Feb-2025 01:05:10.730 INFO [localhost-startStop-1] org.apache.catalina.core.ApplicationContext.log Initializing Spring FrameworkServlet 'dispatcher'
06-Feb-2025 01:07:07.300 INFO [localhost-startStop-2] org.apache.catalina.core.ApplicationContext.log Destroying Spring FrameworkServlet 'dispatcher'
06-Feb-2025 01:07:07.304 INFO [localhost-startStop-2] org.apache.catalina.core.ApplicationContext.log Closing Spring root WebApplicationContext
06-Feb-2025 01:07:17.006 INFO [localhost-startStop-1] org.apache.catalina.core.ApplicationContext.log No Spring WebApplicationInitializer types detected on classpath
06-Feb-2025 01:07:17.040 INFO [localhost-startStop-1] org.apache.catalina.core.ApplicationContext.log Initializing Spring root WebApplicationContext
06-Feb-2025 01:07:25.421 INFO [localhost-startStop-1] org.apache.catalina.core.ApplicationContext.log Initializing Spring FrameworkServlet 'dispatcher'
06-Feb-2025 01:12:46.525 INFO [localhost-startStop-2] org.apache.catalina.core.ApplicationContext.log Destroying Spring FrameworkServlet 'dispatcher'
06-Feb-2025 01:12:46.531 INFO [localhost-startStop-2] org.apache.catalina.core.ApplicationContext.log Closing Spring root WebApplicationContext
06-Feb-2025 01:14:35.492 INFO [localhost-startStop-1] org.apache.catalina.core.ApplicationContext.log No Spring WebApplicationInitializer types detected on classpath
06-Feb-2025 01:14:35.526 INFO [localhost-startStop-1] org.apache.catalina.core.ApplicationContext.log Initializing Spring root WebApplicationContext
06-Feb-2025 01:14:42.914 INFO [localhost-startStop-1] org.apache.catalina.core.ApplicationContext.log Initializing Spring FrameworkServlet 'dispatcher'
06-Feb-2025 01:19:07.666 INFO [localhost-startStop-2] org.apache.catalina.core.ApplicationContext.log Destroying Spring FrameworkServlet 'dispatcher'
06-Feb-2025 01:19:07.670 INFO [localhost-startStop-2] org.apache.catalina.core.ApplicationContext.log Closing Spring root WebApplicationContext
06-Feb-2025 01:19:16.870 INFO [localhost-startStop-1] org.apache.catalina.core.ApplicationContext.log No Spring WebApplicationInitializer types detected on classpath
06-Feb-2025 01:19:16.915 INFO [localhost-startStop-1] org.apache.catalina.core.ApplicationContext.log Initializing Spring root WebApplicationContext
06-Feb-2025 01:19:24.299 INFO [localhost-startStop-1] org.apache.catalina.core.ApplicationContext.log Initializing Spring FrameworkServlet 'dispatcher'
06-Feb-2025 01:22:09.294 INFO [localhost-startStop-2] org.apache.catalina.core.ApplicationContext.log Destroying Spring FrameworkServlet 'dispatcher'
06-Feb-2025 01:22:09.298 INFO [localhost-startStop-2] org.apache.catalina.core.ApplicationContext.log Closing Spring root WebApplicationContext
06-Feb-2025 01:22:18.518 INFO [localhost-startStop-1] org.apache.catalina.core.ApplicationContext.log No Spring WebApplicationInitializer types detected on classpath
06-Feb-2025 01:22:18.564 INFO [localhost-startStop-1] org.apache.catalina.core.ApplicationContext.log Initializing Spring root WebApplicationContext
06-Feb-2025 01:22:25.746 INFO [localhost-startStop-1] org.apache.catalina.core.ApplicationContext.log Initializing Spring FrameworkServlet 'dispatcher'
06-Feb-2025 01:24:33.348 INFO [localhost-startStop-2] org.apache.catalina.core.ApplicationContext.log Destroying Spring FrameworkServlet 'dispatcher'
06-Feb-2025 01:24:33.352 INFO [localhost-startStop-2] org.apache.catalina.core.ApplicationContext.log Closing Spring root WebApplicationContext
06-Feb-2025 01:25:07.606 INFO [localhost-startStop-1] org.apache.catalina.core.ApplicationContext.log No Spring WebApplicationInitializer types detected on classpath
06-Feb-2025 01:25:07.637 INFO [localhost-startStop-1] org.apache.catalina.core.ApplicationContext.log Initializing Spring root WebApplicationContext
06-Feb-2025 01:25:15.296 INFO [localhost-startStop-1] org.apache.catalina.core.ApplicationContext.log Initializing Spring FrameworkServlet 'dispatcher'
06-Feb-2025 01:27:22.953 INFO [localhost-startStop-2] org.apache.catalina.core.ApplicationContext.log Destroying Spring FrameworkServlet 'dispatcher'
06-Feb-2025 01:27:22.958 INFO [localhost-startStop-2] org.apache.catalina.core.ApplicationContext.log Closing Spring root WebApplicationContext
06-Feb-2025 01:27:31.520 INFO [localhost-startStop-1] org.apache.catalina.core.ApplicationContext.log No Spring WebApplicationInitializer types detected on classpath
06-Feb-2025 01:27:31.565 INFO [localhost-startStop-1] org.apache.catalina.core.ApplicationContext.log Initializing Spring root WebApplicationContext
06-Feb-2025 01:27:38.948 INFO [localhost-startStop-1] org.apache.catalina.core.ApplicationContext.log Initializing Spring FrameworkServlet 'dispatcher'
06-Feb-2025 01:29:17.107 INFO [localhost-startStop-2] org.apache.catalina.core.ApplicationContext.log Destroying Spring FrameworkServlet 'dispatcher'
06-Feb-2025 01:29:17.111 INFO [localhost-startStop-2] org.apache.catalina.core.ApplicationContext.log Closing Spring root WebApplicationContext
06-Feb-2025 01:31:14.094 INFO [localhost-startStop-1] org.apache.catalina.core.ApplicationContext.log No Spring WebApplicationInitializer types detected on classpath
06-Feb-2025 01:31:14.129 INFO [localhost-startStop-1] org.apache.catalina.core.ApplicationContext.log Initializing Spring root WebApplicationContext
06-Feb-2025 01:31:21.560 INFO [localhost-startStop-1] org.apache.catalina.core.ApplicationContext.log Initializing Spring FrameworkServlet 'dispatcher'
06-Feb-2025 01:31:56.078 INFO [localhost-startStop-2] org.apache.catalina.core.ApplicationContext.log Destroying Spring FrameworkServlet 'dispatcher'
06-Feb-2025 01:31:56.083 INFO [localhost-startStop-2] org.apache.catalina.core.ApplicationContext.log Closing Spring root WebApplicationContext
06-Feb-2025 01:32:22.617 INFO [localhost-startStop-1] org.apache.catalina.core.ApplicationContext.log No Spring WebApplicationInitializer types detected on classpath
06-Feb-2025 01:32:22.655 INFO [localhost-startStop-1] org.apache.catalina.core.ApplicationContext.log Initializing Spring root WebApplicationContext
06-Feb-2025 01:32:30.205 INFO [localhost-startStop-1] org.apache.catalina.core.ApplicationContext.log Initializing Spring FrameworkServlet 'dispatcher'
06-Feb-2025 01:35:25.256 INFO [localhost-startStop-2] org.apache.catalina.core.ApplicationContext.log Destroying Spring FrameworkServlet 'dispatcher'
06-Feb-2025 01:35:25.264 INFO [localhost-startStop-2] org.apache.catalina.core.ApplicationContext.log Closing Spring root WebApplicationContext
06-Feb-2025 01:36:55.833 INFO [localhost-startStop-1] org.apache.catalina.core.ApplicationContext.log No Spring WebApplicationInitializer types detected on classpath
06-Feb-2025 01:36:55.875 INFO [localhost-startStop-1] org.apache.catalina.core.ApplicationContext.log Initializing Spring root WebApplicationContext
06-Feb-2025 01:37:04.427 INFO [localhost-startStop-1] org.apache.catalina.core.ApplicationContext.log Initializing Spring FrameworkServlet 'dispatcher'
06-Feb-2025 01:41:16.676 INFO [localhost-startStop-1] org.apache.catalina.core.ApplicationContext.log No Spring WebApplicationInitializer types detected on classpath
06-Feb-2025 01:41:16.712 INFO [localhost-startStop-1] org.apache.catalina.core.ApplicationContext.log Initializing Spring root WebApplicationContext
06-Feb-2025 01:41:24.321 INFO [localhost-startStop-1] org.apache.catalina.core.ApplicationContext.log Initializing Spring FrameworkServlet 'dispatcher'
06-Feb-2025 01:45:28.872 INFO [localhost-startStop-2] org.apache.catalina.core.ApplicationContext.log Destroying Spring FrameworkServlet 'dispatcher'
06-Feb-2025 01:45:28.885 INFO [localhost-startStop-2] org.apache.catalina.core.ApplicationContext.log Closing Spring root WebApplicationContext
06-Feb-2025 01:45:39.082 INFO [localhost-startStop-1] org.apache.catalina.core.ApplicationContext.log No Spring WebApplicationInitializer types detected on classpath
06-Feb-2025 01:45:39.130 INFO [localhost-startStop-1] org.apache.catalina.core.ApplicationContext.log Initializing Spring root WebApplicationContext
06-Feb-2025 01:45:47.015 INFO [localhost-startStop-1] org.apache.catalina.core.ApplicationContext.log Initializing Spring FrameworkServlet 'dispatcher'
06-Feb-2025 01:45:54.534 INFO [localhost-startStop-1] org.apache.catalina.core.ApplicationContext.log Destroying Spring FrameworkServlet 'dispatcher'
06-Feb-2025 01:45:54.540 INFO [localhost-startStop-1] org.apache.catalina.core.ApplicationContext.log Closing Spring root WebApplicationContext
06-Feb-2025 01:46:08.428 INFO [localhost-startStop-1] org.apache.catalina.core.ApplicationContext.log No Spring WebApplicationInitializer types detected on classpath
06-Feb-2025 01:46:08.477 INFO [localhost-startStop-1] org.apache.catalina.core.ApplicationContext.log Initializing Spring root WebApplicationContext
06-Feb-2025 01:46:15.838 INFO [localhost-startStop-1] org.apache.catalina.core.ApplicationContext.log Initializing Spring FrameworkServlet 'dispatcher'
06-Feb-2025 01:46:34.977 INFO [localhost-startStop-2] org.apache.catalina.core.ApplicationContext.log Destroying Spring FrameworkServlet 'dispatcher'
06-Feb-2025 01:46:34.983 INFO [localhost-startStop-2] org.apache.catalina.core.ApplicationContext.log Closing Spring root WebApplicationContext
06-Feb-2025 01:46:56.454 INFO [localhost-startStop-1] org.apache.catalina.core.ApplicationContext.log No Spring WebApplicationInitializer types detected on classpath
06-Feb-2025 01:46:56.494 INFO [localhost-startStop-1] org.apache.catalina.core.ApplicationContext.log Initializing Spring root WebApplicationContext
06-Feb-2025 01:47:06.035 INFO [localhost-startStop-1] org.apache.catalina.core.ApplicationContext.log Initializing Spring FrameworkServlet 'dispatcher'
06-Feb-2025 01:48:01.602 INFO [localhost-startStop-2] org.apache.catalina.core.ApplicationContext.log Destroying Spring FrameworkServlet 'dispatcher'
06-Feb-2025 01:48:01.608 INFO [localhost-startStop-2] org.apache.catalina.core.ApplicationContext.log Closing Spring root WebApplicationContext
06-Feb-2025 01:48:17.325 INFO [localhost-startStop-1] org.apache.catalina.core.ApplicationContext.log No Spring WebApplicationInitializer types detected on classpath
06-Feb-2025 01:48:17.379 INFO [localhost-startStop-1] org.apache.catalina.core.ApplicationContext.log Initializing Spring root WebApplicationContext
06-Feb-2025 01:48:24.798 INFO [localhost-startStop-1] org.apache.catalina.core.ApplicationContext.log Initializing Spring FrameworkServlet 'dispatcher'
06-Feb-2025 12:37:58.953 INFO [localhost-startStop-1] org.apache.catalina.core.ApplicationContext.log No Spring WebApplicationInitializer types detected on classpath
06-Feb-2025 12:37:59.050 INFO [localhost-startStop-1] org.apache.catalina.core.ApplicationContext.log Initializing Spring root WebApplicationContext
06-Feb-2025 12:38:08.325 INFO [localhost-startStop-1] org.apache.catalina.core.ApplicationContext.log Initializing Spring FrameworkServlet 'dispatcher'
06-Feb-2025 12:42:30.818 INFO [localhost-startStop-2] org.apache.catalina.core.ApplicationContext.log Destroying Spring FrameworkServlet 'dispatcher'
06-Feb-2025 12:42:30.831 INFO [localhost-startStop-2] org.apache.catalina.core.ApplicationContext.log Closing Spring root WebApplicationContext
06-Feb-2025 13:28:40.630 INFO [localhost-startStop-1] org.apache.catalina.core.ApplicationContext.log No Spring WebApplicationInitializer types detected on classpath
06-Feb-2025 13:28:40.670 INFO [localhost-startStop-1] org.apache.catalina.core.ApplicationContext.log Initializing Spring root WebApplicationContext
06-Feb-2025 13:28:52.665 INFO [localhost-startStop-1] org.apache.catalina.core.ApplicationContext.log Initializing Spring FrameworkServlet 'dispatcher'
06-Feb-2025 13:38:09.812 INFO [localhost-startStop-2] org.apache.catalina.core.ApplicationContext.log Destroying Spring FrameworkServlet 'dispatcher'
06-Feb-2025 13:38:09.835 INFO [localhost-startStop-2] org.apache.catalina.core.ApplicationContext.log Closing Spring root WebApplicationContext
06-Feb-2025 14:32:55.134 INFO [localhost-startStop-1] org.apache.catalina.core.ApplicationContext.log No Spring WebApplicationInitializer types detected on classpath
06-Feb-2025 14:32:55.172 INFO [localhost-startStop-1] org.apache.catalina.core.ApplicationContext.log Initializing Spring root WebApplicationContext
06-Feb-2025 14:33:04.800 INFO [localhost-startStop-1] org.apache.catalina.core.ApplicationContext.log Initializing Spring FrameworkServlet 'dispatcher'
06-Feb-2025 14:39:41.340 INFO [localhost-startStop-2] org.apache.catalina.core.ApplicationContext.log Destroying Spring FrameworkServlet 'dispatcher'
06-Feb-2025 14:39:41.348 INFO [localhost-startStop-2] org.apache.catalina.core.ApplicationContext.log Closing Spring root WebApplicationContext
06-Feb-2025 14:39:51.766 INFO [localhost-startStop-1] org.apache.catalina.core.ApplicationContext.log No Spring WebApplicationInitializer types detected on classpath
06-Feb-2025 14:39:51.805 INFO [localhost-startStop-1] org.apache.catalina.core.ApplicationContext.log Initializing Spring root WebApplicationContext
06-Feb-2025 14:40:01.820 INFO [localhost-startStop-1] org.apache.catalina.core.ApplicationContext.log Initializing Spring FrameworkServlet 'dispatcher'
06-Feb-2025 15:46:36.051 INFO [localhost-startStop-2] org.apache.catalina.core.ApplicationContext.log Destroying Spring FrameworkServlet 'dispatcher'
06-Feb-2025 15:46:36.061 INFO [localhost-startStop-2] org.apache.catalina.core.ApplicationContext.log Closing Spring root WebApplicationContext
